Report End Points: 
-----+-------+------+-------+-----+-----+-----+-----+-----------+---------
     |Group  |Launch|Capture|Shift|Delay|Depth|Slack|Begin Point|End Point
-----+-------+------+-------+-----+-----+-----+-----+-----------+---------
1    |default|      |       |     |     |     |     |           |         
-----+-------+------+-------+-----+-----+-----+-----+-----------+---------
Report End Points: 
-----+-----+------+-------+-----+-----+-----+-----+-----------+---------
     |Group|Launch|Capture|Shift|Delay|Depth|Slack|Begin Point|End Point
-----+-----+------+-------+-----+-----+-----+-----+-----------+---------
1    |I2R  |      |       |     |     |     |     |           |         
-----+-----+------+-------+-----+-----+-----+-----+-----------+---------
Report End Points: 
-----+-----+-------+-------+-------+------+-----+-------+-----------+---------
     |Group|Launch |Capture|Shift  |Delay |Depth|Slack  |Begin Point|End Point
-----+-----+-------+-------+-------+------+-----+-------+-----------+---------
1    |I2O  |vsysclk|vsysclk|20000.0|1433.3|   29|17066.7|A[24]      |Sum[0]   
2    |I2O  |vsysclk|vsysclk|20000.0|1422.2|   29|17077.8|A[24]      |Sum[1]   
3    |I2O  |vsysclk|vsysclk|20000.0|1410.1|   27|17089.9|A[24]      |Sum[4]   
4    |I2O  |vsysclk|vsysclk|20000.0|1391.7|   27|17108.3|A[24]      |Sum[27]  
5    |I2O  |vsysclk|vsysclk|20000.0|1391.7|   27|17108.3|A[24]      |Sum[26]  
6    |I2O  |vsysclk|vsysclk|20000.0|1391.7|   27|17108.3|A[24]      |Sum[25]  
7    |I2O  |vsysclk|vsysclk|20000.0|1391.7|   27|17108.3|A[24]      |Sum[24]  
8    |I2O  |vsysclk|vsysclk|20000.0|1391.7|   27|17108.3|A[24]      |Sum[23]  
9    |I2O  |vsysclk|vsysclk|20000.0|1382.1|   27|17117.9|A[24]      |Sum[19]  
10   |I2O  |vsysclk|vsysclk|20000.0|1382.1|   27|17117.9|A[24]      |Sum[18]  
11   |I2O  |vsysclk|vsysclk|20000.0|1382.1|   27|17117.9|A[24]      |Sum[15]  
12   |I2O  |vsysclk|vsysclk|20000.0|1382.0|   27|17118.0|A[24]      |Sum[2]   
13   |I2O  |vsysclk|vsysclk|20000.0|1372.1|   27|17127.9|A[24]      |Sum[17]  
14   |I2O  |vsysclk|vsysclk|20000.0|1372.0|   27|17128.0|A[24]      |Sum[3]   
15   |I2O  |vsysclk|vsysclk|20000.0|1359.1|   27|17140.9|A[24]      |Sum[20]  
16   |I2O  |vsysclk|vsysclk|20000.0|1357.0|   29|17143.0|A[24]      |Sum[22]  
17   |I2O  |vsysclk|vsysclk|20000.0|1353.9|   27|17146.1|A[24]      |Sum[21]  
18   |I2O  |vsysclk|vsysclk|20000.0|1353.8|   27|17146.2|A[24]      |Sum[7]   
19   |I2O  |vsysclk|vsysclk|20000.0|1353.7|   27|17146.3|A[24]      |Sum[5]   
20   |I2O  |vsysclk|vsysclk|20000.0|1353.2|   27|17146.8|A[24]      |Sum[8]   
21   |I2O  |vsysclk|vsysclk|20000.0|1352.3|   27|17147.7|A[24]      |Sum[30]  
22   |I2O  |vsysclk|vsysclk|20000.0|1343.4|   27|17156.6|A[24]      |Sum[13]  
23   |I2O  |vsysclk|vsysclk|20000.0|1343.4|   27|17156.6|A[24]      |Sum[12]  
24   |I2O  |vsysclk|vsysclk|20000.0|1343.4|   27|17156.6|A[24]      |Sum[9]   
25   |I2O  |vsysclk|vsysclk|20000.0|1343.3|   27|17156.7|A[24]      |Sum[10]  
26   |I2O  |vsysclk|vsysclk|20000.0|1343.3|   27|17156.7|A[24]      |Sum[6]   
27   |I2O  |vsysclk|vsysclk|20000.0|1342.9|   27|17157.1|A[24]      |Sum[11]  
28   |I2O  |vsysclk|vsysclk|20000.0|1341.5|   27|17158.5|A[24]      |Sum[14]  
29   |I2O  |vsysclk|vsysclk|20000.0|1336.9|   27|17163.1|A[24]      |Sum[16]  
30   |I2O  |vsysclk|vsysclk|20000.0|1308.1|   27|17191.9|A[24]      |Sum[28]  
31   |I2O  |vsysclk|vsysclk|20000.0|1307.4|   27|17192.6|A[24]      |Sum[29]  
32   |I2O  |vsysclk|vsysclk|20000.0|1240.7|   24|17259.3|A[24]      |underflow
33   |I2O  |vsysclk|vsysclk|20000.0|1011.3|   28|17488.7|A[1]       |Sum[31]  
34   |I2O  |vsysclk|vsysclk|20000.0| 551.4|   15|17948.6|B[30]      |overflow 
-----+-----+-------+-------+-------+------+-----+-------+-----------+---------
Report End Points: 
-----+-----+------+-------+-----+-----+-----+-----+-----------+---------
     |Group|Launch|Capture|Shift|Delay|Depth|Slack|Begin Point|End Point
-----+-----+------+-------+-----+-----+-----+-----+-----------+---------
1    |R2O  |      |       |     |     |     |     |           |         
-----+-----+------+-------+-----+-----+-----+-----+-----------+---------
