warning: No library characterized for (process = 1.00 voltage = 0.85 temperature = 25.00) can be found in the database for power domain '/PD_TOP'  [NL-174]
Report Power (instances with prefix '*' are included in total) : 
-----+-----------------------------+--------------------+---------------------+-------------------+-----------------
     | Instance                    | Internal Power(uw) | Switching Power(uw) | Leakage Power(uw) | Total Power(uw) 
-----+-----------------------------+--------------------+---------------------+-------------------+-----------------
1    |*CLA_dut                     |            0.000000|             0.000000|           0.000000|         0.000000
2    |*count_leading_zeros_instance|            0.000000|             0.000000|           1.032641|         1.032641
3    |*i_0_5                       |            0.160781|             0.193999|           0.292019|         0.646800
4    |*i_0_17                      |            0.000000|             0.000000|           0.259272|         0.259272
5    |*i_0_22                      |            1.538359|             2.325056|           1.317109|         5.180524
6    |*i_0_0_0                     |            0.106635|             0.041214|           0.061230|         0.209079
7    |*i_0_0_1                     |            0.108828|             0.041214|           0.061230|         0.211271
8    |*i_0_0_2                     |            0.108740|             0.041214|           0.061230|         0.211183
9    |*i_0_0_3                     |            0.108901|             0.041214|           0.061230|         0.211345
10   |*i_0_0_4                     |            0.108828|             0.041214|           0.061230|         0.211271
11   |*i_0_0_5                     |            0.109518|             0.065548|           0.061230|         0.236296
12   |*i_0_0_6                     |            0.109242|             0.060634|           0.061230|         0.231106
13   |*i_0_0_7                     |            0.000000|             0.000000|           0.014353|         0.014353
14   |*i_0_0_8                     |            0.000000|             0.000000|           0.032612|         0.032612
15   |*i_0_0_9                     |            0.000000|             0.000000|           0.022619|         0.022619
16   |*i_0_0_10                    |            0.000000|             0.000000|           0.032612|         0.032612
17   |*i_0_0_11                    |            0.000000|             0.000000|           0.017393|         0.017393
18   |*i_0_0_12                    |            0.028544|             0.138210|           0.014353|         0.181107
19   |*i_0_0_13                    |            0.051179|             0.389176|           0.027858|         0.468213
20   |*i_0_0_14                    |            0.000000|             0.000000|           0.033938|         0.033938
21   |*i_0_0_15                    |            0.000000|             0.000000|           0.032612|         0.032612
22   |*i_0_0_16                    |            0.000000|             0.000000|           0.017393|         0.017393
23   |*i_0_0_17                    |            0.000000|             0.000000|           0.033938|         0.033938
24   |*i_0_0_18                    |            0.000000|             0.000000|           0.032612|         0.032612
25   |*i_0_0_19                    |            0.000000|             0.000000|           0.032612|         0.032612
26   |*i_0_0_20                    |            0.000000|             0.000000|           0.022619|         0.022619
27   |*i_0_0_21                    |            0.000000|             0.000000|           0.047399|         0.047399
28   |*i_0_0_22                    |            0.000000|             0.000000|           0.032612|         0.032612
29   |*i_0_0_23                    |            0.000000|             0.000000|           0.025066|         0.025066
30   |*i_0_0_24                    |            0.000000|             0.000000|           0.017393|         0.017393
31   |*i_0_0_25                    |            0.000000|             0.000000|           0.032612|         0.032612
32   |*i_0_0_26                    |            0.000000|             0.000000|           0.022619|         0.022619
33   |*i_0_0_27                    |            0.000000|             0.000000|           0.017393|         0.017393
34   |*i_0_0_28                    |            0.000000|             0.000000|           0.032612|         0.032612
35   |*i_0_0_29                    |            0.000000|             0.000000|           0.017393|         0.017393
36   |*i_0_0_30                    |            0.000000|             0.000000|           0.032612|         0.032612
37   |*i_0_0_31                    |            0.000000|             0.000000|           0.032612|         0.032612
38   |*i_0_0_32                    |            0.000000|             0.000000|           0.022619|         0.022619
39   |*i_0_0_33                    |            0.000000|             0.000000|           0.017393|         0.017393
40   |*i_0_0_34                    |            0.000000|             0.000000|           0.025066|         0.025066
41   |*i_0_0_35                    |            0.000000|             0.000000|           0.017393|         0.017393
42   |*i_0_0_36                    |            0.000000|             0.000000|           0.032612|         0.032612
43   |*i_0_0_37                    |            0.000000|             0.000000|           0.034026|         0.034026
44   |*i_0_0_38                    |            0.000000|             0.000000|           0.032612|         0.032612
45   |*i_0_0_39                    |            0.000000|             0.000000|           0.032612|         0.032612
46   |*i_0_0_40                    |            0.000000|             0.000000|           0.017393|         0.017393
47   |*i_0_0_41                    |            0.000000|             0.000000|           0.032612|         0.032612
48   |*i_0_0_42                    |            0.000000|             0.000000|           0.034026|         0.034026
49   |*i_0_0_43                    |            0.000000|             0.000000|           0.032612|         0.032612
50   |*i_0_0_44                    |            0.000000|             0.000000|           0.032612|         0.032612
51   |*i_0_0_45                    |            0.000000|             0.000000|           0.017393|         0.017393
52   |*i_0_0_46                    |            0.000000|             0.000000|           0.032612|         0.032612
53   |*i_0_0_47                    |            0.000000|             0.000000|           0.032612|         0.032612
54   |*i_0_0_48                    |            0.000000|             0.000000|           0.034026|         0.034026
55   |*i_0_0_49                    |            0.000000|             0.000000|           0.032612|         0.032612
56   |*i_0_0_50                    |            0.000000|             0.000000|           0.017393|         0.017393
57   |*i_0_0_51                    |            0.000000|             0.000000|           0.032612|         0.032612
58   |*i_0_0_52                    |            0.000000|             0.000000|           0.034026|         0.034026
59   |*i_0_0_53                    |            0.000000|             0.000000|           0.032612|         0.032612
60   |*i_0_0_54                    |            0.000000|             0.000000|           0.032612|         0.032612
61   |*i_0_0_55                    |            0.000000|             0.000000|           0.017393|         0.017393
62   |*i_0_0_56                    |            0.000000|             0.000000|           0.032612|         0.032612
63   |*i_0_0_57                    |            0.000000|             0.000000|           0.034026|         0.034026
64   |*i_0_0_58                    |            0.000000|             0.000000|           0.047399|         0.047399
65   |*i_0_0_59                    |            0.000000|             0.000000|           0.032612|         0.032612
66   |*i_0_0_60                    |            0.000000|             0.000000|           0.017393|         0.017393
67   |*i_0_0_61                    |            0.000000|             0.000000|           0.032612|         0.032612
68   |*i_0_0_62                    |            0.000000|             0.000000|           0.032612|         0.032612
69   |*i_0_0_63                    |            0.000000|             0.000000|           0.034026|         0.034026
70   |*i_0_0_64                    |            0.000000|             0.000000|           0.047399|         0.047399
71   |*i_0_0_65                    |            0.000000|             0.000000|           0.017393|         0.017393
72   |*i_0_0_66                    |            0.000000|             0.000000|           0.032612|         0.032612
73   |*i_0_0_67                    |            0.000000|             0.000000|           0.022619|         0.022619
74   |*i_0_0_68                    |            0.000000|             0.000000|           0.017393|         0.017393
75   |*i_0_0_69                    |            0.000000|             0.000000|           0.047399|         0.047399
76   |*i_0_0_70                    |            0.000000|             0.000000|           0.032612|         0.032612
77   |*i_0_0_71                    |            0.000000|             0.000000|           0.022039|         0.022039
78   |*i_0_0_72                    |            0.000000|             0.000000|           0.017393|         0.017393
79   |*i_0_0_73                    |            0.000000|             0.000000|           0.032612|         0.032612
80   |*i_0_0_74                    |            0.000000|             0.000000|           0.022619|         0.022619
81   |*i_0_0_75                    |            0.000000|             0.000000|           0.017393|         0.017393
82   |*i_0_0_76                    |            0.000000|             0.000000|           0.047399|         0.047399
83   |*i_0_0_77                    |            0.000000|             0.000000|           0.033938|         0.033938
84   |*i_0_0_78                    |            0.000000|             0.000000|           0.032612|         0.032612
85   |*i_0_0_79                    |            0.000000|             0.000000|           0.032612|         0.032612
86   |*i_0_0_80                    |            0.000000|             0.000000|           0.022619|         0.022619
87   |*i_0_0_81                    |            0.000000|             0.000000|           0.032612|         0.032612
88   |*i_0_0_82                    |            0.000000|             0.000000|           0.022039|         0.022039
89   |*i_0_0_83                    |            0.000000|             0.000000|           0.017393|         0.017393
90   |*i_0_0_84                    |            0.000000|             0.000000|           0.032612|         0.032612
91   |*i_0_0_85                    |            0.000000|             0.000000|           0.014353|         0.014353
92   |*i_0_0_86                    |            0.000000|             0.000000|           0.032612|         0.032612
93   |*i_0_0_87                    |            0.000000|             0.000000|           0.022619|         0.022619
94   |*i_0_0_88                    |            0.000000|             0.000000|           0.032612|         0.032612
95   |*i_0_0_89                    |            0.000000|             0.000000|           0.033938|         0.033938
96   |*i_0_0_90                    |            0.000000|             0.000000|           0.032612|         0.032612
97   |*i_0_0_91                    |            0.000000|             0.000000|           0.022619|         0.022619
98   |*i_0_0_92                    |            0.000000|             0.000000|           0.032612|         0.032612
99   |*i_0_0_93                    |            0.000000|             0.000000|           0.032612|         0.032612
100  |*i_0_0_94                    |            0.000000|             0.000000|           0.033938|         0.033938
101  |*i_0_0_95                    |            0.000000|             0.000000|           0.032612|         0.032612
102  |*i_0_0_96                    |            0.000000|             0.000000|           0.022619|         0.022619
103  |*i_0_0_97                    |            0.000000|             0.000000|           0.032612|         0.032612
104  |*i_0_0_98                    |            0.000000|             0.000000|           0.026832|         0.026832
105  |*i_0_0_99                    |            0.000000|             0.000000|           0.026832|         0.026832
106  |*i_0_0_100                   |            0.000000|             0.000000|           0.032612|         0.032612
107  |*i_0_0_101                   |            0.000000|             0.000000|           0.033938|         0.033938
108  |*i_0_0_102                   |            0.000000|             0.000000|           0.032612|         0.032612
109  |*i_0_0_103                   |            0.000000|             0.000000|           0.032612|         0.032612
110  |*i_0_0_104                   |            0.000000|             0.000000|           0.034026|         0.034026
111  |*i_0_0_105                   |            0.000000|             0.000000|           0.032612|         0.032612
112  |*i_0_0_106                   |            0.000000|             0.000000|           0.022039|         0.022039
113  |*i_0_0_107                   |            0.000000|             0.000000|           0.032612|         0.032612
114  |*i_0_0_108                   |            0.000000|             0.000000|           0.017393|         0.017393
115  |*i_0_0_109                   |            0.000000|             0.000000|           0.017393|         0.017393
116  |*i_0_0_110                   |            0.000000|             0.000000|           0.032612|         0.032612
117  |*i_0_0_111                   |            0.000000|             0.000000|           0.032612|         0.032612
118  |*i_0_0_112                   |            0.000000|             0.000000|           0.017393|         0.017393
119  |*i_0_0_113                   |            0.000000|             0.000000|           0.027858|         0.027858
120  |*i_0_0_114                   |            0.000000|             0.000000|           0.041741|         0.041741
121  |*i_0_0_115                   |            0.000000|             0.000000|           0.027858|         0.027858
122  |*i_0_0_116                   |            0.000000|             0.000000|           0.022619|         0.022619
123  |*i_0_0_117                   |            0.000000|             0.000000|           0.032612|         0.032612
124  |*i_0_0_118                   |            0.023708|             0.420943|           0.014353|         0.459004
125  |*i_0_0_119                   |            0.040144|             1.207782|           0.021200|         1.269125
126  |*i_0_0_120                   |            0.000000|             0.000000|           0.014353|         0.014353
127  |*i_0_0_121                   |            0.000000|             0.000000|           0.034026|         0.034026
128  |*i_0_0_122                   |            0.000000|             0.000000|           0.022039|         0.022039
129  |*i_0_0_123                   |            0.000000|             0.000000|           0.032612|         0.032612
130  |*i_0_0_124                   |            0.000000|             0.000000|           0.017393|         0.017393
131  |*i_0_0_125                   |            0.000000|             0.000000|           0.014353|         0.014353
132  |*i_0_0_126                   |            0.000000|             0.000000|           0.017393|         0.017393
133  |*i_0_0_127                   |            0.000000|             0.000000|           0.032612|         0.032612
134  |*i_0_0_128                   |            0.000000|             0.000000|           0.026481|         0.026481
135  |*i_0_0_129                   |            0.046002|             1.474256|           0.022619|         1.542877
136  |*i_0_0_130                   |            0.022561|             0.185399|           0.014353|         0.222313
137  |*i_0_0_131                   |            0.078510|             0.367598|           0.047399|         0.493507
138  |*i_0_0_132                   |            0.048228|             0.041994|           0.022619|         0.112842
139  |*i_0_0_133                   |            0.022561|             0.185334|           0.014353|         0.222249
140  |*i_0_0_134                   |            0.078459|             0.367598|           0.047399|         0.493456
141  |*i_0_0_135                   |            0.047662|             0.041636|           0.036164|         0.125462
142  |*i_0_0_136                   |            0.022561|             0.185399|           0.014353|         0.222313
143  |*i_0_0_137                   |            0.078459|             0.367598|           0.047399|         0.493456
144  |*i_0_0_138                   |            0.035775|             0.041636|           0.036164|         0.113574
145  |*i_0_0_139                   |            0.023387|             0.192146|           0.014353|         0.229886
146  |*i_0_0_140                   |            0.083754|             0.381059|           0.047399|         0.512211
147  |*i_0_0_141                   |            0.038543|             0.041645|           0.036441|         0.116628
148  |*i_0_0_142                   |            0.022970|             0.188844|           0.014353|         0.226167
149  |*i_0_0_143                   |            0.081052|             0.374266|           0.047399|         0.502716
150  |*i_0_0_144                   |            0.078806|             0.042246|           0.036164|         0.157215
151  |*i_0_0_145                   |            0.045720|             0.189125|           0.022619|         0.257464
152  |*i_0_0_146                   |            0.054242|             0.062242|           0.032612|         0.149097
153  |*i_0_0_147                   |            0.046347|             0.067473|           0.022619|         0.136439
154  |*i_0_0_148                   |            0.052982|             0.187152|           0.022039|         0.262172
155  |*i_0_0_149                   |            0.024335|             0.045905|           0.017393|         0.087633
156  |*i_0_0_150                   |            0.029784|             0.050035|           0.027858|         0.107677
157  |*i_0_0_151                   |            0.062973|             0.190528|           0.032612|         0.286112
158  |*i_0_0_152                   |            0.061251|             0.059767|           0.041741|         0.162759
159  |*i_0_0_153                   |            0.000000|             0.000000|           0.014353|         0.014353
160  |*i_0_0_154                   |            0.000000|             0.000000|           0.018105|         0.018105
161  |*i_0_0_155                   |            0.037621|             0.051980|           0.027858|         0.117460
162  |*i_0_0_156                   |            0.014084|             0.055192|           0.017393|         0.086670
163  |*i_0_0_157                   |            0.017993|             0.031083|           0.014353|         0.063429
164  |*i_0_0_158                   |            0.026445|             0.342228|           0.021200|         0.389872
165  |*i_0_0_159                   |            0.033651|             0.197471|           0.017393|         0.248515
166  |*i_0_0_160                   |            0.042571|             0.081196|           0.032612|         0.156378
167  |*i_0_0_161                   |            0.047777|             0.122917|           0.032612|         0.203306
168  |*i_0_0_162                   |            0.000000|             0.000000|           0.034026|         0.034026
169  |*i_0_0_163                   |            0.000000|             0.000000|           0.032612|         0.032612
170  |*i_0_0_164                   |            0.071726|             0.122917|           0.032612|         0.227255
171  |*i_0_0_165                   |            0.000000|             0.000000|           0.014353|         0.014353
172  |*i_0_0_166                   |            0.000000|             0.000000|           0.017393|         0.017393
173  |*i_0_0_167                   |            0.023301|             0.065674|           0.014353|         0.103329
174  |*i_0_0_168                   |            0.073622|             0.437000|           0.032612|         0.543234
175  |*i_0_0_169                   |            0.043127|             0.113765|           0.032612|         0.189504
176  |*i_0_0_170                   |            0.071958|             0.116182|           0.032612|         0.220752
177  |*i_0_0_171                   |            0.039001|             0.431639|           0.021200|         0.491839
178  |*i_0_0_196                   |            0.045368|             0.193849|           0.022619|         0.261837
179  |*i_0_0_197                   |            0.025643|             0.046037|           0.017393|         0.089073
180  |*i_0_0_198                   |            0.045860|             0.129270|           0.027858|         0.202988
181  |*i_0_0_199                   |            0.059291|             0.068600|           0.034026|         0.161917
182  |*i_0_0_200                   |            0.055819|             0.065799|           0.034026|         0.155644
183  |*i_0_0_201                   |            0.064447|             0.062663|           0.041741|         0.168851
184  |*i_0_0_202                   |            0.063706|             0.041501|           0.041741|         0.146948
185  |*i_0_0_203                   |            0.064792|             0.042164|           0.041741|         0.148697
186  |*i_0_0_204                   |            0.062225|             0.040941|           0.041741|         0.144907
187  |*i_0_0_205                   |            0.043388|             0.042419|           0.027858|         0.113665
188  |*i_0_0_206                   |            0.056230|             0.063912|           0.032612|         0.152753
189  |*i_0_0_207                   |            0.056620|             0.068579|           0.032612|         0.157810
190  |*i_0_0_208                   |            0.063589|             0.062632|           0.033938|         0.160158
191  |*i_0_0_209                   |            0.021702|             0.039710|           0.014353|         0.075765
192  |*i_0_0_210                   |            0.064576|             0.351003|           0.041741|         0.457320
193  |*i_0_0_211                   |            0.043667|             0.042620|           0.027858|         0.114145
194  |*i_0_0_212                   |            0.056223|             0.063845|           0.032612|         0.152680
195  |*i_0_0_213                   |            0.056531|             0.068579|           0.032612|         0.157722
196  |*i_0_0_214                   |            0.062633|             0.061440|           0.033938|         0.158011
197  |*i_0_0_215                   |            0.022494|             0.041158|           0.014353|         0.078005
198  |*i_0_0_216                   |            0.067278|             0.363806|           0.041741|         0.472825
199  |*i_0_0_172                   |            0.044101|             0.000000|           0.027858|         0.071959
200  |*i_0_0_173                   |            0.027517|             0.050153|           0.021200|         0.098869
201  |*i_0_0_174                   |            0.043070|             0.000000|           0.027858|         0.070928
202  |*i_0_0_175                   |            0.022598|             0.042037|           0.021200|         0.085835
203  |*i_0_0_176                   |            0.043351|             0.000000|           0.027858|         0.071209
204  |*i_0_0_177                   |            0.023482|             0.042770|           0.021200|         0.087452
205  |*i_0_0_178                   |            0.042989|             0.000000|           0.027858|         0.070847
206  |*i_0_0_179                   |            0.022315|             0.040588|           0.021200|         0.084103
207  |*i_0_0_180                   |            0.042686|             0.000000|           0.027858|         0.070545
208  |*i_0_0_181                   |            0.021539|             0.039132|           0.021200|         0.081871
209  |*i_0_0_182                   |            0.042447|             0.000000|           0.027858|         0.070306
210  |*i_0_0_183                   |            0.019649|             0.036342|           0.021200|         0.077191
211  |*i_0_0_184                   |            0.042529|             0.000000|           0.027858|         0.070387
212  |*i_0_0_185                   |            0.020332|             0.036858|           0.021200|         0.078389
213  |*i_0_0_186                   |            0.042170|             0.000000|           0.027858|         0.070028
214  |*i_0_0_187                   |            0.020341|             0.036876|           0.021200|         0.078416
215  |*i_0_0_188                   |            0.042549|             0.000000|           0.027858|         0.070408
216  |*i_0_0_189                   |            0.019574|             0.036197|           0.021200|         0.076970
217  |*i_0_0_190                   |            0.042268|             0.000000|           0.027858|         0.070127
218  |*i_0_0_191                   |            0.019717|             0.035699|           0.021200|         0.076615
219  |*i_0_0_192                   |            0.042363|             0.000000|           0.027858|         0.070221
220  |*i_0_0_193                   |            0.019444|             0.035411|           0.021200|         0.076055
221  |*i_0_0_194                   |            0.042032|             0.000000|           0.027858|         0.069891
222  |*i_0_0_195                   |            0.019327|             0.034961|           0.021200|         0.075487
223  |*i_0_0_217                   |            0.042219|             0.000000|           0.027858|         0.070077
224  |*i_0_0_218                   |            0.019165|             0.034657|           0.021200|         0.075022
225  |*i_0_0_219                   |            0.042322|             0.000000|           0.027858|         0.070181
226  |*i_0_0_220                   |            0.019092|             0.034741|           0.021200|         0.075033
227  |*i_0_0_221                   |            0.042312|             0.000000|           0.027858|         0.070171
228  |*i_0_0_222                   |            0.018947|             0.034464|           0.021200|         0.074610
229  |*i_0_0_223                   |            0.042203|             0.000000|           0.027858|         0.070062
230  |*i_0_0_224                   |            0.019073|             0.034482|           0.021200|         0.074755
231  |*i_0_0_225                   |            0.042165|             0.000000|           0.027858|         0.070023
232  |*i_0_0_226                   |            0.018430|             0.033266|           0.021200|         0.072896
233  |*i_0_0_227                   |            0.042275|             0.000000|           0.027858|         0.070133
234  |*i_0_0_228                   |            0.018254|             0.032935|           0.021200|         0.072389
235  |*i_0_0_229                   |            0.042153|             0.000000|           0.027858|         0.070011
236  |*i_0_0_230                   |            0.017819|             0.032788|           0.021200|         0.071807
237  |*i_0_0_231                   |            0.041511|             0.000000|           0.027858|         0.069370
238  |*i_0_0_232                   |            0.017921|             0.032306|           0.021200|         0.071427
239  |*i_0_0_233                   |            0.041507|             0.000000|           0.027858|         0.069366
240  |*i_0_0_234                   |            0.017459|             0.032088|           0.021200|         0.070747
241  |*i_0_0_235                   |            0.041512|             0.000000|           0.027858|         0.069371
242  |*i_0_0_236                   |            0.018000|             0.032454|           0.021200|         0.071653
243  |*i_0_0_237                   |            0.051610|             0.000000|           0.032612|         0.084222
244  |*i_0_0_238                   |            0.059145|             0.000000|           0.025066|         0.084211
245  |*i_0_0_239                   |            0.000000|             0.000000|           0.021200|         0.021200
246  |*i_0_0_240                   |            0.000000|             0.000000|           0.018127|         0.018127
247  |*i_0_0_241                   |            0.002081|             0.002341|           0.032601|         0.037024
248  |*i_0_0_242                   |            0.014165|             0.020133|           0.018105|         0.052402
249  |*i_0_0_278                   |            0.008664|             0.024041|           0.025066|         0.057771
250  |*i_0_0_243                   |            0.023773|             0.133819|           0.014353|         0.171945
251  |*i_0_0_244                   |            0.068467|             0.490908|           0.027858|         0.587234
252  |*i_0_0_245                   |            0.023767|             0.178551|           0.014353|         0.216671
253  |*i_0_0_246                   |            0.049625|             3.431726|           0.022619|         3.503971
254  |*i_0_0_247                   |            0.023697|             0.567029|           0.014353|         0.605079
255  |*i_0_0_248                   |            0.071826|             0.586796|           0.036441|         0.695063
256  |*i_0_0_249                   |            0.000007|             0.000009|           0.018127|         0.018143
257  |*i_0_0_250                   |            0.063213|             0.061524|           0.041741|         0.166478
258  |*i_0_0_251                   |            0.065366|             0.056332|           0.041741|         0.163439
259  |*i_0_0_252                   |            0.070805|             0.045136|           0.043178|         0.159119
260  |*i_0_0_253                   |            0.000067|             0.000084|           0.032601|         0.032753
261  |*i_0_0_254                   |            0.000611|             0.000662|           0.018127|         0.019400
262  |*i_0_0_255                   |            0.061830|             0.063648|           0.032612|         0.158090
263  |*i_0_0_256                   |            0.002968|             0.002477|           0.041741|         0.047186
264  |*i_0_0_257                   |            0.040022|             0.047275|           0.032612|         0.119910
265  |*i_0_0_258                   |            0.054842|             0.054605|           0.032612|         0.142059
266  |*i_0_0_259                   |            0.043864|             0.059883|           0.022619|         0.126367
267  |*i_0_0_260                   |            0.068315|             0.058554|           0.033938|         0.160807
268  |*i_0_0_261                   |            0.011963|             0.011630|           0.033938|         0.057530
269  |*i_0_0_262                   |            0.019554|             0.012399|           0.041741|         0.073695
270  |*i_0_0_263                   |            0.022749|             0.018824|           0.022039|         0.063612
271  |*i_0_0_264                   |            0.046138|             0.046628|           0.041741|         0.134507
272  |*i_0_0_265                   |            0.062448|             0.041388|           0.033938|         0.137774
273  |*i_0_0_266                   |            0.080915|             0.044856|           0.047399|         0.173170
274  |*i_0_0_267                   |            0.056074|             0.061299|           0.032612|         0.149985
275  |*i_0_0_268                   |            0.061887|             0.059310|           0.034026|         0.155223
276  |*i_0_0_269                   |            0.049637|             0.041883|           0.032612|         0.124132
277  |*i_0_0_270                   |            0.003420|             0.003131|           0.018105|         0.024656
278  |*i_0_0_271                   |            0.010985|             0.015698|           0.034566|         0.061249
279  |*i_0_0_272                   |            0.073208|             0.061273|           0.036164|         0.170644
280  |*i_0_0_273                   |            0.079281|             0.072142|           0.047399|         0.198822
281  |*i_0_0_274                   |            0.027693|             0.034668|           0.021200|         0.083560
282  |*i_0_0_275                   |            0.086566|             0.065271|           0.036164|         0.188001
283  |*i_0_0_276                   |            0.017987|             0.032613|           0.017393|         0.067993
284  |*i_0_0_277                   |            0.023412|             0.227718|           0.014353|         0.265484
285  |*i_0_0_279                   |            0.060455|             0.511574|           0.032612|         0.604641
286  |*i_0_0_280                   |            0.023375|             0.360498|           0.014353|         0.398227
287  |*i_0_0_281                   |            0.060484|             0.520818|           0.032612|         0.613915
288  |*i_0_0_282                   |            0.023364|             0.399738|           0.014353|         0.437455
289  |*i_0_0_283                   |            0.060264|             0.452294|           0.032612|         0.545169
290  |*i_0_0_284                   |            0.023384|             0.328344|           0.014353|         0.366081
291  |*i_0_0_285                   |            0.060484|             0.520818|           0.032612|         0.613915
292  |*i_0_0_286                   |            0.023375|             0.360911|           0.014353|         0.398639
293  |*i_0_0_287                   |            0.060459|             0.512779|           0.032612|         0.605850
294  |*i_0_0_288                   |            0.023427|             0.114381|           0.014353|         0.152161
295  |*i_0_0_289                   |            0.060856|             0.636225|           0.032612|         0.729693
296  |*i_0_0_290                   |            0.023408|             0.244557|           0.014353|         0.282318
297  |*i_0_0_291                   |            0.060248|             0.447306|           0.032612|         0.540166
298  |*i_0_0_292                   |            0.021815|             0.182325|           0.014353|         0.218494
299  |*i_0_0_293                   |            0.077484|             0.392473|           0.041741|         0.511698
300  |*i_0_0_294                   |            0.010933|             0.007394|           0.041741|         0.060068
301  |*i_0_0_295                   |            0.062758|             0.036326|           0.041741|         0.140825
302  |*i_0_0_296                   |            0.022644|             0.030719|           0.014353|         0.067716
303  |*i_0_0_297                   |            0.037813|             0.270601|           0.032612|         0.341025
304  |*i_0_0_333                   |            0.022351|             0.141576|           0.014353|         0.178281
305  |*i_0_0_298                   |            0.075919|             0.510115|           0.047399|         0.633433
306  |*i_0_0_299                   |            0.057329|             0.087788|           0.032612|         0.177729
307  |*i_0_0_300                   |            0.054925|             0.058705|           0.041741|         0.155370
308  |*i_0_0_301                   |            0.017819|             0.018891|           0.022619|         0.059329
309  |*i_0_0_302                   |            0.007817|             0.014856|           0.017393|         0.040066
310  |*i_0_0_303                   |            0.022138|             0.128757|           0.014353|         0.165248
311  |*i_0_0_304                   |            0.073381|             0.450822|           0.047399|         0.571603
312  |*i_0_0_305                   |            0.053557|             0.083907|           0.032612|         0.170076
313  |*i_0_0_306                   |            0.062623|             0.099443|           0.041741|         0.203807
314  |*i_0_0_307                   |            0.022644|             0.030719|           0.014353|         0.067716
315  |*i_0_0_308                   |            0.037813|             0.270601|           0.032612|         0.341025
316  |*i_0_0_345                   |            0.022534|             0.082110|           0.014353|         0.118997
317  |*i_0_0_309                   |            0.075641|             0.490841|           0.047399|         0.613881
318  |*i_0_0_310                   |            0.056337|             0.085240|           0.032612|         0.174188
319  |*i_0_0_311                   |            0.070456|             0.134808|           0.041741|         0.247005
320  |*i_0_0_312                   |            0.028750|             0.039003|           0.014353|         0.082106
321  |*i_0_0_313                   |            0.045188|             0.343571|           0.032612|         0.421371
322  |*i_0_0_314                   |            0.019027|             0.070711|           0.026832|         0.116569
323  |*i_0_0_315                   |            0.022264|             0.119260|           0.014353|         0.155877
324  |*i_0_0_316                   |            0.074620|             0.472494|           0.047399|         0.594513
325  |*i_0_0_317                   |            0.052677|             0.082843|           0.032612|         0.168131
326  |*i_0_0_318                   |            0.072661|             0.108310|           0.047399|         0.228370
327  |*i_0_0_319                   |            0.041157|             0.099709|           0.022619|         0.163485
328  |*i_0_0_320                   |            0.042121|             0.046463|           0.032612|         0.121195
329  |*i_0_0_321                   |            0.021934|             0.179795|           0.014353|         0.216082
330  |*i_0_0_322                   |            0.075324|             0.454023|           0.047399|         0.576746
331  |*i_0_0_323                   |            0.053763|             0.085640|           0.032612|         0.172014
332  |*i_0_0_324                   |            0.072674|             0.108310|           0.047399|         0.228383
333  |*i_0_0_325                   |            0.040962|             0.078103|           0.022619|         0.141685
334  |*i_0_0_326                   |            0.042121|             0.046463|           0.032612|         0.121195
335  |*i_0_0_327                   |            0.022006|             0.129219|           0.014353|         0.165578
336  |*i_0_0_328                   |            0.052202|             0.471148|           0.047399|         0.570749
337  |*i_0_0_329                   |            0.052044|             0.082125|           0.032612|         0.166781
338  |*i_0_0_330                   |            0.072661|             0.108310|           0.047399|         0.228370
339  |*i_0_0_331                   |            0.041157|             0.099709|           0.022619|         0.163485
340  |*i_0_0_332                   |            0.042121|             0.046463|           0.032612|         0.121195
341  |*i_0_0_334                   |            0.026892|             0.148927|           0.021200|         0.197019
342  |*i_0_0_335                   |            0.021643|             0.241677|           0.014353|         0.277674
343  |*i_0_0_336                   |            0.073618|             0.411547|           0.047399|         0.532563
344  |*i_0_0_337                   |            0.022552|             0.091324|           0.014353|         0.128229
345  |*i_0_0_338                   |            0.076054|             0.510438|           0.047399|         0.633891
346  |*i_0_0_339                   |            0.053226|             0.085225|           0.032612|         0.171063
347  |*i_0_0_340                   |            0.021625|             0.167730|           0.014353|         0.203708
348  |*i_0_0_341                   |            0.074519|             0.443974|           0.047399|         0.565893
349  |*i_0_0_342                   |            0.042565|             0.079431|           0.027858|         0.149855
350  |*i_0_0_343                   |            0.032295|             0.060998|           0.021200|         0.114492
351  |*i_0_0_344                   |            0.021252|             0.452859|           0.014353|         0.488464
352  |*i_0_0_346                   |            0.073156|             0.465677|           0.047399|         0.586232
353  |*i_0_0_347                   |            0.037690|             0.072624|           0.022619|         0.132934
354  |*i_0_0_348                   |            0.010141|             0.019617|           0.017393|         0.047151
355  |*i_0_0_349                   |            0.029528|             0.131643|           0.014353|         0.175524
356  |*i_0_0_350                   |            0.054589|             0.386118|           0.032612|         0.473319
357  |*i_0_0_351                   |            0.021410|             0.129799|           0.014353|         0.165562
358  |*i_0_0_352                   |            0.074325|             0.402786|           0.047399|         0.524509
359  |*i_0_0_353                   |            0.047775|             0.078001|           0.032612|         0.158388
360  |*i_0_0_354                   |            0.049562|             0.081365|           0.047399|         0.178327
361  |*i_0_0_355                   |            0.021195|             0.199173|           0.014353|         0.234721
362  |*i_0_0_356                   |            0.072244|             0.440812|           0.047399|         0.560455
363  |*i_0_0_357                   |            0.020568|             0.056220|           0.014353|         0.091141
364  |*i_0_0_358                   |            0.038658|             0.257316|           0.032612|         0.328585
365  |*i_0_0_359                   |            0.026289|             0.077135|           0.022619|         0.126044
366  |*i_0_0_360                   |            0.026274|             0.028201|           0.032612|         0.087087
367  |*i_0_0_361                   |            0.021474|             0.160145|           0.014353|         0.195972
368  |*i_0_0_362                   |            0.050108|             0.461612|           0.047399|         0.559119
369  |*i_0_0_363                   |            0.046358|             0.076478|           0.032612|         0.155448
370  |*i_0_0_364                   |            0.050364|             0.079839|           0.047399|         0.177602
371  |*i_0_0_365                   |            0.020969|             0.446829|           0.014353|         0.482151
372  |*i_0_0_366                   |            0.073346|             0.461086|           0.047399|         0.581832
373  |*i_0_0_367                   |            0.019161|             0.055172|           0.014353|         0.088686
374  |*i_0_0_368                   |            0.027531|             0.249581|           0.027858|         0.304970
375  |*i_0_0_369                   |            0.011404|             0.016070|           0.026832|         0.054306
376  |*i_0_0_370                   |            0.035016|             0.108124|           0.022619|         0.165759
377  |*i_0_0_371                   |            0.066780|             0.131556|           0.025066|         0.223402
378  |*i_0_0_372                   |            0.008381|             0.015891|           0.017393|         0.041665
379  |*i_0_0_373                   |            0.021489|             0.119362|           0.014353|         0.155204
380  |*i_0_0_374                   |            0.074443|             0.438903|           0.047399|         0.560745
381  |*i_0_0_375                   |            0.044523|             0.074355|           0.032612|         0.151490
382  |*i_0_0_376                   |            0.026565|             0.059905|           0.032612|         0.119082
383  |*i_0_0_377                   |            0.020993|             0.113715|           0.014353|         0.149061
384  |*i_0_0_378                   |            0.070158|             0.428031|           0.047399|         0.545588
385  |*i_0_0_379                   |            0.042178|             0.049990|           0.041741|         0.133909
386  |*i_0_0_380                   |            0.020581|             0.191043|           0.014353|         0.225977
387  |*i_0_0_381                   |            0.044434|             0.447774|           0.047399|         0.539606
388  |*i_0_0_382                   |            0.021709|             0.029107|           0.034026|         0.084842
389  |*i_0_0_383                   |            0.026562|             0.059474|           0.032612|         0.118648
390  |*i_0_0_384                   |            0.020762|             0.121326|           0.014353|         0.156442
391  |*i_0_0_385                   |            0.042955|             0.423448|           0.041741|         0.508144
392  |*i_0_0_386                   |            0.001163|             0.000742|           0.026481|         0.028387
393  |*i_0_0_387                   |            0.054999|             0.036628|           0.034026|         0.125654
394  |*i_0_0_388                   |            0.035607|             0.037494|           0.048314|         0.121415
395  |*i_0_0_389                   |            0.025535|             0.054652|           0.021200|         0.101387
396  |*i_0_0_390                   |            0.007034|             0.014477|           0.017393|         0.038904
397  |*i_0_0_391                   |            0.019997|             0.168634|           0.014353|         0.202984
398  |*i_0_0_392                   |            0.034842|             0.420253|           0.032612|         0.487707
399  |*i_0_0_393                   |            0.043717|             0.065663|           0.027858|         0.137238
400  |*i_0_0_394                   |            0.044965|             0.062366|           0.027858|         0.135190
401  |*i_0_0_395                   |            0.019911|             0.120727|           0.014353|         0.154992
402  |*i_0_0_396                   |            0.034350|             0.417371|           0.032612|         0.484333
403  |*i_0_0_397                   |            0.033978|             0.052250|           0.027858|         0.114086
404  |*i_0_0_461                   |            0.020067|             0.132047|           0.014353|         0.166466
405  |*i_0_0_398                   |            0.039411|             0.432051|           0.032612|         0.504074
406  |*i_0_0_399                   |            0.005854|             0.016518|           0.025066|         0.047438
407  |*i_0_0_400                   |            0.022946|             0.594110|           0.014353|         0.631409
408  |*i_0_0_401                   |            0.017365|             0.028037|           0.014353|         0.059756
409  |*i_0_0_402                   |            0.061542|             0.307884|           0.041741|         0.411168
410  |*i_0_0_403                   |            0.006619|             0.004488|           0.041741|         0.052848
411  |*i_0_0_404                   |            0.072433|             0.033368|           0.047399|         0.153200
412  |*i_0_0_405                   |            0.048036|             0.041649|           0.027858|         0.117544
413  |*i_0_0_406                   |            0.031162|             0.072140|           0.022619|         0.125922
414  |*i_0_0_407                   |            0.008877|             0.011393|           0.032612|         0.052882
415  |*i_0_0_408                   |            0.058603|             0.114189|           0.032612|         0.205404
416  |*i_0_0_409                   |            0.063036|             0.059673|           0.041741|         0.164450
417  |*i_0_0_410                   |            0.021746|             0.029501|           0.014353|         0.065601
418  |*i_0_0_411                   |            0.035981|             0.259872|           0.032612|         0.328465
419  |*i_0_0_412                   |            0.017310|             0.031055|           0.014353|         0.062719
420  |*i_0_0_413                   |            0.040776|             0.306611|           0.047399|         0.394785
421  |*i_0_0_414                   |            0.052877|             0.108314|           0.032612|         0.193803
422  |*i_0_0_415                   |            0.063131|             0.101083|           0.041741|         0.205956
423  |*i_0_0_416                   |            0.040202|             0.031394|           0.034026|         0.105622
424  |*i_0_0_417                   |            0.030884|             0.059383|           0.022619|         0.112887
425  |*i_0_0_418                   |            0.009588|             0.011203|           0.032612|         0.053403
426  |*i_0_0_419                   |            0.055547|             0.111040|           0.032612|         0.199199
427  |*i_0_0_420                   |            0.077408|             0.135277|           0.041741|         0.254426
428  |*i_0_0_421                   |            0.019385|             0.020546|           0.022619|         0.062551
429  |*i_0_0_422                   |            0.022322|             0.099130|           0.026832|         0.148285
430  |*i_0_0_423                   |            0.007938|             0.014568|           0.017393|         0.039900
431  |*i_0_0_424                   |            0.016811|             0.045006|           0.014353|         0.076171
432  |*i_0_0_425                   |            0.055741|             0.300425|           0.047399|         0.403565
433  |*i_0_0_426                   |            0.051874|             0.108679|           0.032612|         0.193165
434  |*i_0_0_427                   |            0.077112|             0.110783|           0.047399|         0.235294
435  |*i_0_0_428                   |            0.041749|             0.077281|           0.022619|         0.141649
436  |*i_0_0_429                   |            0.043140|             0.046377|           0.032612|         0.122129
437  |*i_0_0_430                   |            0.016654|             0.045399|           0.014353|         0.076406
438  |*i_0_0_431                   |            0.055742|             0.295525|           0.047399|         0.398666
439  |*i_0_0_432                   |            0.017213|             0.047024|           0.014353|         0.078590
440  |*i_0_0_433                   |            0.057086|             0.322271|           0.047399|         0.426755
441  |*i_0_0_434                   |            0.054816|             0.084758|           0.032612|         0.172187
442  |*i_0_0_435                   |            0.017576|             0.000000|           0.014353|         0.031930
443  |*i_0_0_436                   |            0.057158|             0.348029|           0.047399|         0.452586
444  |*i_0_0_437                   |            0.050983|             0.083511|           0.032612|         0.167106
445  |*i_0_0_438                   |            0.030815|             0.077615|           0.022619|         0.131049
446  |*i_0_0_439                   |            0.008299|             0.010389|           0.032612|         0.051300
447  |*i_0_0_440                   |            0.050059|             0.106698|           0.032612|         0.189370
448  |*i_0_0_441                   |            0.058114|             0.095917|           0.047399|         0.201430
449  |*i_0_0_442                   |            0.017299|             0.029076|           0.014353|         0.060728
450  |*i_0_0_443                   |            0.040443|             0.318459|           0.047399|         0.406301
451  |*i_0_0_444                   |            0.054648|             0.108341|           0.032612|         0.195601
452  |*i_0_0_445                   |            0.028156|             0.127343|           0.014353|         0.169852
453  |*i_0_0_446                   |            0.052662|             0.368764|           0.032612|         0.454038
454  |*i_0_0_447                   |            0.016972|             0.043659|           0.014353|         0.074984
455  |*i_0_0_448                   |            0.056457|             0.317616|           0.047399|         0.421472
456  |*i_0_0_449                   |            0.050911|             0.082493|           0.032612|         0.166016
457  |*i_0_0_450                   |            0.069590|             0.111719|           0.047399|         0.228709
458  |*i_0_0_451                   |            0.029862|             0.037459|           0.022619|         0.089940
459  |*i_0_0_452                   |            0.007847|             0.009236|           0.032612|         0.049694
460  |*i_0_0_453                   |            0.052516|             0.100836|           0.032612|         0.185963
461  |*i_0_0_454                   |            0.045851|             0.064388|           0.027858|         0.138097
462  |*i_0_0_455                   |            0.051960|             0.086194|           0.047399|         0.185553
463  |*i_0_0_456                   |            0.016570|             0.027884|           0.014353|         0.058807
464  |*i_0_0_457                   |            0.057650|             0.292677|           0.047399|         0.397726
465  |*i_0_0_458                   |            0.048103|             0.104137|           0.032612|         0.184852
466  |*i_0_0_459                   |            0.051570|             0.085063|           0.047399|         0.184032
467  |*i_0_0_460                   |            0.016028|             0.041265|           0.014353|         0.071646
468  |*i_0_0_462                   |            0.034724|             0.298048|           0.047399|         0.380171
469  |*i_0_0_463                   |            0.022930|             0.045813|           0.022619|         0.091362
470  |*i_0_0_464                   |            0.013332|             0.020894|           0.027858|         0.062085
471  |*i_0_0_465                   |            0.005166|             0.007925|           0.026832|         0.039923
472  |*i_0_0_466                   |            0.029150|             0.057642|           0.022695|         0.109488
473  |*i_0_0_467                   |            0.042388|             0.078676|           0.032612|         0.153676
474  |*i_0_0_468                   |            0.016019|             0.043362|           0.014353|         0.073734
475  |*i_0_0_469                   |            0.055352|             0.299847|           0.047399|         0.402598
476  |*i_0_0_470                   |            0.037964|             0.052139|           0.034026|         0.124130
477  |*i_0_0_471                   |            0.052933|             0.099295|           0.041741|         0.193970
478  |*i_0_0_472                   |            0.020556|             0.039816|           0.017393|         0.077765
479  |*i_0_0_473                   |            0.016016|             0.026100|           0.014353|         0.056469
480  |*i_0_0_474                   |            0.054368|             0.282526|           0.047399|         0.384293
481  |*i_0_0_475                   |            0.014356|             0.040906|           0.014353|         0.069616
482  |*i_0_0_476                   |            0.021041|             0.186865|           0.027858|         0.235765
483  |*i_0_0_477                   |            0.021925|             0.020139|           0.041741|         0.083805
484  |*i_0_0_478                   |            0.015945|             0.026970|           0.014353|         0.057268
485  |*i_0_0_479                   |            0.053460|             0.281667|           0.047399|         0.382527
486  |*i_0_0_480                   |            0.042299|             0.049220|           0.041741|         0.133260
487  |*i_0_0_481                   |            0.023379|             0.102173|           0.014353|         0.139905
488  |*i_0_0_482                   |            0.056985|             0.424681|           0.032612|         0.514278
489  |*i_0_0_483                   |            0.015841|             0.042912|           0.014353|         0.073106
490  |*i_0_0_484                   |            0.054483|             0.294614|           0.047399|         0.396496
491  |*i_0_0_485                   |            0.015657|             0.031751|           0.022619|         0.070028
492  |*i_0_0_486                   |            0.009242|             0.018737|           0.017393|         0.045373
493  |*i_0_0_487                   |            0.009291|             0.016002|           0.017393|         0.042687
494  |*i_0_0_488                   |            0.054194|             0.128146|           0.034026|         0.216366
495  |*i_0_0_489                   |            0.015887|             0.025650|           0.014353|         0.055891
496  |*i_0_0_490                   |            0.033242|             0.281673|           0.041741|         0.356656
497  |*i_0_0_491                   |            0.029021|             0.047397|           0.034566|         0.110984
498  |*i_0_0_492                   |            0.038619|             0.035004|           0.027858|         0.101481
499  |*i_0_0_493                   |            0.018531|             0.069245|           0.014353|         0.102129
500  |*i_0_0_494                   |            0.026794|             0.335474|           0.017393|         0.379662
501  |*i_0_0_495                   |            0.000860|             0.000551|           0.026481|         0.027893
502  |*i_0_0_496                   |            0.015254|             0.026383|           0.014353|         0.055991
503  |*i_0_0_497                   |            0.028042|             0.276086|           0.032612|         0.336740
504  |*i_0_0_498                   |            0.015919|             0.022497|           0.034566|         0.072981
505  |*i_0_0_499                   |            0.023389|             0.100303|           0.014353|         0.138045
506  |*i_0_0_500                   |            0.060008|             0.427235|           0.032612|         0.519856
507  |*i_0_0_603                   |            0.019301|             0.018127|           0.026832|         0.064259
508  |*i_0_0_501                   |            0.015093|             0.024865|           0.014353|         0.054312
509  |*i_0_0_502                   |            0.027291|             0.273910|           0.032612|         0.333813
510  |*i_0_0_503                   |            0.010156|             0.014318|           0.034566|         0.059040
511  |*i_0_0_504                   |            0.030352|             0.040631|           0.027858|         0.098841
512  |*i_0_0_505                   |            0.002716|             0.004081|           0.018105|         0.024902
513  |*i_0_0_506                   |            0.012270|             0.246202|           0.014353|         0.272826
514  |*i_0_0_507                   |            0.056534|             0.066832|           0.032612|         0.155977
515  |*i_0_0_508                   |            0.042937|             0.058999|           0.027858|         0.129795
516  |*i_0_0_509                   |            0.017815|             0.192005|           0.014353|         0.224174
517  |*i_0_0_510                   |            0.000000|             0.000000|           0.014353|         0.014353
518  |*i_0_0_511                   |            0.023349|             0.063953|           0.014353|         0.101656
519  |*i_0_0_685                   |            0.024744|             0.066965|           0.014353|         0.106062
520  |*i_0_0_512                   |            0.025051|             0.106588|           0.014353|         0.145993
521  |*i_0_0_687                   |            0.024892|             0.085996|           0.014353|         0.125241
522  |*i_0_0_688                   |            0.025072|             0.109212|           0.014353|         0.148637
523  |*i_0_0_689                   |            0.024758|             0.068799|           0.014353|         0.107910
524  |*i_0_0_690                   |            0.024750|             0.067757|           0.014353|         0.106861
525  |*i_0_0_691                   |            0.024490|             0.044426|           0.014353|         0.083270
526  |*i_0_0_692                   |            0.024443|             0.041063|           0.014353|         0.079860
527  |*i_0_0_513                   |            0.024609|             0.178693|           0.014353|         0.217655
528  |*i_0_0_514                   |            0.024416|             0.203350|           0.014353|         0.242119
529  |*i_0_0_515                   |            0.024454|             0.198507|           0.014353|         0.237314
530  |*i_0_0_516                   |            0.024408|             0.204319|           0.014353|         0.243080
531  |*i_0_0_517                   |            0.025054|             0.106922|           0.014353|         0.146329
532  |*i_0_0_711                   |            0.024890|             0.085782|           0.014353|         0.125026
533  |*i_0_0_712                   |            0.025024|             0.103037|           0.014353|         0.142414
534  |*i_0_0_518                   |            0.024980|             0.131466|           0.014353|         0.170799
535  |*i_0_0_714                   |            0.024730|             0.065177|           0.014353|         0.104261
536  |*i_0_0_519                   |            0.024658|             0.172448|           0.014353|         0.211459
537  |*i_0_0_716                   |            0.024448|             0.041397|           0.014353|         0.080198
538  |*i_0_0_520                   |            0.024834|             0.150057|           0.014353|         0.189244
539  |*i_0_0_521                   |            0.025023|             0.102909|           0.014353|         0.142285
540  |*i_0_0_522                   |            0.025066|             0.108511|           0.014353|         0.147930
541  |*i_0_0_523                   |            0.024651|             0.173341|           0.014353|         0.212346
542  |*i_0_0_524                   |            0.024977|             0.131843|           0.014353|         0.171173
543  |*i_0_0_525                   |            0.025100|             0.116183|           0.014353|         0.155636
544  |*i_0_0_526                   |            0.000000|             0.000000|           0.034026|         0.034026
545  |*i_0_0_527                   |            0.000000|             0.000000|           0.032612|         0.032612
546  |*i_0_0_528                   |            0.000000|             0.000000|           0.047399|         0.047399
547  |*i_0_0_529                   |            0.000000|             0.000000|           0.032612|         0.032612
548  |*i_0_0_530                   |            0.000000|             0.000000|           0.022619|         0.022619
549  |*i_0_0_531                   |            0.000000|             0.000000|           0.047399|         0.047399
550  |*i_0_0_532                   |            0.000000|             0.000000|           0.032612|         0.032612
551  |*i_0_0_533                   |            0.000000|             0.000000|           0.026832|         0.026832
552  |*i_0_0_534                   |            0.000000|             0.000000|           0.021200|         0.021200
553  |*i_0_0_535                   |            0.000000|             0.000000|           0.026832|         0.026832
554  |*i_0_0_536                   |            0.000000|             0.000000|           0.021200|         0.021200
555  |*i_0_0_537                   |            0.000000|             0.000000|           0.026832|         0.026832
556  |*i_0_0_538                   |            0.000000|             0.000000|           0.021200|         0.021200
557  |*i_0_0_539                   |            0.000000|             0.000000|           0.014353|         0.014353
558  |*i_0_0_540                   |            0.000000|             0.000000|           0.014353|         0.014353
559  |*i_0_0_541                   |            0.000000|             0.000000|           0.014353|         0.014353
560  |*i_0_0_542                   |            0.000000|             0.000000|           0.014353|         0.014353
561  |*i_0_0_543                   |            0.000000|             0.000000|           0.022619|         0.022619
562  |*i_0_0_544                   |            0.000000|             0.000000|           0.017393|         0.017393
563  |*i_0_0_545                   |            0.000000|             0.000000|           0.014353|         0.014353
564  |*i_0_0_546                   |            0.000000|             0.000000|           0.022619|         0.022619
565  |*i_0_0_547                   |            0.000000|             0.000000|           0.047399|         0.047399
566  |*i_0_0_548                   |            0.000000|             0.000000|           0.047399|         0.047399
567  |*i_0_0_549                   |            0.000000|             0.000000|           0.034026|         0.034026
568  |*i_0_0_550                   |            0.000000|             0.000000|           0.032612|         0.032612
569  |*i_0_0_551                   |            0.000000|             0.000000|           0.047399|         0.047399
570  |*i_0_0_552                   |            0.024975|             0.132075|           0.014353|         0.171404
571  |*i_0_0_553                   |            0.025087|             0.111199|           0.014353|         0.150640
572  |*i_0_0_554                   |            0.025040|             0.105095|           0.014353|         0.144487
573  |*i_0_0_555                   |            0.025049|             0.106335|           0.014353|         0.145738
574  |*i_0_0_556                   |            0.024673|             0.170589|           0.014353|         0.209615
575  |*i_0_0_557                   |            0.025073|             0.109381|           0.014353|         0.148807
576  |*i_0_0_558                   |            0.025055|             0.107080|           0.014353|         0.146488
577  |*i_0_0_559                   |            0.025040|             0.105095|           0.014353|         0.144487
578  |*i_0_0_560                   |            0.025073|             0.109381|           0.014353|         0.148807
579  |*i_0_0_561                   |            0.024705|             0.166532|           0.014353|         0.205590
580  |*i_0_0_562                   |            0.024712|             0.062775|           0.014353|         0.101840
581  |*i_0_0_563                   |            0.025051|             0.106588|           0.014353|         0.145993
582  |*i_0_0_564                   |            0.025006|             0.128199|           0.014353|         0.167558
583  |*i_0_0_565                   |            0.024738|             0.066141|           0.014353|         0.105231
584  |*i_0_0_566                   |            0.056128|             0.044233|           0.034026|         0.134388
585  |*i_0_0_567                   |            0.050533|             0.033529|           0.033938|         0.118000
586  |*i_0_0_568                   |            0.024440|             0.040810|           0.014353|         0.079603
587  |*i_0_0_569                   |            0.024422|             0.039570|           0.014353|         0.078345
588  |*i_0_0_570                   |            0.067131|             0.044138|           0.033938|         0.145207
589  |*i_0_0_571                   |            0.059992|             0.039580|           0.033938|         0.133509
590  |*i_0_0_572                   |            0.064619|             0.042590|           0.033938|         0.141146
591  |*i_0_0_573                   |            0.024440|             0.040810|           0.014353|         0.079603
592  |*i_0_0_574                   |            0.062262|             0.041038|           0.033938|         0.137238
593  |*i_0_0_575                   |            0.063734|             0.062371|           0.033938|         0.160043
594  |*i_0_0_576                   |            0.026081|             0.051691|           0.017393|         0.095165
595  |*i_0_0_577                   |            0.051108|             0.043014|           0.032612|         0.126734
596  |*i_0_0_578                   |            0.024490|             0.044426|           0.014353|         0.083270
597  |*i_0_0_579                   |            0.062015|             0.040723|           0.041741|         0.144479
598  |*i_0_0_580                   |            0.021894|             0.140748|           0.014353|         0.176995
599  |*i_0_0_581                   |            0.073288|             0.467722|           0.047399|         0.588409
600  |*i_0_0_582                   |            0.050327|             0.081117|           0.032612|         0.164056
601  |*i_0_0_583                   |            0.051903|             0.098628|           0.041741|         0.192272
602  |*i_0_0_584                   |            0.018441|             0.019479|           0.022619|         0.060539
603  |*i_0_0_585                   |            0.008381|             0.015891|           0.017393|         0.041665
604  |*i_0_0_586                   |            0.017456|             0.047838|           0.014353|         0.079647
605  |*i_0_0_587                   |            0.055005|             0.327391|           0.041741|         0.424137
606  |*i_0_0_588                   |            0.014204|             0.019270|           0.014353|         0.047827
607  |*i_0_0_589                   |            0.026996|             0.169742|           0.032612|         0.229350
608  |*i_0_0_590                   |            0.014807|             0.220639|           0.021200|         0.256645
609  |*i_0_0_591                   |            0.015494|             0.099730|           0.021200|         0.136423
610  |*i_0_0_592                   |            0.009162|             0.236155|           0.021200|         0.266517
611  |*i_0_0_593                   |            0.055141|             0.078161|           0.034026|         0.167328
612  |*i_0_0_594                   |            0.054518|             0.102962|           0.041741|         0.199221
613  |*i_0_0_595                   |            0.017914|             0.021935|           0.021200|         0.061049
614  |*i_0_0_596                   |            0.015335|             0.305645|           0.021200|         0.342180
615  |*i_0_0_597                   |            0.055654|             0.171216|           0.034026|         0.260896
616  |*i_0_0_598                   |            0.010315|             0.098662|           0.014353|         0.123331
617  |*i_0_0_599                   |            0.015015|             0.432259|           0.021200|         0.468474
618  |*i_0_0_600                   |            0.056347|             0.134321|           0.034026|         0.224695
619  |*i_0_0_601                   |            0.050270|             0.135341|           0.032612|         0.218224
620  |*i_0_0_602                   |            0.030338|             0.081998|           0.017393|         0.129729
621  |*i_0_0_604                   |            0.017277|             0.048206|           0.014353|         0.079836
622  |*i_0_0_605                   |            0.044524|             0.335392|           0.032612|         0.412528
623  |*i_0_0_606                   |            0.018159|             0.104173|           0.014353|         0.136685
624  |*i_0_0_607                   |            0.027039|             0.659949|           0.017393|         0.704382
625  |*i_0_0_608                   |            0.018140|             0.210456|           0.014353|         0.242949
626  |*i_0_0_609                   |            0.027410|             0.478078|           0.017393|         0.522881
627  |*i_0_0_610                   |            0.074170|             0.321201|           0.036164|         0.431535
628  |*i_0_0_611                   |            0.045595|             0.111367|           0.022619|         0.179581
629  |*i_0_0_612                   |            0.023752|             0.263146|           0.014353|         0.301251
630  |*i_0_0_613                   |            0.081199|             0.449752|           0.036164|         0.567114
631  |*i_0_0_614                   |            0.023665|             0.770963|           0.014353|         0.808981
632  |*i_0_0_615                   |            0.067595|             0.845696|           0.036164|         0.949455
633  |*i_0_0_616                   |            0.023600|             1.542737|           0.014353|         1.580691
634  |*i_0_0_617                   |            0.081411|             1.723792|           0.036164|         1.841367
635  |*i_0_0_618                   |            0.008455|             0.015751|           0.014353|         0.038559
636  |*i_0_0_619                   |            0.012203|             0.415253|           0.021200|         0.448655
637  |*i_0_0_620                   |            0.014590|             0.021974|           0.014353|         0.050917
638  |*i_0_0_621                   |            0.038016|             0.303783|           0.033938|         0.375736
639  |*i_0_0_622                   |            0.036575|             0.020441|           0.048314|         0.105330
640  |*i_0_0_623                   |            0.046128|             0.026284|           0.032612|         0.105024
641  |*i_0_0_624                   |            0.022902|             0.101766|           0.014353|         0.139021
642  |*i_0_0_625                   |            0.044401|             0.454899|           0.027858|         0.527158
643  |*i_0_0_626                   |            0.052940|             0.116584|           0.032612|         0.202136
644  |*i_0_0_627                   |            0.051448|             0.115870|           0.034026|         0.201344
645  |*i_0_0_628                   |            0.041698|             0.112936|           0.027858|         0.182493
646  |*i_0_0_629                   |            0.023373|             0.101074|           0.014353|         0.138800
647  |*i_0_0_630                   |            0.045188|             0.505691|           0.027858|         0.578738
648  |*i_0_0_631                   |            0.023403|             0.118657|           0.014353|         0.156414
649  |*i_0_0_632                   |            0.056737|             0.508308|           0.034026|         0.599071
650  |*i_0_0_633                   |            0.026757|             0.146225|           0.021200|         0.194181
651  |*i_0_0_634                   |            0.022991|             0.042715|           0.014353|         0.080059
652  |*i_0_0_635                   |            0.034420|             2.365601|           0.017393|         2.417414
653  |*i_0_0_636                   |            0.019060|             0.071105|           0.018105|         0.108270
654  |*i_0_0_637                   |            0.024121|             0.063326|           0.014353|         0.101800
655  |*i_0_0_638                   |            0.053720|             0.493258|           0.034566|         0.581543
656  |*i_0_0_639                   |            0.042871|             0.129856|           0.022619|         0.195347
657  |*i_0_0_640                   |            0.026414|             0.096709|           0.021200|         0.144323
658  |*i_0_0_641                   |            0.026722|             0.145351|           0.017393|         0.189467
659  |*i_0_0_642                   |            0.043420|             0.112991|           0.022619|         0.179031
660  |*i_0_0_643                   |            0.022117|             0.075268|           0.017393|         0.114778
661  |*i_0_0_644                   |            0.041898|             0.119195|           0.022619|         0.183712
662  |*i_0_0_645                   |            0.075698|             0.243510|           0.036164|         0.355371
663  |*i_0_0_646                   |            0.038299|             0.188336|           0.021200|         0.247835
664  |*i_0_0_647                   |            0.034628|             0.067005|           0.021200|         0.122832
665  |*i_0_0_648                   |            0.026395|             0.080920|           0.021200|         0.128515
666  |*i_0_0_649                   |            0.010106|             0.030509|           0.026832|         0.067447
667  |*i_0_0_650                   |            0.026213|             0.068567|           0.017393|         0.112173
668  |*i_0_0_651                   |            0.017830|             0.095048|           0.014353|         0.127231
669  |*i_0_0_652                   |            0.026061|             0.374865|           0.021200|         0.422126
670  |*i_0_0_653                   |            0.041059|             0.173952|           0.027858|         0.242869
671  |*i_0_0_654                   |            0.023268|             0.061794|           0.014353|         0.099415
672  |*i_0_0_655                   |            0.045207|             0.505819|           0.027858|         0.578884
673  |*i_0_0_656                   |            0.026865|             0.338998|           0.021200|         0.387062
674  |*i_0_0_657                   |            0.023376|             0.274511|           0.014353|         0.312240
675  |*i_0_0_658                   |            0.045778|             0.740854|           0.027858|         0.814491
676  |*i_0_0_659                   |            0.026664|             0.136913|           0.021200|         0.184777
677  |*i_0_0_660                   |            0.024512|             0.191160|           0.014353|         0.230025
678  |*i_0_0_661                   |            0.024474|             0.196003|           0.014353|         0.234829
679  |*i_0_0_662                   |            0.024944|             0.092698|           0.014353|         0.131995
680  |*i_0_0_663                   |            0.024408|             0.204319|           0.014353|         0.243080
681  |*i_0_0_664                   |            0.024743|             0.066859|           0.014353|         0.105955
682  |*i_0_0_665                   |            0.024434|             0.201060|           0.014353|         0.239847
683  |*i_0_0_666                   |            0.024965|             0.133404|           0.014353|         0.172722
684  |*i_0_0_667                   |            0.024915|             0.139745|           0.014353|         0.179013
685  |*i_0_0_668                   |            0.016574|             0.027891|           0.014353|         0.058818
686  |*i_0_0_669                   |            0.056637|             0.292746|           0.047399|         0.396782
687  |*i_0_0_670                   |            0.050368|             0.072043|           0.034026|         0.156437
688  |*i_0_0_671                   |            0.063347|             0.129999|           0.047399|         0.240745
689  |*i_0_0_672                   |            0.050830|             0.083175|           0.032612|         0.166617
690  |*i_0_0_673                   |            0.026867|             0.052674|           0.017393|         0.096935
691  |*i_0_0_674                   |            0.075796|             0.108514|           0.047399|         0.231709
692  |*i_0_0_675                   |            0.041961|             0.101287|           0.022619|         0.165867
693  |*i_0_0_676                   |            0.041707|             0.046377|           0.032612|         0.120696
694  |*i_0_0_677                   |            0.005283|             0.196639|           0.014353|         0.216275
695  |*i_0_0_678                   |            0.007058|             0.096650|           0.017393|         0.121101
696  |*i_0_0_679                   |            0.042336|             0.063212|           0.034026|         0.139574
697  |*i_0_0_680                   |            0.025294|             0.106577|           0.014353|         0.146224
698  |*i_0_0_681                   |            0.046556|             0.310737|           0.034026|         0.391319
699  |*i_0_0_682                   |            0.074352|             0.121090|           0.047399|         0.242841
700  |*i_0_0_683                   |            0.027939|             0.141828|           0.021200|         0.190966
701  |*i_0_0_684                   |            0.042510|             0.098516|           0.032612|         0.173638
702  |*i_0_0_686                   |            0.052776|             0.098004|           0.041741|         0.192521
703  |*i_0_0_693                   |            0.020202|             0.021310|           0.022619|         0.064131
704  |*i_0_0_694                   |            0.008432|             0.015983|           0.017393|         0.041809
705  |*i_0_0_695                   |            0.012735|             0.066427|           0.021200|         0.100362
706  |*i_0_0_696                   |            0.014149|             0.166477|           0.021200|         0.201825
707  |*i_0_0_697                   |            0.016679|             0.283558|           0.014353|         0.314591
708  |*i_0_0_698                   |            0.024548|             0.367622|           0.017393|         0.409564
709  |*i_0_0_699                   |            0.017963|             0.405443|           0.017393|         0.440799
710  |*i_0_0_700                   |            0.016178|             0.314749|           0.021200|         0.352126
711  |*i_0_0_701                   |            0.019412|             0.289780|           0.014353|         0.323545
712  |*i_0_0_702                   |            0.027783|             0.575075|           0.021200|         0.624058
713  |*i_0_0_703                   |            0.023733|             0.257512|           0.014353|         0.295599
714  |*i_0_0_704                   |            0.080843|             0.455273|           0.036164|         0.572280
715  |*i_0_0_705                   |            0.045412|             0.327971|           0.022619|         0.396002
716  |*i_0_0_706                   |            0.023594|             0.716655|           0.014353|         0.754603
717  |*i_0_0_707                   |            0.044153|             0.904676|           0.022619|         0.971448
718  |*i_0_0_708                   |            0.016742|             0.063015|           0.017393|         0.097150
719  |*i_0_0_709                   |            0.031322|             0.113862|           0.021200|         0.166383
720  |*i_0_0_710                   |            0.023106|             1.472653|           0.014353|         1.510112
721  |*i_0_0_713                   |            0.044702|             1.670236|           0.022619|         1.737557
722  |*i_0_0_715                   |            0.025521|             0.098037|           0.017393|         0.140952
723  |*i_0_0_717                   |            0.011980|             0.160974|           0.025066|         0.198021
724  |*i_0_0_718                   |            0.025709|             0.086122|           0.025066|         0.136897
725  |*i_0_0_719                   |            0.025003|             0.058315|           0.022619|         0.105937
726  |*i_0_0_720                   |            0.021487|             0.034102|           0.027858|         0.083447
727  |*i_0_0_721                   |            0.025509|             0.038193|           0.026832|         0.090534
728  |*i_0_0_722                   |            0.032687|             0.063717|           0.017393|         0.113797
729  |*i_0_0_723                   |            0.022462|             0.859479|           0.014353|         0.896295
730  |*i_0_0_724                   |            0.044340|             0.776486|           0.022619|         0.843445
731  |                             |                    |                     |                   |                 
732  |*TOTAL                       |           23.135798|           100.135193|          22.582582|       145.853561
-----+-----------------------------+--------------------+---------------------+-------------------+-----------------
