Report for group default
Report for group I2R
Report for group I2O
------------------------------------------------------------------------------------------------------------------------------------------------------------
Startpoint: A[24]
    (Clocked by vsysclk R)
Endpoint: Sum[0]
    (Clocked by vsysclk R)
Path Group: I2O
Data required time: 19500.0
    (Clock shift: 20000.0, minus Uncertainty: 0.0, plus Latency 0.0, minus Out delay: 500.0)
Data arrival time: 2433.3
Slack: 17066.7
Logic depth: 29
------------------------------------------------------------------------------------------------------------------------------------------------------------
                                                     Arrival               Arc      Net               Net    Total   fan-                                   
Path                     Module/Cell           Edge     Time    Delay    Delay    Delay     Slew     Load     Load    out     Location Power Domain      (V)
                                                        (ps)     (ps)     (ps)     (ps)     (ps)     (ff)     (ff)    (#)      (um,um)                      
------------------------------------------------------------------------------------------------------------------------------------------------------------
A[24]                    {set_input_delay}        f   1000.0   1000.0   1000.0                        2.9     32.5      2    52,    0                       
i_0_0_516/A->ZN          INV_X8                  fr   1009.8      9.8      9.5      0.3      0.0      0.9     13.5      3    50,   49  /PD_TOP        (1.10)
i_0_0_633/A2->ZN         NOR2_X4                 rf   1021.9     12.1     12.1      0.0      7.6      0.9     12.9      3    50,   49  /PD_TOP        (1.10)
i_0_0_630/A->ZN          AOI21_X4*               fr   1094.0     72.1     72.1      0.0      7.6      0.9     34.0      3    50,   49  /PD_TOP        (1.10)
i_0_0_628/B2->ZN         AOI21_X4                rf   1112.6     18.6     18.6      0.0     15.3      0.6      8.1      2    50,   49  /PD_TOP        (1.10)
i_0_0_627/B2->ZN         OAI22_X4                fr   1161.0     48.4     48.4      0.0      9.2      0.7      8.2      2    50,   49  /PD_TOP        (1.10)
i_0_0_613/B->Z           XOR2_X2*                rr   1277.4    116.4    116.4      0.0     35.1      0.5     29.7      2    50,   49  /PD_TOP        (1.10)
i_0_0_612/A->ZN          INV_X8                  rf   1288.1     10.7     10.7      0.0     15.3      1.2     17.4      4    50,   49  /PD_TOP        (1.10)
i_0_0_609/A1->ZN         NAND2_X4*               fr   1322.6     34.5     34.5      0.0      4.9      1.3     41.4      5    50,   49  /PD_TOP        (1.10)
i_0_0_608/A->ZN          INV_X8                  rf   1333.5     10.9     10.9      0.0     15.3      1.4     18.2      4    50,   49  /PD_TOP        (1.10)
i_0_0_332/A2->ZN         AOI22_X4                fr   1368.0     34.5     34.5      0.0      5.0      0.3      4.3      1    50,   49  /PD_TOP        (1.10)
i_0_0_331/A->ZN          OAI21_X4                rf   1392.1     24.1     24.1      0.0     24.8      0.7      7.4      2    50,   49  /PD_TOP        (1.10)
i_0_0_330/C2->ZN         AOI222_X2               fr   1513.1    121.0    121.0      0.0     10.7      0.8      9.1      2    50,   49  /PD_TOP        (1.10)
i_0_0_329/A2->ZN         AOI22_X4                rf   1537.3     24.2     24.2      0.0     72.7      0.8      5.7      2    50,   49  /PD_TOP        (1.10)
i_0_0_328/C2->ZN         AOI222_X4               fr   1694.4    157.1    157.1      0.0     12.9      1.0     34.7      3    50,   49  /PD_TOP        (1.10)
i_0_0_327/A->ZN          INV_X8                  rf   1703.4      9.0      9.0      0.0     23.2      1.0      9.5      3    50,   49  /PD_TOP        (1.10)
i_0_0_266/C2->ZN         AOI222_X2               fr   1796.6     93.2     93.2      0.0      4.0      0.4      3.0      1    50,   49  /PD_TOP        (1.10)
i_0_0_265/A->ZN          OAI221_X2               rf   1840.8     44.2     44.2      0.0     50.2      0.4      3.0      1    50,   49  /PD_TOP        (1.10)
i_0_0_264/A->ZN          AOI221_X2               fr   1923.2     82.4     82.4      0.0     17.5      0.4      4.5      1    50,   49  /PD_TOP        (1.10)
i_0_0_263/B->ZN          OAI211_X2               rf   1956.5     33.3     33.3      0.0     48.9      0.4      3.0      1    50,   49  /PD_TOP        (1.10)
i_0_0_262/A->ZN          AOI221_X2               fr   2031.5     75.0     75.0      0.0     13.8      0.4      3.0      1    50,   49  /PD_TOP        (1.10)
i_0_0_261/A->ZN          OAI221_X2               rf   2076.6     45.1     45.1      0.0     43.5      0.4      4.4      1    50,   49  /PD_TOP        (1.10)
i_0_0_246/B1->ZN         OAI21_X4*               fr   2177.7    101.1    101.1      0.0     19.3     13.6    226.9     46    50,   49  /PD_TOP        (1.10)
i_0_0_245/A->ZN          INV_X8                  rf   2187.4      9.7      9.2      0.5     15.3      0.9     11.8      3    50,   49  /PD_TOP        (1.10)
i_0_0_154/A3->ZN         NAND3_X4*               fr   2224.2     36.8     36.8      0.0      4.3      0.9     34.3      3    50,   49  /PD_TOP        (1.10)
i_0_0_129/A->ZN          OAI21_X4*               rf   2281.7     57.5     57.5      0.0     15.3      7.9     97.5     22    50,   49  /PD_TOP        (1.10)
i_0_0_13/A->ZN           AOI21_X4                fr   2351.4     69.7     69.4      0.3     15.3      0.3     25.7      1    50,   49  /PD_TOP        (1.10)
i_0_0_12/A->ZN           INV_X8                  rf   2360.3      8.9      8.9      0.0     46.8      0.7      9.1      2    50,   49  /PD_TOP        (1.10)
i_0_0_8/A2->ZN           AOI22_X4                fr   2422.3     62.0     62.0      0.0      4.0      0.3     25.8      1    50,   49  /PD_TOP        (1.10)
i_0_0_7/A->ZN            INV_X8                  rf   2433.0     10.7     10.7      0.0     50.3      3.0     13.0      1    50,   49  /PD_TOP        (1.10)
Sum[0]                                            f   2433.3      0.3               0.3      4.4                              0,   51                       
------------------------------------------------------------------------------------------------------------------------------------------------------------
Report for group R2O
