Report for group default
Report for group I2R
Report for group I2O
------------------------------------------------------------------------------------------------------------------------------------------------------------
Startpoint: in1[0]
    (Clocked by vsysclk R)
Endpoint: of
    (Clocked by vsysclk R)
Path Group: I2O
Data required time: 19500.0
    (Clock shift: 20000.0, minus Uncertainty: 0.0, plus Latency 0.0, minus Out delay: 500.0)
Data arrival time: 1921.3
Slack: 17578.7
Logic depth: 16
------------------------------------------------------------------------------------------------------------------------------------------------------------
                                                     Arrival               Arc      Net               Net    Total   fan-                                   
Path                     Module/Cell           Edge     Time    Delay    Delay    Delay     Slew     Load     Load    out     Location Power Domain      (V)
                                                        (ps)     (ps)     (ps)     (ps)     (ps)     (ff)     (ff)    (#)      (um,um)                      
------------------------------------------------------------------------------------------------------------------------------------------------------------
in1[0]                   {set_input_delay}        f   1000.0   1000.0   1000.0                        2.4      8.2      2    42,    0                       
csa_0/rca0/genblk1_0_fa/i_0_1/A2->ZN
                         AND2_X4                 ff   1028.1     27.9     27.9      0.0      0.0      0.8     11.7      3    43,   43  /PD_TOP        (1.10)
csa_0/rca0/genblk1_1_fa/i_0_1/B1->ZN
                         OAI21_X4                fr   1054.0     26.1     25.9      0.2      7.4      0.3      4.2      1    43,   43  /PD_TOP        (1.10)
csa_0/rca0/genblk1_1_fa/i_0_0/A2->ZN
                         NAND2_X4                rf   1074.3     20.3     20.3      0.0     18.3      0.8     11.7      3    43,   43  /PD_TOP        (1.10)
csa_0/rca0/genblk1_2_fa/i_0_1/B1->ZN
                         OAI21_X4                fr   1101.2     26.9     26.9      0.0      9.9      0.3      4.2      1    43,   43  /PD_TOP        (1.10)
csa_0/rca0/genblk1_2_fa/i_0_0/A2->ZN
                         NAND2_X4                rf   1121.5     20.3     20.3      0.0     18.3      0.8     11.7      3    43,   43  /PD_TOP        (1.10)
csa_0/rca0/genblk1_3_fa/i_0_1/B1->ZN
                         OAI21_X4                fr   1148.4     26.9     26.9      0.0      9.9      0.3      4.2      1    43,   43  /PD_TOP        (1.10)
csa_0/rca0/genblk1_3_fa/i_0_0/A2->ZN
                         NAND2_X4                rf   1169.4     21.0     21.0      0.0     18.3      1.5     12.9      5    43,   43  /PD_TOP        (1.10)
genblk1_1_csa/i_0_4/S->Z MUX2_X2                 fr   1241.9     72.5     72.5      0.0     10.3      1.6     12.9      5    43,   43  /PD_TOP        (1.10)
genblk1_2_csa/i_0_4/S->Z MUX2_X2                 rf   1329.1     87.2     87.2      0.0     19.6      1.6     12.9      5    43,   43  /PD_TOP        (1.10)
genblk1_3_csa/i_0_4/S->Z MUX2_X2                 fr   1404.4     75.3     75.3      0.0     15.6      1.6     12.9      5    43,   43  /PD_TOP        (1.10)
genblk1_4_csa/i_0_4/S->Z MUX2_X2                 rf   1491.6     87.2     87.2      0.0     19.6      1.6     12.9      5    43,   43  /PD_TOP        (1.10)
genblk1_5_csa/i_0_4/S->Z MUX2_X2                 fr   1566.9     75.3     75.3      0.0     15.6      1.6     12.9      5    43,   43  /PD_TOP        (1.10)
genblk1_6_csa/i_0_4/S->Z MUX2_X2                 rf   1654.1     87.2     87.2      0.0     19.6      1.6     12.9      5    43,   43  /PD_TOP        (1.10)
genblk1_7_csa/i_0_3/S->Z MUX2_X2*                fr   1754.8    100.7    100.7      0.0     15.6      0.7     40.4      3    43,   43  /PD_TOP        (1.10)
i_0_0_2/A->ZN            INV_X8                  rf   1761.0      6.2      6.2      0.0     15.3      0.3      1.9      1    43,   43  /PD_TOP        (1.10)
i_0_0_0/B2->ZN           OAI33_X1                fr   1921.1    160.1    160.1      0.0      3.2      2.5     12.5      1    43,   43  /PD_TOP        (1.10)
of                                                r   1921.3      0.2               0.2    139.5                             85,   42                       
------------------------------------------------------------------------------------------------------------------------------------------------------------
Report for group R2O
