Report for group default
Report for group I2R
Report for group I2O
------------------------------------------------------------------------------------------------------------------------------------------------------------
Startpoint: in1[0]
    (Clocked by vsysclk R)
Endpoint: overflow
    (Clocked by vsysclk R)
Path Group: I2O
Data required time: 19500.0
    (Clock shift: 20000.0, minus Uncertainty: 0.0, plus Latency 0.0, minus Out delay: 500.0)
Data arrival time: 2582.9
Slack: 16917.1
Logic depth: 65
------------------------------------------------------------------------------------------------------------------------------------------------------------
                                                     Arrival               Arc      Net               Net    Total   fan-                                   
Path                     Module/Cell           Edge     Time    Delay    Delay    Delay     Slew     Load     Load    out     Location Power Domain      (V)
                                                        (ps)     (ps)     (ps)     (ps)     (ps)     (ff)     (ff)    (#)      (um,um)                      
------------------------------------------------------------------------------------------------------------------------------------------------------------
in1[0]                   {set_input_delay}        f   1000.0   1000.0   1000.0                        2.3     14.5      3     0,   39                       
genblk1_0_fa/i_0_1/B2->ZN
                         OAI21_X4                fr   1028.0     27.8     27.8      0.0      0.0      0.3      4.2      1    39,   38  /PD_TOP        (1.10)
genblk1_0_fa/i_0_0/A2->ZN
                         NAND2_X4                rf   1048.3     20.3     20.3      0.0     18.3      0.8     11.7      3    39,   38  /PD_TOP        (1.10)
genblk1_1_fa/i_0_1/B1->ZN
                         OAI21_X4                fr   1075.2     27.1     26.9      0.2      9.9      0.3      4.2      1    39,   38  /PD_TOP        (1.10)
genblk1_1_fa/i_0_0/A2->ZN
                         NAND2_X4                rf   1095.5     20.3     20.3      0.0     18.3      0.8     11.7      3    39,   38  /PD_TOP        (1.10)
genblk1_2_fa/i_0_1/B1->ZN
                         OAI21_X4                fr   1122.4     26.9     26.9      0.0      9.9      0.3      4.2      1    39,   38  /PD_TOP        (1.10)
genblk1_2_fa/i_0_0/A2->ZN
                         NAND2_X4                rf   1142.7     20.3     20.3      0.0     18.3      0.8     11.7      3    39,   38  /PD_TOP        (1.10)
genblk1_3_fa/i_0_1/B1->ZN
                         OAI21_X4                fr   1169.6     26.9     26.9      0.0      9.9      0.3      4.2      1    39,   38  /PD_TOP        (1.10)
genblk1_3_fa/i_0_0/A2->ZN
                         NAND2_X4                rf   1189.9     20.3     20.3      0.0     18.3      0.8     11.7      3    39,   38  /PD_TOP        (1.10)
genblk1_4_fa/i_0_1/B1->ZN
                         OAI21_X4                fr   1216.8     26.9     26.9      0.0      9.9      0.3      4.2      1    39,   38  /PD_TOP        (1.10)
genblk1_4_fa/i_0_0/A2->ZN
                         NAND2_X4                rf   1237.1     20.3     20.3      0.0     18.3      0.8     11.7      3    39,   38  /PD_TOP        (1.10)
genblk1_5_fa/i_0_1/B1->ZN
                         OAI21_X4                fr   1264.0     26.9     26.9      0.0      9.9      0.3      4.2      1    39,   38  /PD_TOP        (1.10)
genblk1_5_fa/i_0_0/A2->ZN
                         NAND2_X4                rf   1284.3     20.3     20.3      0.0     18.3      0.8     11.7      3    39,   38  /PD_TOP        (1.10)
genblk1_6_fa/i_0_1/B1->ZN
                         OAI21_X4                fr   1311.2     26.9     26.9      0.0      9.9      0.3      4.2      1    39,   38  /PD_TOP        (1.10)
genblk1_6_fa/i_0_0/A2->ZN
                         NAND2_X4                rf   1331.5     20.3     20.3      0.0     18.3      0.8     11.7      3    39,   38  /PD_TOP        (1.10)
genblk1_7_fa/i_0_1/B1->ZN
                         OAI21_X4                fr   1358.4     26.9     26.9      0.0      9.9      0.3      4.2      1    39,   38  /PD_TOP        (1.10)
genblk1_7_fa/i_0_0/A2->ZN
                         NAND2_X4                rf   1378.7     20.3     20.3      0.0     18.3      0.8     11.7      3    39,   38  /PD_TOP        (1.10)
genblk1_8_fa/i_0_1/B1->ZN
                         OAI21_X4                fr   1405.6     26.9     26.9      0.0      9.9      0.3      4.2      1    39,   38  /PD_TOP        (1.10)
genblk1_8_fa/i_0_0/A2->ZN
                         NAND2_X4                rf   1425.9     20.3     20.3      0.0     18.3      0.8     11.7      3    39,   38  /PD_TOP        (1.10)
genblk1_9_fa/i_0_1/B1->ZN
                         OAI21_X4                fr   1452.8     26.9     26.9      0.0      9.9      0.3      4.2      1    39,   38  /PD_TOP        (1.10)
genblk1_9_fa/i_0_0/A2->ZN
                         NAND2_X4                rf   1473.1     20.3     20.3      0.0     18.3      0.8     11.7      3    39,   38  /PD_TOP        (1.10)
genblk1_10_fa/i_0_1/B1->ZN
                         OAI21_X4                fr   1500.0     26.9     26.9      0.0      9.9      0.3      4.2      1    39,   38  /PD_TOP        (1.10)
genblk1_10_fa/i_0_0/A2->ZN
                         NAND2_X4                rf   1520.3     20.3     20.3      0.0     18.3      0.8     11.7      3    39,   38  /PD_TOP        (1.10)
genblk1_11_fa/i_0_1/B1->ZN
                         OAI21_X4                fr   1547.2     26.9     26.9      0.0      9.9      0.3      4.2      1    39,   38  /PD_TOP        (1.10)
genblk1_11_fa/i_0_0/A2->ZN
                         NAND2_X4                rf   1567.5     20.3     20.3      0.0     18.3      0.8     11.7      3    39,   38  /PD_TOP        (1.10)
genblk1_12_fa/i_0_1/B1->ZN
                         OAI21_X4                fr   1594.4     26.9     26.9      0.0      9.9      0.3      4.2      1    39,   38  /PD_TOP        (1.10)
genblk1_12_fa/i_0_0/A2->ZN
                         NAND2_X4                rf   1614.7     20.3     20.3      0.0     18.3      0.8     11.7      3    39,   38  /PD_TOP        (1.10)
genblk1_13_fa/i_0_1/B1->ZN
                         OAI21_X4                fr   1641.6     26.9     26.9      0.0      9.9      0.3      4.2      1    39,   38  /PD_TOP        (1.10)
genblk1_13_fa/i_0_0/A2->ZN
                         NAND2_X4                rf   1661.9     20.3     20.3      0.0     18.3      0.8     11.7      3    39,   38  /PD_TOP        (1.10)
genblk1_14_fa/i_0_1/B1->ZN
                         OAI21_X4                fr   1688.8     26.9     26.9      0.0      9.9      0.3      4.2      1    39,   38  /PD_TOP        (1.10)
genblk1_14_fa/i_0_0/A2->ZN
                         NAND2_X4                rf   1709.1     20.3     20.3      0.0     18.3      0.8     11.7      3    39,   38  /PD_TOP        (1.10)
genblk1_15_fa/i_0_1/B1->ZN
                         OAI21_X4                fr   1736.0     26.9     26.9      0.0      9.9      0.3      4.2      1    39,   38  /PD_TOP        (1.10)
genblk1_15_fa/i_0_0/A2->ZN
                         NAND2_X4                rf   1756.3     20.3     20.3      0.0     18.3      0.8     11.7      3    39,   38  /PD_TOP        (1.10)
genblk1_16_fa/i_0_1/B1->ZN
                         OAI21_X4                fr   1783.2     26.9     26.9      0.0      9.9      0.3      4.2      1    39,   38  /PD_TOP        (1.10)
genblk1_16_fa/i_0_0/A2->ZN
                         NAND2_X4                rf   1803.5     20.3     20.3      0.0     18.3      0.8     11.7      3    39,   38  /PD_TOP        (1.10)
genblk1_17_fa/i_0_1/B1->ZN
                         OAI21_X4                fr   1830.4     26.9     26.9      0.0      9.9      0.3      4.2      1    39,   38  /PD_TOP        (1.10)
genblk1_17_fa/i_0_0/A2->ZN
                         NAND2_X4                rf   1850.7     20.3     20.3      0.0     18.3      0.8     11.7      3    39,   38  /PD_TOP        (1.10)
genblk1_18_fa/i_0_1/B1->ZN
                         OAI21_X4                fr   1877.6     26.9     26.9      0.0      9.9      0.3      4.2      1    39,   38  /PD_TOP        (1.10)
genblk1_18_fa/i_0_0/A2->ZN
                         NAND2_X4                rf   1897.9     20.3     20.3      0.0     18.3      0.8     11.7      3    39,   38  /PD_TOP        (1.10)
genblk1_19_fa/i_0_1/B1->ZN
                         OAI21_X4                fr   1924.8     26.9     26.9      0.0      9.9      0.3      4.2      1    39,   38  /PD_TOP        (1.10)
genblk1_19_fa/i_0_0/A2->ZN
                         NAND2_X4                rf   1945.1     20.3     20.3      0.0     18.3      0.8     11.7      3    39,   38  /PD_TOP        (1.10)
genblk1_20_fa/i_0_1/B1->ZN
                         OAI21_X4                fr   1972.0     26.9     26.9      0.0      9.9      0.3      4.2      1    39,   38  /PD_TOP        (1.10)
genblk1_20_fa/i_0_0/A2->ZN
                         NAND2_X4                rf   1992.3     20.3     20.3      0.0     18.3      0.8     11.7      3    39,   38  /PD_TOP        (1.10)
genblk1_21_fa/i_0_1/B1->ZN
                         OAI21_X4                fr   2019.2     26.9     26.9      0.0      9.9      0.3      4.2      1    39,   38  /PD_TOP        (1.10)
genblk1_21_fa/i_0_0/A2->ZN
                         NAND2_X4                rf   2039.5     20.3     20.3      0.0     18.3      0.8     11.7      3    39,   38  /PD_TOP        (1.10)
genblk1_22_fa/i_0_1/B1->ZN
                         OAI21_X4                fr   2066.4     26.9     26.9      0.0      9.9      0.3      4.2      1    39,   38  /PD_TOP        (1.10)
genblk1_22_fa/i_0_0/A2->ZN
                         NAND2_X4                rf   2086.7     20.3     20.3      0.0     18.3      0.8     11.7      3    39,   38  /PD_TOP        (1.10)
genblk1_23_fa/i_0_1/B1->ZN
                         OAI21_X4                fr   2113.6     26.9     26.9      0.0      9.9      0.3      4.2      1    39,   38  /PD_TOP        (1.10)
genblk1_23_fa/i_0_0/A2->ZN
                         NAND2_X4                rf   2133.9     20.3     20.3      0.0     18.3      0.8     11.7      3    39,   38  /PD_TOP        (1.10)
genblk1_24_fa/i_0_1/B1->ZN
                         OAI21_X4                fr   2160.8     26.9     26.9      0.0      9.9      0.3      4.2      1    39,   38  /PD_TOP        (1.10)
genblk1_24_fa/i_0_0/A2->ZN
                         NAND2_X4                rf   2181.1     20.3     20.3      0.0     18.3      0.8     11.7      3    39,   38  /PD_TOP        (1.10)
genblk1_25_fa/i_0_1/B1->ZN
                         OAI21_X4                fr   2208.0     26.9     26.9      0.0      9.9      0.3      4.2      1    39,   38  /PD_TOP        (1.10)
genblk1_25_fa/i_0_0/A2->ZN
                         NAND2_X4                rf   2228.3     20.3     20.3      0.0     18.3      0.8     11.7      3    39,   38  /PD_TOP        (1.10)
genblk1_26_fa/i_0_1/B1->ZN
                         OAI21_X4                fr   2255.2     26.9     26.9      0.0      9.9      0.3      4.2      1    39,   38  /PD_TOP        (1.10)
genblk1_26_fa/i_0_0/A2->ZN
                         NAND2_X4                rf   2275.5     20.3     20.3      0.0     18.3      0.8     11.7      3    39,   38  /PD_TOP        (1.10)
genblk1_27_fa/i_0_1/B1->ZN
                         OAI21_X4                fr   2302.4     26.9     26.9      0.0      9.9      0.3      4.2      1    39,   38  /PD_TOP        (1.10)
genblk1_27_fa/i_0_0/A2->ZN
                         NAND2_X4                rf   2322.7     20.3     20.3      0.0     18.3      0.8     11.7      3    39,   38  /PD_TOP        (1.10)
genblk1_28_fa/i_0_1/B1->ZN
                         OAI21_X4                fr   2349.6     26.9     26.9      0.0      9.9      0.3      4.2      1    39,   38  /PD_TOP        (1.10)
genblk1_28_fa/i_0_0/A2->ZN
                         NAND2_X4                rf   2369.9     20.3     20.3      0.0     18.3      0.8     11.7      3    39,   38  /PD_TOP        (1.10)
genblk1_29_fa/i_0_1/B1->ZN
                         OAI21_X4                fr   2396.8     26.9     26.9      0.0      9.9      0.3      4.2      1    39,   38  /PD_TOP        (1.10)
genblk1_29_fa/i_0_0/A2->ZN
                         NAND2_X4                rf   2417.1     20.3     20.3      0.0     18.3      0.8     11.7      3    39,   38  /PD_TOP        (1.10)
genblk1_30_fa/i_0_1/B1->ZN
                         OAI21_X4                fr   2444.0     26.9     26.9      0.0      9.9      0.3      4.2      1    39,   38  /PD_TOP        (1.10)
genblk1_30_fa/i_0_0/A2->ZN
                         NAND2_X4                rf   2466.3     22.3     22.3      0.0     18.3      1.1     15.3      4    39,   38  /PD_TOP        (1.10)
genblk1_31_fa/i_0_1/B1->ZN
                         OAI21_X4                fr   2493.7     27.4     27.4      0.0     11.3      0.3      4.2      1    39,   38  /PD_TOP        (1.10)
genblk1_31_fa/i_0_0/A2->ZN
                         NAND2_X4                rf   2516.4     22.7     22.7      0.0     18.3      0.3     16.1      2    39,   38  /PD_TOP        (1.10)
i_0_0_0/B->Z             XOR2_X2                 ff   2582.7     66.3     66.3      0.0     11.7      2.3     12.3      1    39,   38  /PD_TOP        (1.10)
overflow                                          f   2582.9      0.2               0.2     16.8                              0,   36                       
------------------------------------------------------------------------------------------------------------------------------------------------------------
Report for group R2O
