Report End Points: 
-----+-------+------+-------+-----+-----+-----+-----+-----------+---------
     |Group  |Launch|Capture|Shift|Delay|Depth|Slack|Begin Point|End Point
-----+-------+------+-------+-----+-----+-----+-----+-----------+---------
1    |default|      |       |     |     |     |     |           |         
-----+-------+------+-------+-----+-----+-----+-----+-----------+---------
Report End Points: 
-----+-----+------+-------+-----+-----+-----+-----+-----------+---------
     |Group|Launch|Capture|Shift|Delay|Depth|Slack|Begin Point|End Point
-----+-----+------+-------+-----+-----+-----+-----+-----------+---------
1    |I2R  |      |       |     |     |     |     |           |         
-----+-----+------+-------+-----+-----+-----+-----+-----------+---------
Report End Points: 
-----+-----+-------+-------+-------+-----+-----+-------+-----------+---------
     |Group|Launch |Capture|Shift  |Delay|Depth|Slack  |Begin Point|End Point
-----+-----+-------+-------+-------+-----+-----+-------+-----------+---------
1    |I2O  |vsysclk|vsysclk|20000.0|813.2|   16|17686.8|in1[4]     |of       
2    |I2O  |vsysclk|vsysclk|20000.0|754.8|   14|17745.2|in1[4]     |sum[31]  
3    |I2O  |vsysclk|vsysclk|20000.0|734.5|   14|17765.5|in1[4]     |sum[28]  
-----+-----+-------+-------+-------+-----+-----+-------+-----------+---------
Report End Points: 
-----+-----+------+-------+-----+-----+-----+-----+-----------+---------
     |Group|Launch|Capture|Shift|Delay|Depth|Slack|Begin Point|End Point
-----+-----+------+-------+-----+-----+-----+-----+-----------+---------
1    |R2O  |      |       |     |     |     |     |           |         
-----+-----+------+-------+-----+-----+-----+-----+-----------+---------
