warning: No library characterized for (process = 1.00 voltage = 0.85 temperature = 25.00) can be found in the database for power domain '/PD_TOP'  [NL-174]
Report Power (instances with prefix '*' are included in total) : 
-----+--------------+--------------------+---------------------+-------------------+-----------------
     | Instance     | Internal Power(uw) | Switching Power(uw) | Leakage Power(uw) | Total Power(uw) 
-----+--------------+--------------------+---------------------+-------------------+-----------------
1    |*csa_0        |            0.861551|             1.896948|           0.452094|         3.210593
2    |*genblk1_1_csa|            2.203011|             3.130793|           1.081736|         6.415541
3    |*genblk1_2_csa|            2.203640|             3.131114|           1.081736|         6.416491
4    |*genblk1_3_csa|            2.203627|             3.131584|           1.081736|         6.416947
5    |*genblk1_4_csa|            2.203638|             3.132063|           1.081736|         6.417438
6    |*genblk1_5_csa|            2.203651|             3.132543|           1.081736|         6.417931
7    |*genblk1_6_csa|            2.203664|             3.133023|           1.081736|         6.418423
8    |*genblk1_7_csa|            2.206358|             3.547677|           1.081736|         6.835772
9    |*i_0_0_0      |            0.055488|             0.135161|           0.048314|         0.238964
10   |*i_0_0_1      |            0.024272|             0.028798|           0.014353|         0.067424
11   |*i_0_0_2      |            0.023877|             0.029381|           0.014353|         0.067612
12   |*i_0_0_3      |            0.024295|             0.030408|           0.014353|         0.069056
13   |              |                    |                     |                   |                 
14   |*TOTAL        |           16.417072|            24.459494|           8.115623|        48.992191
-----+--------------+--------------------+---------------------+-------------------+-----------------
