warning: No library characterized for (process = 1.00 voltage = 0.85 temperature = 25.00) can be found in the database for power domain '/PD_TOP'  [NL-174]
Report Power (instances with prefix '*' are included in total) : 
-----+---------------+--------------------+---------------------+-------------------+-----------------
     | Instance      | Internal Power(uw) | Switching Power(uw) | Leakage Power(uw) | Total Power(uw) 
-----+---------------+--------------------+---------------------+-------------------+-----------------
1    |*cla1          |            0.879974|             1.991579|           0.464143|         3.335696
2    |*cla2          |            0.858779|             3.030667|           0.442875|         4.332321
3    |*genblk1_4_cla |            0.858454|             2.543086|           0.442875|         3.844415
4    |*genblk1_8_cla |            0.858348|             2.538969|           0.442875|         3.840193
5    |*genblk1_12_cla|            0.858369|             2.544576|           0.442875|         3.845820
6    |*genblk1_16_cla|            0.858353|             2.539940|           0.442875|         3.841168
7    |*genblk1_20_cla|            0.858372|             2.545536|           0.442875|         3.846783
8    |*genblk1_24_cla|            0.858356|             2.540900|           0.442875|         3.842131
9    |*i_0_0_0       |            0.055692|             0.134448|           0.048314|         0.238454
10   |*i_0_0_1       |            0.024272|             0.028798|           0.014353|         0.067424
11   |*i_0_0_2       |            0.023862|             0.029363|           0.014353|         0.067579
12   |*i_0_0_3       |            0.024295|             0.030408|           0.014353|         0.069056
13   |               |                    |                     |                   |                 
14   |*TOTAL         |            7.017129|            20.498270|           3.655642|        31.171041
-----+---------------+--------------------+---------------------+-------------------+-----------------
