#---------------------------------------------------------------------
# start session at Sun Dec 4 15:58:18 2022
# Exec path is /home/vlsi/Installation/Nitro/nitroPack-2019.1.R2a/nitro/arch/linux/x86_64/2.12/64/bin
#---------------------------------------------------------------------
---------------------------------------------------------------------------------
|    Nitro-SoC version 2019.1.R2 1.68700.2.290 Fri Nov 29 21:06:00 PST 2019     | 
| Running on localhost.localdomain 1core 3.9GBytes 2.6GHz 64bits mode pid 22590 | 
|              Copyright (c) 2003-2019 Mentor Graphics Corporation              | 
|                              All Rights Reserved                              | 
|          THIS WORK CONTAINS TRADE SECRET AND PROPRIETARY INFORMATION          | 
|             WHICH IS THE PROPERTY OF MENTOR GRAPHICS CORPORATION              | 
|               OR ITS LICENSORS AND IS SUBJECT TO LICENSE TERMS.               | 
---------------------------------------------------------------------------------

Nitro-SoC> setup_ntr
TCL: invalid command name "setup_ntr"
Nitro-SoC> setup_ntf
TCL: invalid command name "setup_ntf"
Nitro-SoC> setup_nrf 
Loading utility util::nrf_utils
NRF info: Copying flow scripts in dir               : ./flow_scripts
NRF info: Copying utilities and templates in dir    : ./scr
NRF info: Please update/review                     : ./scr/ocv.tcl
NRF info: If applicable please provide             : ./scr/reload_constraints_clock.tcl
NRF info: Existing import_variables.tcl not found; copying template.
NRF info: Existing flow_variables.tcl not found; copying template.
NRF info: Existing floorplan_variables.tcl not found; copying template.
NRF info: Existing nrf_customization.tcl not found; copying template.
NRF info: Creating run_nrf.csh which can be used to launch the NRF.
info UI54: redirecting output of 
            puts "#!/bin/csh

set nitro_ver = \"$nitro_ver\" 
set flow_ver = \"[pwd]/flow_scripts\"

######################################
## To append to existing log & jou  ##
## files, set to true               ##
######################################
set append_log = false

###################################### 
## Set the stages to be run to true ##
## To skip a stage, set it to false ##
###################################### 
set import = true
set place  = true
set clock  = true
set route  = true
set export = true

###################################### 
##  Remainder of script should not  ##
##  require modification            ##
###################################### 

set prev_stage = null
set stage_num = 0

foreach stage (import place clock route export)
    set run_stage = `eval echo \\\$\$stage`
    set stage_name = \${stage_num}_\${stage}
    if ( \$run_stage == true ) then
        if ( \$stage != import && \$prev_stage != null ) then
            if (! -d dbs/\${prev_stage}.db ) then
                echo \"\\nNRF_RUN error: Could not find \${prev_stage}.db.  Cannot run \$stage stage.\\n\"
                exit
            endif
        endif
        if ( -d dbs/\${stage}.db ) then
            set dstamp = `eval date -r dbs/\${stage}.db +\%m_\%d_\%Y.\%H_\%M_\%S`
            echo \"NRF_RUN info: Found existing dbs/\${stage}.db.  Moving to dbs/\${stage}_\${dstamp}.db.\"
            /bin/mv dbs/\${stage}.db dbs/\${stage}.\${dstamp}.db
        endif

        if ( \$append_log == false ) then
            if ( -f ./LOGs/\${stage_name}_nitro.log ) then
                set dstamp = `eval date -r ./LOGs/\${stage_name}_nitro.log +\%m_\%d_\%Y.\%H_\%M_\%S`
                /bin/mv ./LOGs/\${stage_name}_nitro.log ./LOGs/\${stage_name}.\${dstamp}.log
            endif
            if ( -f ./JOUs/\${stage_name}.jou ) then
                set dstamp = `eval date -r ./JOUs/\${stage_name}.jou +\%m_\%d_\%Y.\%H_\%M_\%S`
                /bin/mv ./JOUs/\${stage_name}.jou ./JOUs/\${stage_name}.\${dstamp}.jou
            endif
        endif

        \$nitro_ver -source \$flow_ver/\${stage_name}.tcl -log ./LOGs/\${stage_name}_nitro.log -journal ./JOUs/\${stage_name}.jou -app_log \$append_log -app_jou \$append_log
    endif

    set prev_stage = \$stage
    @ stage_num++
end

exit
"
 to run_nrf.csh
NRF info: 
Nitro-SoC> ./clean_nitro.sh 

nitro.log, current date/time: Sun Dec  4 16:02:16 2022
version 2019.1.R2 1.68700.2.290 Fri Nov 29 21:06:00 PST 2019
host localhost.localdomain, pid 22590, ppid 1

Stack trace of thread 22590 'gmain_exec'

#0 (0x0737025f) (null) : _ZN3sda6common14PrintAllStacksEv line: 0
#1 (0x010a9362) (null) : _ZN15GMainSigHandler13signalHandlerEi line: 0
#2 (0x7f02788de3b0) (null) : stat line: 0
#3 (0x7f027899bbed) (null) : stat line: 0
#4 (0x7f027d6e937c) (null) : stat line: 0
#5 (0x7f027d6e94ac) (null) : stat line: 0
#6 (0x07c86665) (null) : _ZN20QEventDispatcherGlib13processEventsE6QFlagsIN10QEventLoop17ProcessEventsFlagEE line: 0
#7 (0x0757d906) (null) : _ZN23QGuiEventDispatcherGlib13processEventsE6QFlagsIN10QEventLoop17ProcessEventsFlagEE line: 0
#8 (0x07c6397f) (null) : _ZN10QEventLoop13processEventsE6QFlagsINS_17ProcessEventsFlagEE line: 0
#9 (0x07c63c0d) (null) : _ZN10QEventLoop4execE6QFlagsINS_17ProcessEventsFlagEE line: 0
#10 (0x07c6802b) (null) : _ZN16QCoreApplication4execEv line: 0
#11 (0x010ac995) (null) : _ZN5GMain14runApplicationEv line: 0
#12 (0x0046aecd) (null) : main line: 0
#13 (0x7f02788ca505) (null) : stat line: 0
#14 (0x0108f4a5) (null) : _start line: 0


Stack trace of thread 22600 'gmain_exec'

#0 (0x0736f4ff) SierraBFD.cpp : _ZN3sda6commonL26print_stack_signal_handlerEiP7siginfoPv line: 0
#1 (0x7f027bceb5f0) (null) : stat line: 0
#2 (0x7f027bce79f3) (null) : stat line: 0
#3 (0x7f027902b5ac) (null) : stat line: 0
#4 (0x0736fe2d) SierraBFD.cpp : _ZN3sda6commonL21freeze_signal_handlerEiP7siginfoPv line: 0
#5 (0x7f027bceb5f0) (null) : stat line: 0
#6 (0x7f027899d953) (null) : stat line: 0
#7 (0x7f027c43120c) (null) : stat line: 0
#8 (0x7f027bce3e65) (null) : stat line: 0
#9 (0x7f02789a688d) (null) : stat line: 0


Stack trace of thread 22671 'TermCmdLine'

#0 (0x0736f4ff) SierraBFD.cpp : _ZN3sda6commonL26print_stack_signal_handlerEiP7siginfoPv line: 0
#1 (0x7f027bceb5f0) (null) : stat line: 0
#2 (0x7f027bce79f3) (null) : stat line: 0
#3 (0x7f027902b5ac) (null) : stat line: 0
#4 (0x0736fe2d) SierraBFD.cpp : _ZN3sda6commonL21freeze_signal_handlerEiP7siginfoPv line: 0
#5 (0x7f027bceb5f0) (null) : stat line: 0
#6 (0x7f027bce7da2) (null) : stat line: 0
#7 (0x07b92bfa) qthread_unix.cpp : _ZL12thread_sleepP8timespec line: 0
#8 (0x07b9312d) (null) : _ZN7QThread6msleepEm line: 0
#9 (0x0112200e) (null) : _ZN20GMainTerminalCmdLine10event_hookEv line: 0
#10 (0x7f027bf14f81) (null) : stat line: 0
#11 (0x7f027bf08327) (null) : stat line: 0
#12 (0x7f027bf0847c) (null) : stat line: 0
#13 (0x7f027bf03d63) (null) : stat line: 0
#14 (0x7f027bf157b0) (null) : stat line: 0
#15 (0x011234fc) (null) : _ZN20GMainTerminalCmdLine15commandLineLoopEv line: 0
#16 (0x01124254) (null) : _ZN20GMainTerminalCmdLine3runEv line: 0
#17 (0x07b93a45) (null) : _ZN14QThreadPrivate5startEPv line: 0
#18 (0x7f027bce3e65) (null) : stat line: 0
#19 (0x7f02789a688d) (null) : stat line: 0

error UI158: Can't read or write to the terminal.
info UI155: Nitro-SoC terminated with exit status of 2 (fatal).
#---------------------------------------------------------------------
# end session at Sun Dec 4 16:02:19 2022
#---------------------------------------------------------------------
