Report Physical info: 
------------------------+-------------+-----------+------------
                        |             |Area (squm)|Leakage (uW)
------------------------+-------------+-----------+------------
Design Name             |CSA          |           |            
  Total Instances       |          314|        368|       8.200
    Macros              |            0|          0|       0.000
    Pads                |            0|          0|       0.000
    Phys                |            0|          0|       0.000
    Blackboxes          |            0|          0|       0.000
    Cells               |          314|        368|       8.200
      Buffers           |            0|          0|       0.000
      Inverters         |            0|          0|       0.000
      Clock-Gates       |            0|          0|       0.000
      Combinational     |          314|        368|       8.200
      Latches           |            0|          0|       0.000
      FlipFlops         |            0|          0|       0.000
       Single-Bit FF    |            0|          0|       0.000
       Multi-Bit FF     |            0|          0|       0.000
       Clock-Gated      |            0|           |            
       Bits             |            0|          0|       0.000
         Load-Enabled   |            0|           |            
         Clock-Gated    |            0|           |            
  Tristate Pin Count    |            0|           |            
Physical Info           |Placed       |           |            
  Chip Size (mm x mm)   |0.085 x 0.085|       7186|            
  Fixed Cell Area       |             |          0|            
    Phys Only           |            0|          0|            
  Placeable Area        |             |        588|            
  Movable Cell Area     |             |        368|            
  Utilization (%)       |           62|           |            
  Chip Utilization (%)  |           62|           |            
  Total Wire Length (mm)|        4.353|           |            
  Longest Wire (mm)     |        0.046|           |            
  Average Wire (mm)     |        0.044|           |            
------------------------+-------------+-----------+------------
