Report for group default
Report for group I2R
Report for group I2O
------------------------------------------------------------------------------------------------------------------------------------------------------------
Startpoint: a[0]
    (Clocked by vsysclk R)
Endpoint: cout
    (Clocked by vsysclk R)
Path Group: I2O
Data required time: 19500.0
    (Clock shift: 20000.0, minus Uncertainty: 0.0, plus Latency 0.0, minus Out delay: 500.0)
Data arrival time: 2948.6
Slack: 16551.4
Logic depth: 72
------------------------------------------------------------------------------------------------------------------------------------------------------------
                                                     Arrival               Arc      Net               Net    Total   fan-                                   
Path                     Module/Cell           Edge     Time    Delay    Delay    Delay     Slew     Load     Load    out     Location Power Domain      (V)
                                                        (ps)     (ps)     (ps)     (ps)     (ps)     (ff)     (ff)    (#)      (um,um)                      
------------------------------------------------------------------------------------------------------------------------------------------------------------
a[0]                     {set_input_delay}        f   1000.0   1000.0   1000.0                        2.4     11.5      3    81,   38                       
rc0/genblk1_0_fa/i_0_1/A2->ZN
                         AND2_X4                 ff   1028.1     27.9     27.9      0.0      0.0      0.8     11.7      3    40,   40  /PD_TOP        (1.10)
rc0/genblk1_1_fa/i_0_1/B1->ZN
                         OAI21_X4                fr   1054.0     26.1     25.9      0.2      7.4      0.3      4.2      1    40,   40  /PD_TOP        (1.10)
rc0/genblk1_1_fa/i_0_0/A2->ZN
                         NAND2_X4                rf   1074.3     20.3     20.3      0.0     18.3      0.8     11.7      3    40,   40  /PD_TOP        (1.10)
rc0/genblk1_2_fa/i_0_1/B1->ZN
                         OAI21_X4                fr   1101.2     26.9     26.9      0.0      9.9      0.3      4.2      1    40,   40  /PD_TOP        (1.10)
rc0/genblk1_2_fa/i_0_0/A2->ZN
                         NAND2_X4                rf   1121.5     20.3     20.3      0.0     18.3      0.8     11.7      3    40,   40  /PD_TOP        (1.10)
rc0/genblk1_3_fa/i_0_1/B1->ZN
                         OAI21_X4                fr   1148.4     26.9     26.9      0.0      9.9      0.3      4.2      1    40,   40  /PD_TOP        (1.10)
rc0/genblk1_3_fa/i_0_0/A2->ZN
                         NAND2_X4                rf   1176.3     27.9     27.9      0.0     18.3      0.3     25.7      1    40,   40  /PD_TOP        (1.10)
skip0/skipMux/i_0_0/A->ZN
                         INV_X8                  fr   1189.0     12.7     12.7      0.0     15.7      0.3      4.5      1    40,   40  /PD_TOP        (1.10)
skip0/skipMux/i_0_1/A1->ZN
                         NOR2_X4                 rf   1199.3     10.3     10.3      0.0      5.3      1.1     13.4      4    40,   40  /PD_TOP        (1.10)
rc1/genblk1_0_fa/i_0_1/B1->ZN
                         OAI21_X4                fr   1225.3     26.0     26.0      0.0      7.7      0.3      4.2      1    40,   40  /PD_TOP        (1.10)
rc1/genblk1_0_fa/i_0_0/A2->ZN
                         NAND2_X4                rf   1245.6     20.3     20.3      0.0     18.3      0.8     11.7      3    40,   40  /PD_TOP        (1.10)
rc1/genblk1_1_fa/i_0_1/B1->ZN
                         OAI21_X4                fr   1272.5     26.9     26.9      0.0      9.9      0.3      4.2      1    40,   40  /PD_TOP        (1.10)
rc1/genblk1_1_fa/i_0_0/A2->ZN
                         NAND2_X4                rf   1292.8     20.3     20.3      0.0     18.3      0.8     11.7      3    40,   40  /PD_TOP        (1.10)
rc1/genblk1_2_fa/i_0_1/B1->ZN
                         OAI21_X4                fr   1319.7     26.9     26.9      0.0      9.9      0.3      4.2      1    40,   40  /PD_TOP        (1.10)
rc1/genblk1_2_fa/i_0_0/A2->ZN
                         NAND2_X4                rf   1340.0     20.3     20.3      0.0     18.3      0.8     11.7      3    40,   40  /PD_TOP        (1.10)
rc1/genblk1_3_fa/i_0_1/B1->ZN
                         OAI21_X4                fr   1366.9     26.9     26.9      0.0      9.9      0.3      4.2      1    40,   40  /PD_TOP        (1.10)
rc1/genblk1_3_fa/i_0_0/A2->ZN
                         NAND2_X2                rf   1380.3     13.4     13.4      0.0     18.3      0.3      1.6      1    40,   40  /PD_TOP        (1.10)
skip1/skipMux/i_0_0/A->Z MUX2_X2                 ff   1445.6     65.3     65.3      0.0      5.8      1.2     13.4      4    40,   40  /PD_TOP        (1.10)
rc2/genblk1_0_fa/i_0_1/B1->ZN
                         OAI21_X4                fr   1474.9     29.3     29.3      0.0     15.9      0.3      4.2      1    40,   40  /PD_TOP        (1.10)
rc2/genblk1_0_fa/i_0_0/A2->ZN
                         NAND2_X4                rf   1495.2     20.3     20.3      0.0     18.3      0.8     11.7      3    40,   40  /PD_TOP        (1.10)
rc2/genblk1_1_fa/i_0_1/B1->ZN
                         OAI21_X4                fr   1522.1     26.9     26.9      0.0      9.9      0.3      4.2      1    40,   40  /PD_TOP        (1.10)
rc2/genblk1_1_fa/i_0_0/A2->ZN
                         NAND2_X4                rf   1542.4     20.3     20.3      0.0     18.3      0.8     11.7      3    40,   40  /PD_TOP        (1.10)
rc2/genblk1_2_fa/i_0_1/B1->ZN
                         OAI21_X4                fr   1569.3     26.9     26.9      0.0      9.9      0.3      4.2      1    40,   40  /PD_TOP        (1.10)
rc2/genblk1_2_fa/i_0_0/A2->ZN
                         NAND2_X4                rf   1589.6     20.3     20.3      0.0     18.3      0.8     11.7      3    40,   40  /PD_TOP        (1.10)
rc2/genblk1_3_fa/i_0_1/B1->ZN
                         OAI21_X4                fr   1616.5     26.9     26.9      0.0      9.9      0.3      4.2      1    40,   40  /PD_TOP        (1.10)
rc2/genblk1_3_fa/i_0_0/A2->ZN
                         NAND2_X2                rf   1629.9     13.4     13.4      0.0     18.3      0.3      1.6      1    40,   40  /PD_TOP        (1.10)
skip2/skipMux/i_0_0/A->Z MUX2_X2                 ff   1695.2     65.3     65.3      0.0      5.8      1.2     13.4      4    40,   40  /PD_TOP        (1.10)
rc3/genblk1_0_fa/i_0_1/B1->ZN
                         OAI21_X4                fr   1724.5     29.3     29.3      0.0     15.9      0.3      4.2      1    40,   40  /PD_TOP        (1.10)
rc3/genblk1_0_fa/i_0_0/A2->ZN
                         NAND2_X4                rf   1744.8     20.3     20.3      0.0     18.3      0.8     11.7      3    40,   40  /PD_TOP        (1.10)
rc3/genblk1_1_fa/i_0_1/B1->ZN
                         OAI21_X4                fr   1771.7     26.9     26.9      0.0      9.9      0.3      4.2      1    40,   40  /PD_TOP        (1.10)
rc3/genblk1_1_fa/i_0_0/A2->ZN
                         NAND2_X4                rf   1792.0     20.3     20.3      0.0     18.3      0.8     11.7      3    40,   40  /PD_TOP        (1.10)
rc3/genblk1_2_fa/i_0_1/B1->ZN
                         OAI21_X4                fr   1818.9     26.9     26.9      0.0      9.9      0.3      4.2      1    40,   40  /PD_TOP        (1.10)
rc3/genblk1_2_fa/i_0_0/A2->ZN
                         NAND2_X4                rf   1839.2     20.3     20.3      0.0     18.3      0.8     11.7      3    40,   40  /PD_TOP        (1.10)
rc3/genblk1_3_fa/i_0_1/B1->ZN
                         OAI21_X4                fr   1866.1     26.9     26.9      0.0      9.9      0.3      4.2      1    40,   40  /PD_TOP        (1.10)
rc3/genblk1_3_fa/i_0_0/A2->ZN
                         NAND2_X2                rf   1879.5     13.4     13.4      0.0     18.3      0.3      1.6      1    40,   40  /PD_TOP        (1.10)
skip3/skipMux/i_0_0/A->Z MUX2_X2                 ff   1944.8     65.3     65.3      0.0      5.8      1.2     13.4      4    40,   40  /PD_TOP        (1.10)
rc4/genblk1_0_fa/i_0_1/B1->ZN
                         OAI21_X4                fr   1974.1     29.3     29.3      0.0     15.9      0.3      4.2      1    40,   40  /PD_TOP        (1.10)
rc4/genblk1_0_fa/i_0_0/A2->ZN
                         NAND2_X4                rf   1994.4     20.3     20.3      0.0     18.3      0.8     11.7      3    40,   40  /PD_TOP        (1.10)
rc4/genblk1_1_fa/i_0_1/B1->ZN
                         OAI21_X4                fr   2021.3     26.9     26.9      0.0      9.9      0.3      4.2      1    40,   40  /PD_TOP        (1.10)
rc4/genblk1_1_fa/i_0_0/A2->ZN
                         NAND2_X4                rf   2041.6     20.3     20.3      0.0     18.3      0.8     11.7      3    40,   40  /PD_TOP        (1.10)
rc4/genblk1_2_fa/i_0_1/B1->ZN
                         OAI21_X4                fr   2068.5     26.9     26.9      0.0      9.9      0.3      4.2      1    40,   40  /PD_TOP        (1.10)
rc4/genblk1_2_fa/i_0_0/A2->ZN
                         NAND2_X4                rf   2088.8     20.3     20.3      0.0     18.3      0.8     11.7      3    40,   40  /PD_TOP        (1.10)
rc4/genblk1_3_fa/i_0_1/B1->ZN
                         OAI21_X4                fr   2115.7     26.9     26.9      0.0      9.9      0.3      4.2      1    40,   40  /PD_TOP        (1.10)
rc4/genblk1_3_fa/i_0_0/A2->ZN
                         NAND2_X2                rf   2129.1     13.4     13.4      0.0     18.3      0.3      1.6      1    40,   40  /PD_TOP        (1.10)
skip4/skipMux/i_0_0/A->Z MUX2_X2                 ff   2194.4     65.3     65.3      0.0      5.8      1.2     13.4      4    40,   40  /PD_TOP        (1.10)
rc5/genblk1_0_fa/i_0_1/B1->ZN
                         OAI21_X4                fr   2223.7     29.3     29.3      0.0     15.9      0.3      4.2      1    40,   40  /PD_TOP        (1.10)
rc5/genblk1_0_fa/i_0_0/A2->ZN
                         NAND2_X4                rf   2244.0     20.3     20.3      0.0     18.3      0.8     11.7      3    40,   40  /PD_TOP        (1.10)
rc5/genblk1_1_fa/i_0_1/B1->ZN
                         OAI21_X4                fr   2270.9     26.9     26.9      0.0      9.9      0.3      4.2      1    40,   40  /PD_TOP        (1.10)
rc5/genblk1_1_fa/i_0_0/A2->ZN
                         NAND2_X4                rf   2291.2     20.3     20.3      0.0     18.3      0.8     11.7      3    40,   40  /PD_TOP        (1.10)
rc5/genblk1_2_fa/i_0_1/B1->ZN
                         OAI21_X4                fr   2318.1     26.9     26.9      0.0      9.9      0.3      4.2      1    40,   40  /PD_TOP        (1.10)
rc5/genblk1_2_fa/i_0_0/A2->ZN
                         NAND2_X4                rf   2338.4     20.3     20.3      0.0     18.3      0.8     11.7      3    40,   40  /PD_TOP        (1.10)
rc5/genblk1_3_fa/i_0_1/B1->ZN
                         OAI21_X4                fr   2365.3     26.9     26.9      0.0      9.9      0.3      4.2      1    40,   40  /PD_TOP        (1.10)
rc5/genblk1_3_fa/i_0_0/A2->ZN
                         NAND2_X2                rf   2378.7     13.4     13.4      0.0     18.3      0.3      1.6      1    40,   40  /PD_TOP        (1.10)
skip5/skipMux/i_0_0/A->Z MUX2_X2                 ff   2444.0     65.3     65.3      0.0      5.8      1.2     13.4      4    40,   40  /PD_TOP        (1.10)
rc6/genblk1_0_fa/i_0_1/B1->ZN
                         OAI21_X4                fr   2473.3     29.3     29.3      0.0     15.9      0.3      4.2      1    40,   40  /PD_TOP        (1.10)
rc6/genblk1_0_fa/i_0_0/A2->ZN
                         NAND2_X4                rf   2493.6     20.3     20.3      0.0     18.3      0.8     11.7      3    40,   40  /PD_TOP        (1.10)
rc6/genblk1_1_fa/i_0_1/B1->ZN
                         OAI21_X4                fr   2520.5     26.9     26.9      0.0      9.9      0.3      4.2      1    40,   40  /PD_TOP        (1.10)
rc6/genblk1_1_fa/i_0_0/A2->ZN
                         NAND2_X4                rf   2540.8     20.3     20.3      0.0     18.3      0.8     11.7      3    40,   40  /PD_TOP        (1.10)
rc6/genblk1_2_fa/i_0_1/B1->ZN
                         OAI21_X4                fr   2567.7     26.9     26.9      0.0      9.9      0.3      4.2      1    40,   40  /PD_TOP        (1.10)
rc6/genblk1_2_fa/i_0_0/A2->ZN
                         NAND2_X4                rf   2588.0     20.3     20.3      0.0     18.3      0.8     11.7      3    40,   40  /PD_TOP        (1.10)
rc6/genblk1_3_fa/i_0_1/B1->ZN
                         OAI21_X4                fr   2614.9     26.9     26.9      0.0      9.9      0.3      4.2      1    40,   40  /PD_TOP        (1.10)
rc6/genblk1_3_fa/i_0_0/A2->ZN
                         NAND2_X2                rf   2628.3     13.4     13.4      0.0     18.3      0.3      1.6      1    40,   40  /PD_TOP        (1.10)
skip6/skipMux/i_0_0/A->Z MUX2_X2                 ff   2693.6     65.3     65.3      0.0      5.8      1.2     13.4      4    40,   40  /PD_TOP        (1.10)
rc7/genblk1_0_fa/i_0_1/B1->ZN
                         OAI21_X4                fr   2722.9     29.3     29.3      0.0     15.9      0.3      4.2      1    40,   40  /PD_TOP        (1.10)
rc7/genblk1_0_fa/i_0_0/A2->ZN
                         NAND2_X4                rf   2743.2     20.3     20.3      0.0     18.3      0.8     11.7      3    40,   40  /PD_TOP        (1.10)
rc7/genblk1_1_fa/i_0_1/B1->ZN
                         OAI21_X4                fr   2770.1     26.9     26.9      0.0      9.9      0.3      4.2      1    40,   40  /PD_TOP        (1.10)
rc7/genblk1_1_fa/i_0_0/A2->ZN
                         NAND2_X4                rf   2790.4     20.3     20.3      0.0     18.3      0.8     11.7      3    40,   40  /PD_TOP        (1.10)
rc7/genblk1_2_fa/i_0_1/B1->ZN
                         OAI21_X4                fr   2817.3     26.9     26.9      0.0      9.9      0.3      4.2      1    40,   40  /PD_TOP        (1.10)
rc7/genblk1_2_fa/i_0_0/A2->ZN
                         NAND2_X4                rf   2839.6     22.3     22.3      0.0     18.3      1.1     15.3      4    40,   40  /PD_TOP        (1.10)
rc7/genblk1_3_fa/i_0_1/B1->ZN
                         OAI21_X4                fr   2867.0     27.4     27.4      0.0     11.3      0.3      4.2      1    40,   40  /PD_TOP        (1.10)
rc7/genblk1_3_fa/i_0_0/A2->ZN
                         NAND2_X4                rf   2883.5     16.5     16.5      0.0     18.3      0.6      5.3      2    40,   40  /PD_TOP        (1.10)
skipFinal/skipMux/i_0_0/A->Z
                         MUX2_X2                 ff   2948.4     64.9     64.9      0.0      7.4      2.4     12.4      1    40,   40  /PD_TOP        (1.10)
cout                                              f   2948.6      0.2               0.2     15.4                             39,   81                       
------------------------------------------------------------------------------------------------------------------------------------------------------------
Report for group R2O
