Report Instance Areas: 
-----+-----------------------+---------+-----+---------
     |Instance               |Module   |Cells|Cell Area
-----+-----------------------+---------+-----+---------
1    |top                    |         |  314|      368
2    |  FA1                  |fa__0_4  |    2|        3
3    |  FA2                  |fa__0_7  |    2|        3
4    |  genblk1_0_Full_Adder |fa__0_10 |    5|        6
5    |  genblk1_1_Full_Adder |fa__0_13 |    5|        6
6    |  genblk1_2_Full_Adder |fa__0_16 |    5|        6
7    |  genblk1_3_Full_Adder |fa__0_19 |    5|        6
8    |  genblk1_4_Full_Adder |fa__0_22 |    5|        6
9    |  genblk1_5_Full_Adder |fa__0_25 |    5|        6
10   |  genblk1_6_Full_Adder |fa__0_28 |    5|        6
11   |  genblk1_7_Full_Adder |fa__0_31 |    5|        6
12   |  genblk1_8_Full_Adder |fa__0_34 |    5|        6
13   |  genblk1_9_Full_Adder |fa__0_37 |    5|        6
14   |  genblk1_10_Full_Adder|fa__0_40 |    5|        6
15   |  genblk1_11_Full_Adder|fa__0_43 |    5|        6
16   |  genblk1_12_Full_Adder|fa__0_46 |    5|        6
17   |  genblk1_13_Full_Adder|fa__0_49 |    5|        6
18   |  genblk1_14_Full_Adder|fa__0_52 |    5|        6
19   |  genblk1_15_Full_Adder|fa__0_55 |    5|        6
20   |  genblk1_16_Full_Adder|fa__0_58 |    5|        6
21   |  genblk1_17_Full_Adder|fa__0_61 |    5|        6
22   |  genblk1_18_Full_Adder|fa__0_64 |    5|        6
23   |  genblk1_19_Full_Adder|fa__0_67 |    5|        6
24   |  genblk1_20_Full_Adder|fa__0_70 |    5|        6
25   |  genblk1_21_Full_Adder|fa__0_73 |    5|        6
26   |  genblk1_22_Full_Adder|fa__0_76 |    5|        6
27   |  genblk1_23_Full_Adder|fa__0_79 |    5|        6
28   |  genblk1_24_Full_Adder|fa__0_82 |    5|        6
29   |  genblk1_25_Full_Adder|fa__0_85 |    5|        6
30   |  genblk1_26_Full_Adder|fa__0_88 |    5|        6
31   |  genblk1_27_Full_Adder|fa__0_91 |    5|        6
32   |  genblk1_28_Full_Adder|fa__0_94 |    5|        6
33   |  genblk1_29_Full_Adder|fa__0_97 |    5|        6
34   |  genblk1_30_Full_Adder|fa__0_100|    5|        6
35   |  genblk1_31_Full_Adder|fa__0_103|    5|        6
36   |  genblk2_1_Full_Adder |fa__0_106|    5|        6
37   |  genblk2_2_Full_Adder |fa__0_109|    5|        6
38   |  genblk2_3_Full_Adder |fa__0_112|    5|        6
39   |  genblk2_4_Full_Adder |fa__0_115|    5|        6
40   |  genblk2_5_Full_Adder |fa__0_118|    5|        6
41   |  genblk2_6_Full_Adder |fa__0_121|    5|        6
42   |  genblk2_7_Full_Adder |fa__0_124|    5|        6
43   |  genblk2_8_Full_Adder |fa__0_127|    5|        6
44   |  genblk2_9_Full_Adder |fa__0_130|    5|        6
45   |  genblk2_10_Full_Adder|fa__0_133|    5|        6
46   |  genblk2_11_Full_Adder|fa__0_136|    5|        6
47   |  genblk2_12_Full_Adder|fa__0_139|    5|        6
48   |  genblk2_13_Full_Adder|fa__0_142|    5|        6
49   |  genblk2_14_Full_Adder|fa__0_145|    5|        6
50   |  genblk2_15_Full_Adder|fa__0_148|    5|        6
51   |  genblk2_16_Full_Adder|fa__0_151|    5|        6
52   |  genblk2_17_Full_Adder|fa__0_154|    5|        6
53   |  genblk2_18_Full_Adder|fa__0_157|    5|        6
54   |  genblk2_19_Full_Adder|fa__0_160|    5|        6
55   |  genblk2_20_Full_Adder|fa__0_163|    5|        6
56   |  genblk2_21_Full_Adder|fa__0_166|    5|        6
57   |  genblk2_22_Full_Adder|fa__0_169|    5|        6
58   |  genblk2_23_Full_Adder|fa__0_172|    5|        6
59   |  genblk2_24_Full_Adder|fa__0_175|    5|        6
60   |  genblk2_25_Full_Adder|fa__0_178|    5|        6
61   |  genblk2_26_Full_Adder|fa__0_181|    5|        6
62   |  genblk2_27_Full_Adder|fa__0_184|    5|        6
63   |  genblk2_28_Full_Adder|fa__0_187|    5|        6
64   |  genblk2_29_Full_Adder|fa__0_190|    5|        6
65   |  genblk2_30_Full_Adder|fa       |    5|        6
-----+-----------------------+---------+-----+---------
