warning: No library characterized for (process = 1.00 voltage = 0.85 temperature = 25.00) can be found in the database for power domain '/PD_TOP'  [NL-174]
Report Power (instances with prefix '*' are included in total) : 
-----+----------------------+--------------------+---------------------+-------------------+-----------------
     | Instance             | Internal Power(uw) | Switching Power(uw) | Leakage Power(uw) | Total Power(uw) 
-----+----------------------+--------------------+---------------------+-------------------+-----------------
1    |*FA1                  |            0.128114|             0.328132|           0.061230|         0.517475
2    |*FA2                  |            0.130752|             0.354436|           0.061230|         0.546418
3    |*genblk1_0_Full_Adder |            0.255636|             0.446374|           0.130288|         0.832298
4    |*genblk1_1_Full_Adder |            0.255642|             0.372317|           0.130288|         0.758247
5    |*genblk1_2_Full_Adder |            0.255821|             0.469859|           0.130288|         0.855968
6    |*genblk1_3_Full_Adder |            0.255821|             0.469859|           0.130288|         0.855968
7    |*genblk1_4_Full_Adder |            0.255821|             0.469859|           0.130288|         0.855968
8    |*genblk1_5_Full_Adder |            0.255821|             0.469859|           0.130288|         0.855968
9    |*genblk1_6_Full_Adder |            0.255821|             0.469859|           0.130288|         0.855968
10   |*genblk1_7_Full_Adder |            0.255821|             0.469859|           0.130288|         0.855968
11   |*genblk1_8_Full_Adder |            0.255821|             0.469859|           0.130288|         0.855968
12   |*genblk1_9_Full_Adder |            0.255821|             0.469859|           0.130288|         0.855968
13   |*genblk1_10_Full_Adder|            0.255821|             0.469859|           0.130288|         0.855968
14   |*genblk1_11_Full_Adder|            0.255821|             0.469859|           0.130288|         0.855968
15   |*genblk1_12_Full_Adder|            0.255821|             0.469859|           0.130288|         0.855968
16   |*genblk1_13_Full_Adder|            0.255821|             0.469859|           0.130288|         0.855968
17   |*genblk1_14_Full_Adder|            0.255821|             0.469859|           0.130288|         0.855968
18   |*genblk1_15_Full_Adder|            0.255821|             0.469859|           0.130288|         0.855968
19   |*genblk1_16_Full_Adder|            0.255821|             0.469859|           0.130288|         0.855968
20   |*genblk1_17_Full_Adder|            0.255821|             0.469859|           0.130288|         0.855968
21   |*genblk1_18_Full_Adder|            0.255821|             0.469859|           0.130288|         0.855968
22   |*genblk1_19_Full_Adder|            0.255821|             0.469859|           0.130288|         0.855968
23   |*genblk1_20_Full_Adder|            0.255821|             0.469859|           0.130288|         0.855968
24   |*genblk1_21_Full_Adder|            0.255821|             0.469859|           0.130288|         0.855968
25   |*genblk1_22_Full_Adder|            0.255821|             0.469859|           0.130288|         0.855968
26   |*genblk1_23_Full_Adder|            0.255821|             0.469859|           0.130288|         0.855968
27   |*genblk1_24_Full_Adder|            0.255821|             0.469859|           0.130288|         0.855968
28   |*genblk1_25_Full_Adder|            0.255821|             0.469859|           0.130288|         0.855968
29   |*genblk1_26_Full_Adder|            0.255821|             0.469859|           0.130288|         0.855968
30   |*genblk1_27_Full_Adder|            0.255821|             0.469859|           0.130288|         0.855968
31   |*genblk1_28_Full_Adder|            0.255821|             0.469859|           0.130288|         0.855968
32   |*genblk1_29_Full_Adder|            0.255821|             0.469859|           0.130288|         0.855968
33   |*genblk1_30_Full_Adder|            0.255821|             0.469859|           0.130288|         0.855968
34   |*genblk1_31_Full_Adder|            0.255635|             0.446045|           0.130288|         0.831969
35   |*genblk2_1_Full_Adder |            0.236284|             0.508324|           0.130288|         0.874896
36   |*genblk2_2_Full_Adder |            0.249122|             0.528038|           0.130288|         0.907448
37   |*genblk2_3_Full_Adder |            0.254623|             0.533054|           0.130288|         0.917965
38   |*genblk2_4_Full_Adder |            0.257141|             0.534072|           0.130288|         0.921500
39   |*genblk2_5_Full_Adder |            0.258327|             0.534453|           0.130288|         0.923068
40   |*genblk2_6_Full_Adder |            0.258889|             0.534475|           0.130288|         0.923652
41   |*genblk2_7_Full_Adder |            0.259156|             0.534538|           0.130288|         0.923982
42   |*genblk2_8_Full_Adder |            0.259283|             0.534531|           0.130288|         0.924102
43   |*genblk2_9_Full_Adder |            0.259343|             0.534509|           0.130288|         0.924141
44   |*genblk2_10_Full_Adder|            0.259372|             0.534447|           0.130288|         0.924107
45   |*genblk2_11_Full_Adder|            0.259385|             0.534575|           0.130288|         0.924248
46   |*genblk2_12_Full_Adder|            0.259392|             0.534514|           0.130288|         0.924194
47   |*genblk2_13_Full_Adder|            0.259395|             0.534694|           0.130288|         0.924377
48   |*genblk2_14_Full_Adder|            0.259397|             0.534694|           0.130288|         0.924379
49   |*genblk2_15_Full_Adder|            0.259398|             0.534762|           0.130288|         0.924448
50   |*genblk2_16_Full_Adder|            0.259398|             0.534762|           0.130288|         0.924448
51   |*genblk2_17_Full_Adder|            0.259398|             0.534745|           0.130288|         0.924432
52   |*genblk2_18_Full_Adder|            0.259398|             0.534685|           0.130288|         0.924371
53   |*genblk2_19_Full_Adder|            0.259398|             0.534814|           0.130288|         0.924500
54   |*genblk2_20_Full_Adder|            0.259398|             0.534754|           0.130288|         0.924440
55   |*genblk2_21_Full_Adder|            0.259399|             0.534934|           0.130288|         0.924621
56   |*genblk2_22_Full_Adder|            0.259399|             0.534934|           0.130288|         0.924621
57   |*genblk2_23_Full_Adder|            0.259399|             0.535002|           0.130288|         0.924689
58   |*genblk2_24_Full_Adder|            0.259399|             0.535002|           0.130288|         0.924689
59   |*genblk2_25_Full_Adder|            0.259399|             0.534985|           0.130288|         0.924672
60   |*genblk2_26_Full_Adder|            0.259399|             0.534925|           0.130288|         0.924612
61   |*genblk2_27_Full_Adder|            0.259399|             0.535054|           0.130288|         0.924741
62   |*genblk2_28_Full_Adder|            0.259399|             0.534994|           0.130288|         0.924681
63   |*genblk2_29_Full_Adder|            0.259400|             0.535173|           0.130288|         0.924861
64   |*genblk2_30_Full_Adder|            0.258941|             0.452430|           0.130288|         0.841660
65   |                      |                    |                     |                   |                 
66   |*TOTAL                |           16.183603|            31.498102|           8.200321|        55.882023
-----+----------------------+--------------------+---------------------+-------------------+-----------------
