Report Physical info: 
------------------------+-------------+-----------+------------
                        |             |Area (squm)|Leakage (uW)
------------------------+-------------+-----------+------------
Design Name             |fp_adder     |           |            
  Total Instances       |          710|        944|      20.797
    Macros              |            0|          0|       0.000
    Pads                |            0|          0|       0.000
    Phys                |            0|          0|       0.000
    Blackboxes          |            0|          0|       0.000
    Cells               |          710|        944|      20.797
      Buffers           |            0|          0|       0.000
      Inverters         |           68|         36|       0.976
      Clock-Gates       |            0|          0|       0.000
      Combinational     |          642|        908|      19.821
      Latches           |            0|          0|       0.000
      FlipFlops         |            0|          0|       0.000
       Single-Bit FF    |            0|          0|       0.000
       Multi-Bit FF     |            0|          0|       0.000
       Clock-Gated      |            0|           |            
       Bits             |            0|          0|       0.000
         Load-Enabled   |            0|           |            
         Clock-Gated    |            0|           |            
  Tristate Pin Count    |            0|           |            
Physical Info           |Placed       |           |            
  Chip Size (mm x mm)   |0.100 x 0.100|       9932|            
  Fixed Cell Area       |             |          0|            
    Phys Only           |            0|          0|            
  Placeable Area        |             |       1549|            
  Movable Cell Area     |             |        944|            
  Utilization (%)       |           60|           |            
  Chip Utilization (%)  |           60|           |            
  Total Wire Length (mm)|        5.041|           |            
  Longest Wire (mm)     |        0.053|           |            
  Average Wire (mm)     |        0.051|           |            
------------------------+-------------+-----------+------------
