Report End Points: 
-----+-------+------+-------+-----+-----+-----+-----+-----------+---------
     |Group  |Launch|Capture|Shift|Delay|Depth|Slack|Begin Point|End Point
-----+-------+------+-------+-----+-----+-----+-----+-----------+---------
1    |default|      |       |     |     |     |     |           |         
-----+-------+------+-------+-----+-----+-----+-----+-----------+---------
Report End Points: 
-----+-----+------+-------+-----+-----+-----+-----+-----------+---------
     |Group|Launch|Capture|Shift|Delay|Depth|Slack|Begin Point|End Point
-----+-----+------+-------+-----+-----+-----+-----+-----------+---------
1    |I2R  |      |       |     |     |     |     |           |         
-----+-----+------+-------+-----+-----+-----+-----+-----------+---------
Report End Points: 
-----+-----+-------+-------+-------+------+-----+-------+-----------+---------
     |Group|Launch |Capture|Shift  |Delay |Depth|Slack  |Begin Point|End Point
-----+-----+-------+-------+-------+------+-----+-------+-----------+---------
1    |I2O  |vsysclk|vsysclk|20000.0|3129.5|   49|15370.5|A[24]      |Sum[30]  
2    |I2O  |vsysclk|vsysclk|20000.0|3115.4|   48|15384.6|A[24]      |Sum[29]  
3    |I2O  |vsysclk|vsysclk|20000.0|3042.9|   47|15457.1|A[24]      |Sum[28]  
-----+-----+-------+-------+-------+------+-----+-------+-----------+---------
Report End Points: 
-----+-----+------+-------+-----+-----+-----+-----+-----------+---------
     |Group|Launch|Capture|Shift|Delay|Depth|Slack|Begin Point|End Point
-----+-----+------+-------+-----+-----+-----+-----+-----------+---------
1    |R2O  |      |       |     |     |     |     |           |         
-----+-----+------+-------+-----+-----+-----+-----+-----------+---------
