warning: No library characterized for (process = 1.00 voltage = 0.85 temperature = 25.00) can be found in the database for power domain '/PD_TOP'  [NL-174]
Report Power (instances with prefix '*' are included in total) : 
-----+-----------------------------+--------------------+---------------------+-------------------+-----------------
     | Instance                    | Internal Power(uw) | Switching Power(uw) | Leakage Power(uw) | Total Power(uw) 
-----+-----------------------------+--------------------+---------------------+-------------------+-----------------
1    |*simpleAdder_dut             |            4.105720|            14.706260|           1.879524|        20.691504
2    |*count_leading_zeros_instance|            1.144266|             3.189471|           1.091618|         5.425355
3    |*i_0_14                      |            1.493441|             1.039898|           1.317109|         3.850449
4    |*i_0_0_0                     |            0.125149|             0.106433|           0.061230|         0.292811
5    |*i_0_0_1                     |            0.111752|             0.081037|           0.061230|         0.254018
6    |*i_0_0_2                     |            0.107745|             0.070127|           0.061230|         0.239102
7    |*i_0_0_3                     |            0.107941|             0.064888|           0.061230|         0.234059
8    |*i_0_0_4                     |            0.107749|             0.062504|           0.061230|         0.231483
9    |*i_0_0_5                     |            0.108000|             0.067259|           0.061230|         0.236489
10   |*i_0_0_6                     |            0.108345|             0.066859|           0.061230|         0.236434
11   |*i_0_0_7                     |            0.076950|             0.053905|           0.035928|         0.166784
12   |*i_0_0_8                     |            0.082447|             0.057714|           0.035928|         0.176089
13   |*i_0_0_9                     |            0.082678|             0.057268|           0.035928|         0.175875
14   |*i_0_0_10                    |            0.084603|             0.057313|           0.035928|         0.177845
15   |*i_0_0_11                    |            0.085504|             0.057490|           0.035928|         0.178922
16   |*i_0_0_12                    |            0.083233|             0.057709|           0.035928|         0.176870
17   |*i_0_0_13                    |            0.084412|             0.057699|           0.035928|         0.178039
18   |*i_0_0_14                    |            0.086568|             0.057698|           0.035928|         0.180194
19   |*i_0_0_15                    |            0.086653|             0.057711|           0.035928|         0.180293
20   |*i_0_0_16                    |            0.086684|             0.057709|           0.035928|         0.180322
21   |*i_0_0_17                    |            0.085213|             0.057713|           0.035928|         0.178854
22   |*i_0_0_18                    |            0.086751|             0.057713|           0.035928|         0.180393
23   |*i_0_0_19                    |            0.087271|             0.057714|           0.035928|         0.180914
24   |*i_0_0_20                    |            0.087021|             0.057714|           0.035928|         0.180663
25   |*i_0_0_21                    |            0.086729|             0.057714|           0.035928|         0.180372
26   |*i_0_0_22                    |            0.086812|             0.057715|           0.035928|         0.180455
27   |*i_0_0_23                    |            0.086927|             0.057715|           0.035928|         0.180571
28   |*i_0_0_24                    |            0.087001|             0.057715|           0.035928|         0.180644
29   |*i_0_0_25                    |            0.086436|             0.057715|           0.035928|         0.180079
30   |*i_0_0_26                    |            0.087141|             0.057715|           0.035928|         0.180784
31   |*i_0_0_27                    |            0.087350|             0.057715|           0.035928|         0.180993
32   |*i_0_0_28                    |            0.087311|             0.057715|           0.035928|         0.180954
33   |*i_0_0_29                    |            0.082363|             0.057715|           0.035928|         0.176006
34   |*i_0_0_30                    |            0.062823|             0.057365|           0.025066|         0.145254
35   |*i_0_0_31                    |            0.049726|             0.187857|           0.022039|         0.259623
36   |*i_0_0_32                    |            0.023760|             0.045682|           0.017393|         0.086835
37   |*i_0_0_33                    |            0.017046|             0.023904|           0.018105|         0.059054
38   |*i_0_0_34                    |            0.052702|             0.069267|           0.032612|         0.154581
39   |*i_0_0_35                    |            0.025793|             0.042529|           0.017393|         0.085715
40   |*i_0_0_36                    |            0.035255|             0.046613|           0.027858|         0.109727
41   |*i_0_0_37                    |            0.033498|             0.025879|           0.047399|         0.106776
42   |*i_0_0_38                    |            0.049760|             0.156789|           0.022039|         0.228588
43   |*i_0_0_39                    |            0.023760|             0.045682|           0.017393|         0.086835
44   |*i_0_0_40                    |            0.021713|             0.023964|           0.018127|         0.063804
45   |*i_0_0_41                    |            0.025795|             0.042383|           0.017393|         0.085571
46   |*i_0_0_42                    |            0.034556|             0.046613|           0.027858|         0.109028
47   |*i_0_0_43                    |            0.033482|             0.025879|           0.047399|         0.106760
48   |*i_0_0_44                    |            0.026266|             0.039717|           0.017393|         0.083376
49   |*i_0_0_45                    |            0.031669|             0.060395|           0.017393|         0.109457
50   |*i_0_0_46                    |            0.045402|             0.125096|           0.027858|         0.198356
51   |*i_0_0_47                    |            0.057836|             0.062951|           0.034566|         0.155353
52   |*i_0_0_48                    |            0.008208|             0.010609|           0.021200|         0.040017
53   |*i_0_0_49                    |            0.033768|             0.027349|           0.034566|         0.095683
54   |*i_0_0_50                    |            0.039656|             0.038750|           0.027858|         0.106264
55   |*i_0_0_51                    |            0.057295|             0.067041|           0.022039|         0.146375
56   |*i_0_0_52                    |            0.032227|             0.063705|           0.017393|         0.113325
57   |*i_0_0_53                    |            0.025692|             0.027711|           0.032612|         0.086015
58   |*i_0_0_54                    |            0.050007|             0.104079|           0.022039|         0.176125
59   |*i_0_0_55                    |            0.022203|             0.094872|           0.018105|         0.135180
60   |*i_0_0_56                    |            0.020856|             0.026141|           0.022039|         0.069036
61   |*i_0_0_57                    |            0.054066|             0.066118|           0.022039|         0.142223
62   |*i_0_0_58                    |            0.025686|             0.098163|           0.021200|         0.145049
63   |*i_0_0_59                    |            0.014356|             0.020824|           0.018105|         0.053285
64   |*i_0_0_60                    |            0.046713|             0.071380|           0.027858|         0.145951
65   |*i_0_0_61                    |            0.043568|             0.051669|           0.034566|         0.129803
66   |*i_0_0_62                    |            0.050795|             0.083634|           0.025066|         0.159495
67   |*i_0_0_63                    |            0.023754|             0.044496|           0.017393|         0.085643
68   |*i_0_0_64                    |            0.049266|             0.091151|           0.033938|         0.174355
69   |*i_0_0_65                    |            0.017467|             0.032017|           0.014353|         0.063838
70   |*i_0_0_66                    |            0.045251|             0.283004|           0.033938|         0.362193
71   |*i_0_0_67                    |            0.028193|             0.056122|           0.032612|         0.116928
72   |*i_0_0_68                    |            0.085855|             0.136977|           0.035928|         0.258760
73   |*i_0_0_69                    |            0.023612|             0.030184|           0.017393|         0.071189
74   |*i_0_0_70                    |            0.049270|             0.140996|           0.033938|         0.224204
75   |*i_0_0_71                    |            0.038478|             0.053292|           0.041741|         0.133511
76   |*i_0_0_72                    |            0.009901|             0.006954|           0.025066|         0.041921
77   |*i_0_0_73                    |            0.043838|             0.064704|           0.027858|         0.136401
78   |*i_0_0_74                    |            0.049091|             0.047377|           0.025066|         0.121534
79   |*i_0_0_75                    |            0.033829|             0.033060|           0.034566|         0.101455
80   |*i_0_0_76                    |            0.001414|             0.001801|           0.021200|         0.024415
81   |*i_0_0_77                    |            0.011827|             0.029323|           0.018105|         0.059255
82   |*i_0_0_78                    |            0.002936|             0.003490|           0.021200|         0.027625
83   |*i_0_0_79                    |            0.077009|             0.126137|           0.041741|         0.244887
84   |*i_0_0_80                    |            0.045161|             0.043877|           0.022619|         0.111658
85   |*i_0_0_81                    |            0.045580|             0.051400|           0.022039|         0.119020
86   |*i_0_0_82                    |            0.042611|             0.022131|           0.035928|         0.100671
87   |*i_0_0_83                    |            0.028091|             0.047296|           0.032612|         0.108000
88   |*i_0_0_84                    |            0.085855|             0.136977|           0.035928|         0.258760
89   |*i_0_0_85                    |            0.069162|             0.106233|           0.041741|         0.217137
90   |*i_0_0_86                    |            0.066745|             0.043803|           0.034026|         0.144574
91   |*i_0_0_87                    |            0.008697|             0.039001|           0.017393|         0.065092
92   |*i_0_0_88                    |            0.027358|             0.053756|           0.032612|         0.113726
93   |*i_0_0_89                    |            0.028773|             0.109156|           0.014353|         0.152282
94   |*i_0_0_90                    |            0.045006|             0.383095|           0.027858|         0.455960
95   |*i_0_0_91                    |            0.049091|             0.047377|           0.025066|         0.121534
96   |*i_0_0_92                    |            0.034077|             0.055029|           0.027858|         0.116964
97   |*i_0_0_93                    |            0.044757|             0.045110|           0.025066|         0.114934
98   |*i_0_0_94                    |            0.048731|             0.139403|           0.033938|         0.222071
99   |*i_0_0_95                    |            0.044436|             0.060257|           0.035928|         0.140622
100  |*i_0_0_96                    |            0.027908|             0.035878|           0.032612|         0.096398
101  |*i_0_0_97                    |            0.085855|             0.136977|           0.035928|         0.258760
102  |*i_0_0_98                    |            0.023612|             0.030184|           0.017393|         0.071189
103  |*i_0_0_99                    |            0.047963|             0.096424|           0.033938|         0.178325
104  |*i_0_0_100                   |            0.044313|             0.057317|           0.035928|         0.137559
105  |*i_0_0_101                   |            0.027891|             0.034828|           0.032612|         0.095331
106  |*i_0_0_102                   |            0.085855|             0.136977|           0.035928|         0.258760
107  |*i_0_0_103                   |            0.023612|             0.030184|           0.017393|         0.071189
108  |*i_0_0_104                   |            0.047934|             0.110594|           0.033938|         0.192466
109  |*i_0_0_105                   |            0.043820|             0.045607|           0.035928|         0.125356
110  |*i_0_0_106                   |            0.027753|             0.026238|           0.032612|         0.086603
111  |*i_0_0_107                   |            0.085855|             0.136977|           0.035928|         0.258760
112  |*i_0_0_108                   |            0.023612|             0.030184|           0.017393|         0.071189
113  |*i_0_0_109                   |            0.056857|             0.382510|           0.033938|         0.473305
114  |*i_0_0_110                   |            0.021051|             0.056759|           0.014353|         0.092164
115  |*i_0_0_111                   |            0.044360|             0.386169|           0.022619|         0.453148
116  |*i_0_0_112                   |            0.015778|             0.069586|           0.014353|         0.099716
117  |*i_0_0_113                   |            0.028897|             0.206067|           0.032612|         0.267576
118  |*i_0_0_114                   |            0.085855|             0.136977|           0.035928|         0.258760
119  |*i_0_0_115                   |            0.032213|             0.062351|           0.017393|         0.111958
120  |*i_0_0_116                   |            0.023612|             0.030184|           0.017393|         0.071189
121  |*i_0_0_117                   |            0.045613|             0.087337|           0.033938|         0.166888
122  |*i_0_0_118                   |            0.023612|             0.030184|           0.017393|         0.071189
123  |*i_0_0_119                   |            0.043628|             0.045691|           0.035928|         0.125247
124  |*i_0_0_120                   |            0.027744|             0.025673|           0.032612|         0.086030
125  |*i_0_0_121                   |            0.085855|             0.136977|           0.035928|         0.258760
126  |*i_0_0_122                   |            0.045368|             0.155774|           0.033938|         0.235079
127  |*i_0_0_123                   |            0.023612|             0.030184|           0.017393|         0.071189
128  |*i_0_0_124                   |            0.044142|             0.057744|           0.035928|         0.137814
129  |*i_0_0_125                   |            0.027744|             0.025673|           0.032612|         0.086030
130  |*i_0_0_126                   |            0.085855|             0.136977|           0.035928|         0.258760
131  |*i_0_0_127                   |            0.045473|             0.103319|           0.033938|         0.182730
132  |*i_0_0_128                   |            0.023612|             0.030184|           0.017393|         0.071189
133  |*i_0_0_129                   |            0.043442|             0.043055|           0.035928|         0.122425
134  |*i_0_0_130                   |            0.027746|             0.025673|           0.032612|         0.086032
135  |*i_0_0_131                   |            0.085855|             0.136977|           0.035928|         0.258760
136  |*i_0_0_132                   |            0.047733|             0.340127|           0.033938|         0.421798
137  |*i_0_0_133                   |            0.023612|             0.030184|           0.017393|         0.071189
138  |*i_0_0_134                   |            0.009572|             0.045283|           0.017393|         0.072249
139  |*i_0_0_135                   |            0.017309|             0.135317|           0.017393|         0.170019
140  |*i_0_0_136                   |            0.021597|             0.073553|           0.026832|         0.121982
141  |*i_0_0_137                   |            0.043685|             0.045304|           0.035928|         0.124917
142  |*i_0_0_138                   |            0.028084|             0.046732|           0.032612|         0.107428
143  |*i_0_0_139                   |            0.085855|             0.136977|           0.035928|         0.258760
144  |*i_0_0_140                   |            0.033991|             0.084499|           0.022619|         0.141110
145  |*i_0_0_141                   |            0.023749|             0.043627|           0.017393|         0.084769
146  |*i_0_0_142                   |            0.050577|             0.101111|           0.035928|         0.187617
147  |*i_0_0_143                   |            0.021719|             0.026312|           0.027858|         0.075889
148  |*i_0_0_144                   |            0.009362|             0.018575|           0.014353|         0.042290
149  |*i_0_0_145                   |            0.017096|             0.114806|           0.032612|         0.164514
150  |*i_0_0_146                   |            0.085771|             0.133288|           0.035928|         0.254987
151  |*i_0_0_147                   |            0.033973|             0.083715|           0.022619|         0.140307
152  |*i_0_0_148                   |            0.023749|             0.043627|           0.017393|         0.084769
153  |*i_0_0_149                   |            0.044194|             0.087944|           0.035928|         0.168066
154  |*i_0_0_150                   |            0.021719|             0.026312|           0.027858|         0.075889
155  |*i_0_0_151                   |            0.009362|             0.018575|           0.014353|         0.042290
156  |*i_0_0_152                   |            0.017096|             0.114806|           0.032612|         0.164514
157  |*i_0_0_153                   |            0.085771|             0.133288|           0.035928|         0.254987
158  |*i_0_0_154                   |            0.034465|             0.130489|           0.022619|         0.187573
159  |*i_0_0_155                   |            0.023749|             0.043627|           0.017393|         0.084769
160  |*i_0_0_156                   |            0.040953|             0.082476|           0.035928|         0.159358
161  |*i_0_0_157                   |            0.035565|             0.026570|           0.041741|         0.103876
162  |*i_0_0_158                   |            0.009607|             0.013033|           0.014353|         0.036993
163  |*i_0_0_159                   |            0.017096|             0.114806|           0.032612|         0.164514
164  |*i_0_0_160                   |            0.034845|             0.095823|           0.022619|         0.153288
165  |*i_0_0_161                   |            0.023749|             0.043627|           0.017393|         0.084769
166  |*i_0_0_162                   |            0.036796|             0.147371|           0.022619|         0.206786
167  |*i_0_0_163                   |            0.037244|             0.062412|           0.017393|         0.117050
168  |*i_0_0_164                   |            0.033697|             0.045517|           0.041741|         0.120955
169  |*i_0_0_165                   |            0.020900|             0.096919|           0.025066|         0.142885
170  |*i_0_0_166                   |            0.020437|             0.079913|           0.025066|         0.125415
171  |*i_0_0_167                   |            0.039369|             0.516482|           0.025066|         0.580917
172  |*i_0_0_168                   |            0.009607|             0.013033|           0.014353|         0.036993
173  |*i_0_0_169                   |            0.017096|             0.114806|           0.032612|         0.164514
174  |*i_0_0_170                   |            0.033484|             0.129005|           0.022619|         0.185108
175  |*i_0_0_171                   |            0.023749|             0.043627|           0.017393|         0.084769
176  |*i_0_0_172                   |            0.045039|             0.114082|           0.032612|         0.191733
177  |*i_0_0_173                   |            0.045681|             0.063036|           0.022619|         0.131337
178  |*i_0_0_174                   |            0.045305|             0.060322|           0.022619|         0.128246
179  |*i_0_0_175                   |            0.031262|             0.089331|           0.034026|         0.154619
180  |*i_0_0_176                   |            0.027464|             0.102442|           0.022039|         0.151945
181  |*i_0_0_177                   |            0.025558|             0.063615|           0.014353|         0.103527
182  |*i_0_0_178                   |            0.087674|             0.370510|           0.035928|         0.494113
183  |*i_0_0_179                   |            0.047519|             0.023926|           0.022619|         0.094064
184  |*i_0_0_180                   |            0.034501|             0.127147|           0.022619|         0.184267
185  |*i_0_0_181                   |            0.023749|             0.043627|           0.017393|         0.084769
186  |*i_0_0_182                   |            0.019971|             0.085702|           0.022619|         0.128292
187  |*i_0_0_183                   |            0.020897|             0.094921|           0.025066|         0.140884
188  |*i_0_0_184                   |            0.006225|             0.010754|           0.014353|         0.031333
189  |*i_0_0_185                   |            0.009115|             0.175309|           0.017393|         0.201817
190  |*i_0_0_186                   |            0.011497|             0.050800|           0.014353|         0.076650
191  |*i_0_0_187                   |            0.016828|             0.476791|           0.017393|         0.511013
192  |*i_0_0_188                   |            0.027761|             0.313015|           0.021200|         0.361975
193  |*i_0_0_189                   |            0.046458|             0.125192|           0.022619|         0.194269
194  |*i_0_0_190                   |            0.002925|             0.010704|           0.017393|         0.031022
195  |*i_0_0_191                   |            0.025918|             0.144285|           0.017393|         0.187597
196  |*i_0_0_192                   |            0.025950|             0.146894|           0.021200|         0.194044
197  |*i_0_0_193                   |            0.023697|             0.472329|           0.014353|         0.510379
198  |*i_0_0_194                   |            0.065215|             1.188394|           0.036441|         1.290051
199  |*i_0_0_195                   |            0.023717|             0.388200|           0.014353|         0.426270
200  |*i_0_0_196                   |            0.073003|             0.892494|           0.036441|         1.001938
201  |*i_0_0_197                   |            0.009751|             0.148109|           0.017393|         0.175254
202  |*i_0_0_198                   |            0.032867|             0.566869|           0.034566|         0.634302
203  |*i_0_0_199                   |            0.081275|             0.255353|           0.036441|         0.373070
204  |*i_0_0_200                   |            0.042914|             0.205150|           0.027858|         0.275922
205  |*i_0_0_201                   |            0.025641|             0.048338|           0.032612|         0.106591
206  |*i_0_0_202                   |            0.063827|             0.049885|           0.035928|         0.149640
207  |*i_0_0_203                   |            0.047033|             0.103336|           0.027858|         0.178228
208  |*i_0_0_204                   |            0.078469|             0.553757|           0.036164|         0.668390
209  |*i_0_0_205                   |            0.051288|             0.044883|           0.033938|         0.130109
210  |*i_0_0_206                   |            0.032637|             0.036437|           0.027858|         0.096932
211  |*i_0_0_207                   |            0.000803|             0.001547|           0.021200|         0.023550
212  |*i_0_0_208                   |            0.012479|             0.010767|           0.022619|         0.045866
213  |*i_0_0_209                   |            0.019511|             0.028888|           0.022619|         0.071018
214  |*i_0_0_210                   |            0.014517|             0.020085|           0.027858|         0.062460
215  |*i_0_0_211                   |            0.048061|             0.059420|           0.032612|         0.140093
216  |*i_0_0_212                   |            0.082849|             0.066513|           0.035928|         0.185291
217  |*i_0_0_213                   |            0.043323|             0.053271|           0.022619|         0.119213
218  |*i_0_0_214                   |            0.039368|             0.055157|           0.034566|         0.129091
219  |*i_0_0_215                   |            0.000803|             0.001059|           0.021200|         0.023062
220  |*i_0_0_216                   |            0.006216|             0.004972|           0.034566|         0.045754
221  |*i_0_0_217                   |            0.072319|             0.043402|           0.026481|         0.142203
222  |*i_0_0_218                   |            0.007404|             0.004930|           0.032612|         0.044947
223  |*i_0_0_219                   |            0.007400|             0.004667|           0.032612|         0.044679
224  |*i_0_0_220                   |            0.073425|             0.051986|           0.035928|         0.161339
225  |*i_0_0_221                   |            0.010394|             0.004188|           0.033938|         0.048520
226  |*i_0_0_222                   |            0.002021|             0.002509|           0.027858|         0.032388
227  |*i_0_0_223                   |            0.001147|             0.001808|           0.027858|         0.030813
228  |*i_0_0_224                   |            0.040646|             0.049309|           0.032612|         0.122567
229  |*i_0_0_225                   |            0.040617|             0.047457|           0.032612|         0.120686
230  |*i_0_0_226                   |            0.073341|             0.051898|           0.035928|         0.161167
231  |*i_0_0_227                   |            0.009763|             0.003997|           0.033938|         0.047698
232  |*i_0_0_228                   |            0.002444|             0.002509|           0.027858|         0.032811
233  |*i_0_0_229                   |            0.001147|             0.001808|           0.027858|         0.030813
234  |*i_0_0_230                   |            0.040646|             0.049309|           0.032612|         0.122567
235  |*i_0_0_231                   |            0.040617|             0.047457|           0.032612|         0.120686
236  |*i_0_0_232                   |            0.050432|             0.051993|           0.033938|         0.136362
237  |*i_0_0_233                   |            0.032556|             0.036376|           0.027858|         0.096791
238  |*i_0_0_234                   |            0.000725|             0.001272|           0.021200|         0.023196
239  |*i_0_0_235                   |            0.009960|             0.009689|           0.027858|         0.047507
240  |*i_0_0_236                   |            0.005314|             0.007111|           0.034566|         0.046991
241  |*i_0_0_237                   |            0.008790|             0.032865|           0.017393|         0.059048
242  |*i_0_0_238                   |            0.007463|             0.008528|           0.032612|         0.048602
243  |*i_0_0_239                   |            0.007458|             0.008215|           0.032612|         0.048284
244  |*i_0_0_240                   |            0.063961|             0.051375|           0.024415|         0.139751
245  |*i_0_0_241                   |            0.049685|             0.031364|           0.033938|         0.114987
246  |*i_0_0_242                   |            0.028059|             0.035799|           0.017393|         0.081251
247  |*i_0_0_243                   |            0.000944|             0.000472|           0.027025|         0.028440
248  |*i_0_0_244                   |            0.000580|             0.000552|           0.026832|         0.027964
249  |*i_0_0_245                   |            0.017377|             0.026848|           0.041741|         0.085966
250  |*i_0_0_246                   |            0.004320|             0.005861|           0.014353|         0.024535
251  |*i_0_0_247                   |            0.007687|             0.051631|           0.032612|         0.091930
252  |*i_0_0_248                   |            0.042697|             0.051280|           0.022619|         0.116596
253  |*i_0_0_249                   |            0.036895|             0.053052|           0.034566|         0.124513
254  |*i_0_0_250                   |            0.000424|             0.000488|           0.021200|         0.022112
255  |*i_0_0_251                   |            0.026340|             0.112362|           0.022695|         0.161397
256  |*i_0_0_252                   |            0.000799|             0.000994|           0.021200|         0.022993
257  |*i_0_0_253                   |            0.011882|             0.014468|           0.032612|         0.058962
258  |*i_0_0_254                   |            0.033899|             0.124807|           0.017393|         0.176099
259  |*i_0_0_255                   |            0.040598|             0.046188|           0.032612|         0.119397
260  |*i_0_0_256                   |            0.040572|             0.044494|           0.032612|         0.117677
261  |*i_0_0_257                   |            0.073055|             0.051600|           0.035928|         0.160583
262  |*i_0_0_258                   |            0.007717|             0.003344|           0.033938|         0.044999
263  |*i_0_0_259                   |            0.003130|             0.002528|           0.032612|         0.038270
264  |*i_0_0_260                   |            0.004578|             0.013395|           0.025066|         0.043039
265  |*i_0_0_261                   |            0.001609|             0.004679|           0.014353|         0.020641
266  |*i_0_0_262                   |            0.002484|             0.035059|           0.017393|         0.054936
267  |*i_0_0_263                   |            0.033914|             0.130480|           0.017393|         0.181787
268  |*i_0_0_264                   |            0.040598|             0.046188|           0.032612|         0.119397
269  |*i_0_0_265                   |            0.040572|             0.044494|           0.032612|         0.117677
270  |*i_0_0_266                   |            0.050509|             0.126624|           0.022695|         0.199828
271  |*i_0_0_267                   |            0.049841|             0.051721|           0.033938|         0.135500
272  |*i_0_0_268                   |            0.012019|             0.023967|           0.032612|         0.068598
273  |*i_0_0_269                   |            0.034752|             0.061028|           0.017393|         0.113173
274  |*i_0_0_270                   |            0.040993|             0.077845|           0.032612|         0.151450
275  |*i_0_0_271                   |            0.040969|             0.074450|           0.032612|         0.148031
276  |*i_0_0_272                   |            0.028059|             0.035799|           0.017393|         0.081251
277  |*i_0_0_273                   |            0.049717|             0.051624|           0.033938|         0.135279
278  |*i_0_0_274                   |            0.011382|             0.023967|           0.032612|         0.067960
279  |*i_0_0_275                   |            0.033867|             0.106613|           0.017393|         0.157873
280  |*i_0_0_276                   |            0.040598|             0.046188|           0.032612|         0.119397
281  |*i_0_0_277                   |            0.040572|             0.044494|           0.032612|         0.117677
282  |*i_0_0_278                   |            0.028059|             0.035799|           0.017393|         0.081251
283  |*i_0_0_279                   |            0.050205|             0.051560|           0.033938|         0.135703
284  |*i_0_0_280                   |            0.011936|             0.018660|           0.032612|         0.063208
285  |*i_0_0_281                   |            0.033919|             0.132473|           0.017393|         0.183786
286  |*i_0_0_282                   |            0.040598|             0.046188|           0.032612|         0.119397
287  |*i_0_0_283                   |            0.040572|             0.044494|           0.032612|         0.117677
288  |*i_0_0_284                   |            0.028059|             0.035799|           0.017393|         0.081251
289  |*i_0_0_285                   |            0.049538|             0.051492|           0.033938|         0.134968
290  |*i_0_0_286                   |            0.012129|             0.019078|           0.032612|         0.063819
291  |*i_0_0_287                   |            0.033904|             0.126628|           0.017393|         0.177925
292  |*i_0_0_288                   |            0.040598|             0.046188|           0.032612|         0.119397
293  |*i_0_0_289                   |            0.040572|             0.044494|           0.032612|         0.117677
294  |*i_0_0_290                   |            0.028059|             0.035799|           0.017393|         0.081251
295  |*i_0_0_291                   |            0.050085|             0.051499|           0.033938|         0.135522
296  |*i_0_0_292                   |            0.011951|             0.019648|           0.032612|         0.064211
297  |*i_0_0_293                   |            0.033919|             0.132473|           0.017393|         0.183786
298  |*i_0_0_294                   |            0.040598|             0.046188|           0.032612|         0.119397
299  |*i_0_0_295                   |            0.040572|             0.044494|           0.032612|         0.117677
300  |*i_0_0_296                   |            0.028059|             0.035799|           0.017393|         0.081251
301  |*i_0_0_297                   |            0.049869|             0.051399|           0.033938|         0.135206
302  |*i_0_0_298                   |            0.013471|             0.018660|           0.032612|         0.064742
303  |*i_0_0_299                   |            0.033904|             0.126628|           0.017393|         0.177925
304  |*i_0_0_300                   |            0.040598|             0.046188|           0.032612|         0.119397
305  |*i_0_0_301                   |            0.040572|             0.044494|           0.032612|         0.117677
306  |*i_0_0_302                   |            0.028059|             0.035799|           0.017393|         0.081251
307  |*i_0_0_303                   |            0.050403|             0.051332|           0.033938|         0.135673
308  |*i_0_0_304                   |            0.013562|             0.025475|           0.032612|         0.071649
309  |*i_0_0_305                   |            0.008793|             0.034113|           0.017393|         0.060300
310  |*i_0_0_306                   |            0.007463|             0.008528|           0.032612|         0.048602
311  |*i_0_0_307                   |            0.007458|             0.008215|           0.032612|         0.048284
312  |*i_0_0_308                   |            0.028059|             0.035799|           0.017393|         0.081251
313  |*i_0_0_309                   |            0.048504|             0.051261|           0.033938|         0.133702
314  |*i_0_0_310                   |            0.026454|             0.245472|           0.022695|         0.294620
315  |*i_0_0_311                   |            0.026528|             0.122614|           0.017393|         0.166535
316  |*i_0_0_312                   |            0.002440|             0.005820|           0.017393|         0.025654
317  |*i_0_0_313                   |            0.011943|             0.018660|           0.032612|         0.063215
318  |*i_0_0_314                   |            0.065494|             0.133748|           0.033938|         0.233180
319  |*i_0_0_315                   |            0.040382|             0.032253|           0.032612|         0.105247
320  |*i_0_0_316                   |            0.028059|             0.035799|           0.017393|         0.081251
321  |*i_0_0_317                   |            0.040249|             0.050755|           0.022619|         0.113623
322  |*i_0_0_318                   |            0.016777|             0.042832|           0.032612|         0.092221
323  |*i_0_0_319                   |            0.008793|             0.034113|           0.017393|         0.060300
324  |*i_0_0_320                   |            0.007463|             0.008528|           0.032612|         0.048602
325  |*i_0_0_321                   |            0.007458|             0.008215|           0.032612|         0.048284
326  |*i_0_0_322                   |            0.028078|             0.051743|           0.017393|         0.097215
327  |*i_0_0_323                   |            0.051111|             0.050952|           0.034026|         0.136089
328  |*i_0_0_324                   |            0.014231|             0.043184|           0.032612|         0.090027
329  |*i_0_0_325                   |            0.008795|             0.034807|           0.017393|         0.060995
330  |*i_0_0_326                   |            0.007463|             0.008528|           0.032612|         0.048602
331  |*i_0_0_327                   |            0.007458|             0.008215|           0.032612|         0.048284
332  |*i_0_0_328                   |            0.051112|             0.050845|           0.034026|         0.135984
333  |*i_0_0_329                   |            0.008546|             0.030559|           0.027858|         0.066964
334  |*i_0_0_330                   |            0.004368|             0.006431|           0.026832|         0.037631
335  |*i_0_0_331                   |            0.043642|             0.059312|           0.022619|         0.125574
336  |*i_0_0_332                   |            0.065373|             0.126142|           0.033938|         0.225452
337  |*i_0_0_333                   |            0.040382|             0.032253|           0.032612|         0.105247
338  |*i_0_0_334                   |            0.051146|             0.050817|           0.034026|         0.135989
339  |*i_0_0_335                   |            0.010211|             0.028346|           0.032612|         0.071169
340  |*i_0_0_336                   |            0.009334|             0.170800|           0.021200|         0.201333
341  |*i_0_0_337                   |            0.008793|             0.034113|           0.017393|         0.060300
342  |*i_0_0_338                   |            0.007463|             0.008528|           0.032612|         0.048602
343  |*i_0_0_339                   |            0.004798|             0.056536|           0.021200|         0.082533
344  |*i_0_0_340                   |            0.007458|             0.008215|           0.032612|         0.048284
345  |*i_0_0_341                   |            0.004796|             0.059370|           0.021200|         0.085365
346  |*i_0_0_342                   |            0.004840|             0.070568|           0.021200|         0.096608
347  |*i_0_0_343                   |            0.004844|             0.065005|           0.021200|         0.091048
348  |*i_0_0_344                   |            0.051152|             0.050783|           0.034026|         0.135961
349  |*i_0_0_345                   |            0.007672|             0.031182|           0.017393|         0.056247
350  |*i_0_0_346                   |            0.066929|             0.117080|           0.047399|         0.231408
351  |*i_0_0_347                   |            0.025849|             0.083577|           0.017393|         0.126820
352  |*i_0_0_348                   |            0.025430|             0.554283|           0.021200|         0.600913
353  |*i_0_0_349                   |            0.025565|             0.081851|           0.017393|         0.124809
354  |*i_0_0_350                   |            0.025776|             0.615830|           0.021200|         0.662805
355  |*i_0_0_351                   |            0.051155|             0.050679|           0.034026|         0.135861
356  |*i_0_0_352                   |            0.005646|             0.019666|           0.017393|         0.042706
357  |*i_0_0_353                   |            0.072344|             0.132299|           0.041741|         0.246384
358  |*i_0_0_354                   |            0.017820|             0.081728|           0.014353|         0.113902
359  |*i_0_0_355                   |            0.025107|             0.890423|           0.021200|         0.936730
360  |*i_0_0_356                   |            0.017825|             0.083454|           0.014353|         0.115632
361  |*i_0_0_357                   |            0.026587|             1.026577|           0.021200|         1.074363
362  |*i_0_0_358                   |            0.050194|             0.050611|           0.034026|         0.134831
363  |*i_0_0_359                   |            0.013445|             0.411913|           0.017393|         0.442752
364  |*i_0_0_360                   |            0.052245|             0.149177|           0.025066|         0.226488
365  |*i_0_0_361                   |            0.023799|             0.037943|           0.014353|         0.076095
366  |*i_0_0_362                   |            0.079351|             0.489314|           0.036164|         0.604829
367  |*i_0_0_363                   |            0.074956|             0.116305|           0.036441|         0.227701
368  |*i_0_0_364                   |            0.074167|             0.132927|           0.036164|         0.243258
369  |*i_0_0_365                   |            0.074260|             0.112521|           0.036441|         0.223223
370  |*i_0_0_366                   |            0.005261|             0.018027|           0.022039|         0.045326
371  |*i_0_0_367                   |            0.008202|             0.233881|           0.021200|         0.263282
372  |*i_0_0_368                   |            0.022240|             0.277910|           0.027858|         0.328009
373  |*i_0_0_369                   |            0.010706|             0.020210|           0.021200|         0.052116
374  |*i_0_0_370                   |            0.020243|             0.035696|           0.017393|         0.073331
375  |*i_0_0_371                   |            0.034249|             0.129467|           0.021200|         0.184915
376  |*i_0_0_372                   |            0.019370|             0.028715|           0.022619|         0.070705
377  |*i_0_0_373                   |            0.010143|             0.016714|           0.017393|         0.044251
378  |*i_0_0_374                   |            0.035671|             0.209035|           0.026832|         0.271539
379  |*i_0_0_375                   |            0.032912|             0.046988|           0.027858|         0.107759
380  |*i_0_0_376                   |            0.016410|             0.027636|           0.021200|         0.065246
381  |*i_0_0_377                   |            0.043009|             0.135204|           0.027858|         0.206071
382  |*i_0_0_378                   |            0.043777|             0.118877|           0.027858|         0.190513
383  |*i_0_0_379                   |            0.041091|             0.111837|           0.027858|         0.180786
384  |*i_0_0_380                   |            0.073914|             0.238951|           0.036441|         0.349306
385  |*i_0_0_381                   |            0.074235|             0.908309|           0.036441|         1.018984
386  |*i_0_0_382                   |            0.074319|             0.120088|           0.036441|         0.230848
387  |*i_0_0_383                   |            0.039837|             0.105643|           0.022619|         0.168099
388  |*i_0_0_384                   |            0.065497|             0.693991|           0.036441|         0.795929
389  |*i_0_0_385                   |            0.074885|             0.159078|           0.036441|         0.270404
390  |*i_0_0_386                   |            0.070456|             0.751667|           0.036441|         0.858564
391  |*i_0_0_387                   |            0.067497|             1.077798|           0.036441|         1.181737
392  |*i_0_0_388                   |            0.026598|             0.155357|           0.021200|         0.203154
393  |*i_0_0_389                   |            0.018553|             0.129894|           0.014353|         0.162800
394  |*i_0_0_390                   |            0.038079|             0.257942|           0.032612|         0.328632
395  |*i_0_0_391                   |            0.037757|             0.162911|           0.022619|         0.223287
396  |*i_0_0_392                   |            0.044601|             0.063915|           0.027858|         0.136374
397  |*i_0_0_393                   |            0.026037|             0.044822|           0.021200|         0.092059
398  |*i_0_0_394                   |            0.016711|             0.024160|           0.018105|         0.058976
399  |*i_0_0_395                   |            0.042728|             0.179695|           0.022619|         0.245043
400  |*i_0_0_396                   |            0.040085|             0.046188|           0.032612|         0.118885
401  |*i_0_0_397                   |            0.033903|             0.044210|           0.032612|         0.110725
402  |*i_0_0_398                   |            0.052260|             0.184237|           0.022039|         0.258536
403  |*i_0_0_399                   |            0.039818|             0.048003|           0.032612|         0.120433
404  |*i_0_0_400                   |            0.009902|             0.014612|           0.018105|         0.042618
405  |*i_0_0_401                   |            0.062272|             0.186120|           0.033938|         0.282329
406  |*i_0_0_402                   |            0.039629|             0.031939|           0.032612|         0.104180
407  |*i_0_0_403                   |            0.066354|             0.108236|           0.032612|         0.207202
408  |*i_0_0_404                   |            0.062322|             0.186911|           0.033938|         0.283171
409  |*i_0_0_405                   |            0.039862|             0.032142|           0.032612|         0.104617
410  |*i_0_0_406                   |            0.065803|             0.085129|           0.032612|         0.183543
411  |*i_0_0_407                   |            0.017734|             0.049019|           0.014353|         0.081106
412  |*i_0_0_408                   |            0.060571|             0.494705|           0.032601|         0.587878
413  |*i_0_0_409                   |            0.067752|             0.193076|           0.041741|         0.302570
414  |*i_0_0_410                   |            0.046089|             0.083002|           0.027858|         0.156949
415  |*i_0_0_411                   |            0.031678|             0.059486|           0.021200|         0.112364
416  |*i_0_0_412                   |            0.039278|             0.032349|           0.034026|         0.105653
417  |*i_0_0_413                   |            0.067505|             0.191948|           0.041741|         0.301195
418  |*i_0_0_414                   |            0.046160|             0.082671|           0.027858|         0.156689
419  |*i_0_0_415                   |            0.031761|             0.059643|           0.021200|         0.112603
420  |*i_0_0_416                   |            0.041219|             0.164496|           0.025066|         0.230781
421  |*i_0_0_417                   |            0.040418|             0.032402|           0.034026|         0.106846
422  |*i_0_0_418                   |            0.066224|             0.189861|           0.033938|         0.290023
423  |*i_0_0_419                   |            0.081120|             0.086245|           0.035928|         0.203293
424  |*i_0_0_420                   |            0.038225|             0.093870|           0.032612|         0.164707
425  |*i_0_0_421                   |            0.040289|             0.032206|           0.032612|         0.105106
426  |*i_0_0_422                   |            0.066229|             0.189862|           0.033938|         0.290028
427  |*i_0_0_423                   |            0.081058|             0.084632|           0.035928|         0.201618
428  |*i_0_0_424                   |            0.038331|             0.093929|           0.032612|         0.164872
429  |*i_0_0_425                   |            0.039998|             0.032220|           0.032612|         0.104829
430  |*i_0_0_426                   |            0.066286|             0.189915|           0.033938|         0.290138
431  |*i_0_0_427                   |            0.081790|             0.084658|           0.035928|         0.202377
432  |*i_0_0_428                   |            0.037798|             0.049564|           0.032612|         0.119974
433  |*i_0_0_429                   |            0.040000|             0.032224|           0.032612|         0.104836
434  |*i_0_0_430                   |            0.066298|             0.189871|           0.033938|         0.290106
435  |*i_0_0_431                   |            0.081781|             0.084660|           0.035928|         0.202369
436  |*i_0_0_432                   |            0.037773|             0.049548|           0.032612|         0.119933
437  |*i_0_0_433                   |            0.040012|             0.032232|           0.032612|         0.104856
438  |*i_0_0_434                   |            0.066312|             0.190119|           0.033938|         0.290369
439  |*i_0_0_435                   |            0.081962|             0.084663|           0.035928|         0.202554
440  |*i_0_0_436                   |            0.052181|             0.049968|           0.047399|         0.149548
441  |*i_0_0_437                   |            0.040017|             0.032236|           0.032612|         0.104865
442  |*i_0_0_438                   |            0.066324|             0.190066|           0.033938|         0.290327
443  |*i_0_0_439                   |            0.081967|             0.084667|           0.035928|         0.202563
444  |*i_0_0_440                   |            0.044317|             0.049974|           0.047399|         0.141689
445  |*i_0_0_441                   |            0.040022|             0.032240|           0.032612|         0.104874
446  |*i_0_0_442                   |            0.064612|             0.191544|           0.041741|         0.297897
447  |*i_0_0_443                   |            0.040387|             0.032348|           0.034026|         0.106761
448  |*i_0_0_444                   |            0.081490|             0.082212|           0.035928|         0.199630
449  |*i_0_0_445                   |            0.044366|             0.049975|           0.047399|         0.141740
450  |*i_0_0_446                   |            0.066334|             0.190084|           0.033938|         0.290356
451  |*i_0_0_447                   |            0.081763|             0.089522|           0.035928|         0.207213
452  |*i_0_0_448                   |            0.044350|             0.049976|           0.047399|         0.141725
453  |*i_0_0_449                   |            0.041812|             0.032246|           0.032612|         0.106669
454  |*i_0_0_450                   |            0.063924|             0.190284|           0.033938|         0.288146
455  |*i_0_0_451                   |            0.041742|             0.032247|           0.032612|         0.106601
456  |*i_0_0_452                   |            0.081876|             0.084670|           0.035928|         0.202475
457  |*i_0_0_453                   |            0.065563|             0.049939|           0.041741|         0.157244
458  |*i_0_0_454                   |            0.031769|             0.044176|           0.021200|         0.097145
459  |*i_0_0_455                   |            0.063903|             0.190577|           0.033938|         0.288418
460  |*i_0_0_456                   |            0.041764|             0.032249|           0.032612|         0.106625
461  |*i_0_0_457                   |            0.081951|             0.086654|           0.035928|         0.204534
462  |*i_0_0_458                   |            0.065298|             0.049940|           0.041741|         0.156980
463  |*i_0_0_459                   |            0.031770|             0.044177|           0.021200|         0.097147
464  |*i_0_0_460                   |            0.064161|             0.190755|           0.033938|         0.288854
465  |*i_0_0_461                   |            0.040299|             0.032251|           0.032612|         0.105161
466  |*i_0_0_462                   |            0.081513|             0.086727|           0.035928|         0.204168
467  |*i_0_0_463                   |            0.049591|             0.049978|           0.047399|         0.146968
468  |*i_0_0_464                   |            0.066727|             0.190431|           0.033938|         0.291096
469  |*i_0_0_465                   |            0.041473|             0.032251|           0.032612|         0.106336
470  |*i_0_0_466                   |            0.081413|             0.084426|           0.035928|         0.201768
471  |*i_0_0_467                   |            0.049489|             0.049978|           0.047399|         0.146866
472  |*i_0_0_468                   |            0.007738|             0.129400|           0.026832|         0.163969
473  |*i_0_0_469                   |            0.000041|             0.000158|           0.026832|         0.027030
474  |*i_0_0_470                   |            0.063991|             0.190535|           0.033938|         0.288464
475  |*i_0_0_471                   |            0.040285|             0.032252|           0.032612|         0.105149
476  |*i_0_0_472                   |            0.082161|             0.088981|           0.035928|         0.207071
477  |*i_0_0_473                   |            0.077538|             0.049026|           0.035928|         0.162492
478  |*i_0_0_474                   |            0.077533|             0.093054|           0.032612|         0.203199
479  |*i_0_0_475                   |            0.066326|             0.190342|           0.041741|         0.298409
480  |*i_0_0_476                   |            0.082043|             0.084225|           0.035928|         0.202196
481  |*i_0_0_477                   |            0.077538|             0.049026|           0.035928|         0.162492
482  |*i_0_0_478                   |            0.077543|             0.093054|           0.032612|         0.203209
483  |*i_0_0_479                   |            0.039843|             0.032340|           0.034026|         0.106209
484  |*i_0_0_480                   |            0.052296|             0.491935|           0.022695|         0.566926
485  |*i_0_0_481                   |            0.026715|             0.491408|           0.017393|         0.535517
486  |*i_0_0_482                   |            0.046499|             0.191456|           0.027858|         0.265814
487  |*i_0_0_483                   |            0.052456|             0.059413|           0.034026|         0.145895
488  |*i_0_0_484                   |            0.085839|             0.067122|           0.035928|         0.188889
489  |*i_0_0_485                   |            0.049317|             0.066356|           0.027858|         0.143531
490  |*i_0_0_486                   |            0.034004|             0.061203|           0.021200|         0.116406
491  |*i_0_0_487                   |            0.052774|             0.067414|           0.022619|         0.142808
492  |*i_0_0_488                   |            0.039659|             0.064789|           0.047399|         0.151847
493  |*i_0_0_489                   |            0.046066|             0.091439|           0.041741|         0.179246
494  |*i_0_0_490                   |            0.000001|             0.000001|           0.026832|         0.026834
495  |*i_0_0_491                   |            0.088130|             0.090559|           0.041741|         0.220430
496  |*i_0_0_492                   |            0.000239|             0.000325|           0.014353|         0.014917
497  |*i_0_0_493                   |            0.000317|             0.002859|           0.032612|         0.035788
498  |*i_0_0_494                   |            0.031102|             0.086567|           0.014353|         0.132022
499  |*i_0_0_495                   |            0.079517|             0.389606|           0.032612|         0.501734
500  |*i_0_0_496                   |            0.042359|             0.107288|           0.022619|         0.172267
501  |*i_0_0_497                   |            0.014163|             0.023617|           0.017393|         0.055174
502  |*i_0_0_498                   |            0.052826|             0.065407|           0.022619|         0.140853
503  |*i_0_0_499                   |            0.046578|             0.064789|           0.047399|         0.158766
504  |*i_0_0_500                   |            0.046023|             0.091439|           0.041741|         0.179203
505  |*i_0_0_501                   |            0.000002|             0.000001|           0.026481|         0.026484
506  |*i_0_0_502                   |            0.087959|             0.086315|           0.041741|         0.216015
507  |*i_0_0_503                   |            0.000239|             0.000324|           0.014353|         0.014917
508  |*i_0_0_504                   |            0.000317|             0.002858|           0.032612|         0.035786
509  |*i_0_0_505                   |            0.000003|             0.000012|           0.026832|         0.026847
510  |*i_0_0_506                   |            0.000665|             0.005615|           0.026832|         0.033112
511  |*i_0_0_507                   |            0.014544|             0.154967|           0.026832|         0.196343
512  |*i_0_0_508                   |            0.031102|             0.086567|           0.014353|         0.132022
513  |*i_0_0_509                   |            0.079497|             0.389605|           0.032612|         0.501715
514  |*i_0_0_510                   |            0.000630|             0.005364|           0.021200|         0.027194
515  |*i_0_0_511                   |            0.000451|             0.005623|           0.021200|         0.027273
516  |*i_0_0_512                   |            0.052931|             0.191660|           0.034566|         0.279157
517  |*i_0_0_513                   |            0.011252|             0.015025|           0.021200|         0.047477
518  |*i_0_0_514                   |            0.020152|             0.590295|           0.017393|         0.627840
519  |*i_0_0_515                   |            0.030064|             0.659849|           0.021200|         0.711113
520  |*i_0_0_516                   |            0.026233|             0.030439|           0.021200|         0.077872
521  |*i_0_0_517                   |            0.045530|             0.193118|           0.022619|         0.261267
522  |*i_0_0_518                   |            0.068681|             0.064992|           0.036441|         0.170114
523  |*i_0_0_519                   |            0.062547|             0.059717|           0.036441|         0.158705
524  |*i_0_0_520                   |            0.025296|             0.045659|           0.017393|         0.088349
525  |*i_0_0_521                   |            0.045141|             0.191691|           0.022619|         0.259452
526  |*i_0_0_522                   |            0.075129|             0.065055|           0.036441|         0.176625
527  |*i_0_0_523                   |            0.055058|             0.059337|           0.036441|         0.150836
528  |*i_0_0_524                   |            0.024719|             0.044610|           0.017393|         0.086722
529  |*i_0_0_525                   |            0.044744|             0.190167|           0.022619|         0.257530
530  |*i_0_0_526                   |            0.066509|             0.064929|           0.036441|         0.167879
531  |*i_0_0_527                   |            0.100244|             0.059150|           0.036441|         0.195835
532  |*i_0_0_528                   |            0.024461|             0.044140|           0.017393|         0.085995
533  |*i_0_0_529                   |            0.044455|             0.188924|           0.022619|         0.255998
534  |*i_0_0_530                   |            0.084965|             0.064657|           0.036441|         0.186063
535  |*i_0_0_531                   |            0.049355|             0.059136|           0.036441|         0.144932
536  |*i_0_0_532                   |            0.024348|             0.043933|           0.017393|         0.085674
537  |*i_0_0_533                   |            0.045281|             0.196637|           0.027858|         0.269776
538  |*i_0_0_534                   |            0.028136|             0.050967|           0.021200|         0.100303
539  |*i_0_0_535                   |            0.057672|             0.064696|           0.036441|         0.158809
540  |*i_0_0_536                   |            0.045362|             0.196641|           0.027858|         0.269862
541  |*i_0_0_537                   |            0.055313|             0.064537|           0.036164|         0.156013
542  |*i_0_0_538                   |            0.028153|             0.050998|           0.021200|         0.100350
543  |*i_0_0_539                   |            0.033427|             0.151034|           0.036164|         0.220625
544  |*i_0_0_540                   |            0.002402|             0.003760|           0.027858|         0.034020
545  |*i_0_0_541                   |            0.003048|             0.004027|           0.026832|         0.033906
546  |*i_0_0_542                   |            0.045872|             0.170180|           0.022619|         0.238671
547  |*i_0_0_543                   |            0.028078|             0.051743|           0.017393|         0.097215
548  |*i_0_0_544                   |            0.058987|             2.067293|           0.036441|         2.162721
549  |*i_0_0_545                   |            0.007977|             0.026112|           0.017393|         0.051482
550  |*i_0_0_546                   |            0.023281|             0.062357|           0.014353|         0.099991
551  |*i_0_0_547                   |            0.046058|             0.494593|           0.022619|         0.563270
552  |*i_0_0_548                   |            0.028078|             0.051743|           0.017393|         0.097215
553  |*i_0_0_549                   |            0.015678|             0.041384|           0.022619|         0.079681
554  |*i_0_0_550                   |            0.022810|             0.023432|           0.022695|         0.068937
555  |*i_0_0_551                   |            0.027699|             0.052952|           0.027858|         0.108509
556  |*i_0_0_552                   |            0.017227|             0.037209|           0.014353|         0.068789
557  |*i_0_0_553                   |            0.024509|             0.229730|           0.022619|         0.276859
558  |*i_0_0_554                   |            0.054733|             0.100232|           0.022695|         0.177660
559  |*i_0_0_555                   |            0.004988|             0.004757|           0.021200|         0.030944
560  |*i_0_0_556                   |            0.036849|             0.031025|           0.027858|         0.095732
561  |*i_0_0_557                   |            0.046028|             0.242485|           0.022619|         0.311133
562  |*i_0_0_558                   |            0.028078|             0.051743|           0.017393|         0.097215
563  |*i_0_0_559                   |            0.050871|             0.115068|           0.027858|         0.193797
564  |*i_0_0_560                   |            0.034385|             0.060621|           0.021200|         0.116206
565  |*i_0_0_561                   |            0.015974|             0.028855|           0.017393|         0.062223
566  |*i_0_0_562                   |            0.029231|             0.148097|           0.021200|         0.198528
567  |*i_0_0_563                   |            0.023290|             0.065847|           0.014353|         0.103491
568  |*i_0_0_564                   |            0.045748|             0.549987|           0.022619|         0.618354
569  |*i_0_0_565                   |            0.023749|             0.043627|           0.017393|         0.084769
570  |*i_0_0_566                   |            0.045808|             0.240429|           0.022619|         0.308856
571  |*i_0_0_567                   |            0.023749|             0.043627|           0.017393|         0.084769
572  |*i_0_0_568                   |            0.024425|             0.110895|           0.014353|         0.149673
573  |*i_0_0_569                   |            0.068387|             0.511609|           0.025066|         0.605062
574  |*i_0_0_570                   |            0.028079|             0.030835|           0.017393|         0.076307
575  |*i_0_0_571                   |            0.023529|             0.023945|           0.017393|         0.064868
576  |*i_0_0_572                   |            0.064899|             0.036181|           0.025066|         0.126146
577  |*i_0_0_573                   |            0.046008|             0.213744|           0.022619|         0.282371
578  |*i_0_0_574                   |            0.028078|             0.051743|           0.017393|         0.097215
579  |*i_0_0_575                   |            0.026990|             0.040205|           0.021200|         0.088395
580  |*i_0_0_576                   |            0.087113|             0.196957|           0.035928|         0.319997
581  |*i_0_0_577                   |            0.023309|             1.933714|           0.014353|         1.971376
582  |*i_0_0_578                   |            0.051516|             2.812502|           0.027858|         2.891876
583  |*i_0_0_579                   |            0.032662|             0.061469|           0.021200|         0.115331
584  |*i_0_0_580                   |            0.026561|             0.050257|           0.021200|         0.098017
585  |*i_0_0_581                   |            0.042227|             0.067727|           0.027858|         0.137812
586  |*i_0_0_582                   |            0.044193|             0.065167|           0.022619|         0.131979
587  |*i_0_0_583                   |            0.026770|             0.197534|           0.021200|         0.245503
588  |*i_0_0_584                   |            0.026475|             0.102166|           0.017393|         0.146034
589  |*i_0_0_585                   |            0.026786|             0.066487|           0.021200|         0.114473
590  |*i_0_0_586                   |            0.026357|             0.388892|           0.017393|         0.432642
591  |*i_0_0_587                   |            0.026679|             0.163885|           0.021200|         0.211763
592  |*i_0_0_588                   |            0.047200|             0.240864|           0.022619|         0.310683
593  |*i_0_0_589                   |            0.028719|             0.053448|           0.017393|         0.099560
594  |*i_0_0_590                   |            0.026426|             0.098641|           0.017393|         0.142461
595  |*i_0_0_591                   |            0.041381|             0.110427|           0.027858|         0.179666
596  |*i_0_0_592                   |            0.026836|             0.094970|           0.021200|         0.143006
597  |*i_0_0_593                   |            0.026463|             0.102053|           0.017393|         0.145910
598  |*i_0_0_594                   |            0.026527|             0.047377|           0.021200|         0.095103
599  |*i_0_0_595                   |            0.041826|             0.109545|           0.022619|         0.173991
600  |*i_0_0_596                   |            0.026440|             0.097142|           0.017393|         0.140975
601  |*i_0_0_597                   |            0.038230|             0.103133|           0.027858|         0.169221
602  |*i_0_0_598                   |            0.026820|             0.096376|           0.021200|         0.144396
603  |*i_0_0_599                   |            0.026818|             0.096709|           0.021200|         0.144727
604  |*i_0_0_600                   |            0.026441|             0.097142|           0.017393|         0.140977
605  |*i_0_0_601                   |            0.026502|             0.137577|           0.017393|         0.181472
606  |*i_0_0_602                   |            0.024965|             0.133352|           0.014353|         0.172670
607  |*i_0_0_603                   |            0.024976|             0.132009|           0.014353|         0.171338
608  |*i_0_0_604                   |            0.024325|             0.254873|           0.014353|         0.293551
609  |*i_0_0_605                   |            0.024605|             0.320258|           0.014353|         0.359217
610  |*i_0_0_606                   |            0.024483|             0.194798|           0.014353|         0.233635
611  |*i_0_0_607                   |            0.024963|             0.133635|           0.014353|         0.172951
612  |*i_0_0_608                   |            0.024493|             0.193554|           0.014353|         0.232400
613  |*i_0_0_609                   |            0.025063|             0.108154|           0.014353|         0.147571
614  |*i_0_0_610                   |            0.024845|             0.148614|           0.014353|         0.187812
615  |*i_0_0_611                   |            0.025054|             0.106913|           0.014353|         0.146320
616  |*i_0_0_612                   |            0.025081|             0.110400|           0.014353|         0.149834
617  |*i_0_0_613                   |            0.024796|             0.154881|           0.014353|         0.194030
618  |*i_0_0_614                   |            0.024823|             0.151448|           0.014353|         0.190625
619  |*i_0_0_615                   |            0.024287|             0.245995|           0.014353|         0.284635
620  |*i_0_0_616                   |            0.024287|             0.245994|           0.014353|         0.284634
621  |*i_0_0_617                   |            0.024598|             0.180206|           0.014353|         0.219157
622  |*i_0_0_618                   |            0.024999|             0.129070|           0.014353|         0.168422
623  |*i_0_0_619                   |            0.023629|             0.131057|           0.014353|         0.169039
624  |*i_0_0_620                   |            0.005249|             0.124942|           0.014353|         0.144544
625  |*i_0_0_621                   |            0.000369|             0.004478|           0.014353|         0.019200
626  |*i_0_0_622                   |            0.000001|             0.000015|           0.014353|         0.014369
627  |*i_0_0_623                   |            0.017830|             0.098417|           0.014353|         0.130600
628  |*i_0_0_624                   |            0.023697|             0.606508|           0.014353|         0.644558
629  |*i_0_0_625                   |            0.007116|             0.140243|           0.014353|         0.161712
630  |*i_0_0_626                   |            0.023697|             0.548417|           0.014353|         0.586467
631  |*i_0_0_627                   |            0.023751|             0.265781|           0.014353|         0.303885
632  |*i_0_0_628                   |            0.013465|             0.209214|           0.014353|         0.237032
633  |*i_0_0_629                   |            0.020917|             0.630269|           0.014353|         0.665540
634  |*i_0_0_630                   |            0.017772|             0.810387|           0.014353|         0.842512
635  |*i_0_0_631                   |            0.017770|             0.887140|           0.014353|         0.919263
636  |                             |                    |                     |                   |                 
637  |*TOTAL                       |           31.276756|            93.632477|          21.715300|       146.624527
-----+-----------------------------+--------------------+---------------------+-------------------+-----------------
