Report for group default
Report for group I2R
Report for group I2O
------------------------------------------------------------------------------------------------------------------------------------------------------------
Startpoint: B[24]
    (Clocked by vsysclk R)
Endpoint: Sum[29]
    (Clocked by vsysclk R)
Path Group: I2O
Data required time: 19500.0
    (Clock shift: 20000.0, minus Uncertainty: 0.0, plus Latency 0.0, minus Out delay: 500.0)
Data arrival time: 4143.6
Slack: 15356.4
Logic depth: 49
------------------------------------------------------------------------------------------------------------------------------------------------------------
                                                     Arrival               Arc      Net               Net    Total   fan-                                   
Path                     Module/Cell           Edge     Time    Delay    Delay    Delay     Slew     Load     Load    out     Location Power Domain      (V)
                                                        (ps)     (ps)     (ps)     (ps)     (ps)     (ff)     (ff)    (#)      (um,um)                      
------------------------------------------------------------------------------------------------------------------------------------------------------------
B[24]                    {set_input_delay}        r   1000.0   1000.0   1000.0                        2.9     28.3      1    51,    0                       
i_0_0_567/A->ZN          INV_X8                  rf   1006.3      6.3      6.0      0.3      0.0      1.1     16.3      4    50,   49  /PD_TOP        (1.10)
i_0_0_544/A1->ZN         NOR2_X4                 fr   1033.2     26.9     26.9      0.0      4.8      0.6      8.6      2    50,   49  /PD_TOP        (1.10)
i_0_0_542/B1->ZN         OAI21_X4                rf   1052.5     19.3     19.3      0.0     20.4      0.6      7.9      2    50,   49  /PD_TOP        (1.10)
i_0_0_540/B1->ZN         OAI21_X4                fr   1084.5     32.0     32.0      0.0     10.9      0.6      7.9      2    50,   49  /PD_TOP        (1.10)
i_0_0_536/B2->ZN         AOI21_X4                rf   1104.5     20.0     20.0      0.0     22.6      0.6      7.8      2    50,   49  /PD_TOP        (1.10)
i_0_0_171/A->ZN          XNOR2_X2*               fr   1204.0     99.5     99.5      0.0      9.1      1.7     45.3      6    50,   49  /PD_TOP        (1.10)
i_0_0_73/A1->ZN          NOR2_X4                 rf   1215.8     11.8     11.8      0.0     15.3      1.1      8.5      3    50,   49  /PD_TOP        (1.10)
i_0_0_57/C2->ZN          AOI222_X2               fr   1333.9    118.1    118.1      0.0      6.6      0.7      8.9      2    50,   49  /PD_TOP        (1.10)
i_0_0_56/A2->ZN          NOR2_X4                 rf   1346.9     13.0     13.0      0.0     71.8      0.3      2.9      1    50,   49  /PD_TOP        (1.10)
i_0_0_55/A->ZN           AOI221_X2               fr   1441.2     94.3     94.3      0.0      5.3      0.7      8.6      2    50,   49  /PD_TOP        (1.10)
i_0_0_40/B1->ZN          AOI21_X4                rf   1481.8     40.6     40.6      0.0     63.8      0.3     25.7      1    50,   49  /PD_TOP        (1.10)
i_0_0_39/A->ZN           INV_X8                  fr   1495.4     13.6     13.6      0.0     16.6      0.7      5.6      2    50,   49  /PD_TOP        (1.10)
i_0_0_32/C1->ZN          OAI221_X2               rf   1531.4     36.0     36.0      0.0      5.6      1.3     12.1      4    50,   49  /PD_TOP        (1.10)
i_0_20/i_0/A->Z          XOR2_X1                 ff   1590.5     59.1     59.1      0.0     29.3      0.3      1.6      1    50,   49  /PD_TOP        (1.10)
i_0_0_3/A->Z             MUX2_X2                 ff   1647.8     57.3     57.3      0.0     11.1      0.3      3.8      1    50,   49  /PD_TOP        (1.10)
simpleAdder_dut/i_0/i_1/B->CO
                         FA_X1                   ff   1727.3     79.5     79.5      0.0     10.8      0.4      3.1      1    50,   49  /PD_TOP        (1.10)
simpleAdder_dut/i_0/i_2/CI->CO
                         FA_X1                   ff   1799.8     72.5     72.5      0.0     15.1      0.4      3.1      1    50,   49  /PD_TOP        (1.10)
simpleAdder_dut/i_0/i_3/CI->CO
                         FA_X1                   ff   1872.3     72.5     72.5      0.0     15.1      0.4      3.1      1    50,   49  /PD_TOP        (1.10)
simpleAdder_dut/i_0/i_4/CI->CO
                         FA_X1                   ff   1944.8     72.5     72.5      0.0     15.1      0.4      3.1      1    50,   49  /PD_TOP        (1.10)
simpleAdder_dut/i_0/i_5/CI->CO
                         FA_X1                   ff   2017.3     72.5     72.5      0.0     15.1      0.4      3.1      1    50,   49  /PD_TOP        (1.10)
simpleAdder_dut/i_0/i_6/CI->CO
                         FA_X1                   ff   2089.8     72.5     72.5      0.0     15.1      0.4      3.1      1    50,   49  /PD_TOP        (1.10)
simpleAdder_dut/i_0/i_7/CI->CO
                         FA_X1                   ff   2162.3     72.5     72.5      0.0     15.1      0.4      3.1      1    50,   49  /PD_TOP        (1.10)
simpleAdder_dut/i_0/i_8/CI->CO
                         FA_X1                   ff   2234.8     72.5     72.5      0.0     15.1      0.4      3.1      1    50,   49  /PD_TOP        (1.10)
simpleAdder_dut/i_0/i_9/CI->CO
                         FA_X1                   ff   2307.3     72.5     72.5      0.0     15.1      0.4      3.1      1    50,   49  /PD_TOP        (1.10)
simpleAdder_dut/i_0/i_10/CI->CO
                         FA_X1                   ff   2379.8     72.5     72.5      0.0     15.1      0.4      3.1      1    50,   49  /PD_TOP        (1.10)
simpleAdder_dut/i_0/i_11/CI->CO
                         FA_X1                   ff   2452.3     72.5     72.5      0.0     15.1      0.4      3.1      1    50,   49  /PD_TOP        (1.10)
simpleAdder_dut/i_0/i_12/CI->CO
                         FA_X1                   ff   2524.8     72.5     72.5      0.0     15.1      0.4      3.1      1    50,   49  /PD_TOP        (1.10)
simpleAdder_dut/i_0/i_13/CI->CO
                         FA_X1                   ff   2597.3     72.5     72.5      0.0     15.1      0.4      3.1      1    50,   49  /PD_TOP        (1.10)
simpleAdder_dut/i_0/i_14/CI->CO
                         FA_X1                   ff   2669.8     72.5     72.5      0.0     15.1      0.4      3.1      1    50,   49  /PD_TOP        (1.10)
simpleAdder_dut/i_0/i_15/CI->CO
                         FA_X1                   ff   2742.3     72.5     72.5      0.0     15.1      0.4      3.1      1    50,   49  /PD_TOP        (1.10)
simpleAdder_dut/i_0/i_16/CI->CO
                         FA_X1                   ff   2814.8     72.5     72.5      0.0     15.1      0.4      3.1      1    50,   49  /PD_TOP        (1.10)
simpleAdder_dut/i_0/i_17/CI->CO
                         FA_X1                   ff   2887.3     72.5     72.5      0.0     15.1      0.4      3.1      1    50,   49  /PD_TOP        (1.10)
simpleAdder_dut/i_0/i_18/CI->CO
                         FA_X1                   ff   2959.8     72.5     72.5      0.0     15.1      0.4      3.1      1    50,   49  /PD_TOP        (1.10)
simpleAdder_dut/i_0/i_19/CI->CO
                         FA_X1                   ff   3032.3     72.5     72.5      0.0     15.1      0.4      3.1      1    50,   49  /PD_TOP        (1.10)
simpleAdder_dut/i_0/i_20/CI->CO
                         FA_X1                   ff   3104.8     72.5     72.5      0.0     15.1      0.4      3.1      1    50,   49  /PD_TOP        (1.10)
simpleAdder_dut/i_0/i_21/CI->CO
                         FA_X1                   ff   3177.3     72.5     72.5      0.0     15.1      0.4      3.1      1    50,   49  /PD_TOP        (1.10)
simpleAdder_dut/i_0/i_22/CI->S
                         FA_X1                   ff   3312.9    135.6    135.6      0.0     15.1      2.1     26.6      6    50,   49  /PD_TOP        (1.10)
count_leading_zeros_instance/i_0_34/A1->ZN
                         NOR4_X4                 fr   3385.2     72.3     72.2      0.1     40.0      0.9      9.2      3    50,   49  /PD_TOP        (1.10)
count_leading_zeros_instance/i_0_25/A3->ZN
                         AND3_X4                 rr   3435.4     50.2     50.2      0.0     54.7      0.6      7.7      2    50,   49  /PD_TOP        (1.10)
i_0_0_517/A2->ZN         NAND2_X4*               rf   3466.8     31.4     31.4      0.0     11.3      0.8     34.5      3    50,   49  /PD_TOP        (1.10)
i_0_0_515/A2->ZN         NAND2_X4*               fr   3511.6     44.8     44.8      0.0     15.3      1.6     47.3      6    50,   49  /PD_TOP        (1.10)
i_0_0_512/A1->ZN         NAND2_X4*               rf   3563.5     51.9     51.9      0.0     15.3      8.1     97.1     22    50,   49  /PD_TOP        (1.10)
i_0_13/i_0/A->CO         FA_X1                   ff   3642.4     78.9     78.6      0.3     15.3      0.4      3.1      1    50,   49  /PD_TOP        (1.10)
i_0_13/i_1/CI->CO        FA_X1                   ff   3714.9     72.5     72.5      0.0     15.1      0.4      3.1      1    50,   49  /PD_TOP        (1.10)
i_0_13/i_2/CI->CO        FA_X1                   ff   3787.4     72.5     72.5      0.0     15.1      0.4      3.1      1    50,   49  /PD_TOP        (1.10)
i_0_13/i_3/CI->CO        FA_X1                   ff   3859.9     72.5     72.5      0.0     15.1      0.4      3.1      1    50,   49  /PD_TOP        (1.10)
i_0_13/i_4/CI->CO        FA_X1                   ff   3932.4     72.5     72.5      0.0     15.1      0.4      3.1      1    50,   49  /PD_TOP        (1.10)
i_0_13/i_5/CI->CO        FA_X1                   ff   4004.9     72.5     72.5      0.0     15.1      0.4      3.1      1    50,   49  /PD_TOP        (1.10)
i_0_13/i_6/CI->S         FA_X1                   fr   4143.2    138.3    138.3      0.0     15.1      3.0     13.0      1    50,   49  /PD_TOP        (1.10)
Sum[29]                                           r   4143.6      0.4               0.4     35.0                             47,  100                       
------------------------------------------------------------------------------------------------------------------------------------------------------------
Report for group R2O
