warning: No library characterized for (process = 1.00 voltage = 0.85 temperature = 25.00) can be found in the database for power domain '/PD_TOP'  [NL-174]
Report Power (instances with prefix '*' are included in total) : 
-----+--------------+--------------------+---------------------+-------------------+-----------------
     | Instance     | Internal Power(uw) | Switching Power(uw) | Leakage Power(uw) | Total Power(uw) 
-----+--------------+--------------------+---------------------+-------------------+-----------------
1    |*i_0_0_0      |            0.071092|             0.186545|           0.036164|         0.293801
2    |*genblk1_0_fa |            0.256112|             0.529190|           0.130288|         0.915590
3    |*genblk1_1_fa |            0.255890|             0.530691|           0.130288|         0.916869
4    |*genblk1_2_fa |            0.256837|             0.531316|           0.130288|         0.918440
5    |*genblk1_3_fa |            0.257294|             0.531486|           0.130288|         0.919069
6    |*genblk1_4_fa |            0.257516|             0.531521|           0.130288|         0.919325
7    |*genblk1_5_fa |            0.257624|             0.531842|           0.130288|         0.919754
8    |*genblk1_6_fa |            0.257676|             0.531933|           0.130288|         0.919898
9    |*genblk1_7_fa |            0.257701|             0.531944|           0.130288|         0.919934
10   |*genblk1_8_fa |            0.257713|             0.531881|           0.130288|         0.919882
11   |*genblk1_9_fa |            0.257719|             0.531909|           0.130288|         0.919917
12   |*genblk1_10_fa|            0.257723|             0.531979|           0.130288|         0.919990
13   |*genblk1_11_fa|            0.257724|             0.531919|           0.130288|         0.919931
14   |*genblk1_12_fa|            0.257724|             0.531851|           0.130288|         0.919864
15   |*genblk1_13_fa|            0.257725|             0.532126|           0.130288|         0.920139
16   |*genblk1_14_fa|            0.257726|             0.532194|           0.130288|         0.920208
17   |*genblk1_15_fa|            0.257726|             0.532194|           0.130288|         0.920208
18   |*genblk1_16_fa|            0.257726|             0.532126|           0.130288|         0.920139
19   |*genblk1_17_fa|            0.257726|             0.532152|           0.130288|         0.920165
20   |*genblk1_18_fa|            0.257726|             0.532220|           0.130288|         0.920234
21   |*genblk1_19_fa|            0.257726|             0.532160|           0.130288|         0.920174
22   |*genblk1_20_fa|            0.257726|             0.532091|           0.130288|         0.920105
23   |*genblk1_21_fa|            0.257726|             0.532366|           0.130288|         0.920380
24   |*genblk1_22_fa|            0.257726|             0.532434|           0.130288|         0.920449
25   |*genblk1_23_fa|            0.257726|             0.532434|           0.130288|         0.920449
26   |*genblk1_24_fa|            0.257726|             0.532366|           0.130288|         0.920380
27   |*genblk1_25_fa|            0.257726|             0.532391|           0.130288|         0.920406
28   |*genblk1_26_fa|            0.257727|             0.532460|           0.130288|         0.920475
29   |*genblk1_27_fa|            0.257726|             0.532400|           0.130288|         0.920414
30   |*genblk1_28_fa|            0.257726|             0.532331|           0.130288|         0.920346
31   |*genblk1_29_fa|            0.257727|             0.532606|           0.130288|         0.920621
32   |*genblk1_30_fa|            0.257924|             0.585521|           0.130288|         0.973733
33   |*genblk1_31_fa|            0.257745|             0.596967|           0.130288|         0.985000
34   |              |                    |                     |                   |                 
35   |*TOTAL        |            8.313358|            17.327547|           4.205386|        29.846292
-----+--------------+--------------------+---------------------+-------------------+-----------------
