warning: No library characterized for (process = 1.00 voltage = 0.85 temperature = 25.00) can be found in the database for power domain '/PD_TOP'  [NL-174]
Report Power (instances with prefix '*' are included in total) : 
-----+----------------------+--------------------+---------------------+-------------------+-----------------
     | Instance             | Internal Power(uw) | Switching Power(uw) | Leakage Power(uw) | Total Power(uw) 
-----+----------------------+--------------------+---------------------+-------------------+-----------------
1    |*clk_gate_c_reg       |            0.024898|             0.096683|           0.059138|         0.180719
2    |*c_reg[63]            |            0.008303|             0.007939|           0.079112|         0.095355
3    |*c_reg[62]            |            0.008302|             0.007848|           0.079112|         0.095263
4    |*c_reg[61]            |            0.008306|             0.008174|           0.079112|         0.095593
5    |*c_reg[60]            |            0.008306|             0.008174|           0.079112|         0.095593
6    |*c_reg[59]            |            0.008303|             0.007890|           0.079112|         0.095306
7    |*c_reg[58]            |            0.008305|             0.008078|           0.079112|         0.095495
8    |*c_reg[57]            |            0.008305|             0.008071|           0.079112|         0.095488
9    |*c_reg[56]            |            0.008303|             0.007885|           0.079112|         0.095301
10   |*c_reg[55]            |            0.008303|             0.007949|           0.079112|         0.095364
11   |*c_reg[54]            |            0.008302|             0.007857|           0.079112|         0.095272
12   |*c_reg[53]            |            0.008306|             0.008165|           0.079112|         0.095583
13   |*c_reg[52]            |            0.008306|             0.008165|           0.079112|         0.095583
14   |*c_reg[51]            |            0.008303|             0.007881|           0.079112|         0.095296
15   |*c_reg[50]            |            0.008305|             0.008069|           0.079112|         0.095486
16   |*c_reg[49]            |            0.008305|             0.008061|           0.079112|         0.095478
17   |*c_reg[48]            |            0.008303|             0.007876|           0.079112|         0.095291
18   |*c_reg[47]            |            0.008304|             0.007958|           0.079112|         0.095374
19   |*c_reg[46]            |            0.008303|             0.007867|           0.079112|         0.095282
20   |*c_reg[45]            |            0.008306|             0.008156|           0.079112|         0.095574
21   |*c_reg[44]            |            0.008306|             0.008156|           0.079112|         0.095574
22   |*c_reg[43]            |            0.008303|             0.007872|           0.079112|         0.095287
23   |*c_reg[42]            |            0.008305|             0.008059|           0.079112|         0.095476
24   |*c_reg[41]            |            0.008305|             0.008052|           0.079112|         0.095469
25   |*c_reg[40]            |            0.008304|             0.007967|           0.079112|         0.095383
26   |*c_reg[39]            |            0.008306|             0.008146|           0.079112|         0.095564
27   |*c_reg[38]            |            0.008306|             0.008146|           0.079112|         0.095564
28   |*c_reg[37]            |            0.008303|             0.007862|           0.079112|         0.095277
29   |*c_reg[36]            |            0.008305|             0.008050|           0.079112|         0.095467
30   |*c_reg[35]            |            0.008305|             0.008042|           0.079112|         0.095459
31   |*c_reg[34]            |            0.008304|             0.007977|           0.079112|         0.095393
32   |*c_reg[33]            |            0.008306|             0.008137|           0.079112|         0.095555
33   |*c_reg[32]            |            0.008306|             0.008137|           0.079112|         0.095555
34   |*c_reg[31]            |            0.008302|             0.007853|           0.079112|         0.095268
35   |*c_reg[30]            |            0.008305|             0.008040|           0.079112|         0.095457
36   |*c_reg[29]            |            0.008304|             0.008033|           0.079112|         0.095450
37   |*c_reg[28]            |            0.008304|             0.007986|           0.079112|         0.095402
38   |*c_reg[27]            |            0.008305|             0.008127|           0.079112|         0.095545
39   |*c_reg[26]            |            0.008305|             0.008127|           0.079112|         0.095545
40   |*c_reg[25]            |            0.008302|             0.007844|           0.079112|         0.095258
41   |*c_reg[24]            |            0.008304|             0.008031|           0.079112|         0.095448
42   |*c_reg[23]            |            0.008304|             0.008024|           0.079112|         0.095440
43   |*c_reg[22]            |            0.008304|             0.007996|           0.079112|         0.095412
44   |*c_reg[21]            |            0.008305|             0.008118|           0.079112|         0.095536
45   |*c_reg[20]            |            0.008305|             0.008118|           0.079112|         0.095536
46   |*c_reg[19]            |            0.008302|             0.007834|           0.079112|         0.095249
47   |*c_reg[18]            |            0.008304|             0.008022|           0.079112|         0.095438
48   |*c_reg[17]            |            0.008304|             0.008014|           0.079112|         0.095431
49   |*c_reg[16]            |            0.008304|             0.008005|           0.079112|         0.095421
50   |*c_reg[15]            |            0.008305|             0.008109|           0.079112|         0.095526
51   |*c_reg[14]            |            0.008305|             0.008109|           0.079112|         0.095526
52   |*c_reg[13]            |            0.008302|             0.007825|           0.079112|         0.095239
53   |*c_reg[12]            |            0.008304|             0.008012|           0.079112|         0.095429
54   |*c_reg[11]            |            0.008305|             0.008099|           0.079112|         0.095517
55   |*c_reg[10]            |            0.008305|             0.008099|           0.079112|         0.095517
56   |*c_reg[9]             |            0.008302|             0.007815|           0.079112|         0.095230
57   |*c_reg[8]             |            0.008304|             0.008003|           0.079112|         0.095419
58   |*c_reg[7]             |            0.008305|             0.008090|           0.079112|         0.095507
59   |*c_reg[6]             |            0.008305|             0.008090|           0.079112|         0.095507
60   |*c_reg[5]             |            0.008302|             0.007806|           0.079112|         0.095220
61   |*c_reg[4]             |            0.008304|             0.007994|           0.079112|         0.095410
62   |*c_reg[3]             |            0.008305|             0.008081|           0.079112|         0.095498
63   |*c_reg[2]             |            0.008305|             0.008081|           0.079112|         0.095498
64   |*c_reg[1]             |            0.008302|             0.007809|           0.079112|         0.095223
65   |*c_reg[0]             |            0.008304|             0.007984|           0.079112|         0.095400
66   |*i_0_1                |           18.083828|            17.935736|           1.822795|        37.842361
67   |*i_0_3                |           18.091719|            18.115650|           1.822795|        38.030163
68   |*i_0_5                |           26.341347|            41.247478|           3.783296|        71.372124
69   |*i_0_6                |           22.136305|            11.219450|           2.406979|        35.762733
70   |*i_0_9                |           11.276405|            33.711983|           3.782933|        48.771320
71   |*SC_reg[6]            |            0.899615|             2.500404|           0.086213|         3.486232
72   |*SC_reg[5]            |            0.894340|             0.604701|           0.086213|         1.585253
73   |*SC_reg[4]            |            0.898421|             1.216081|           0.086213|         2.200715
74   |*SC_reg[3]            |            0.898443|             1.232497|           0.086213|         2.217153
75   |*SC_reg[2]            |            0.898194|             1.126934|           0.086213|         2.111341
76   |*SC_reg[1]            |            0.897934|             1.091662|           0.086213|         2.075809
77   |*SC_reg[0]            |            0.899376|             2.745153|           0.086213|         3.730742
78   |*A_reg[31]            |            0.895508|             0.762358|           0.086213|         1.744079
79   |*A_reg[30]            |            0.897132|             0.999927|           0.086213|         1.983271
80   |*A_reg[29]            |            0.899292|             2.695569|           0.086213|         3.681074
81   |*A_reg[28]            |            0.897937|             1.109693|           0.086213|         2.093843
82   |*A_reg[27]            |            0.899297|             2.695569|           0.086213|         3.681079
83   |*A_reg[26]            |            0.897937|             1.109693|           0.086213|         2.093843
84   |*A_reg[25]            |            0.899297|             2.695569|           0.086213|         3.681079
85   |*A_reg[24]            |            0.897937|             1.109693|           0.086213|         2.093843
86   |*A_reg[23]            |            0.899297|             2.695569|           0.086213|         3.681079
87   |*A_reg[22]            |            0.897937|             1.109693|           0.086213|         2.093843
88   |*A_reg[21]            |            0.899297|             2.695569|           0.086213|         3.681079
89   |*A_reg[20]            |            0.897937|             1.109693|           0.086213|         2.093843
90   |*A_reg[19]            |            0.899297|             2.695569|           0.086213|         3.681079
91   |*A_reg[18]            |            0.897937|             1.109693|           0.086213|         2.093843
92   |*A_reg[17]            |            0.899297|             2.695569|           0.086213|         3.681079
93   |*A_reg[16]            |            0.897937|             1.109693|           0.086213|         2.093843
94   |*A_reg[15]            |            0.899297|             2.695569|           0.086213|         3.681079
95   |*A_reg[14]            |            0.897937|             1.109693|           0.086213|         2.093843
96   |*A_reg[13]            |            0.899297|             2.695569|           0.086213|         3.681079
97   |*A_reg[12]            |            0.897937|             1.109693|           0.086213|         2.093843
98   |*A_reg[11]            |            0.899297|             2.695569|           0.086213|         3.681079
99   |*A_reg[10]            |            0.897937|             1.109693|           0.086213|         2.093843
100  |*A_reg[9]             |            0.899297|             2.695569|           0.086213|         3.681079
101  |*A_reg[8]             |            0.897937|             1.109693|           0.086213|         2.093843
102  |*A_reg[7]             |            0.899297|             2.695569|           0.086213|         3.681079
103  |*A_reg[6]             |            0.897937|             1.109693|           0.086213|         2.093843
104  |*A_reg[5]             |            0.899297|             2.695569|           0.086213|         3.681079
105  |*A_reg[4]             |            0.897937|             1.109693|           0.086213|         2.093843
106  |*A_reg[3]             |            0.899297|             2.695569|           0.086213|         3.681079
107  |*A_reg[2]             |            0.897937|             1.109693|           0.086213|         2.093843
108  |*A_reg[1]             |            0.899297|             2.695569|           0.086213|         3.681079
109  |*A_reg[0]             |            0.899553|             2.433059|           0.086213|         3.418825
110  |*multiplicand_reg[31] |            0.523190|             0.166469|           0.079112|         0.768771
111  |*multiplicand_reg[30] |            0.521159|             0.104720|           0.079112|         0.704991
112  |*multiplicand_reg[29] |            0.521159|             0.104720|           0.079112|         0.704991
113  |*multiplicand_reg[28] |            0.521159|             0.104720|           0.079112|         0.704991
114  |*multiplicand_reg[27] |            0.521159|             0.104720|           0.079112|         0.704991
115  |*multiplicand_reg[26] |            0.521159|             0.104720|           0.079112|         0.704991
116  |*multiplicand_reg[25] |            0.521159|             0.104720|           0.079112|         0.704991
117  |*multiplicand_reg[24] |            0.521159|             0.104720|           0.079112|         0.704991
118  |*multiplicand_reg[23] |            0.521159|             0.104720|           0.079112|         0.704991
119  |*multiplicand_reg[22] |            0.521159|             0.104720|           0.079112|         0.704991
120  |*multiplicand_reg[21] |            0.521159|             0.104720|           0.079112|         0.704991
121  |*multiplicand_reg[20] |            0.521159|             0.104720|           0.079112|         0.704991
122  |*multiplicand_reg[19] |            0.521159|             0.104720|           0.079112|         0.704991
123  |*multiplicand_reg[18] |            0.521159|             0.104720|           0.079112|         0.704991
124  |*multiplicand_reg[17] |            0.521159|             0.104720|           0.079112|         0.704991
125  |*multiplicand_reg[16] |            0.521159|             0.104720|           0.079112|         0.704991
126  |*multiplicand_reg[15] |            0.521159|             0.104720|           0.079112|         0.704991
127  |*multiplicand_reg[14] |            0.521159|             0.104720|           0.079112|         0.704991
128  |*multiplicand_reg[13] |            0.521159|             0.104720|           0.079112|         0.704991
129  |*multiplicand_reg[12] |            0.521159|             0.104720|           0.079112|         0.704991
130  |*multiplicand_reg[11] |            0.521159|             0.104720|           0.079112|         0.704991
131  |*multiplicand_reg[10] |            0.521159|             0.104720|           0.079112|         0.704991
132  |*multiplicand_reg[9]  |            0.521159|             0.104720|           0.079112|         0.704991
133  |*multiplicand_reg[8]  |            0.521159|             0.104720|           0.079112|         0.704991
134  |*multiplicand_reg[7]  |            0.521159|             0.104720|           0.079112|         0.704991
135  |*multiplicand_reg[6]  |            0.521159|             0.104720|           0.079112|         0.704991
136  |*multiplicand_reg[5]  |            0.521159|             0.104720|           0.079112|         0.704991
137  |*multiplicand_reg[4]  |            0.521159|             0.104720|           0.079112|         0.704991
138  |*multiplicand_reg[3]  |            0.521159|             0.104720|           0.079112|         0.704991
139  |*multiplicand_reg[2]  |            0.521159|             0.104720|           0.079112|         0.704991
140  |*multiplicand_reg[1]  |            0.521159|             0.104720|           0.079112|         0.704991
141  |*multiplicand_reg[0]  |            0.523190|             0.166469|           0.079112|         0.768771
142  |*Q_reg[32]            |            0.522796|             0.158301|           0.079112|         0.760210
143  |*Q_reg[31]            |            0.521159|             0.104720|           0.079112|         0.704991
144  |*Q_reg[30]            |            0.521159|             0.104720|           0.079112|         0.704991
145  |*Q_reg[29]            |            0.521159|             0.104720|           0.079112|         0.704991
146  |*Q_reg[28]            |            0.521159|             0.104720|           0.079112|         0.704991
147  |*Q_reg[27]            |            0.521159|             0.104720|           0.079112|         0.704991
148  |*Q_reg[26]            |            0.521159|             0.104720|           0.079112|         0.704991
149  |*Q_reg[25]            |            0.521159|             0.104720|           0.079112|         0.704991
150  |*Q_reg[24]            |            0.521159|             0.104720|           0.079112|         0.704991
151  |*Q_reg[23]            |            0.521159|             0.104720|           0.079112|         0.704991
152  |*Q_reg[22]            |            0.521159|             0.104720|           0.079112|         0.704991
153  |*Q_reg[21]            |            0.521159|             0.104720|           0.079112|         0.704991
154  |*Q_reg[20]            |            0.521159|             0.104720|           0.079112|         0.704991
155  |*Q_reg[19]            |            0.521159|             0.104720|           0.079112|         0.704991
156  |*Q_reg[18]            |            0.521159|             0.104720|           0.079112|         0.704991
157  |*Q_reg[17]            |            0.521159|             0.104720|           0.079112|         0.704991
158  |*Q_reg[16]            |            0.521159|             0.104720|           0.079112|         0.704991
159  |*Q_reg[15]            |            0.521159|             0.104720|           0.079112|         0.704991
160  |*Q_reg[14]            |            0.521159|             0.104720|           0.079112|         0.704991
161  |*Q_reg[13]            |            0.521159|             0.104720|           0.079112|         0.704991
162  |*Q_reg[12]            |            0.521159|             0.104720|           0.079112|         0.704991
163  |*Q_reg[11]            |            0.521159|             0.104720|           0.079112|         0.704991
164  |*Q_reg[10]            |            0.521159|             0.104720|           0.079112|         0.704991
165  |*Q_reg[9]             |            0.521159|             0.104720|           0.079112|         0.704991
166  |*Q_reg[8]             |            0.521159|             0.104720|           0.079112|         0.704991
167  |*Q_reg[7]             |            0.521159|             0.104720|           0.079112|         0.704991
168  |*Q_reg[6]             |            0.521159|             0.104720|           0.079112|         0.704991
169  |*Q_reg[5]             |            0.521159|             0.104720|           0.079112|         0.704991
170  |*Q_reg[4]             |            0.521159|             0.104720|           0.079112|         0.704991
171  |*Q_reg[3]             |            0.521159|             0.104720|           0.079112|         0.704991
172  |*Q_reg[2]             |            0.521159|             0.104720|           0.079112|         0.704991
173  |*Q_reg[1]             |            0.529514|             0.335542|           0.079112|         0.944168
174  |*Q_reg[0]             |            0.531708|             1.136988|           0.079112|         1.747808
175  |*out_sign_reg         |            0.527849|             0.263048|           0.079112|         0.870010
176  |*i_0_0_0              |            0.205195|            12.876898|           0.014353|        13.096446
177  |*clk_gate_out_sign_reg|            1.010997|             6.381218|           0.059138|         7.451353
178  |*i_0_2_0              |            0.826002|             0.511124|           0.061230|         1.398356
179  |*i_0_2_1              |            0.830408|             0.444638|           0.061230|         1.336276
180  |*i_0_2_2              |            0.759498|             0.359148|           0.061230|         1.179875
181  |*i_0_2_3              |            0.685799|             0.290422|           0.061230|         1.037450
182  |*i_0_2_4              |            0.629010|             0.503826|           0.061230|         1.194065
183  |*i_0_2_5              |            0.419197|             0.153223|           0.025066|         0.597486
184  |*i_0_2_6              |            0.440001|             0.160845|           0.025066|         0.625912
185  |*i_0_2_7              |            0.414429|             0.151476|           0.025066|         0.590972
186  |*i_0_2_8              |            0.380704|             0.139120|           0.025066|         0.544890
187  |*i_0_2_9              |            0.353379|             0.129109|           0.025066|         0.507554
188  |*i_0_2_10             |            0.469268|             0.125709|           0.041741|         0.636719
189  |*i_0_2_11             |            0.033726|             0.030066|           0.014353|         0.078145
190  |*i_0_2_12             |            0.077772|             0.542778|           0.047399|         0.667949
191  |*i_0_2_13             |            0.081619|             0.046152|           0.032612|         0.160383
192  |*i_0_2_14             |            0.083046|             0.046961|           0.032612|         0.162619
193  |*i_0_2_15             |            0.081821|             0.046267|           0.032612|         0.160699
194  |*i_0_2_16             |            0.074802|             0.042233|           0.032612|         0.149647
195  |*i_0_2_17             |            0.068881|             0.038830|           0.032612|         0.140322
196  |*i_0_2_18             |            0.063341|             0.035645|           0.032612|         0.131598
197  |*i_0_2_19             |            0.062033|             0.034894|           0.032612|         0.129539
198  |*i_0_2_20             |            0.060421|             0.033968|           0.032612|         0.127001
199  |*i_0_2_21             |            0.059214|             0.033274|           0.032612|         0.125100
200  |*i_0_2_22             |            0.058951|             0.033123|           0.032612|         0.124685
201  |*i_0_2_23             |            0.058656|             0.032953|           0.032612|         0.124221
202  |*i_0_2_24             |            0.058494|             0.032860|           0.032612|         0.123967
203  |*i_0_2_25             |            0.058407|             0.032810|           0.032612|         0.123829
204  |*i_0_2_26             |            0.058361|             0.032783|           0.032612|         0.123756
205  |*i_0_2_27             |            0.058329|             0.032765|           0.032612|         0.123707
206  |*i_0_2_28             |            0.058323|             0.032762|           0.032612|         0.123696
207  |*i_0_2_29             |            0.058316|             0.032758|           0.032612|         0.123686
208  |*i_0_2_30             |            0.058312|             0.032756|           0.032612|         0.123680
209  |*i_0_2_31             |            0.058311|             0.032755|           0.032612|         0.123677
210  |*i_0_2_32             |            0.058310|             0.032754|           0.032612|         0.123676
211  |*i_0_2_33             |            0.058309|             0.032754|           0.032612|         0.123675
212  |*i_0_2_34             |            0.058309|             0.032754|           0.032612|         0.123674
213  |*i_0_2_35             |            0.058309|             0.032754|           0.032612|         0.123674
214  |*i_0_2_36             |            0.058309|             0.032753|           0.032612|         0.123674
215  |*i_0_2_37             |            0.058309|             0.032753|           0.032612|         0.123674
216  |*i_0_2_38             |            0.058309|             0.032753|           0.032612|         0.123674
217  |*i_0_2_39             |            0.058309|             0.032753|           0.032612|         0.123674
218  |*i_0_2_40             |            0.058309|             0.032753|           0.032612|         0.123674
219  |*i_0_2_41             |            0.058309|             0.032753|           0.032612|         0.123674
220  |*i_0_2_42             |            0.225551|             0.128749|           0.032612|         0.386912
221  |*i_0_2_43             |            0.302904|             0.145756|           0.022619|         0.471280
222  |*i_0_2_44             |            0.143215|             0.295560|           0.017393|         0.456168
223  |*i_0_2_45             |            0.312073|             0.150026|           0.022619|         0.484719
224  |*i_0_2_46             |            0.156311|             0.315887|           0.017393|         0.489591
225  |*i_0_2_47             |            0.324461|             0.156006|           0.022619|         0.503086
226  |*i_0_2_48             |            0.168890|             0.341457|           0.017393|         0.527740
227  |*i_0_2_49             |            0.325859|             0.156681|           0.022619|         0.505160
228  |*i_0_2_50             |            0.166836|             0.344643|           0.017393|         0.528872
229  |*i_0_2_51             |            0.330576|             0.158958|           0.022619|         0.512154
230  |*i_0_2_52             |            0.171473|             0.354280|           0.017393|         0.543147
231  |*i_0_2_53             |            0.328687|             0.158046|           0.022619|         0.509353
232  |*i_0_2_54             |            0.169687|             0.350569|           0.017393|         0.537649
233  |*i_0_2_55             |            0.331752|             0.159526|           0.022619|         0.513898
234  |*i_0_2_56             |            0.176412|             0.356750|           0.017393|         0.550556
235  |*i_0_2_57             |            0.329211|             0.158300|           0.022619|         0.510131
236  |*i_0_2_58             |            0.173913|             0.351668|           0.017393|         0.542974
237  |*i_0_2_59             |            0.331965|             0.159629|           0.022619|         0.514213
238  |*i_0_2_60             |            0.172877|             0.357196|           0.017393|         0.547466
239  |*i_0_2_61             |            0.329305|             0.158345|           0.022619|         0.510269
240  |*i_0_2_62             |            0.170311|             0.351864|           0.017393|         0.539567
241  |*i_0_2_63             |            0.332003|             0.159647|           0.022619|         0.514269
242  |*i_0_2_64             |            0.176671|             0.357275|           0.017393|         0.551340
243  |*i_0_2_65             |            0.329321|             0.158353|           0.022619|         0.510293
244  |*i_0_2_66             |            0.170327|             0.351898|           0.017393|         0.539618
245  |*i_0_2_67             |            0.332009|             0.159650|           0.022619|         0.514279
246  |*i_0_2_68             |            0.176678|             0.357289|           0.017393|         0.551360
247  |*i_0_2_69             |            0.329324|             0.158354|           0.022619|         0.510298
248  |*i_0_2_70             |            0.164769|             0.351904|           0.017393|         0.534066
249  |*i_0_2_71             |            0.332011|             0.159651|           0.022619|         0.514281
250  |*i_0_2_72             |            0.176679|             0.357292|           0.017393|         0.551364
251  |*i_0_2_73             |            0.329325|             0.158354|           0.022619|         0.510299
252  |*i_0_2_74             |            0.174029|             0.351905|           0.017393|         0.543328
253  |*i_0_2_75             |            0.332011|             0.159651|           0.022619|         0.514281
254  |*i_0_2_76             |            0.176679|             0.357292|           0.017393|         0.551365
255  |*i_0_2_77             |            0.329325|             0.158354|           0.022619|         0.510299
256  |*i_0_2_78             |            0.174029|             0.351905|           0.017393|         0.543328
257  |*i_0_2_79             |            0.332011|             0.159651|           0.022619|         0.514281
258  |*i_0_2_80             |            0.172923|             0.357292|           0.017393|         0.547608
259  |*i_0_2_81             |            0.329325|             0.158354|           0.022619|         0.510299
260  |*i_0_2_82             |            0.170331|             0.351905|           0.017393|         0.539629
261  |*i_0_2_83             |            0.332011|             0.159651|           0.022619|         0.514281
262  |*i_0_2_84             |            0.172923|             0.357292|           0.017393|         0.547608
263  |*i_0_2_85             |            0.329325|             0.158354|           0.022619|         0.510299
264  |*i_0_2_86             |            0.174029|             0.351905|           0.017393|         0.543328
265  |*i_0_2_87             |            0.332011|             0.159651|           0.022619|         0.514281
266  |*i_0_2_88             |            0.172923|             0.357292|           0.017393|         0.547608
267  |*i_0_2_89             |            0.329325|             0.158354|           0.022619|         0.510299
268  |*i_0_2_90             |            0.170331|             0.351905|           0.017393|         0.539629
269  |*i_0_2_91             |            0.332011|             0.159651|           0.022619|         0.514281
270  |*i_0_2_92             |            0.172923|             0.357292|           0.017393|         0.547608
271  |*i_0_2_93             |            0.329325|             0.158354|           0.022619|         0.510299
272  |*i_0_2_94             |            0.174029|             0.351905|           0.017393|         0.543328
273  |*i_0_2_95             |            0.332011|             0.159651|           0.022619|         0.514281
274  |*i_0_2_96             |            0.167275|             0.357292|           0.017393|         0.541961
275  |*i_0_2_97             |            0.329325|             0.158354|           0.022619|         0.510299
276  |*i_0_2_98             |            0.174029|             0.351905|           0.017393|         0.543328
277  |*i_0_2_99             |            0.332011|             0.159651|           0.022619|         0.514281
278  |*i_0_2_100            |            0.172923|             0.357292|           0.017393|         0.547608
279  |*i_0_2_101            |            0.329325|             0.158354|           0.022619|         0.510299
280  |*i_0_2_102            |            0.170331|             0.351905|           0.017393|         0.539629
281  |*i_0_2_103            |            0.330589|             0.159000|           0.022619|         0.512208
282  |*i_0_2_104            |            0.175202|             0.354289|           0.017393|         0.546885
283  |*i_0_2_105            |            0.325229|             0.156378|           0.022619|         0.504226
284  |*i_0_2_106            |            0.166218|             0.343360|           0.017393|         0.526971
285  |*i_0_2_107            |            0.006395|             0.002146|           0.025066|         0.033607
286  |*i_0_2_108            |            0.004674|             1.238961|           0.014353|         1.257989
287  |*i_0_2_109            |            0.013198|             0.478763|           0.032601|         0.524562
288  |*i_0_2_110            |            0.177660|             0.301925|           0.017393|         0.496979
289  |*i_0_2_111            |            0.097360|             0.131633|           0.018105|         0.247098
290  |*i_0_2_112            |            0.119589|             0.556398|           0.014353|         0.690340
291  |*i_0_2_113            |            0.453880|             2.240318|           0.047399|         2.741597
292  |*i_0_2_114            |            0.127516|             1.447522|           0.014353|         1.589391
293  |*i_0_2_115            |            0.481457|             2.423682|           0.047399|         2.952537
294  |*i_0_2_116            |            0.129345|             1.076080|           0.014353|         1.219777
295  |*i_0_2_117            |            0.486822|             2.446523|           0.047399|         2.980744
296  |*i_0_2_118            |            0.133949|             0.753512|           0.014353|         0.901814
297  |*i_0_2_119            |            0.495687|             2.515632|           0.047399|         3.058719
298  |*i_0_2_120            |            0.130021|             2.525175|           0.014353|         2.669549
299  |*i_0_2_121            |            0.493419|             2.489017|           0.047399|         3.029834
300  |*i_0_2_122            |            0.135231|             0.629172|           0.014353|         0.778756
301  |*i_0_2_123            |            0.498404|             2.533342|           0.047399|         3.079145
302  |*i_0_2_124            |            0.131910|             1.134535|           0.014353|         1.280798
303  |*i_0_2_125            |            0.494641|             2.496904|           0.047399|         3.038943
304  |*i_0_2_126            |            0.135062|             0.760075|           0.014353|         0.909490
305  |*i_0_2_127            |            0.498896|             2.536544|           0.047399|         3.082839
306  |*i_0_2_128            |            0.130506|             2.534596|           0.014353|         2.679456
307  |*i_0_2_129            |            0.494859|             2.498304|           0.047399|         3.040562
308  |*i_0_2_130            |            0.134996|             0.796003|           0.014353|         0.945352
309  |*i_0_2_131            |            0.498984|             2.537112|           0.047399|         3.083495
310  |*i_0_2_132            |            0.130519|             2.534846|           0.014353|         2.679718
311  |*i_0_2_133            |            0.494897|             2.498550|           0.047399|         3.040846
312  |*i_0_2_134            |            0.134459|             0.997117|           0.014353|         1.145929
313  |*i_0_2_135            |            0.498999|             2.537211|           0.047399|         3.083609
314  |*i_0_2_136            |            0.133231|             0.678069|           0.014353|         0.825653
315  |*i_0_2_137            |            0.494904|             2.498594|           0.047399|         3.040896
316  |*i_0_2_138            |            0.135438|             0.630137|           0.014353|         0.779929
317  |*i_0_2_139            |            0.499002|             2.537228|           0.047399|         3.083629
318  |*i_0_2_140            |            0.133376|             0.620544|           0.014353|         0.768274
319  |*i_0_2_141            |            0.494905|             2.498601|           0.047399|         3.040906
320  |*i_0_2_142            |            0.135438|             0.630138|           0.014353|         0.779930
321  |*i_0_2_143            |            0.499002|             2.537232|           0.047399|         3.083633
322  |*i_0_2_144            |            0.131458|             1.492267|           0.014353|         1.638078
323  |*i_0_2_145            |            0.494906|             2.498603|           0.047399|         3.040907
324  |*i_0_2_146            |            0.134140|             1.115977|           0.014353|         1.264470
325  |*i_0_2_147            |            0.499003|             2.537232|           0.047399|         3.083633
326  |*i_0_2_148            |            0.133042|             0.748411|           0.014353|         0.895806
327  |*i_0_2_149            |            0.494906|             2.498603|           0.047399|         3.040907
328  |*i_0_2_150            |            0.132539|             2.574090|           0.014353|         2.720983
329  |*i_0_2_151            |            0.499003|             2.537232|           0.047399|         3.083633
330  |*i_0_2_152            |            0.131458|             1.492268|           0.014353|         1.638078
331  |*i_0_2_153            |            0.494906|             2.498603|           0.047399|         3.040907
332  |*i_0_2_154            |            0.134140|             1.115977|           0.014353|         1.264470
333  |*i_0_2_155            |            0.499003|             2.537232|           0.047399|         3.083633
334  |*i_0_2_156            |            0.133042|             0.748411|           0.014353|         0.895806
335  |*i_0_2_157            |            0.494906|             2.498603|           0.047399|         3.040907
336  |*i_0_2_158            |            0.132539|             2.574090|           0.014353|         2.720983
337  |*i_0_2_159            |            0.499003|             2.537232|           0.047399|         3.083633
338  |*i_0_2_160            |            0.132413|             0.981944|           0.014353|         1.128711
339  |*i_0_2_161            |            0.494906|             2.498603|           0.047399|         3.040907
340  |*i_0_2_162            |            0.135291|             0.688554|           0.014353|         0.838199
341  |*i_0_2_163            |            0.499003|             2.537232|           0.047399|         3.083633
342  |*i_0_2_164            |            0.132000|             1.135307|           0.014353|         1.281660
343  |*i_0_2_165            |            0.494906|             2.498603|           0.047399|         3.040907
344  |*i_0_2_166            |            0.135098|             0.760281|           0.014353|         0.909733
345  |*i_0_2_167            |            0.499003|             2.537232|           0.047399|         3.083633
346  |*i_0_2_168            |            0.130522|             2.534900|           0.014353|         2.679775
347  |*i_0_2_169            |            0.494906|             2.498603|           0.047399|         3.040907
348  |*i_0_2_170            |            0.133851|             0.789256|           0.014353|         0.937461
349  |*i_0_2_171            |            0.495158|             2.515609|           0.047399|         3.058166
350  |*i_0_2_172            |            0.127320|             2.472729|           0.014353|         2.614403
351  |*i_0_2_173            |            0.483453|             2.437323|           0.047399|         2.968175
352  |*i_0_2_174            |            0.038484|             0.281418|           0.014353|         0.334255
353  |*i_0_2_175            |            0.060272|             0.538927|           0.032612|         0.631811
354  |*i_0_2_176            |            0.033295|             0.294380|           0.014353|         0.342028
355  |*i_0_2_177            |            0.078141|             0.542778|           0.047399|         0.668318
356  |*i_0_2_178            |            0.033077|             0.733679|           0.014353|         0.781109
357  |*i_0_2_179            |            0.079014|             0.543742|           0.047399|         0.670155
358  |*i_0_2_180            |            0.033295|             0.294380|           0.014353|         0.342028
359  |*i_0_2_181            |            0.078141|             0.542778|           0.047399|         0.668318
360  |*i_0_2_182            |            0.033018|             0.732379|           0.014353|         0.779750
361  |*i_0_2_183            |            0.078141|             0.542778|           0.047399|         0.668318
362  |*i_0_2_184            |            0.033295|             0.294380|           0.014353|         0.342028
363  |*i_0_2_185            |            0.078141|             0.542778|           0.047399|         0.668318
364  |*i_0_2_186            |            0.033023|             0.732487|           0.014353|         0.779864
365  |*i_0_2_187            |            0.078226|             0.542859|           0.047399|         0.668483
366  |*i_0_2_188            |            0.033295|             0.294380|           0.014353|         0.342028
367  |*i_0_2_189            |            0.078141|             0.542778|           0.047399|         0.668318
368  |*i_0_2_190            |            0.033018|             0.732379|           0.014353|         0.779750
369  |*i_0_2_191            |            0.078141|             0.542778|           0.047399|         0.668318
370  |*i_0_2_192            |            0.033296|             0.294385|           0.014353|         0.342034
371  |*i_0_2_193            |            0.078164|             0.542788|           0.047399|         0.668351
372  |*i_0_2_194            |            0.033018|             0.732379|           0.014353|         0.779750
373  |*i_0_2_195            |            0.078141|             0.542778|           0.047399|         0.668318
374  |*i_0_2_196            |            0.033295|             0.294380|           0.014353|         0.342028
375  |*i_0_2_197            |            0.078142|             0.542778|           0.047399|         0.668319
376  |*i_0_2_198            |            0.033018|             0.732379|           0.014353|         0.779750
377  |*i_0_2_199            |            0.078141|             0.542778|           0.047399|         0.668318
378  |*i_0_2_200            |            0.033295|             0.294380|           0.014353|         0.342028
379  |*i_0_2_201            |            0.078142|             0.542778|           0.047399|         0.668319
380  |*i_0_2_202            |            0.033018|             0.732379|           0.014353|         0.779750
381  |*i_0_2_203            |            0.078142|             0.542778|           0.047399|         0.668319
382  |*i_0_2_204            |            0.033295|             0.294380|           0.014353|         0.342028
383  |*i_0_2_205            |            0.078141|             0.542778|           0.047399|         0.668318
384  |*i_0_2_206            |            0.033018|             0.732379|           0.014353|         0.779750
385  |*i_0_2_207            |            0.078155|             0.542778|           0.047399|         0.668332
386  |*i_0_2_208            |            0.033295|             0.294380|           0.014353|         0.342028
387  |*i_0_2_209            |            0.078141|             0.542778|           0.047399|         0.668318
388  |*i_0_2_210            |            0.033018|             0.732379|           0.014353|         0.779750
389  |*i_0_2_211            |            0.078141|             0.542778|           0.047399|         0.668318
390  |*i_0_2_212            |            0.033295|             0.294380|           0.014353|         0.342028
391  |*i_0_2_213            |            0.078142|             0.542778|           0.047399|         0.668319
392  |*i_0_2_214            |            0.033018|             0.732379|           0.014353|         0.779750
393  |*i_0_2_215            |            0.078142|             0.542778|           0.047399|         0.668319
394  |*i_0_2_216            |            0.033295|             0.294380|           0.014353|         0.342028
395  |*i_0_2_217            |            0.078142|             0.542778|           0.047399|         0.668319
396  |*i_0_2_218            |            0.033018|             0.732379|           0.014353|         0.779750
397  |*i_0_2_219            |            0.078141|             0.542778|           0.047399|         0.668318
398  |*i_0_2_220            |            0.033295|             0.294380|           0.014353|         0.342028
399  |*i_0_2_221            |            0.078141|             0.542778|           0.047399|         0.668318
400  |*i_0_2_222            |            0.033018|             0.732379|           0.014353|         0.779750
401  |*i_0_2_223            |            0.078142|             0.542778|           0.047399|         0.668319
402  |*i_0_2_224            |            0.033295|             0.294380|           0.014353|         0.342028
403  |*i_0_2_225            |            0.078142|             0.542778|           0.047399|         0.668319
404  |*i_0_2_226            |            0.033018|             0.732379|           0.014353|         0.779750
405  |*i_0_2_227            |            0.078141|             0.542778|           0.047399|         0.668318
406  |*i_0_2_228            |            0.033295|             0.294380|           0.014353|         0.342028
407  |*i_0_2_229            |            0.078155|             0.542778|           0.047399|         0.668332
408  |*i_0_2_230            |            0.033018|             0.732379|           0.014353|         0.779750
409  |*i_0_2_231            |            0.078141|             0.542778|           0.047399|         0.668318
410  |*i_0_2_232            |            0.033295|             0.294380|           0.014353|         0.342028
411  |*i_0_2_233            |            0.078142|             0.542778|           0.047399|         0.668319
412  |*i_0_2_234            |            0.032986|             0.657569|           0.014353|         0.704909
413  |*i_0_2_235            |            0.078142|             0.542778|           0.047399|         0.668319
414  |*i_0_2_236            |            0.040509|             0.180847|           0.014353|         0.235710
415  |*i_0_2_237            |            0.058330|             0.529788|           0.032612|         0.620729
416  |*i_0_2_238            |            0.003111|             0.162736|           0.021200|         0.187047
417  |*i_0_2_239            |            0.004355|             0.174684|           0.021200|         0.200239
418  |*i_0_2_240            |            0.008971|             0.023695|           0.014353|         0.047019
419  |*i_0_2_241            |            0.022282|             0.220421|           0.018127|         0.260830
420  |*i_0_2_242            |            0.240283|             0.210884|           0.026481|         0.477648
421  |*i_0_2_243            |            0.033305|             0.282957|           0.014353|         0.330615
422  |*i_0_2_244            |            0.078113|             0.542778|           0.047399|         0.668291
423  |*i_0_2_245            |            0.033671|             0.248371|           0.014353|         0.296395
424  |*i_0_2_246            |            0.079982|             0.632418|           0.047399|         0.759799
425  |*i_0_2_247            |            0.033808|             0.171650|           0.014353|         0.219811
426  |*i_0_2_248            |            0.079022|             0.631134|           0.047399|         0.757555
427  |*i_0_2_249            |            0.033844|             0.156782|           0.014353|         0.204980
428  |*i_0_2_250            |            0.079022|             0.631134|           0.047399|         0.757555
429  |*i_0_2_251            |            0.033844|             0.156782|           0.014353|         0.204980
430  |*i_0_2_252            |            0.079022|             0.631134|           0.047399|         0.757555
431  |*i_0_2_253            |            0.033606|             0.248527|           0.014353|         0.296486
432  |*i_0_2_254            |            0.079136|             0.631240|           0.047399|         0.757775
433  |*i_0_2_255            |            0.033808|             0.171463|           0.014353|         0.219624
434  |*i_0_2_256            |            0.079022|             0.631134|           0.047399|         0.757555
435  |*i_0_2_257            |            0.033844|             0.156782|           0.014353|         0.204980
436  |*i_0_2_258            |            0.079022|             0.631134|           0.047399|         0.757555
437  |*i_0_2_259            |            0.033601|             0.248490|           0.014353|         0.296445
438  |*i_0_2_260            |            0.079069|             0.631148|           0.047399|         0.757616
439  |*i_0_2_261            |            0.033808|             0.171463|           0.014353|         0.219624
440  |*i_0_2_262            |            0.079022|             0.631134|           0.047399|         0.757555
441  |*i_0_2_263            |            0.033736|             0.198238|           0.014353|         0.246327
442  |*i_0_2_264            |            0.079020|             0.631134|           0.047399|         0.757553
443  |*i_0_2_265            |            0.033119|             0.642521|           0.014353|         0.689993
444  |*i_0_2_266            |            0.079022|             0.631134|           0.047399|         0.757555
445  |*i_0_2_267            |            0.033736|             0.198238|           0.014353|         0.246327
446  |*i_0_2_268            |            0.079020|             0.631134|           0.047399|         0.757553
447  |*i_0_2_269            |            0.033119|             0.642521|           0.014353|         0.689993
448  |*i_0_2_270            |            0.079020|             0.631134|           0.047399|         0.757553
449  |*i_0_2_271            |            0.033601|             0.248485|           0.014353|         0.296439
450  |*i_0_2_272            |            0.079022|             0.631134|           0.047399|         0.757555
451  |*i_0_2_273            |            0.033808|             0.171463|           0.014353|         0.219624
452  |*i_0_2_274            |            0.079060|             0.631134|           0.047399|         0.757593
453  |*i_0_2_275            |            0.033844|             0.156782|           0.014353|         0.204980
454  |*i_0_2_276            |            0.079022|             0.631134|           0.047399|         0.757555
455  |*i_0_2_277            |            0.033844|             0.156782|           0.014353|         0.204980
456  |*i_0_2_278            |            0.079022|             0.631134|           0.047399|         0.757555
457  |*i_0_2_279            |            0.033357|             0.377950|           0.014353|         0.425661
458  |*i_0_2_280            |            0.079020|             0.631134|           0.047399|         0.757553
459  |*i_0_2_281            |            0.033521|             0.278220|           0.014353|         0.326094
460  |*i_0_2_282            |            0.079020|             0.631134|           0.047399|         0.757553
461  |*i_0_2_283            |            0.033760|             0.189315|           0.014353|         0.237428
462  |*i_0_2_284            |            0.079020|             0.631134|           0.047399|         0.757553
463  |*i_0_2_285            |            0.033119|             0.642521|           0.014353|         0.689993
464  |*i_0_2_286            |            0.079022|             0.631134|           0.047399|         0.757555
465  |*i_0_2_287            |            0.033844|             0.156782|           0.014353|         0.204980
466  |*i_0_2_288            |            0.079022|             0.631134|           0.047399|         0.757555
467  |*i_0_2_289            |            0.033357|             0.377950|           0.014353|         0.425661
468  |*i_0_2_290            |            0.079020|             0.631134|           0.047399|         0.757553
469  |*i_0_2_291            |            0.033521|             0.278220|           0.014353|         0.326094
470  |*i_0_2_292            |            0.079020|             0.631134|           0.047399|         0.757553
471  |*i_0_2_293            |            0.033760|             0.189315|           0.014353|         0.237428
472  |*i_0_2_294            |            0.079022|             0.631134|           0.047399|         0.757555
473  |*i_0_2_295            |            0.033119|             0.642521|           0.014353|         0.689993
474  |*i_0_2_296            |            0.079060|             0.631134|           0.047399|         0.757593
475  |*i_0_2_297            |            0.033844|             0.156782|           0.014353|         0.204980
476  |*i_0_2_298            |            0.079022|             0.631134|           0.047399|         0.757555
477  |*i_0_2_299            |            0.033357|             0.377950|           0.014353|         0.425661
478  |*i_0_2_300            |            0.079020|             0.631134|           0.047399|         0.757553
479  |*i_0_2_301            |            0.033521|             0.278220|           0.014353|         0.326094
480  |*i_0_2_302            |            0.079020|             0.631134|           0.047399|         0.757553
481  |*i_0_2_303            |            0.003069|             0.171591|           0.021200|         0.195859
482  |*i_0_2_304            |            0.135303|             0.774079|           0.014353|         0.923735
483  |*i_0_2_305            |            0.401543|             2.578235|           0.032612|         3.012391
484  |*i_0_2_306            |            0.008650|             0.177044|           0.025066|         0.210760
485  |*i_0_2_307            |            0.109391|             2.122245|           0.014353|         2.245990
486  |*i_0_2_308            |            0.429123|             2.094104|           0.047399|         2.570625
487  |*i_0_2_309            |            0.062750|             2.596045|           0.021200|         2.679994
488  |*i_0_2_310            |            0.066607|             1.942947|           0.027858|         2.037413
489  |*i_0_2_311            |            0.032844|             0.060818|           0.014353|         0.108015
490  |*i_0_2_312            |            0.060032|             0.626831|           0.032612|         0.719475
491  |*i_0_2_313            |            0.142471|             3.615216|           0.026832|         3.784519
492  |*i_0_2_314            |            0.009018|             0.089990|           0.014353|         0.113361
493  |*i_0_2_315            |            0.013351|             1.358688|           0.018105|         1.390144
494  |*i_0_2_316            |            0.161238|             0.950578|           0.021200|         1.133015
495  |*i_0_2_317            |            0.173576|             0.298788|           0.021200|         0.493563
496  |*i_0_2_318            |            0.148180|             0.235903|           0.026832|         0.410914
497  |*i_0_2_319            |            0.016378|             0.028293|           0.014353|         0.059024
498  |*i_0_2_320            |            0.082033|             0.131575|           0.014353|         0.227961
499  |*i_0_2_321            |            0.048968|             0.134121|           0.014353|         0.197442
500  |*i_0_2_322            |            0.082247|             0.131919|           0.014353|         0.228520
501  |*i_0_2_323            |            0.074805|             0.119982|           0.014353|         0.209141
502  |*i_0_2_324            |            0.068525|             0.109910|           0.014353|         0.192789
503  |*i_0_2_325            |            0.036692|             0.100497|           0.014353|         0.151543
504  |*i_0_2_326            |            0.061264|             0.098263|           0.014353|         0.173880
505  |*i_0_2_327            |            0.059555|             0.095522|           0.014353|         0.169430
506  |*i_0_2_328            |            0.034126|             0.093469|           0.014353|         0.141949
507  |*i_0_2_329            |            0.057995|             0.093020|           0.014353|         0.165369
508  |*i_0_2_330            |            0.056034|             0.092519|           0.014353|         0.162905
509  |*i_0_2_331            |            0.057511|             0.092244|           0.014353|         0.164109
510  |*i_0_2_332            |            0.055778|             0.092096|           0.014353|         0.162227
511  |*i_0_2_333            |            0.057369|             0.092017|           0.014353|         0.163739
512  |*i_0_2_334            |            0.033576|             0.091963|           0.014353|         0.139893
513  |*i_0_2_335            |            0.057329|             0.091952|           0.014353|         0.163635
514  |*i_0_2_336            |            0.057322|             0.091941|           0.014353|         0.163616
515  |*i_0_2_337            |            0.057318|             0.091935|           0.014353|         0.163606
516  |*i_0_2_338            |            0.055678|             0.091931|           0.014353|         0.161963
517  |*i_0_2_339            |            0.055677|             0.091930|           0.014353|         0.161960
518  |*i_0_2_340            |            0.055676|             0.091929|           0.014353|         0.161959
519  |*i_0_2_341            |            0.057314|             0.091929|           0.014353|         0.163596
520  |*i_0_2_342            |            0.057314|             0.091928|           0.014353|         0.163596
521  |*i_0_2_343            |            0.055676|             0.091928|           0.014353|         0.161957
522  |*i_0_2_344            |            0.055676|             0.091928|           0.014353|         0.161957
523  |*i_0_2_345            |            0.055676|             0.091928|           0.014353|         0.161957
524  |*i_0_2_346            |            0.057314|             0.091928|           0.014353|         0.163596
525  |*i_0_2_347            |            0.057314|             0.091928|           0.014353|         0.163595
526  |*i_0_2_348            |            0.055676|             0.091928|           0.014353|         0.161957
527  |*i_0_2_349            |            0.227650|             0.375880|           0.014353|         0.617883
528  |*i_0_2_350            |            0.250660|             1.084803|           0.014353|         1.349816
529  |*i_0_2_351            |            0.059092|             0.156785|           0.014353|         0.230230
530  |*i_0_2_352            |            0.118549|             0.450117|           0.014353|         0.583020
531  |*i_0_2_353            |            0.118836|             0.206986|           0.014353|         0.340175
532  |                      |                    |                     |                   |                 
533  |*TOTAL                |          222.814331|           447.422638|          36.996147|       707.233093
-----+----------------------+--------------------+---------------------+-------------------+-----------------
