Report Physical info: 
------------------------+-------------+-----------+------------
                        |             |Area (squm)|Leakage (uW)
------------------------+-------------+-----------+------------
Design Name             |simpleAdder  |           |            
  Total Instances       |           32|        135|       2.410
    Macros              |            0|          0|       0.000
    Pads                |            0|          0|       0.000
    Phys                |            0|          0|       0.000
    Blackboxes          |            0|          0|       0.000
    Cells               |           32|        135|       2.410
      Buffers           |            0|          0|       0.000
      Inverters         |            0|          0|       0.000
      Clock-Gates       |            0|          0|       0.000
      Combinational     |           32|        135|       2.410
      Latches           |            0|          0|       0.000
      FlipFlops         |            0|          0|       0.000
       Single-Bit FF    |            0|          0|       0.000
       Multi-Bit FF     |            0|          0|       0.000
       Clock-Gated      |            0|           |            
       Bits             |            0|          0|       0.000
         Load-Enabled   |            0|           |            
         Clock-Gated    |            0|           |            
  Tristate Pin Count    |            0|           |            
Physical Info           |Placed       |           |            
  Chip Size (mm x mm)   |0.075 x 0.075|       5621|            
  Fixed Cell Area       |             |          0|            
    Phys Only           |            0|          0|            
  Placeable Area        |             |        207|            
  Movable Cell Area     |             |        135|            
  Utilization (%)       |           64|           |            
  Chip Utilization (%)  |           64|           |            
  Total Wire Length (mm)|        3.793|           |            
  Longest Wire (mm)     |        0.041|           |            
  Average Wire (mm)     |        0.039|           |            
------------------------+-------------+-----------+------------
