LVS verification progress:
Preparing nets ...
Processing nets: 10% 20% 30% 40% 50% 60% 70% 80% 90% 100% 

info Set 'max_open' and 'total_open' attributes for '521' open nets

Report 'report_lvs': Detail Routing LVS Report
Generated on Sun Dec 4 16:49:08 2022
  
--------------------------------------------------------------------------------
|                    LVS detail routing verification report                    |
|------------------------------------------------------------------------------|
|                   | Total nets Open nets Open Float Tail Loop Pillar Warning | 
|------------------------------------------------------------------------------|
| Signal nets       | 521        521       1070 0     0    0    -      -       | 
| Logic nets        | 2          1         4    0     0    0    -      -       | 
| Shield nets       | 0          0         0    0     0    0    -      -       | 
| Power/Ground nets | -          -         -    -     -    -    -      -       | 
| DontRoute nets    | 5          0         0    0     0    0    -      -       | 
--------------------------------------------------------------------------------


  
---------------------------------------------------------------------------
|                 LVS open distance distribution (micron)                 |
|-------------------------------------------------------------------------|
|        | Total: 2648.57 3.62  7.25  10.87 14.49 18.12 21.74 28.98 36.23 | 
|-------------------------------------------------------------------------|
| % open | 100            79.44 15.42 3.64  0.84  0.28  0.19  0.09  0.09  | 
| # open | 1070           850   165   39    9     3     2     1     1     | 
---------------------------------------------------------------------------


info UI33: performed LVS verification for 0 sec (CPU time: 0 sec; MEM: RSS - 267M, CVMEM - 1690M, PVMEM - 1870M)
info DRC201: Only violations caused by detail_route shapes are being checked.
DRC verification progress:
Processing metal1: 50% 100% 
Processing metal2: 100% 
Processing metal3: 50% 100% 
Processing metal4: 100% 
Processing metal5: 100% 
Processing metal6: 100% 
Processing metal7: 100% 
Processing metal8: 100% 
Processing metal9: 100% 
Processing metal10: 100% 

Report 'report_drc': Report Drc
Generated on Sun Dec 4 16:49:08 2022
  
--------------------------------------------------------------------------------------------------------
|                                       DRC verification report                                        |
|------------------------------------------------------------------------------------------------------|
|                       | TOTAL metal1 metal2 metal3 metal4 metal5 metal6 metal7 metal8 metal9 metal10 | 
|------------------------------------------------------------------------------------------------------|
| Grid                  | 0     0      0      0      0      0      0      0      0      0      0       | 
| Width                 | 0     0      0      0      0      0      0      0      0      0      0       | 
| Minimum samenet space | 0     0      0      0      0      0      0      0      0      0      0       | 
| Fat samenet space     | 0     -      0      0      0      0      0      0      0      0      0       | 
| Minimum diffnet space | 0     0      0      0      0      0      0      0      0      0      0       | 
| Fat diffnet space     | 0     -      0      0      0      0      0      0      0      0      0       | 
| Diffnet short         | 0     0      0      0      0      0      0      0      0      0      0       | 
| Prohibited routing    | 0     0      0      0      0      0      0      0      0      0      0       | 
|                       | TOTAL CO     via1   via2   via3   via4   via5   via6   via7   via8   via9    | 
| Grid                  | 0     0      0      0      0      0      0      0      0      0      0       | 
| Size                  | 0     -      0      0      0      0      0      0      0      0      0       | 
| Minimum space         | 0     0      0      0      0      0      0      0      0      0      0       | 
--------------------------------------------------------------------------------------------------------


info UI33: performed DRC verification for 0 sec (CPU time: 0 sec; MEM: RSS - 267M, CVMEM - 1690M, PVMEM - 1870M)
info CHK10: Checking placement...
info Found 471 movable and 36 fixed cells in partition integrationMult
info DP136: Found 0 moveable cells and 0 fixed cells to be illegal.
Checking boundary overlap with partition: integrationMult; Nmacros=0; overlaps=0 : fpan/mcplace/mcpController.cpp@3946
info Report for partition integrationMult:
--------------------------------------------------------------------------------------------------------
|                                           Placement Errors                                           |
|------------------------------------------------------------------------------------------------------|
| Name                   Count Status Description                                                      | 
|------------------------------------------------------------------------------------------------------|
| not_placed             0     Passed Cell is not placed                                               | 
| macro_not_fixed        0     Passed Macro cell is not fixed                                          | 
| cannot_be_legalized    0     Passed Cell can't be legalized                                          | 
| outside_region         0     Passed Cell is placed outside of its hard region or inside a prohibited | 
|                                     hard region                                                      | 
| outside_partition      0     Passed Cell is placed outside partition                                 | 
| close_to_boundary      0     Passed Cell is close to partition boundary                              | 
| close_to_macro         0     Passed Cell is close to macro blockages                                 | 
| macro_overlap          0     Passed Macros are overlapping each other                                | 
| macro_boundary_overlap 0     Passed Macros are overlapping boundary                                  | 
--------------------------------------------------------------------------------------------------------


info UI33: performed placement checks for 0 sec (CPU time: 0 sec; MEM: RSS - 267M, CVMEM - 1690M, PVMEM - 1870M)
info running report region utilization in global placement context: 
    - utilization = (mobile_cell_area/(row_area - obstruction_area)).
    - obstruction area include hard and soft blockages, fixed std cells, fixed macros and pads.
    - by default, cell area include all bloats associated with the cells. 


info  report_region_utilization is restricted to regions with property member_hard set to TRUE. 
Report 'Region_Utilization': Region Utilization Report
Generated on Sun Dec 4 16:49:08 2022
  
------------------------------------------------------------------------------------------------------------------
|                                           Report Region Utilization                                            |
|----------------------------------------------------------------------------------------------------------------|
|   | Partition/Region MH NMH Cell Area Placeable Area Useable Area Placer Utilization(%) Silicon Utilization(%) | 
|----------------------------------------------------------------------------------------------------------------|
| 0 | integrationMult  -  -   440.496   896.686        440.496      49.1249               49.7                   | 
------------------------------------------------------------------------------------------------------------------


info UI33: performed report region utilization for 0 sec (CPU time: 0 sec; MEM: RSS - 267M, CVMEM - 1690M, PVMEM - 1870M)
