Report 'report_power_summary': Power
Generated on Sun Dec 4 16:49:08 2022
  
--------------------------------------------------------------------------
|                        Power Summary (nanowatt)                        |
|------------------------------------------------------------------------|
| Component          Internal Switching  Dynamic Leakage  Total  Percent | 
|------------------------------------------------------------------------|
| Entire design        556004    408019   964023   13743  977765  100.00 | 
|                                                                        | 
| Power of all cells   556004    300039   856043   13743  869785   88.96 | 
|   Clock cells         66080      8771    74851     228   75079    7.68 | 
|   Data cells         489924    291268   781192   13514  794706   81.28 | 
|     Combinational    225190    261405   486595   11017  497612   50.89 | 
|     Registers        264642     29863   294506    2497  297003   30.38 | 
|     Macros                0         0        0       0       0    0.00 | 
|     Physical              0         0        0       0       0    0.00 | 
|                                                                        | 
| Power of all nets              107980   107980          107980   11.04 | 
|   Clock nets                    29048    29048           29048    2.97 | 
|     Clock leaves                18831    18831           18831    1.93 | 
|   Data nets                     78932    78932           78932    8.07 | 
--------------------------------------------------------------------------


info UI33: performed report_power_summary for 0 sec (CPU time: 0 sec; MEM: RSS - 267M, CVMEM - 1690M, PVMEM - 1870M)
-----------------------------------------------------------------------------------------------------------------------------------------------
| Corner     Enable Setup Hold  CRPR       SI   Power            EM   Voltage Drop DRC        Process                    RC Temp Scale Factor | 
|---------------------------------------------------------------------------------------------------------------------------------------------|
| slow       false  true  false setup_hold none leakage          none none         trans, cap new_rcmaster_techFreePDK45 25      1            | 
| fast       false  false false setup_hold none leakage          none none         trans, cap new_rcmaster_techFreePDK45 25      1            | 
| corner_0_0 true   true  true  setup_hold none leakage, dynamic none none         trans, cap new_rcmaster_techFreePDK45 25      1            | 
-----------------------------------------------------------------------------------------------------------------------------------------------


