Report 'report_power_summary': Power
Generated on Sun Dec 4 16:56:31 2022
  
--------------------------------------------------------------------------
|                        Power Summary (nanowatt)                        |
|------------------------------------------------------------------------|
| Component          Internal Switching  Dynamic Leakage  Total  Percent | 
|------------------------------------------------------------------------|
| Entire design        554066    381503   935569   13743  949311  100.00 | 
|                                                                        | 
| Power of all cells   554066    300039   854104   13743  867847   91.42 | 
|   Clock cells         31446      8771    40217     244   40461    4.26 | 
|   Data cells         488046    291268   779314   13514  792829   83.52 | 
|     Combinational         0         0        0    5460    5460    0.58 | 
|     Registers             0         0        0    2532    2532    0.27 | 
|     Macros                0         0        0       0       0    0.00 | 
|     Physical              0         0        0       0       0    0.00 | 
|                                                                        | 
| Power of all nets               81464    81464           81464    8.58 | 
|   Clock nets                    16831    16831           16831    1.77 | 
|     Clock leaves                    0        0               0    0.00 | 
|   Data nets                     64633    64633           64633    6.81 | 
--------------------------------------------------------------------------


info UI33: performed report_power_summary for 0 sec (CPU time: 0 sec; MEM: RSS - 352M, CVMEM - 1691M, PVMEM - 1870M)
------------------------------------------------------------------------------------------------------------------------------------------------
| Corner     Enable Setup Hold  CRPR       SI    Power            EM   Voltage Drop DRC        Process                    RC Temp Scale Factor | 
|----------------------------------------------------------------------------------------------------------------------------------------------|
| slow       false  true  false setup_hold none  leakage          none none         trans, cap new_rcmaster_techFreePDK45 25      1            | 
| fast       false  false false setup_hold none  leakage          none none         trans, cap new_rcmaster_techFreePDK45 25      1            | 
| corner_0_0 true   true  true  setup_hold delay leakage, dynamic none none         trans, cap new_rcmaster_techFreePDK45 25      1            | 
------------------------------------------------------------------------------------------------------------------------------------------------


Report 'report_power_summary': Power
Generated on Sun Dec 4 17:25:22 2022
  
--------------------------------------------------------------------------
|                        Power Summary (nanowatt)                        |
|------------------------------------------------------------------------|
| Component          Internal Switching  Dynamic Leakage  Total  Percent | 
|------------------------------------------------------------------------|
| Entire design        554066    381503   935569   13743  949311  100.00 | 
|                                                                        | 
| Power of all cells   554066    300039   854104   13743  867847   91.42 | 
|   Clock cells         66019      8771    74790     228   75019    7.90 | 
|   Data cells         488046    291268   779314   13514  792829   83.52 | 
|     Combinational    224697    261405   486102   11017  497119   52.37 | 
|     Registers        263242     29863   293105    2497  295602   31.14 | 
|     Macros                0         0        0       0       0    0.00 | 
|     Physical              0         0        0       0       0    0.00 | 
|                                                                        | 
| Power of all nets               81464    81464           81464    8.58 | 
|   Clock nets                    16831    16831           16831    1.77 | 
|     Clock leaves                10413    10413           10413    1.10 | 
|   Data nets                     64633    64633           64633    6.81 | 
--------------------------------------------------------------------------


info UI33: performed report_power_summary for 0 sec (CPU time: 0 sec; MEM: RSS - 274M, CVMEM - 874M, PVMEM - 904M)
------------------------------------------------------------------------------------------------------------------------------------------------
| Corner     Enable Setup Hold  CRPR       SI    Power            EM   Voltage Drop DRC        Process                    RC Temp Scale Factor | 
|----------------------------------------------------------------------------------------------------------------------------------------------|
| slow       false  true  false setup_hold none  leakage          none none         trans, cap new_rcmaster_techFreePDK45 25      1            | 
| fast       false  false false setup_hold none  leakage          none none         trans, cap new_rcmaster_techFreePDK45 25      1            | 
| corner_0_0 true   true  true  setup_hold delay leakage, dynamic none none         trans, cap new_rcmaster_techFreePDK45 25      1            | 
------------------------------------------------------------------------------------------------------------------------------------------------


