Report 'report_mcmm_variation': MCMM Variation
Generated on Sun Dec 4 16:47:58 2022
  
---------------------------------------------------------------
| MCMM variability report for design 'integrationMult' (nano) |
|-------------------------------------------------------------|
| MODE CORNER WNS TNS #Endpts WHS THS #Endpts                 | 
---------------------------------------------------------------


info UI33: performed report_mcmm_variation for 0 sec (CPU time: 0 sec; MEM: RSS - 255M, CVMEM - 1690M, PVMEM - 1870M)
Report 'report_path_group': Path Group
Generated on Sun Dec 4 16:47:58 2022
  
-------------------------------------------------------------------------------------------
|                               PATH GROUPS (SETUP) (nano)                                |
|-----------------------------------------------------------------------------------------|
| QOR Weight Margin TNS Range Endpoints Violating Endpoints Violating Endpoints % WNS TNS | 
-------------------------------------------------------------------------------------------


info UI33: performed report_path_group for 0 sec (CPU time: 0 sec; MEM: RSS - 255M, CVMEM - 1690M, PVMEM - 1870M)
SLACK HISTOGRAM
---------------
Select : SELECT_LATE

---------------------------------------------
| Slack           # End Pts Total # End Pts | 
|-------------------------------------------|
| 0.0000 - 0.7490 36        36              | 
| 0.7500 - 1.4990 16        52              | 
---------------------------------------------


info UI33: performed report_slack_histogram for 0 sec (CPU time: 0 sec; MEM: RSS - 255M, CVMEM - 1690M, PVMEM - 1870M)
Report 'report_path_group': Path Group
Generated on Sun Dec 4 16:47:58 2022
  
-------------------------------------------------------------------------------------------
|                                PATH GROUPS (HOLD) (nano)                                |
|-----------------------------------------------------------------------------------------|
| QOR Weight Margin TNS Range Endpoints Violating Endpoints Violating Endpoints % WNS TNS | 
-------------------------------------------------------------------------------------------


info UI33: performed report_path_group for 0 sec (CPU time: 0 sec; MEM: RSS - 255M, CVMEM - 1690M, PVMEM - 1870M)
SLACK HISTOGRAM
---------------
Select : SELECT_EARLY

---------------------------------------------
| Slack           # End Pts Total # End Pts | 
|-------------------------------------------|
| 0.0000 - 0.4990 52        52              | 
---------------------------------------------


info UI33: performed report_slack_histogram for 0 sec (CPU time: 0 sec; MEM: RSS - 255M, CVMEM - 1690M, PVMEM - 1870M)
