Report End Points: 
-----+-------+------+-------+-----+-----+-----+-----+-----------+---------
     |Group  |Launch|Capture|Shift|Delay|Depth|Slack|Begin Point|End Point
-----+-------+------+-------+-----+-----+-----+-----+-----------+---------
1    |default|      |       |     |     |     |     |           |         
-----+-------+------+-------+-----+-----+-----+-----+-----------+---------
Report End Points: 
-----+-----+------+-------+-----+-----+-----+-----+-----------+---------
     |Group|Launch|Capture|Shift|Delay|Depth|Slack|Begin Point|End Point
-----+-----+------+-------+-----+-----+-----+-----+-----------+---------
1    |I2R  |      |       |     |     |     |     |           |         
-----+-----+------+-------+-----+-----+-----+-----+-----------+---------
Report End Points: 
-----+-----+-------+-------+-------+------+-----+-------+-----------+---------
     |Group|Launch |Capture|Shift  |Delay |Depth|Slack  |Begin Point|End Point
-----+-----+-------+-------+-------+------+-----+-------+-----------+---------
1    |I2O  |vsysclk|vsysclk|20000.0|1887.1|   49|16612.9|in1[0]     |sum[31]  
2    |I2O  |vsysclk|vsysclk|20000.0|1834.0|   49|16666.0|in1[0]     |cout     
3    |I2O  |vsysclk|vsysclk|20000.0|1809.8|   47|16690.2|in1[0]     |sum[30]  
4    |I2O  |vsysclk|vsysclk|20000.0|1733.3|   45|16766.7|in1[0]     |sum[29]  
5    |I2O  |vsysclk|vsysclk|20000.0|1670.8|   44|16829.2|in1[0]     |sum[28]  
6    |I2O  |vsysclk|vsysclk|20000.0|1666.3|   43|16833.7|in1[0]     |sum[27]  
7    |I2O  |vsysclk|vsysclk|20000.0|1589.1|   41|16910.9|in1[0]     |sum[26]  
8    |I2O  |vsysclk|vsysclk|20000.0|1512.6|   39|16987.4|in1[0]     |sum[25]  
9    |I2O  |vsysclk|vsysclk|20000.0|1450.1|   38|17049.9|in1[0]     |sum[24]  
10   |I2O  |vsysclk|vsysclk|20000.0|1445.6|   37|17054.4|in1[0]     |sum[23]  
11   |I2O  |vsysclk|vsysclk|20000.0|1368.4|   35|17131.6|in1[0]     |sum[22]  
12   |I2O  |vsysclk|vsysclk|20000.0|1291.9|   33|17208.1|in1[0]     |sum[21]  
13   |I2O  |vsysclk|vsysclk|20000.0|1229.4|   32|17270.6|in1[0]     |sum[20]  
14   |I2O  |vsysclk|vsysclk|20000.0|1224.9|   31|17275.1|in1[0]     |sum[19]  
15   |I2O  |vsysclk|vsysclk|20000.0|1147.7|   29|17352.3|in1[0]     |sum[18]  
16   |I2O  |vsysclk|vsysclk|20000.0|1071.2|   27|17428.8|in1[0]     |sum[17]  
17   |I2O  |vsysclk|vsysclk|20000.0|1008.7|   26|17491.3|in1[0]     |sum[16]  
18   |I2O  |vsysclk|vsysclk|20000.0|1004.2|   25|17495.8|in1[0]     |sum[15]  
19   |I2O  |vsysclk|vsysclk|20000.0| 927.0|   23|17573.0|in1[0]     |sum[14]  
20   |I2O  |vsysclk|vsysclk|20000.0| 850.5|   21|17649.5|in1[0]     |sum[13]  
21   |I2O  |vsysclk|vsysclk|20000.0| 787.9|   20|17712.1|in1[0]     |sum[12]  
22   |I2O  |vsysclk|vsysclk|20000.0| 783.5|   19|17716.5|in1[0]     |sum[11]  
23   |I2O  |vsysclk|vsysclk|20000.0| 706.3|   17|17793.7|in1[0]     |sum[10]  
24   |I2O  |vsysclk|vsysclk|20000.0| 629.8|   15|17870.2|in1[0]     |sum[9]   
25   |I2O  |vsysclk|vsysclk|20000.0| 567.2|   14|17932.8|in1[0]     |sum[8]   
26   |I2O  |vsysclk|vsysclk|20000.0| 562.7|   13|17937.3|in1[0]     |sum[7]   
27   |I2O  |vsysclk|vsysclk|20000.0| 485.6|   11|18014.4|in1[0]     |sum[6]   
28   |I2O  |vsysclk|vsysclk|20000.0| 409.1|    9|18090.9|in1[0]     |sum[5]   
29   |I2O  |vsysclk|vsysclk|20000.0| 346.5|    8|18153.5|in1[0]     |sum[4]   
30   |I2O  |vsysclk|vsysclk|20000.0| 342.0|    7|18158.0|in1[0]     |sum[3]   
31   |I2O  |vsysclk|vsysclk|20000.0| 264.9|    5|18235.1|in1[0]     |sum[2]   
32   |I2O  |vsysclk|vsysclk|20000.0| 188.4|    3|18311.6|in1[0]     |sum[1]   
33   |I2O  |vsysclk|vsysclk|20000.0| 136.4|    2|18363.6|in2[0]     |sum[0]   
-----+-----+-------+-------+-------+------+-----+-------+-----------+---------
Report End Points: 
-----+-----+------+-------+-----+-----+-----+-----+-----------+---------
     |Group|Launch|Capture|Shift|Delay|Depth|Slack|Begin Point|End Point
-----+-----+------+-------+-----+-----+-----+-----+-----------+---------
1    |R2O  |      |       |     |     |     |     |           |         
-----+-----+------+-------+-----+-----+-----+-----+-----------+---------
