Report End Points: 
-----+-------+------+-------+-----+-----+-----+-----+-----------+---------
     |Group  |Launch|Capture|Shift|Delay|Depth|Slack|Begin Point|End Point
-----+-------+------+-------+-----+-----+-----+-----+-----------+---------
1    |default|      |       |     |     |     |     |           |         
-----+-------+------+-------+-----+-----+-----+-----+-----------+---------
Report End Points: 
-----+-----+-------+-------+-------+------+-----+------+-----------+-----------------
     |Group|Launch |Capture|Shift  |Delay |Depth|Slack |Begin Point|End Point        
-----+-----+-------+-------+-------+------+-----+------+-----------+-----------------
1    |I2R  |vsysclk|vsysclk|10000.0|4275.7|  127|5684.9|in2[1]     |REG/out_reg[64]/D
2    |I2R  |vsysclk|vsysclk|10000.0|4245.6|  125|5717.5|in2[1]     |REG/out_reg[63]/D
3    |I2R  |vsysclk|vsysclk|10000.0|4178.5|  123|5784.6|in2[1]     |REG/out_reg[62]/D
-----+-----+-------+-------+-------+------+-----+------+-----------+-----------------
Report End Points: 
-----+-----+------+-------+-----+-----+-----+-----+-----------+---------
     |Group|Launch|Capture|Shift|Delay|Depth|Slack|Begin Point|End Point
-----+-----+------+-------+-----+-----+-----+-----+-----------+---------
1    |I2O  |      |       |     |     |     |     |           |         
-----+-----+------+-------+-----+-----+-----+-----+-----------+---------
Report End Points: 
-----+-----+-------+-------+-------+-----+-----+------+-------------+---------
     |Group|Launch |Capture|Shift  |Delay|Depth|Slack |Begin Point  |End Point
-----+-----+-------+-------+-------+-----+-----+------+-------------+---------
1    |R2O  |vsysclk|vsysclk|10000.0|161.8|    2|9722.5|REG/i_0_195/Q|out[22]  
2    |R2O  |vsysclk|vsysclk|10000.0|161.7|    2|9722.6|REG/i_0_195/Q|out[64]  
3    |R2O  |vsysclk|vsysclk|10000.0|161.7|    2|9722.6|REG/i_0_195/Q|out[60]  
-----+-----+-------+-------+-------+-----+-----+------+-------------+---------
