Report for group default
Report for group I2R
------------------------------------------------------------------------------------------------------------------------------------------------------------
Startpoint: in2[1]
    (Clocked by vsysclk R)
Endpoint: REG/out_reg[64]/D
    (Clocked by vsysclk R)
Path Group: I2R
Data required time: 9961.6
    (Clock shift: 10000.0, minus Uncertainty: 0.0, plus Latency 0.0, minus Setup time: 38.4)
Data arrival time: 4276.7
Slack: 5684.9
Logic depth: 127
------------------------------------------------------------------------------------------------------------------------------------------------------------
                                                     Arrival               Arc      Net               Net    Total   fan-                                   
Path                     Module/Cell           Edge     Time    Delay    Delay    Delay     Slew     Load     Load    out     Location Power Domain      (V)
                                                        (ps)     (ps)     (ps)     (ps)     (ps)     (ff)     (ff)    (#)      (um,um)                      
------------------------------------------------------------------------------------------------------------------------------------------------------------
in2[1]                   {set_input_delay}        r      1.0      1.0      1.0                        2.3      5.5      1     0,   41                       
addr/i_0/i_1/A->S        HA_X1                   rf     48.1     47.1     46.9      0.2     78.1      0.6      8.3      2    40,   41  /PD_TOP        (1.10)
addr/i_0/i_252/B2->ZN    AOI21_X4*               fr    114.3     66.2     66.2      0.0     18.8      0.6     29.7      2    40,   41  /PD_TOP        (1.10)
addr/i_0/i_251/A->ZN     INV_X8                  rf    121.3      7.0      7.0      0.0     15.3      0.3      4.5      1    40,   41  /PD_TOP        (1.10)
addr/i_0/i_250/B2->ZN    AOI21_X4*               fr    181.4     60.1     60.1      0.0      3.5      0.6     29.7      2    40,   41  /PD_TOP        (1.10)
addr/i_0/i_248/A->ZN     INV_X8                  rf    188.4      7.0      7.0      0.0     15.3      0.3      4.5      1    40,   41  /PD_TOP        (1.10)
addr/i_0/i_247/B2->ZN    AOI21_X4*               fr    248.5     60.1     60.1      0.0      3.5      0.6     29.7      2    40,   41  /PD_TOP        (1.10)
addr/i_0/i_246/A->ZN     INV_X8                  rf    255.5      7.0      7.0      0.0     15.3      0.3      4.5      1    40,   41  /PD_TOP        (1.10)
addr/i_0/i_244/B2->ZN    AOI21_X4*               fr    315.6     60.1     60.1      0.0      3.5      0.6     29.7      2    40,   41  /PD_TOP        (1.10)
addr/i_0/i_243/A->ZN     INV_X8                  rf    322.6      7.0      7.0      0.0     15.3      0.3      4.5      1    40,   41  /PD_TOP        (1.10)
addr/i_0/i_242/B2->ZN    AOI21_X4*               fr    382.7     60.1     60.1      0.0      3.5      0.6     29.7      2    40,   41  /PD_TOP        (1.10)
addr/i_0/i_240/A->ZN     INV_X8                  rf    389.7      7.0      7.0      0.0     15.3      0.3      4.5      1    40,   41  /PD_TOP        (1.10)
addr/i_0/i_239/B2->ZN    AOI21_X4*               fr    449.8     60.1     60.1      0.0      3.5      0.6     29.7      2    40,   41  /PD_TOP        (1.10)
addr/i_0/i_238/A->ZN     INV_X8                  rf    456.8      7.0      7.0      0.0     15.3      0.3      4.5      1    40,   41  /PD_TOP        (1.10)
addr/i_0/i_236/B2->ZN    AOI21_X4*               fr    516.9     60.1     60.1      0.0      3.5      0.6     29.7      2    40,   41  /PD_TOP        (1.10)
addr/i_0/i_235/A->ZN     INV_X8                  rf    523.9      7.0      7.0      0.0     15.3      0.3      4.5      1    40,   41  /PD_TOP        (1.10)
addr/i_0/i_234/B2->ZN    AOI21_X4*               fr    584.0     60.1     60.1      0.0      3.5      0.6     29.7      2    40,   41  /PD_TOP        (1.10)
addr/i_0/i_232/A->ZN     INV_X8                  rf    591.0      7.0      7.0      0.0     15.3      0.3      4.5      1    40,   41  /PD_TOP        (1.10)
addr/i_0/i_231/B2->ZN    AOI21_X4*               fr    651.1     60.1     60.1      0.0      3.5      0.6     29.7      2    40,   41  /PD_TOP        (1.10)
addr/i_0/i_230/A->ZN     INV_X8                  rf    658.1      7.0      7.0      0.0     15.3      0.3      4.5      1    40,   41  /PD_TOP        (1.10)
addr/i_0/i_228/B2->ZN    AOI21_X4*               fr    718.2     60.1     60.1      0.0      3.5      0.6     29.7      2    40,   41  /PD_TOP        (1.10)
addr/i_0/i_227/A->ZN     INV_X8                  rf    725.2      7.0      7.0      0.0     15.3      0.3      4.5      1    40,   41  /PD_TOP        (1.10)
addr/i_0/i_226/B2->ZN    AOI21_X4*               fr    785.3     60.1     60.1      0.0      3.5      0.6     29.7      2    40,   41  /PD_TOP        (1.10)
addr/i_0/i_224/A->ZN     INV_X8                  rf    792.3      7.0      7.0      0.0     15.3      0.3      4.5      1    40,   41  /PD_TOP        (1.10)
addr/i_0/i_223/B2->ZN    AOI21_X4*               fr    852.4     60.1     60.1      0.0      3.5      0.6     29.7      2    40,   41  /PD_TOP        (1.10)
addr/i_0/i_222/A->ZN     INV_X8                  rf    859.4      7.0      7.0      0.0     15.3      0.3      4.5      1    40,   41  /PD_TOP        (1.10)
addr/i_0/i_220/B2->ZN    AOI21_X4*               fr    919.5     60.1     60.1      0.0      3.5      0.6     29.7      2    40,   41  /PD_TOP        (1.10)
addr/i_0/i_219/A->ZN     INV_X8                  rf    926.5      7.0      7.0      0.0     15.3      0.3      4.5      1    40,   41  /PD_TOP        (1.10)
addr/i_0/i_218/B2->ZN    AOI21_X4*               fr    986.6     60.1     60.1      0.0      3.5      0.6     29.7      2    40,   41  /PD_TOP        (1.10)
addr/i_0/i_216/A->ZN     INV_X8                  rf    993.6      7.0      7.0      0.0     15.3      0.3      4.5      1    40,   41  /PD_TOP        (1.10)
addr/i_0/i_215/B2->ZN    AOI21_X4*               fr   1053.7     60.1     60.1      0.0      3.5      0.6     29.7      2    40,   41  /PD_TOP        (1.10)
addr/i_0/i_214/A->ZN     INV_X8                  rf   1060.7      7.0      7.0      0.0     15.3      0.3      4.5      1    40,   41  /PD_TOP        (1.10)
addr/i_0/i_212/B2->ZN    AOI21_X4*               fr   1120.8     60.1     60.1      0.0      3.5      0.6     29.7      2    40,   41  /PD_TOP        (1.10)
addr/i_0/i_211/A->ZN     INV_X8                  rf   1127.8      7.0      7.0      0.0     15.3      0.3      4.5      1    40,   41  /PD_TOP        (1.10)
addr/i_0/i_210/B2->ZN    AOI21_X4*               fr   1187.9     60.1     60.1      0.0      3.5      0.6     29.7      2    40,   41  /PD_TOP        (1.10)
addr/i_0/i_208/A->ZN     INV_X8                  rf   1194.9      7.0      7.0      0.0     15.3      0.3      4.5      1    40,   41  /PD_TOP        (1.10)
addr/i_0/i_207/B2->ZN    AOI21_X4*               fr   1255.0     60.1     60.1      0.0      3.5      0.6     29.7      2    40,   41  /PD_TOP        (1.10)
addr/i_0/i_206/A->ZN     INV_X8                  rf   1262.0      7.0      7.0      0.0     15.3      0.3      4.5      1    40,   41  /PD_TOP        (1.10)
addr/i_0/i_204/B2->ZN    AOI21_X4*               fr   1322.1     60.1     60.1      0.0      3.5      0.6     29.7      2    40,   41  /PD_TOP        (1.10)
addr/i_0/i_203/A->ZN     INV_X8                  rf   1329.1      7.0      7.0      0.0     15.3      0.3      4.5      1    40,   41  /PD_TOP        (1.10)
addr/i_0/i_202/B2->ZN    AOI21_X4*               fr   1389.2     60.1     60.1      0.0      3.5      0.6     29.7      2    40,   41  /PD_TOP        (1.10)
addr/i_0/i_200/A->ZN     INV_X8                  rf   1396.2      7.0      7.0      0.0     15.3      0.3      4.5      1    40,   41  /PD_TOP        (1.10)
addr/i_0/i_199/B2->ZN    AOI21_X4*               fr   1456.3     60.1     60.1      0.0      3.5      0.6     29.7      2    40,   41  /PD_TOP        (1.10)
addr/i_0/i_198/A->ZN     INV_X8                  rf   1463.3      7.0      7.0      0.0     15.3      0.3      4.5      1    40,   41  /PD_TOP        (1.10)
addr/i_0/i_196/B2->ZN    AOI21_X4*               fr   1523.4     60.1     60.1      0.0      3.5      0.6     29.7      2    40,   41  /PD_TOP        (1.10)
addr/i_0/i_195/A->ZN     INV_X8                  rf   1530.4      7.0      7.0      0.0     15.3      0.3      4.5      1    40,   41  /PD_TOP        (1.10)
addr/i_0/i_194/B2->ZN    AOI21_X4*               fr   1590.5     60.1     60.1      0.0      3.5      0.6     29.7      2    40,   41  /PD_TOP        (1.10)
addr/i_0/i_192/A->ZN     INV_X8                  rf   1597.5      7.0      7.0      0.0     15.3      0.3      4.5      1    40,   41  /PD_TOP        (1.10)
addr/i_0/i_191/B2->ZN    AOI21_X4*               fr   1657.6     60.1     60.1      0.0      3.5      0.6     29.7      2    40,   41  /PD_TOP        (1.10)
addr/i_0/i_190/A->ZN     INV_X8                  rf   1664.6      7.0      7.0      0.0     15.3      0.3      4.5      1    40,   41  /PD_TOP        (1.10)
addr/i_0/i_188/B2->ZN    AOI21_X4*               fr   1724.7     60.1     60.1      0.0      3.5      0.6     29.7      2    40,   41  /PD_TOP        (1.10)
addr/i_0/i_187/A->ZN     INV_X8                  rf   1731.7      7.0      7.0      0.0     15.3      0.3      4.5      1    40,   41  /PD_TOP        (1.10)
addr/i_0/i_186/B2->ZN    AOI21_X4*               fr   1791.8     60.1     60.1      0.0      3.5      0.6     29.7      2    40,   41  /PD_TOP        (1.10)
addr/i_0/i_184/A->ZN     INV_X8                  rf   1798.8      7.0      7.0      0.0     15.3      0.3      4.5      1    40,   41  /PD_TOP        (1.10)
addr/i_0/i_183/B2->ZN    AOI21_X4*               fr   1858.9     60.1     60.1      0.0      3.5      0.6     29.7      2    40,   41  /PD_TOP        (1.10)
addr/i_0/i_182/A->ZN     INV_X8                  rf   1865.9      7.0      7.0      0.0     15.3      0.3      4.5      1    40,   41  /PD_TOP        (1.10)
addr/i_0/i_180/B2->ZN    AOI21_X4*               fr   1926.0     60.1     60.1      0.0      3.5      0.6     29.7      2    40,   41  /PD_TOP        (1.10)
addr/i_0/i_179/A->ZN     INV_X8                  rf   1933.0      7.0      7.0      0.0     15.3      0.3      4.5      1    40,   41  /PD_TOP        (1.10)
addr/i_0/i_178/B2->ZN    AOI21_X4*               fr   1993.1     60.1     60.1      0.0      3.5      0.6     29.7      2    40,   41  /PD_TOP        (1.10)
addr/i_0/i_176/A->ZN     INV_X8                  rf   2000.1      7.0      7.0      0.0     15.3      0.3      4.5      1    40,   41  /PD_TOP        (1.10)
addr/i_0/i_175/B2->ZN    AOI21_X4*               fr   2060.2     60.1     60.1      0.0      3.5      0.6     29.7      2    40,   41  /PD_TOP        (1.10)
addr/i_0/i_174/A->ZN     INV_X8                  rf   2067.2      7.0      7.0      0.0     15.3      0.3      4.5      1    40,   41  /PD_TOP        (1.10)
addr/i_0/i_172/B2->ZN    AOI21_X4*               fr   2127.3     60.1     60.1      0.0      3.5      0.6     29.7      2    40,   41  /PD_TOP        (1.10)
addr/i_0/i_171/A->ZN     INV_X8                  rf   2134.3      7.0      7.0      0.0     15.3      0.3      4.5      1    40,   41  /PD_TOP        (1.10)
addr/i_0/i_170/B2->ZN    AOI21_X4*               fr   2194.4     60.1     60.1      0.0      3.5      0.6     29.7      2    40,   41  /PD_TOP        (1.10)
addr/i_0/i_168/A->ZN     INV_X8                  rf   2201.4      7.0      7.0      0.0     15.3      0.3      4.5      1    40,   41  /PD_TOP        (1.10)
addr/i_0/i_167/B2->ZN    AOI21_X4*               fr   2261.5     60.1     60.1      0.0      3.5      0.6     29.7      2    40,   41  /PD_TOP        (1.10)
addr/i_0/i_166/A->ZN     INV_X8                  rf   2268.5      7.0      7.0      0.0     15.3      0.3      4.5      1    40,   41  /PD_TOP        (1.10)
addr/i_0/i_164/B2->ZN    AOI21_X4*               fr   2328.6     60.1     60.1      0.0      3.5      0.6     29.7      2    40,   41  /PD_TOP        (1.10)
addr/i_0/i_163/A->ZN     INV_X8                  rf   2335.6      7.0      7.0      0.0     15.3      0.3      4.5      1    40,   41  /PD_TOP        (1.10)
addr/i_0/i_162/B2->ZN    AOI21_X4*               fr   2395.7     60.1     60.1      0.0      3.5      0.6     29.7      2    40,   41  /PD_TOP        (1.10)
addr/i_0/i_160/A->ZN     INV_X8                  rf   2402.7      7.0      7.0      0.0     15.3      0.3      4.5      1    40,   41  /PD_TOP        (1.10)
addr/i_0/i_159/B2->ZN    AOI21_X4*               fr   2462.8     60.1     60.1      0.0      3.5      0.6     29.7      2    40,   41  /PD_TOP        (1.10)
addr/i_0/i_158/A->ZN     INV_X8                  rf   2469.8      7.0      7.0      0.0     15.3      0.3      4.5      1    40,   41  /PD_TOP        (1.10)
addr/i_0/i_156/B2->ZN    AOI21_X4*               fr   2529.9     60.1     60.1      0.0      3.5      0.6     29.7      2    40,   41  /PD_TOP        (1.10)
addr/i_0/i_155/A->ZN     INV_X8                  rf   2536.9      7.0      7.0      0.0     15.3      0.3      4.5      1    40,   41  /PD_TOP        (1.10)
addr/i_0/i_154/B2->ZN    AOI21_X4*               fr   2597.0     60.1     60.1      0.0      3.5      0.6     29.7      2    40,   41  /PD_TOP        (1.10)
addr/i_0/i_152/A->ZN     INV_X8                  rf   2604.0      7.0      7.0      0.0     15.3      0.3      4.5      1    40,   41  /PD_TOP        (1.10)
addr/i_0/i_151/B2->ZN    AOI21_X4*               fr   2664.1     60.1     60.1      0.0      3.5      0.6     29.7      2    40,   41  /PD_TOP        (1.10)
addr/i_0/i_150/A->ZN     INV_X8                  rf   2671.1      7.0      7.0      0.0     15.3      0.3      4.5      1    40,   41  /PD_TOP        (1.10)
addr/i_0/i_148/B2->ZN    AOI21_X4*               fr   2731.2     60.1     60.1      0.0      3.5      0.6     29.7      2    40,   41  /PD_TOP        (1.10)
addr/i_0/i_147/A->ZN     INV_X8                  rf   2738.2      7.0      7.0      0.0     15.3      0.3      4.5      1    40,   41  /PD_TOP        (1.10)
addr/i_0/i_146/B2->ZN    AOI21_X4*               fr   2798.3     60.1     60.1      0.0      3.5      0.6     29.7      2    40,   41  /PD_TOP        (1.10)
addr/i_0/i_144/A->ZN     INV_X8                  rf   2805.3      7.0      7.0      0.0     15.3      0.3      4.5      1    40,   41  /PD_TOP        (1.10)
addr/i_0/i_143/B2->ZN    AOI21_X4*               fr   2865.4     60.1     60.1      0.0      3.5      0.6     29.7      2    40,   41  /PD_TOP        (1.10)
addr/i_0/i_189/A->ZN     INV_X8                  rf   2872.4      7.0      7.0      0.0     15.3      0.3      4.5      1    40,   41  /PD_TOP        (1.10)
addr/i_0/i_185/B2->ZN    AOI21_X4*               fr   2932.5     60.1     60.1      0.0      3.5      0.6     29.7      2    40,   41  /PD_TOP        (1.10)
addr/i_0/i_181/A->ZN     INV_X8                  rf   2939.5      7.0      7.0      0.0     15.3      0.3      4.5      1    40,   41  /PD_TOP        (1.10)
addr/i_0/i_177/B2->ZN    AOI21_X4*               fr   2999.6     60.1     60.1      0.0      3.5      0.6     29.7      2    40,   41  /PD_TOP        (1.10)
addr/i_0/i_173/A->ZN     INV_X8                  rf   3006.6      7.0      7.0      0.0     15.3      0.3      4.5      1    40,   41  /PD_TOP        (1.10)
addr/i_0/i_169/B2->ZN    AOI21_X4*               fr   3066.7     60.1     60.1      0.0      3.5      0.6     29.7      2    40,   41  /PD_TOP        (1.10)
addr/i_0/i_142/A->ZN     INV_X8                  rf   3073.7      7.0      7.0      0.0     15.3      0.3      4.5      1    40,   41  /PD_TOP        (1.10)
addr/i_0/i_140/B2->ZN    AOI21_X4*               fr   3133.8     60.1     60.1      0.0      3.5      0.6     29.7      2    40,   41  /PD_TOP        (1.10)
addr/i_0/i_139/A->ZN     INV_X8                  rf   3140.8      7.0      7.0      0.0     15.3      0.3      4.5      1    40,   41  /PD_TOP        (1.10)
addr/i_0/i_138/B2->ZN    AOI21_X4*               fr   3200.9     60.1     60.1      0.0      3.5      0.6     29.7      2    40,   41  /PD_TOP        (1.10)
addr/i_0/i_136/A->ZN     INV_X8                  rf   3207.9      7.0      7.0      0.0     15.3      0.3      4.5      1    40,   41  /PD_TOP        (1.10)
addr/i_0/i_135/B2->ZN    AOI21_X4*               fr   3268.0     60.1     60.1      0.0      3.5      0.6     29.7      2    40,   41  /PD_TOP        (1.10)
addr/i_0/i_126/A->ZN     INV_X8                  rf   3275.0      7.0      7.0      0.0     15.3      0.3      4.5      1    40,   41  /PD_TOP        (1.10)
addr/i_0/i_124/B2->ZN    AOI21_X4*               fr   3335.1     60.1     60.1      0.0      3.5      0.6     29.7      2    40,   41  /PD_TOP        (1.10)
addr/i_0/i_123/A->ZN     INV_X8                  rf   3342.1      7.0      7.0      0.0     15.3      0.3      4.5      1    40,   41  /PD_TOP        (1.10)
addr/i_0/i_122/B2->ZN    AOI21_X4*               fr   3402.2     60.1     60.1      0.0      3.5      0.6     29.7      2    40,   41  /PD_TOP        (1.10)
addr/i_0/i_120/A->ZN     INV_X8                  rf   3409.2      7.0      7.0      0.0     15.3      0.3      4.5      1    40,   41  /PD_TOP        (1.10)
addr/i_0/i_119/B2->ZN    AOI21_X4*               fr   3469.3     60.1     60.1      0.0      3.5      0.6     29.7      2    40,   41  /PD_TOP        (1.10)
addr/i_0/i_118/A->ZN     INV_X8                  rf   3476.3      7.0      7.0      0.0     15.3      0.3      4.5      1    40,   41  /PD_TOP        (1.10)
addr/i_0/i_116/B2->ZN    AOI21_X4*               fr   3536.4     60.1     60.1      0.0      3.5      0.6     29.7      2    40,   41  /PD_TOP        (1.10)
addr/i_0/i_115/A->ZN     INV_X8                  rf   3543.4      7.0      7.0      0.0     15.3      0.3      4.5      1    40,   41  /PD_TOP        (1.10)
addr/i_0/i_114/B2->ZN    AOI21_X4*               fr   3603.5     60.1     60.1      0.0      3.5      0.6     29.7      2    40,   41  /PD_TOP        (1.10)
addr/i_0/i_112/A->ZN     INV_X8                  rf   3610.5      7.0      7.0      0.0     15.3      0.3      4.5      1    40,   41  /PD_TOP        (1.10)
addr/i_0/i_111/B2->ZN    AOI21_X4*               fr   3670.6     60.1     60.1      0.0      3.5      0.6     29.7      2    40,   41  /PD_TOP        (1.10)
addr/i_0/i_110/A->ZN     INV_X8                  rf   3677.6      7.0      7.0      0.0     15.3      0.3      4.5      1    40,   41  /PD_TOP        (1.10)
addr/i_0/i_108/B2->ZN    AOI21_X4*               fr   3737.7     60.1     60.1      0.0      3.5      0.6     29.7      2    40,   41  /PD_TOP        (1.10)
addr/i_0/i_107/A->ZN     INV_X8                  rf   3744.7      7.0      7.0      0.0     15.3      0.3      4.5      1    40,   41  /PD_TOP        (1.10)
addr/i_0/i_106/B2->ZN    AOI21_X4*               fr   3804.8     60.1     60.1      0.0      3.5      0.6     29.7      2    40,   41  /PD_TOP        (1.10)
addr/i_0/i_104/A->ZN     INV_X8                  rf   3811.8      7.0      7.0      0.0     15.3      0.3      4.5      1    40,   41  /PD_TOP        (1.10)
addr/i_0/i_103/B2->ZN    AOI21_X4*               fr   3871.9     60.1     60.1      0.0      3.5      0.6     29.7      2    40,   41  /PD_TOP        (1.10)
addr/i_0/i_102/A->ZN     INV_X8                  rf   3878.9      7.0      7.0      0.0     15.3      0.3      4.5      1    40,   41  /PD_TOP        (1.10)
addr/i_0/i_100/B2->ZN    AOI21_X4*               fr   3939.0     60.1     60.1      0.0      3.5      0.6     29.7      2    40,   41  /PD_TOP        (1.10)
addr/i_0/i_99/A->ZN      INV_X8                  rf   3946.0      7.0      7.0      0.0     15.3      0.3      4.5      1    40,   41  /PD_TOP        (1.10)
addr/i_0/i_98/B2->ZN     AOI21_X4*               fr   4006.1     60.1     60.1      0.0      3.5      0.6     29.7      2    40,   41  /PD_TOP        (1.10)
addr/i_0/i_96/A->ZN      INV_X8                  rf   4013.1      7.0      7.0      0.0     15.3      0.3      4.5      1    40,   41  /PD_TOP        (1.10)
addr/i_0/i_95/B2->ZN     AOI21_X4*               fr   4073.2     60.1     60.1      0.0      3.5      0.6     29.7      2    40,   41  /PD_TOP        (1.10)
addr/i_0/i_94/A->ZN      INV_X8                  rf   4080.2      7.0      7.0      0.0     15.3      0.3      4.5      1    40,   41  /PD_TOP        (1.10)
addr/i_0/i_92/B2->ZN     AOI21_X4*               fr   4140.3     60.1     60.1      0.0      3.5      0.6     29.7      2    40,   41  /PD_TOP        (1.10)
addr/i_0/i_91/A->ZN      INV_X8                  rf   4147.3      7.0      7.0      0.0     15.3      0.3      4.5      1    40,   41  /PD_TOP        (1.10)
addr/i_0/i_90/B2->ZN     AOI21_X4*               fr   4207.4     60.1     60.1      0.0      3.5      0.6     29.7      2    40,   41  /PD_TOP        (1.10)
addr/i_0/i_88/A->ZN      INV_X8                  rf   4214.4      7.0      7.0      0.0     15.3      0.3      4.5      1    40,   41  /PD_TOP        (1.10)
addr/i_0/i_87/B2->ZN     AOI21_X4                fr   4271.0     56.6     56.6      0.0      3.5      0.3     25.7      1    40,   41  /PD_TOP        (1.10)
addr/i_0/i_86/A->ZN      INV_X8                  rf   4276.6      5.6      5.6      0.0     46.8      1.4      2.6      1    40,   41  /PD_TOP        (1.10)
REG/out_reg[64]/D        DFFR_X1                  f   4276.7      0.1               0.1      3.3                             53,   54  /PD_TOP        (1.10)
------------------------------------------------------------------------------------------------------------------------------------------------------------
Report for group I2O
Report for group R2O
------------------------------------------------------------------------------------------------------------------------------------------------------------
Startpoint: REG/i_0_195/Q
    (Clocked by vsysclk R)
Endpoint: out[22]
    (Clocked by vsysclk R)
Path Group: R2O
Data required time: 9998.0
    (Clock shift: 10000.0, minus Uncertainty: 0.0, plus Latency 0.0, minus Out delay: 2.0)
Data arrival time: 275.5
Slack: 9722.5
Logic depth: 2
------------------------------------------------------------------------------------------------------------------------------------------------------------
                                                     Arrival               Arc      Net               Net    Total   fan-                                   
Path                     Module/Cell           Edge     Time    Delay    Delay    Delay     Slew     Load     Load    out     Location Power Domain      (V)
                                                        (ps)     (ps)     (ps)     (ps)     (ps)     (ff)     (ff)    (#)      (um,um)                      
------------------------------------------------------------------------------------------------------------------------------------------------------------
clk                      {create_clock}           r      0.0      0.0      0.0                        0.0      0.0     66    53,   95                       
REG/i_0_195/CK->Q        DFFS_X1                 rf    113.7    113.7    113.7      0.0      0.0      0.3     25.8      1    53,   54  /PD_TOP        (1.10)
REG/i_0_194/A->ZN        INV_X32                 fr    154.2     40.5     40.5      0.0     29.7     19.9    238.1     65    53,   54  /PD_TOP        (1.10)
REG/i_109/EN->Z          TBUF_X2                 rf    275.2    121.0    120.9      0.1     21.8      2.8      6.8      1    63,   45  /PD_TOP        (1.10)
out[22]                                           f    275.5      0.3               0.3      7.6                             95,   62                       
------------------------------------------------------------------------------------------------------------------------------------------------------------
