Report Instance Areas: 
-----+---------------+--------+-----+---------
     |Instance       |Module  |Cells|Cell Area
-----+---------------+--------+-----+---------
1    |top            |        |  161|      189
2    |  genblk1_0_fa |fa__0_4 |    5|        6
3    |  genblk1_1_fa |fa__0_7 |    5|        6
4    |  genblk1_2_fa |fa__0_10|    5|        6
5    |  genblk1_3_fa |fa__0_13|    5|        6
6    |  genblk1_4_fa |fa__0_16|    5|        6
7    |  genblk1_5_fa |fa__0_19|    5|        6
8    |  genblk1_6_fa |fa__0_22|    5|        6
9    |  genblk1_7_fa |fa__0_25|    5|        6
10   |  genblk1_8_fa |fa__0_28|    5|        6
11   |  genblk1_9_fa |fa__0_31|    5|        6
12   |  genblk1_10_fa|fa__0_34|    5|        6
13   |  genblk1_11_fa|fa__0_37|    5|        6
14   |  genblk1_12_fa|fa__0_40|    5|        6
15   |  genblk1_13_fa|fa__0_43|    5|        6
16   |  genblk1_14_fa|fa__0_46|    5|        6
17   |  genblk1_15_fa|fa__0_49|    5|        6
18   |  genblk1_16_fa|fa__0_52|    5|        6
19   |  genblk1_17_fa|fa__0_55|    5|        6
20   |  genblk1_18_fa|fa__0_58|    5|        6
21   |  genblk1_19_fa|fa__0_61|    5|        6
22   |  genblk1_20_fa|fa__0_64|    5|        6
23   |  genblk1_21_fa|fa__0_67|    5|        6
24   |  genblk1_22_fa|fa__0_70|    5|        6
25   |  genblk1_23_fa|fa__0_73|    5|        6
26   |  genblk1_24_fa|fa__0_76|    5|        6
27   |  genblk1_25_fa|fa__0_79|    5|        6
28   |  genblk1_26_fa|fa__0_82|    5|        6
29   |  genblk1_27_fa|fa__0_85|    5|        6
30   |  genblk1_28_fa|fa__0_88|    5|        6
31   |  genblk1_29_fa|fa__0_91|    5|        6
32   |  genblk1_30_fa|fa__0_94|    5|        6
33   |  genblk1_31_fa|fa      |    5|        6
-----+---------------+--------+-----+---------
