Report End Points: 
-----+-------+------+-------+-----+-----+-----+-----+-----------+---------
     |Group  |Launch|Capture|Shift|Delay|Depth|Slack|Begin Point|End Point
-----+-------+------+-------+-----+-----+-----+-----+-----------+---------
1    |default|      |       |     |     |     |     |           |         
-----+-------+------+-------+-----+-----+-----+-----+-----------+---------
Report End Points: 
-----+-----+-------+-------+------+------+-----+-----+-----------+---------------------
     |Group|Launch |Capture|Shift |Delay |Depth|Slack|Begin Point|End Point            
-----+-----+-------+-------+------+------+-----+-----+-----------+---------------------
1    |I2R  |vsysclk|vsysclk|5000.0|4456.3|  127|504.3|i_Add2[1]  |RReg/MyData_reg[64]/D
2    |I2R  |vsysclk|vsysclk|5000.0|4442.1|  126|515.4|i_Add2[1]  |RReg/MyData_reg[63]/D
3    |I2R  |vsysclk|vsysclk|5000.0|4371.8|  124|585.7|i_Add2[1]  |RReg/MyData_reg[62]/D
-----+-----+-------+-------+------+------+-----+-----+-----------+---------------------
Report End Points: 
-----+-----+------+-------+-----+-----+-----+-----+-----------+---------
     |Group|Launch|Capture|Shift|Delay|Depth|Slack|Begin Point|End Point
-----+-----+------+-------+-----+-----+-----+-----+-----------+---------
1    |I2O  |      |       |     |     |     |     |           |         
-----+-----+------+-------+-----+-----+-----+-----+-----------+---------
Report End Points: 
-----+-----+-------+-------+------+-----+-----+------+---------------------+----------
     |Group|Launch |Capture|Shift |Delay|Depth|Slack |Begin Point          |End Point 
-----+-----+-------+-------+------+-----+-----+------+---------------------+----------
1    |R2O  |vsysclk|vsysclk|5000.0|  0.4|    0|4407.3|RReg/MyData_reg[64]/Q|result[64]
2    |R2O  |vsysclk|vsysclk|5000.0|  0.4|    0|4407.3|RReg/MyData_reg[63]/Q|result[63]
3    |R2O  |vsysclk|vsysclk|5000.0|  0.4|    0|4407.3|RReg/MyData_reg[62]/Q|result[62]
-----+-----+-------+-------+------+-----+-----+------+---------------------+----------
