warning: No library characterized for (process = 1.00 voltage = 0.85 temperature = 25.00) can be found in the database for power domain '/PD_TOP'  [NL-174]
Report Power (instances with prefix '*' are included in total) : 
-----+----------+--------------------+---------------------+-------------------+-----------------
     | Instance | Internal Power(uw) | Switching Power(uw) | Leakage Power(uw) | Total Power(uw) 
-----+----------+--------------------+---------------------+-------------------+-----------------
1    |*i_0_0_0  |            0.044983|             0.174440|           0.022619|         0.242043
2    |*i_0_0_1  |            0.075691|             0.178609|           0.036164|         0.290464
3    |*i_0_0_2  |            0.075337|             0.179149|           0.036441|         0.290927
4    |*i_0_0_3  |            0.075981|             0.178849|           0.036441|         0.291271
5    |*i_0_0_4  |            0.074761|             0.179288|           0.036164|         0.290213
6    |*i_0_0_5  |            0.046092|             0.120579|           0.022619|         0.189291
7    |*i_0_0_6  |            0.027041|             0.096101|           0.017393|         0.140536
8    |*i_0_0_7  |            0.053700|             0.115650|           0.032612|         0.201962
9    |*i_0_0_8  |            0.076100|             0.127453|           0.036164|         0.239717
10   |*i_0_0_9  |            0.022939|             0.060921|           0.014353|         0.098213
11   |*i_0_0_10 |            0.055239|             0.428017|           0.032612|         0.515868
12   |*i_0_0_11 |            0.076100|             0.127453|           0.036164|         0.239717
13   |*i_0_0_12 |            0.023268|             0.061794|           0.014353|         0.099415
14   |*i_0_0_13 |            0.057542|             0.434155|           0.032612|         0.524309
15   |*i_0_0_14 |            0.076098|             0.123672|           0.036164|         0.235933
16   |          |                    |                     |                   |                 
17   |*TOTAL    |            0.860873|             2.586130|           0.442875|         3.889879
-----+----------+--------------------+---------------------+-------------------+-----------------
