Report for group default
Report for group I2R
Report for group I2O
------------------------------------------------------------------------------------------------------------------------------------------------------------
Startpoint: a[0]
    (Clocked by vsysclk R)
Endpoint: sum[3]
    (Clocked by vsysclk R)
Path Group: I2O
Data required time: 19500.0
    (Clock shift: 20000.0, minus Uncertainty: 0.0, plus Latency 0.0, minus Out delay: 500.0)
Data arrival time: 1296.0
Slack: 18204.0
Logic depth: 7
------------------------------------------------------------------------------------------------------------------------------------------------------------
                                                     Arrival               Arc      Net               Net    Total   fan-                                   
Path                     Module/Cell           Edge     Time    Delay    Delay    Delay     Slew     Load     Load    out     Location Power Domain      (V)
                                                        (ps)     (ps)     (ps)     (ps)     (ps)     (ff)     (ff)    (#)      (um,um)                      
------------------------------------------------------------------------------------------------------------------------------------------------------------
a[0]                     {set_input_delay}        f   1000.0   1000.0   1000.0                        1.8      9.8      2     0,   32                       
i_0_0_14/B->Z            XOR2_X2                 ff   1058.0     58.0     57.9      0.1      0.0      0.6      8.2      2    31,   33  /PD_TOP        (1.10)
i_0_0_13/B2->ZN          AOI22_X4*               fr   1137.8     79.8     79.8      0.0     14.7      0.6     29.2      2    31,   33  /PD_TOP        (1.10)
i_0_0_12/A->ZN           INV_X8                  rf   1144.7      6.9      6.9      0.0     15.3      0.3      4.2      1    31,   33  /PD_TOP        (1.10)
i_0_0_10/B1->ZN          AOI22_X4*               fr   1214.3     69.6     69.6      0.0      3.4      0.6     29.2      2    31,   33  /PD_TOP        (1.10)
i_0_0_9/A->ZN            INV_X8                  rf   1221.2      6.9      6.9      0.0     15.3      0.3      4.2      1    31,   33  /PD_TOP        (1.10)
i_0_0_7/B1->ZN           AOI22_X4                fr   1264.6     43.4     43.4      0.0      3.4      0.6      7.9      2    31,   33  /PD_TOP        (1.10)
i_0_0_4/A->Z             XOR2_X2                 rf   1295.9     31.3     31.3      0.0     29.2      1.9     11.9      1    31,   33  /PD_TOP        (1.10)
sum[3]                                            f   1296.0      0.1               0.1     16.6                              0,   31                       
------------------------------------------------------------------------------------------------------------------------------------------------------------
Report for group R2O
