Report End Points: 
-----+-------+------+-------+-----+-----+-----+-----+-----------+---------
     |Group  |Launch|Capture|Shift|Delay|Depth|Slack|Begin Point|End Point
-----+-------+------+-------+-----+-----+-----+-----+-----------+---------
1    |default|      |       |     |     |     |     |           |         
-----+-------+------+-------+-----+-----+-----+-----+-----------+---------
Report End Points: 
-----+-----+------+-------+-----+-----+-----+-----+-----------+---------
     |Group|Launch|Capture|Shift|Delay|Depth|Slack|Begin Point|End Point
-----+-----+------+-------+-----+-----+-----+-----+-----------+---------
1    |I2R  |      |       |     |     |     |     |           |         
-----+-----+------+-------+-----+-----+-----+-----+-----------+---------
Report End Points: 
-----+-----+-------+-------+-------+------+-----+-------+-----------+---------
     |Group|Launch |Capture|Shift  |Delay |Depth|Slack  |Begin Point|End Point
-----+-----+-------+-------+-------+------+-----+-------+-----------+---------
1    |I2O  |vsysclk|vsysclk|20000.0|1966.7|   50|16533.3|in1[1]     |of       
2    |I2O  |vsysclk|vsysclk|20000.0|1801.0|   48|16699.0|in1[1]     |sum[31]  
3    |I2O  |vsysclk|vsysclk|20000.0|1703.7|   48|16796.3|in1[1]     |cout     
4    |I2O  |vsysclk|vsysclk|20000.0|1679.7|   46|16820.3|in1[1]     |sum[30]  
5    |I2O  |vsysclk|vsysclk|20000.0|1603.2|   44|16896.8|in1[1]     |sum[29]  
6    |I2O  |vsysclk|vsysclk|20000.0|1540.6|   43|16959.4|in1[1]     |sum[28]  
7    |I2O  |vsysclk|vsysclk|20000.0|1535.9|   42|16964.1|in1[1]     |sum[27]  
8    |I2O  |vsysclk|vsysclk|20000.0|1458.8|   40|17041.2|in1[1]     |sum[26]  
9    |I2O  |vsysclk|vsysclk|20000.0|1382.5|   38|17117.5|in1[1]     |sum[25]  
10   |I2O  |vsysclk|vsysclk|20000.0|1319.8|   37|17180.2|in1[1]     |sum[24]  
11   |I2O  |vsysclk|vsysclk|20000.0|1315.2|   36|17184.8|in1[1]     |sum[23]  
12   |I2O  |vsysclk|vsysclk|20000.0|1238.3|   34|17261.7|in1[1]     |sum[22]  
13   |I2O  |vsysclk|vsysclk|20000.0|1161.8|   32|17338.2|in1[1]     |sum[21]  
14   |I2O  |vsysclk|vsysclk|20000.0|1099.2|   31|17400.8|in1[1]     |sum[20]  
15   |I2O  |vsysclk|vsysclk|20000.0|1094.5|   30|17405.5|in1[1]     |sum[19]  
16   |I2O  |vsysclk|vsysclk|20000.0|1017.4|   28|17482.6|in1[1]     |sum[18]  
17   |I2O  |vsysclk|vsysclk|20000.0| 941.1|   26|17558.9|in1[1]     |sum[17]  
18   |I2O  |vsysclk|vsysclk|20000.0| 878.4|   25|17621.6|in1[1]     |sum[16]  
19   |I2O  |vsysclk|vsysclk|20000.0| 873.8|   24|17626.2|in1[1]     |sum[15]  
20   |I2O  |vsysclk|vsysclk|20000.0| 796.9|   22|17703.1|in1[1]     |sum[14]  
21   |I2O  |vsysclk|vsysclk|20000.0| 720.4|   20|17779.6|in1[1]     |sum[13]  
22   |I2O  |vsysclk|vsysclk|20000.0| 657.8|   19|17842.2|in1[1]     |sum[12]  
23   |I2O  |vsysclk|vsysclk|20000.0| 653.1|   18|17846.9|in1[1]     |sum[11]  
24   |I2O  |vsysclk|vsysclk|20000.0| 576.0|   16|17924.0|in1[1]     |sum[10]  
25   |I2O  |vsysclk|vsysclk|20000.0| 499.7|   14|18000.3|in1[1]     |sum[9]   
26   |I2O  |vsysclk|vsysclk|20000.0| 437.0|   13|18063.0|in1[1]     |sum[8]   
27   |I2O  |vsysclk|vsysclk|20000.0| 432.3|   12|18067.7|in1[1]     |sum[7]   
28   |I2O  |vsysclk|vsysclk|20000.0| 355.5|   10|18144.5|in1[1]     |sum[6]   
29   |I2O  |vsysclk|vsysclk|20000.0| 279.0|    8|18221.0|in1[1]     |sum[5]   
30   |I2O  |vsysclk|vsysclk|20000.0| 218.1|    7|18281.9|in1[0]     |sum[4]   
31   |I2O  |vsysclk|vsysclk|20000.0| 189.1|    6|18310.9|in1[1]     |sum[3]   
32   |I2O  |vsysclk|vsysclk|20000.0| 114.0|    2|18386.0|in1[1]     |sum[1]   
33   |I2O  |vsysclk|vsysclk|20000.0| 100.7|    3|18399.3|in1[0]     |sum[2]   
34   |I2O  |vsysclk|vsysclk|20000.0|  68.5|    1|18431.5|in2[0]     |sum[0]   
-----+-----+-------+-------+-------+------+-----+-------+-----------+---------
Report End Points: 
-----+-----+------+-------+-----+-----+-----+-----+-----------+---------
     |Group|Launch|Capture|Shift|Delay|Depth|Slack|Begin Point|End Point
-----+-----+------+-------+-----+-----+-----+-----+-----------+---------
1    |R2O  |      |       |     |     |     |     |           |         
-----+-----+------+-------+-----+-----+-----+-----+-----------+---------
