Report End Points: 
-----+-------+------+-------+-----+-----+-----+-----+-----------+---------
     |Group  |Launch|Capture|Shift|Delay|Depth|Slack|Begin Point|End Point
-----+-------+------+-------+-----+-----+-----+-----+-----------+---------
1    |default|      |       |     |     |     |     |           |         
-----+-------+------+-------+-----+-----+-----+-----+-----------+---------
Report End Points: 
-----+-----+------+-------+-----+-----+-----+-----+-----------+---------
     |Group|Launch|Capture|Shift|Delay|Depth|Slack|Begin Point|End Point
-----+-----+------+-------+-----+-----+-----+-----+-----------+---------
1    |I2R  |      |       |     |     |     |     |           |         
-----+-----+------+-------+-----+-----+-----+-----+-----------+---------
Report End Points: 
-----+-----+-------+-------+-------+------+-----+-------+-----------+---------
     |Group|Launch |Capture|Shift  |Delay |Depth|Slack  |Begin Point|End Point
-----+-----+-------+-------+-------+------+-----+-------+-----------+---------
1    |I2O  |vsysclk|vsysclk|20000.0|1766.4|   64|16733.6|in2[1]     |of       
2    |I2O  |vsysclk|vsysclk|20000.0|1600.3|   62|16899.7|in2[1]     |sum[31]  
3    |I2O  |vsysclk|vsysclk|20000.0|1565.3|   63|16934.7|in2[1]     |cout     
4    |I2O  |vsysclk|vsysclk|20000.0|1508.6|   60|16991.4|in2[1]     |sum[30]  
5    |I2O  |vsysclk|vsysclk|20000.0|1461.4|   58|17038.6|in2[1]     |sum[29]  
6    |I2O  |vsysclk|vsysclk|20000.0|1414.2|   56|17085.8|in2[1]     |sum[28]  
7    |I2O  |vsysclk|vsysclk|20000.0|1367.0|   54|17133.0|in2[1]     |sum[27]  
8    |I2O  |vsysclk|vsysclk|20000.0|1319.8|   52|17180.2|in2[1]     |sum[26]  
9    |I2O  |vsysclk|vsysclk|20000.0|1272.6|   50|17227.4|in2[1]     |sum[25]  
10   |I2O  |vsysclk|vsysclk|20000.0|1225.4|   48|17274.6|in2[1]     |sum[24]  
11   |I2O  |vsysclk|vsysclk|20000.0|1178.2|   46|17321.8|in2[1]     |sum[23]  
12   |I2O  |vsysclk|vsysclk|20000.0|1131.0|   44|17369.0|in2[1]     |sum[22]  
13   |I2O  |vsysclk|vsysclk|20000.0|1083.8|   42|17416.2|in2[1]     |sum[21]  
14   |I2O  |vsysclk|vsysclk|20000.0|1036.6|   40|17463.4|in2[1]     |sum[20]  
15   |I2O  |vsysclk|vsysclk|20000.0| 989.4|   38|17510.6|in2[1]     |sum[19]  
16   |I2O  |vsysclk|vsysclk|20000.0| 942.2|   36|17557.8|in2[1]     |sum[18]  
17   |I2O  |vsysclk|vsysclk|20000.0| 895.0|   34|17605.0|in2[1]     |sum[17]  
18   |I2O  |vsysclk|vsysclk|20000.0| 847.8|   32|17652.2|in2[1]     |sum[16]  
19   |I2O  |vsysclk|vsysclk|20000.0| 800.6|   30|17699.4|in2[1]     |sum[15]  
20   |I2O  |vsysclk|vsysclk|20000.0| 753.4|   28|17746.6|in2[1]     |sum[14]  
21   |I2O  |vsysclk|vsysclk|20000.0| 706.1|   26|17793.9|in2[1]     |sum[13]  
22   |I2O  |vsysclk|vsysclk|20000.0| 658.9|   24|17841.1|in2[1]     |sum[12]  
23   |I2O  |vsysclk|vsysclk|20000.0| 611.7|   22|17888.3|in2[1]     |sum[11]  
24   |I2O  |vsysclk|vsysclk|20000.0| 564.5|   20|17935.5|in2[1]     |sum[10]  
25   |I2O  |vsysclk|vsysclk|20000.0| 517.3|   18|17982.7|in2[1]     |sum[9]   
26   |I2O  |vsysclk|vsysclk|20000.0| 470.1|   16|18029.9|in2[1]     |sum[8]   
27   |I2O  |vsysclk|vsysclk|20000.0| 422.9|   14|18077.1|in2[1]     |sum[7]   
28   |I2O  |vsysclk|vsysclk|20000.0| 375.7|   12|18124.3|in2[1]     |sum[6]   
29   |I2O  |vsysclk|vsysclk|20000.0| 328.5|   10|18171.5|in2[1]     |sum[5]   
30   |I2O  |vsysclk|vsysclk|20000.0| 281.3|    8|18218.7|in2[1]     |sum[4]   
31   |I2O  |vsysclk|vsysclk|20000.0| 234.1|    6|18265.9|in2[1]     |sum[3]   
32   |I2O  |vsysclk|vsysclk|20000.0| 186.6|    4|18313.4|in2[1]     |sum[2]   
33   |I2O  |vsysclk|vsysclk|20000.0| 131.2|    2|18368.8|in1[1]     |sum[1]   
34   |I2O  |vsysclk|vsysclk|20000.0|  69.1|    1|18430.9|in1[0]     |sum[0]   
-----+-----+-------+-------+-------+------+-----+-------+-----------+---------
Report End Points: 
-----+-----+------+-------+-----+-----+-----+-----+-----------+---------
     |Group|Launch|Capture|Shift|Delay|Depth|Slack|Begin Point|End Point
-----+-----+------+-------+-----+-----+-----+-----+-----------+---------
1    |R2O  |      |       |     |     |     |     |           |         
-----+-----+------+-------+-----+-----+-----+-----+-----------+---------
