warning: No library characterized for (process = 1.00 voltage = 0.85 temperature = 25.00) can be found in the database for power domain '/PD_TOP'  [NL-174]
Report Power (instances with prefix '*' are included in total) : 
-----+----------------------+--------------------+---------------------+-------------------+-----------------
     | Instance             | Internal Power(uw) | Switching Power(uw) | Leakage Power(uw) | Total Power(uw) 
-----+----------------------+--------------------+---------------------+-------------------+-----------------
1    |*FA1                  |            0.115712|             0.265641|           0.061230|         0.442583
2    |*FA2                  |            0.086534|             0.178502|           0.036164|         0.301200
3    |*genblk1_1_Full_Adder |            0.127583|             0.178134|           0.061230|         0.366947
4    |*genblk1_2_Full_Adder |            0.127628|             0.275675|           0.061230|         0.464534
5    |*genblk1_3_Full_Adder |            0.127628|             0.275675|           0.061230|         0.464534
6    |*genblk1_4_Full_Adder |            0.127628|             0.275675|           0.061230|         0.464534
7    |*genblk1_5_Full_Adder |            0.127628|             0.275675|           0.061230|         0.464534
8    |*genblk1_6_Full_Adder |            0.127628|             0.275675|           0.061230|         0.464534
9    |*genblk1_7_Full_Adder |            0.127628|             0.275675|           0.061230|         0.464534
10   |*genblk1_8_Full_Adder |            0.127628|             0.275675|           0.061230|         0.464534
11   |*genblk1_9_Full_Adder |            0.127628|             0.275675|           0.061230|         0.464534
12   |*genblk1_10_Full_Adder|            0.127628|             0.275675|           0.061230|         0.464534
13   |*genblk1_11_Full_Adder|            0.127628|             0.275675|           0.061230|         0.464534
14   |*genblk1_12_Full_Adder|            0.127628|             0.275675|           0.061230|         0.464534
15   |*genblk1_13_Full_Adder|            0.127628|             0.275675|           0.061230|         0.464534
16   |*genblk1_14_Full_Adder|            0.127628|             0.275675|           0.061230|         0.464534
17   |*genblk1_15_Full_Adder|            0.127628|             0.275675|           0.061230|         0.464534
18   |*genblk1_16_Full_Adder|            0.127628|             0.275675|           0.061230|         0.464534
19   |*genblk1_17_Full_Adder|            0.127628|             0.275675|           0.061230|         0.464534
20   |*genblk1_18_Full_Adder|            0.127628|             0.275675|           0.061230|         0.464534
21   |*genblk1_19_Full_Adder|            0.127628|             0.275675|           0.061230|         0.464534
22   |*genblk1_20_Full_Adder|            0.127628|             0.275675|           0.061230|         0.464534
23   |*genblk1_21_Full_Adder|            0.127628|             0.275675|           0.061230|         0.464534
24   |*genblk1_22_Full_Adder|            0.127628|             0.275675|           0.061230|         0.464534
25   |*genblk1_23_Full_Adder|            0.127628|             0.275675|           0.061230|         0.464534
26   |*genblk1_24_Full_Adder|            0.127628|             0.275675|           0.061230|         0.464534
27   |*genblk1_25_Full_Adder|            0.127628|             0.275675|           0.061230|         0.464534
28   |*genblk1_26_Full_Adder|            0.127628|             0.275675|           0.061230|         0.464534
29   |*genblk1_27_Full_Adder|            0.127628|             0.275675|           0.061230|         0.464534
30   |*genblk1_28_Full_Adder|            0.127628|             0.275675|           0.061230|         0.464534
31   |*genblk1_29_Full_Adder|            0.127628|             0.275675|           0.061230|         0.464534
32   |*genblk1_30_Full_Adder|            0.127628|             0.275675|           0.061230|         0.464534
33   |*genblk1_31_Full_Adder|            0.124981|             0.229446|           0.061230|         0.415658
34   |*genblk1_0_Full_Adder |            0.126646|             0.256531|           0.061230|         0.444407
35   |*genblk2_1_Full_Adder |            0.184441|             0.404497|           0.130288|         0.719226
36   |*genblk2_2_Full_Adder |            0.194853|             0.428588|           0.130288|         0.753730
37   |*genblk2_3_Full_Adder |            0.199926|             0.440370|           0.130288|         0.770584
38   |*genblk2_4_Full_Adder |            0.202500|             0.446309|           0.130288|         0.779097
39   |*genblk2_5_Full_Adder |            0.203834|             0.449643|           0.130288|         0.783764
40   |*genblk2_6_Full_Adder |            0.204531|             0.451330|           0.130288|         0.786149
41   |*genblk2_7_Full_Adder |            0.204897|             0.452179|           0.130288|         0.787364
42   |*genblk2_8_Full_Adder |            0.205090|             0.452557|           0.130288|         0.787935
43   |*genblk2_9_Full_Adder |            0.205192|             0.452862|           0.130288|         0.788341
44   |*genblk2_10_Full_Adder|            0.205246|             0.453055|           0.130288|         0.788588
45   |*genblk2_11_Full_Adder|            0.205274|             0.453060|           0.130288|         0.788622
46   |*genblk2_12_Full_Adder|            0.205288|             0.453026|           0.130288|         0.788603
47   |*genblk2_13_Full_Adder|            0.205297|             0.453276|           0.130288|         0.788861
48   |*genblk2_14_Full_Adder|            0.205302|             0.453354|           0.130288|         0.788944
49   |*genblk2_15_Full_Adder|            0.205304|             0.453359|           0.130288|         0.788951
50   |*genblk2_16_Full_Adder|            0.205305|             0.453293|           0.130288|         0.788886
51   |*genblk2_17_Full_Adder|            0.205306|             0.453363|           0.130288|         0.788957
52   |*genblk2_18_Full_Adder|            0.205306|             0.453433|           0.130288|         0.789027
53   |*genblk2_19_Full_Adder|            0.205306|             0.453373|           0.130288|         0.788967
54   |*genblk2_20_Full_Adder|            0.205306|             0.453305|           0.130288|         0.788899
55   |*genblk2_21_Full_Adder|            0.205307|             0.453536|           0.130288|         0.789131
56   |*genblk2_22_Full_Adder|            0.205307|             0.453605|           0.130288|         0.789200
57   |*genblk2_23_Full_Adder|            0.205307|             0.453605|           0.130288|         0.789200
58   |*genblk2_24_Full_Adder|            0.205307|             0.453536|           0.130288|         0.789132
59   |*genblk2_25_Full_Adder|            0.205307|             0.453605|           0.130288|         0.789200
60   |*genblk2_26_Full_Adder|            0.205308|             0.453673|           0.130288|         0.789269
61   |*genblk2_27_Full_Adder|            0.205307|             0.453613|           0.130288|         0.789209
62   |*genblk2_28_Full_Adder|            0.205307|             0.453545|           0.130288|         0.789140
63   |*genblk2_29_Full_Adder|            0.205308|             0.453776|           0.130288|         0.789373
64   |*genblk2_30_Full_Adder|            0.202555|             0.775836|           0.130288|         1.108679
65   |*i_0_0_0              |            0.055486|             0.134912|           0.048314|         0.238712
66   |*i_0_0_1              |            0.024272|             0.028798|           0.014353|         0.067424
67   |*i_0_0_2              |            0.023877|             0.029381|           0.014353|         0.067612
68   |*i_0_0_3              |            0.024295|             0.030408|           0.014353|         0.069056
69   |                      |                    |                     |                   |                 
70   |*TOTAL                |           10.524432|            23.148899|           6.056763|        39.730095
-----+----------------------+--------------------+---------------------+-------------------+-----------------
