Report for group default
Report for group I2R
Report for group I2O
------------------------------------------------------------------------------------------------------------------------------------------------------------
Startpoint: in2[1]
    (Clocked by vsysclk R)
Endpoint: of
    (Clocked by vsysclk R)
Path Group: I2O
Data required time: 19500.0
    (Clock shift: 20000.0, minus Uncertainty: 0.0, plus Latency 0.0, minus Out delay: 500.0)
Data arrival time: 2766.4
Slack: 16733.6
Logic depth: 64
------------------------------------------------------------------------------------------------------------------------------------------------------------
                                                     Arrival               Arc      Net               Net    Total   fan-                                   
Path                     Module/Cell           Edge     Time    Delay    Delay    Delay     Slew     Load     Load    out     Location Power Domain      (V)
                                                        (ps)     (ps)     (ps)     (ps)     (ps)     (ff)     (ff)    (#)      (um,um)                      
------------------------------------------------------------------------------------------------------------------------------------------------------------
in2[1]                   {set_input_delay}        f   1000.0   1000.0   1000.0                        2.3      8.0      2    40,   81                       
genblk1_1_Full_Adder/i_0_0/B->Z
                         XOR2_X2                 ff   1056.3     56.1     56.1      0.0      0.0      0.5      6.1      2    40,   41  /PD_TOP        (1.10)
FA1/i_0_1/A2->ZN         AND2_X4                 ff   1090.8     34.5     34.5      0.0     13.6      0.8     11.7      3    40,   41  /PD_TOP        (1.10)
genblk2_1_Full_Adder/i_0_1/B1->ZN
                         OAI21_X4                fr   1116.7     25.9     25.9      0.0      7.4      0.3      4.2      1    40,   41  /PD_TOP        (1.10)
genblk2_1_Full_Adder/i_0_0/A2->ZN
                         NAND2_X4                rf   1137.0     20.3     20.3      0.0     18.3      0.8     11.7      3    40,   41  /PD_TOP        (1.10)
genblk2_2_Full_Adder/i_0_1/B1->ZN
                         OAI21_X4                fr   1163.9     26.9     26.9      0.0      9.9      0.3      4.2      1    40,   41  /PD_TOP        (1.10)
genblk2_2_Full_Adder/i_0_0/A2->ZN
                         NAND2_X4                rf   1184.2     20.3     20.3      0.0     18.3      0.8     11.7      3    40,   41  /PD_TOP        (1.10)
genblk2_3_Full_Adder/i_0_1/B1->ZN
                         OAI21_X4                fr   1211.1     26.9     26.9      0.0      9.9      0.3      4.2      1    40,   41  /PD_TOP        (1.10)
genblk2_3_Full_Adder/i_0_0/A2->ZN
                         NAND2_X4                rf   1231.4     20.3     20.3      0.0     18.3      0.8     11.7      3    40,   41  /PD_TOP        (1.10)
genblk2_4_Full_Adder/i_0_1/B1->ZN
                         OAI21_X4                fr   1258.3     26.9     26.9      0.0      9.9      0.3      4.2      1    40,   41  /PD_TOP        (1.10)
genblk2_4_Full_Adder/i_0_0/A2->ZN
                         NAND2_X4                rf   1278.6     20.3     20.3      0.0     18.3      0.8     11.7      3    40,   41  /PD_TOP        (1.10)
genblk2_5_Full_Adder/i_0_1/B1->ZN
                         OAI21_X4                fr   1305.5     26.9     26.9      0.0      9.9      0.3      4.2      1    40,   41  /PD_TOP        (1.10)
genblk2_5_Full_Adder/i_0_0/A2->ZN
                         NAND2_X4                rf   1325.8     20.3     20.3      0.0     18.3      0.8     11.7      3    40,   41  /PD_TOP        (1.10)
genblk2_6_Full_Adder/i_0_1/B1->ZN
                         OAI21_X4                fr   1352.7     26.9     26.9      0.0      9.9      0.3      4.2      1    40,   41  /PD_TOP        (1.10)
genblk2_6_Full_Adder/i_0_0/A2->ZN
                         NAND2_X4                rf   1373.0     20.3     20.3      0.0     18.3      0.8     11.7      3    40,   41  /PD_TOP        (1.10)
genblk2_7_Full_Adder/i_0_1/B1->ZN
                         OAI21_X4                fr   1399.9     26.9     26.9      0.0      9.9      0.3      4.2      1    40,   41  /PD_TOP        (1.10)
genblk2_7_Full_Adder/i_0_0/A2->ZN
                         NAND2_X4                rf   1420.2     20.3     20.3      0.0     18.3      0.8     11.7      3    40,   41  /PD_TOP        (1.10)
genblk2_8_Full_Adder/i_0_1/B1->ZN
                         OAI21_X4                fr   1447.1     26.9     26.9      0.0      9.9      0.3      4.2      1    40,   41  /PD_TOP        (1.10)
genblk2_8_Full_Adder/i_0_0/A2->ZN
                         NAND2_X4                rf   1467.4     20.3     20.3      0.0     18.3      0.8     11.7      3    40,   41  /PD_TOP        (1.10)
genblk2_9_Full_Adder/i_0_1/B1->ZN
                         OAI21_X4                fr   1494.3     26.9     26.9      0.0      9.9      0.3      4.2      1    40,   41  /PD_TOP        (1.10)
genblk2_9_Full_Adder/i_0_0/A2->ZN
                         NAND2_X4                rf   1514.6     20.3     20.3      0.0     18.3      0.8     11.7      3    40,   41  /PD_TOP        (1.10)
genblk2_10_Full_Adder/i_0_1/B1->ZN
                         OAI21_X4                fr   1541.5     26.9     26.9      0.0      9.9      0.3      4.2      1    40,   41  /PD_TOP        (1.10)
genblk2_10_Full_Adder/i_0_0/A2->ZN
                         NAND2_X4                rf   1561.8     20.3     20.3      0.0     18.3      0.8     11.7      3    40,   41  /PD_TOP        (1.10)
genblk2_11_Full_Adder/i_0_1/B1->ZN
                         OAI21_X4                fr   1588.7     26.9     26.9      0.0      9.9      0.3      4.2      1    40,   41  /PD_TOP        (1.10)
genblk2_11_Full_Adder/i_0_0/A2->ZN
                         NAND2_X4                rf   1609.0     20.3     20.3      0.0     18.3      0.8     11.7      3    40,   41  /PD_TOP        (1.10)
genblk2_12_Full_Adder/i_0_1/B1->ZN
                         OAI21_X4                fr   1635.9     26.9     26.9      0.0      9.9      0.3      4.2      1    40,   41  /PD_TOP        (1.10)
genblk2_12_Full_Adder/i_0_0/A2->ZN
                         NAND2_X4                rf   1656.2     20.3     20.3      0.0     18.3      0.8     11.7      3    40,   41  /PD_TOP        (1.10)
genblk2_13_Full_Adder/i_0_1/B1->ZN
                         OAI21_X4                fr   1683.1     26.9     26.9      0.0      9.9      0.3      4.2      1    40,   41  /PD_TOP        (1.10)
genblk2_13_Full_Adder/i_0_0/A2->ZN
                         NAND2_X4                rf   1703.4     20.3     20.3      0.0     18.3      0.8     11.7      3    40,   41  /PD_TOP        (1.10)
genblk2_14_Full_Adder/i_0_1/B1->ZN
                         OAI21_X4                fr   1730.3     26.9     26.9      0.0      9.9      0.3      4.2      1    40,   41  /PD_TOP        (1.10)
genblk2_14_Full_Adder/i_0_0/A2->ZN
                         NAND2_X4                rf   1750.6     20.3     20.3      0.0     18.3      0.8     11.7      3    40,   41  /PD_TOP        (1.10)
genblk2_15_Full_Adder/i_0_1/B1->ZN
                         OAI21_X4                fr   1777.5     26.9     26.9      0.0      9.9      0.3      4.2      1    40,   41  /PD_TOP        (1.10)
genblk2_15_Full_Adder/i_0_0/A2->ZN
                         NAND2_X4                rf   1797.8     20.3     20.3      0.0     18.3      0.8     11.7      3    40,   41  /PD_TOP        (1.10)
genblk2_16_Full_Adder/i_0_1/B1->ZN
                         OAI21_X4                fr   1824.7     26.9     26.9      0.0      9.9      0.3      4.2      1    40,   41  /PD_TOP        (1.10)
genblk2_16_Full_Adder/i_0_0/A2->ZN
                         NAND2_X4                rf   1845.0     20.3     20.3      0.0     18.3      0.8     11.7      3    40,   41  /PD_TOP        (1.10)
genblk2_17_Full_Adder/i_0_1/B1->ZN
                         OAI21_X4                fr   1871.9     26.9     26.9      0.0      9.9      0.3      4.2      1    40,   41  /PD_TOP        (1.10)
genblk2_17_Full_Adder/i_0_0/A2->ZN
                         NAND2_X4                rf   1892.2     20.3     20.3      0.0     18.3      0.8     11.7      3    40,   41  /PD_TOP        (1.10)
genblk2_18_Full_Adder/i_0_1/B1->ZN
                         OAI21_X4                fr   1919.1     26.9     26.9      0.0      9.9      0.3      4.2      1    40,   41  /PD_TOP        (1.10)
genblk2_18_Full_Adder/i_0_0/A2->ZN
                         NAND2_X4                rf   1939.4     20.3     20.3      0.0     18.3      0.8     11.7      3    40,   41  /PD_TOP        (1.10)
genblk2_19_Full_Adder/i_0_1/B1->ZN
                         OAI21_X4                fr   1966.3     26.9     26.9      0.0      9.9      0.3      4.2      1    40,   41  /PD_TOP        (1.10)
genblk2_19_Full_Adder/i_0_0/A2->ZN
                         NAND2_X4                rf   1986.6     20.3     20.3      0.0     18.3      0.8     11.7      3    40,   41  /PD_TOP        (1.10)
genblk2_20_Full_Adder/i_0_1/B1->ZN
                         OAI21_X4                fr   2013.5     26.9     26.9      0.0      9.9      0.3      4.2      1    40,   41  /PD_TOP        (1.10)
genblk2_20_Full_Adder/i_0_0/A2->ZN
                         NAND2_X4                rf   2033.8     20.3     20.3      0.0     18.3      0.8     11.7      3    40,   41  /PD_TOP        (1.10)
genblk2_21_Full_Adder/i_0_1/B1->ZN
                         OAI21_X4                fr   2060.7     26.9     26.9      0.0      9.9      0.3      4.2      1    40,   41  /PD_TOP        (1.10)
genblk2_21_Full_Adder/i_0_0/A2->ZN
                         NAND2_X4                rf   2081.0     20.3     20.3      0.0     18.3      0.8     11.7      3    40,   41  /PD_TOP        (1.10)
genblk2_22_Full_Adder/i_0_1/B1->ZN
                         OAI21_X4                fr   2107.9     26.9     26.9      0.0      9.9      0.3      4.2      1    40,   41  /PD_TOP        (1.10)
genblk2_22_Full_Adder/i_0_0/A2->ZN
                         NAND2_X4                rf   2128.2     20.3     20.3      0.0     18.3      0.8     11.7      3    40,   41  /PD_TOP        (1.10)
genblk2_23_Full_Adder/i_0_1/B1->ZN
                         OAI21_X4                fr   2155.1     26.9     26.9      0.0      9.9      0.3      4.2      1    40,   41  /PD_TOP        (1.10)
genblk2_23_Full_Adder/i_0_0/A2->ZN
                         NAND2_X4                rf   2175.4     20.3     20.3      0.0     18.3      0.8     11.7      3    40,   41  /PD_TOP        (1.10)
genblk2_24_Full_Adder/i_0_1/B1->ZN
                         OAI21_X4                fr   2202.3     26.9     26.9      0.0      9.9      0.3      4.2      1    40,   41  /PD_TOP        (1.10)
genblk2_24_Full_Adder/i_0_0/A2->ZN
                         NAND2_X4                rf   2222.6     20.3     20.3      0.0     18.3      0.8     11.7      3    40,   41  /PD_TOP        (1.10)
genblk2_25_Full_Adder/i_0_1/B1->ZN
                         OAI21_X4                fr   2249.5     26.9     26.9      0.0      9.9      0.3      4.2      1    40,   41  /PD_TOP        (1.10)
genblk2_25_Full_Adder/i_0_0/A2->ZN
                         NAND2_X4                rf   2269.8     20.3     20.3      0.0     18.3      0.8     11.7      3    40,   41  /PD_TOP        (1.10)
genblk2_26_Full_Adder/i_0_1/B1->ZN
                         OAI21_X4                fr   2296.7     26.9     26.9      0.0      9.9      0.3      4.2      1    40,   41  /PD_TOP        (1.10)
genblk2_26_Full_Adder/i_0_0/A2->ZN
                         NAND2_X4                rf   2317.0     20.3     20.3      0.0     18.3      0.8     11.7      3    40,   41  /PD_TOP        (1.10)
genblk2_27_Full_Adder/i_0_1/B1->ZN
                         OAI21_X4                fr   2343.9     26.9     26.9      0.0      9.9      0.3      4.2      1    40,   41  /PD_TOP        (1.10)
genblk2_27_Full_Adder/i_0_0/A2->ZN
                         NAND2_X4                rf   2364.2     20.3     20.3      0.0     18.3      0.8     11.7      3    40,   41  /PD_TOP        (1.10)
genblk2_28_Full_Adder/i_0_1/B1->ZN
                         OAI21_X4                fr   2391.1     26.9     26.9      0.0      9.9      0.3      4.2      1    40,   41  /PD_TOP        (1.10)
genblk2_28_Full_Adder/i_0_0/A2->ZN
                         NAND2_X4                rf   2411.4     20.3     20.3      0.0     18.3      0.8     11.7      3    40,   41  /PD_TOP        (1.10)
genblk2_29_Full_Adder/i_0_1/B1->ZN
                         OAI21_X4                fr   2438.3     26.9     26.9      0.0      9.9      0.3      4.2      1    40,   41  /PD_TOP        (1.10)
genblk2_29_Full_Adder/i_0_0/A2->ZN
                         NAND2_X4                rf   2458.6     20.3     20.3      0.0     18.3      0.8     11.7      3    40,   41  /PD_TOP        (1.10)
genblk2_30_Full_Adder/i_0_3/A->ZN
                         XNOR2_X2                ff   2496.4     37.8     37.8      0.0      9.9      0.3      4.0      1    40,   41  /PD_TOP        (1.10)
genblk2_30_Full_Adder/i_0_2/B->ZN
                         XNOR2_X2*               fr   2600.1    103.7    103.7      0.0     11.0      0.6     40.2      3    40,   41  /PD_TOP        (1.10)
i_0_0_2/A->ZN            INV_X8                  rf   2606.3      6.2      6.2      0.0     15.3      0.3      1.9      1    40,   41  /PD_TOP        (1.10)
i_0_0_0/B2->ZN           OAI33_X1                fr   2766.2    159.9    159.9      0.0      3.2      2.4     12.4      1    40,   41  /PD_TOP        (1.10)
of                                                r   2766.4      0.2               0.2    139.3                              0,   44                       
------------------------------------------------------------------------------------------------------------------------------------------------------------
Report for group R2O
