Report for group default
Report for group I2R
Report for group I2O
------------------------------------------------------------------------------------------------------------------------------------------------------------
Startpoint: in1[1]
    (Clocked by vsysclk R)
Endpoint: of
    (Clocked by vsysclk R)
Path Group: I2O
Data required time: 19500.0
    (Clock shift: 20000.0, minus Uncertainty: 0.0, plus Latency 0.0, minus Out delay: 500.0)
Data arrival time: 2966.7
Slack: 16533.3
Logic depth: 50
------------------------------------------------------------------------------------------------------------------------------------------------------------
                                                     Arrival               Arc      Net               Net    Total   fan-                                   
Path                     Module/Cell           Edge     Time    Delay    Delay    Delay     Slew     Load     Load    out     Location Power Domain      (V)
                                                        (ps)     (ps)     (ps)     (ps)     (ps)     (ff)     (ff)    (#)      (um,um)                      
------------------------------------------------------------------------------------------------------------------------------------------------------------
in1[1]                   {set_input_delay}        f   1000.0   1000.0   1000.0                        2.3     14.4      3     0,   35                       
cla1/i_0_13/A2->ZN       NOR2_X4                 fr   1024.5     24.5     24.3      0.2      0.0      0.3      4.3      1    38,   38  /PD_TOP        (1.10)
cla1/i_0_10/B1->ZN       OAI21_X4                rf   1042.4     17.9     17.9      0.0     15.5      0.6      7.6      2    38,   38  /PD_TOP        (1.10)
cla1/i_0_9/A->ZN         AOI21_X4                fr   1109.8     67.4     67.4      0.0     10.8      0.3     25.7      1    38,   38  /PD_TOP        (1.10)
cla1/i_0_8/A->ZN         INV_X8                  rf   1116.2      6.4      6.4      0.0     46.8      0.3      4.2      1    38,   38  /PD_TOP        (1.10)
cla1/i_0_7/A->ZN         OAI21_X4                fr   1136.1     19.9     19.9      0.0      3.4      0.6      8.5      2    38,   38  /PD_TOP        (1.10)
cla1/i_0_0/B2->ZN        AOI21_X4                rf   1156.2     20.1     20.1      0.0     23.3      0.6      7.8      2    38,   38  /PD_TOP        (1.10)
genblk1_4_cla/i_0_13/B1->ZN
                         AOI22_X4*               fr   1228.4     72.2     72.2      0.0      9.1      0.6     29.2      2    38,   38  /PD_TOP        (1.10)
genblk1_4_cla/i_0_12/A->ZN
                         INV_X8                  rf   1235.3      6.9      6.9      0.0     15.3      0.3      4.2      1    38,   38  /PD_TOP        (1.10)
genblk1_4_cla/i_0_10/B1->ZN
                         AOI22_X4*               fr   1304.9     69.6     69.6      0.0      3.4      0.6     29.2      2    38,   38  /PD_TOP        (1.10)
genblk1_4_cla/i_0_9/A->ZN
                         INV_X8                  rf   1311.8      6.9      6.9      0.0     15.3      0.3      4.2      1    38,   38  /PD_TOP        (1.10)
genblk1_4_cla/i_0_7/B1->ZN
                         AOI22_X4                fr   1355.2     43.4     43.4      0.0      3.4      0.6      7.9      2    38,   38  /PD_TOP        (1.10)
genblk1_4_cla/i_0_0/B1->ZN
                         OAI21_X4                rf   1376.1     20.9     20.9      0.0     29.2      0.6      7.8      2    38,   38  /PD_TOP        (1.10)
genblk1_8_cla/i_0_13/B1->ZN
                         AOI22_X4*               fr   1449.1     73.0     73.0      0.0     10.8      0.6     29.2      2    38,   38  /PD_TOP        (1.10)
genblk1_8_cla/i_0_12/A->ZN
                         INV_X8                  rf   1456.0      6.9      6.9      0.0     15.3      0.3      4.2      1    38,   38  /PD_TOP        (1.10)
genblk1_8_cla/i_0_10/B1->ZN
                         AOI22_X4*               fr   1525.6     69.6     69.6      0.0      3.4      0.6     29.2      2    38,   38  /PD_TOP        (1.10)
genblk1_8_cla/i_0_9/A->ZN
                         INV_X8                  rf   1532.5      6.9      6.9      0.0     15.3      0.3      4.2      1    38,   38  /PD_TOP        (1.10)
genblk1_8_cla/i_0_7/B1->ZN
                         AOI22_X4                fr   1575.9     43.4     43.4      0.0      3.4      0.6      7.9      2    38,   38  /PD_TOP        (1.10)
genblk1_8_cla/i_0_0/B1->ZN
                         OAI21_X4                rf   1596.8     20.9     20.9      0.0     29.2      0.6      7.8      2    38,   38  /PD_TOP        (1.10)
genblk1_12_cla/i_0_13/B1->ZN
                         AOI22_X4*               fr   1669.8     73.0     73.0      0.0     10.8      0.6     29.2      2    38,   38  /PD_TOP        (1.10)
genblk1_12_cla/i_0_12/A->ZN
                         INV_X8                  rf   1676.7      6.9      6.9      0.0     15.3      0.3      4.2      1    38,   38  /PD_TOP        (1.10)
genblk1_12_cla/i_0_10/B1->ZN
                         AOI22_X4*               fr   1746.3     69.6     69.6      0.0      3.4      0.6     29.2      2    38,   38  /PD_TOP        (1.10)
genblk1_12_cla/i_0_9/A->ZN
                         INV_X8                  rf   1753.2      6.9      6.9      0.0     15.3      0.3      4.2      1    38,   38  /PD_TOP        (1.10)
genblk1_12_cla/i_0_7/B1->ZN
                         AOI22_X4                fr   1796.6     43.4     43.4      0.0      3.4      0.6      7.9      2    38,   38  /PD_TOP        (1.10)
genblk1_12_cla/i_0_0/B1->ZN
                         OAI21_X4                rf   1817.5     20.9     20.9      0.0     29.2      0.6      7.8      2    38,   38  /PD_TOP        (1.10)
genblk1_16_cla/i_0_13/B1->ZN
                         AOI22_X4*               fr   1890.5     73.0     73.0      0.0     10.8      0.6     29.2      2    38,   38  /PD_TOP        (1.10)
genblk1_16_cla/i_0_12/A->ZN
                         INV_X8                  rf   1897.4      6.9      6.9      0.0     15.3      0.3      4.2      1    38,   38  /PD_TOP        (1.10)
genblk1_16_cla/i_0_10/B1->ZN
                         AOI22_X4*               fr   1967.0     69.6     69.6      0.0      3.4      0.6     29.2      2    38,   38  /PD_TOP        (1.10)
genblk1_16_cla/i_0_9/A->ZN
                         INV_X8                  rf   1973.9      6.9      6.9      0.0     15.3      0.3      4.2      1    38,   38  /PD_TOP        (1.10)
genblk1_16_cla/i_0_7/B1->ZN
                         AOI22_X4                fr   2017.3     43.4     43.4      0.0      3.4      0.6      7.9      2    38,   38  /PD_TOP        (1.10)
genblk1_16_cla/i_0_0/B1->ZN
                         OAI21_X4                rf   2038.2     20.9     20.9      0.0     29.2      0.6      7.8      2    38,   38  /PD_TOP        (1.10)
genblk1_20_cla/i_0_13/B1->ZN
                         AOI22_X4*               fr   2111.2     73.0     73.0      0.0     10.8      0.6     29.2      2    38,   38  /PD_TOP        (1.10)
genblk1_20_cla/i_0_12/A->ZN
                         INV_X8                  rf   2118.1      6.9      6.9      0.0     15.3      0.3      4.2      1    38,   38  /PD_TOP        (1.10)
genblk1_20_cla/i_0_10/B1->ZN
                         AOI22_X4*               fr   2187.7     69.6     69.6      0.0      3.4      0.6     29.2      2    38,   38  /PD_TOP        (1.10)
genblk1_20_cla/i_0_9/A->ZN
                         INV_X8                  rf   2194.6      6.9      6.9      0.0     15.3      0.3      4.2      1    38,   38  /PD_TOP        (1.10)
genblk1_20_cla/i_0_7/B1->ZN
                         AOI22_X4                fr   2238.0     43.4     43.4      0.0      3.4      0.6      7.9      2    38,   38  /PD_TOP        (1.10)
genblk1_20_cla/i_0_0/B1->ZN
                         OAI21_X4                rf   2258.9     20.9     20.9      0.0     29.2      0.6      7.8      2    38,   38  /PD_TOP        (1.10)
genblk1_24_cla/i_0_13/B1->ZN
                         AOI22_X4*               fr   2331.9     73.0     73.0      0.0     10.8      0.6     29.2      2    38,   38  /PD_TOP        (1.10)
genblk1_24_cla/i_0_12/A->ZN
                         INV_X8                  rf   2338.8      6.9      6.9      0.0     15.3      0.3      4.2      1    38,   38  /PD_TOP        (1.10)
genblk1_24_cla/i_0_10/B1->ZN
                         AOI22_X4*               fr   2408.4     69.6     69.6      0.0      3.4      0.6     29.2      2    38,   38  /PD_TOP        (1.10)
genblk1_24_cla/i_0_9/A->ZN
                         INV_X8                  rf   2415.3      6.9      6.9      0.0     15.3      0.3      4.2      1    38,   38  /PD_TOP        (1.10)
genblk1_24_cla/i_0_7/B1->ZN
                         AOI22_X4                fr   2458.7     43.4     43.4      0.0      3.4      0.6      7.9      2    38,   38  /PD_TOP        (1.10)
genblk1_24_cla/i_0_0/B1->ZN
                         OAI21_X4                rf   2479.6     20.9     20.9      0.0     29.2      0.6      7.8      2    38,   38  /PD_TOP        (1.10)
cla2/i_0_13/B1->ZN       AOI22_X4*               fr   2552.6     73.0     73.0      0.0     10.8      0.6     29.2      2    38,   38  /PD_TOP        (1.10)
cla2/i_0_12/A->ZN        INV_X8                  rf   2559.5      6.9      6.9      0.0     15.3      0.3      4.2      1    38,   38  /PD_TOP        (1.10)
cla2/i_0_10/B1->ZN       AOI22_X4*               fr   2629.1     69.6     69.6      0.0      3.4      0.6     29.2      2    38,   38  /PD_TOP        (1.10)
cla2/i_0_9/A->ZN         INV_X8                  rf   2636.0      6.9      6.9      0.0     15.3      0.3      4.2      1    38,   38  /PD_TOP        (1.10)
cla2/i_0_7/B1->ZN        AOI22_X4                fr   2679.4     43.4     43.4      0.0      3.4      0.6      7.9      2    38,   38  /PD_TOP        (1.10)
cla2/i_0_4/A->Z          XOR2_X2*                rr   2800.8    121.4    121.4      0.0     29.2      0.6     40.0      3    38,   38  /PD_TOP        (1.10)
i_0_0_2/A->ZN            INV_X8                  rf   2807.0      6.2      6.2      0.0     15.3      0.3      1.9      1    38,   38  /PD_TOP        (1.10)
i_0_0_0/B2->ZN           OAI33_X1                fr   2966.5    159.5    159.5      0.0      3.2      2.4     12.4      1    38,   38  /PD_TOP        (1.10)
of                                                r   2966.7      0.2               0.2    139.0                             34,    0                       
------------------------------------------------------------------------------------------------------------------------------------------------------------
Report for group R2O
