Report End Points: 
-----+-------+------+-------+-----+-----+-----+-----+-----------+---------
     |Group  |Launch|Capture|Shift|Delay|Depth|Slack|Begin Point|End Point
-----+-------+------+-------+-----+-----+-----+-----+-----------+---------
1    |default|      |       |     |     |     |     |           |         
-----+-------+------+-------+-----+-----+-----+-----+-----------+---------
Report End Points: 
-----+-----+------+-------+-----+-----+-----+-----+-----------+---------
     |Group|Launch|Capture|Shift|Delay|Depth|Slack|Begin Point|End Point
-----+-----+------+-------+-----+-----+-----+-----+-----------+---------
1    |I2R  |      |       |     |     |     |     |           |         
-----+-----+------+-------+-----+-----+-----+-----+-----------+---------
Report End Points: 
-----+-----+-------+-------+-------+------+-----+------+-----------+---------
     |Group|Launch |Capture|Shift  |Delay |Depth|Slack |Begin Point|End Point
-----+-----+-------+-------+-------+------+-----+------+-----------+---------
1    |I2O  |vsysclk|vsysclk|10000.0|3112.0|   64|6885.0|inputB[0]  |Sum[63]  
2    |I2O  |vsysclk|vsysclk|10000.0|3064.2|   63|6932.8|inputB[0]  |Sum[62]  
3    |I2O  |vsysclk|vsysclk|10000.0|3016.4|   62|6980.6|inputB[0]  |Sum[61]  
-----+-----+-------+-------+-------+------+-----+------+-----------+---------
Report End Points: 
-----+-----+------+-------+-----+-----+-----+-----+-----------+---------
     |Group|Launch|Capture|Shift|Delay|Depth|Slack|Begin Point|End Point
-----+-----+------+-------+-----+-----+-----+-----+-----------+---------
1    |R2O  |      |       |     |     |     |     |           |         
-----+-----+------+-------+-----+-----+-----+-----+-----------+---------
