Report for group default
Report for group I2R
Report for group I2O
------------------------------------------------------------------------------------------------------------------------------------------------------------
Startpoint: inputB[0]
    (Clocked by vsysclk R)
Endpoint: Sum[63]
    (Clocked by vsysclk R)
Path Group: I2O
Data required time: 9998.0
    (Clock shift: 10000.0, minus Uncertainty: 0.0, plus Latency 0.0, minus Out delay: 2.0)
Data arrival time: 3113.0
Slack: 6885.0
Logic depth: 64
------------------------------------------------------------------------------------------------------------------------------------------------------------
                                                     Arrival               Arc      Net               Net    Total   fan-                                   
Path                     Module/Cell           Edge     Time    Delay    Delay    Delay     Slew     Load     Load    out     Location Power Domain      (V)
                                                        (ps)     (ps)     (ps)     (ps)     (ps)     (ff)     (ff)    (#)      (um,um)                      
------------------------------------------------------------------------------------------------------------------------------------------------------------
inputB[0]                {set_input_delay}        r      1.0      1.0      1.0                        2.2      5.4      1     0,   40                       
i_0_0/i_0/A->CO          HA_X1                   rr     51.2     50.2     50.0      0.2     78.1      0.3      3.1      1    39,   40  /PD_TOP        (1.10)
i_0_0/i_1/CI->CO         FA_X1                   rr     98.1     46.9     46.9      0.0     11.3      0.4      3.1      1    39,   40  /PD_TOP        (1.10)
i_0_0/i_2/CI->CO         FA_X1                   rr    145.9     47.8     47.8      0.0     13.6      0.4      3.1      1    39,   40  /PD_TOP        (1.10)
i_0_0/i_3/CI->CO         FA_X1                   rr    193.7     47.8     47.8      0.0     13.6      0.4      3.1      1    39,   40  /PD_TOP        (1.10)
i_0_0/i_4/CI->CO         FA_X1                   rr    241.5     47.8     47.8      0.0     13.6      0.4      3.1      1    39,   40  /PD_TOP        (1.10)
i_0_0/i_5/CI->CO         FA_X1                   rr    289.3     47.8     47.8      0.0     13.6      0.4      3.1      1    39,   40  /PD_TOP        (1.10)
i_0_0/i_6/CI->CO         FA_X1                   rr    337.1     47.8     47.8      0.0     13.6      0.4      3.1      1    39,   40  /PD_TOP        (1.10)
i_0_0/i_7/CI->CO         FA_X1                   rr    384.9     47.8     47.8      0.0     13.6      0.4      3.1      1    39,   40  /PD_TOP        (1.10)
i_0_0/i_8/CI->CO         FA_X1                   rr    432.7     47.8     47.8      0.0     13.6      0.4      3.1      1    39,   40  /PD_TOP        (1.10)
i_0_0/i_9/CI->CO         FA_X1                   rr    480.5     47.8     47.8      0.0     13.6      0.4      3.1      1    39,   40  /PD_TOP        (1.10)
i_0_0/i_10/CI->CO        FA_X1                   rr    528.3     47.8     47.8      0.0     13.6      0.4      3.1      1    39,   40  /PD_TOP        (1.10)
i_0_0/i_11/CI->CO        FA_X1                   rr    576.1     47.8     47.8      0.0     13.6      0.4      3.1      1    39,   40  /PD_TOP        (1.10)
i_0_0/i_12/CI->CO        FA_X1                   rr    623.9     47.8     47.8      0.0     13.6      0.4      3.1      1    39,   40  /PD_TOP        (1.10)
i_0_0/i_13/CI->CO        FA_X1                   rr    671.7     47.8     47.8      0.0     13.6      0.4      3.1      1    39,   40  /PD_TOP        (1.10)
i_0_0/i_14/CI->CO        FA_X1                   rr    719.5     47.8     47.8      0.0     13.6      0.4      3.1      1    39,   40  /PD_TOP        (1.10)
i_0_0/i_15/CI->CO        FA_X1                   rr    767.3     47.8     47.8      0.0     13.6      0.4      3.1      1    39,   40  /PD_TOP        (1.10)
i_0_0/i_16/CI->CO        FA_X1                   rr    815.1     47.8     47.8      0.0     13.6      0.4      3.1      1    39,   40  /PD_TOP        (1.10)
i_0_0/i_17/CI->CO        FA_X1                   rr    862.9     47.8     47.8      0.0     13.6      0.4      3.1      1    39,   40  /PD_TOP        (1.10)
i_0_0/i_18/CI->CO        FA_X1                   rr    910.7     47.8     47.8      0.0     13.6      0.4      3.1      1    39,   40  /PD_TOP        (1.10)
i_0_0/i_19/CI->CO        FA_X1                   rr    958.5     47.8     47.8      0.0     13.6      0.4      3.1      1    39,   40  /PD_TOP        (1.10)
i_0_0/i_20/CI->CO        FA_X1                   rr   1006.3     47.8     47.8      0.0     13.6      0.4      3.1      1    39,   40  /PD_TOP        (1.10)
i_0_0/i_21/CI->CO        FA_X1                   rr   1054.1     47.8     47.8      0.0     13.6      0.4      3.1      1    39,   40  /PD_TOP        (1.10)
i_0_0/i_22/CI->CO        FA_X1                   rr   1101.9     47.8     47.8      0.0     13.6      0.4      3.1      1    39,   40  /PD_TOP        (1.10)
i_0_0/i_23/CI->CO        FA_X1                   rr   1149.7     47.8     47.8      0.0     13.6      0.4      3.1      1    39,   40  /PD_TOP        (1.10)
i_0_0/i_24/CI->CO        FA_X1                   rr   1197.5     47.8     47.8      0.0     13.6      0.4      3.1      1    39,   40  /PD_TOP        (1.10)
i_0_0/i_25/CI->CO        FA_X1                   rr   1245.3     47.8     47.8      0.0     13.6      0.4      3.1      1    39,   40  /PD_TOP        (1.10)
i_0_0/i_26/CI->CO        FA_X1                   rr   1293.1     47.8     47.8      0.0     13.6      0.4      3.1      1    39,   40  /PD_TOP        (1.10)
i_0_0/i_27/CI->CO        FA_X1                   rr   1340.9     47.8     47.8      0.0     13.6      0.4      3.1      1    39,   40  /PD_TOP        (1.10)
i_0_0/i_28/CI->CO        FA_X1                   rr   1388.7     47.8     47.8      0.0     13.6      0.4      3.1      1    39,   40  /PD_TOP        (1.10)
i_0_0/i_29/CI->CO        FA_X1                   rr   1436.5     47.8     47.8      0.0     13.6      0.4      3.1      1    39,   40  /PD_TOP        (1.10)
i_0_0/i_30/CI->CO        FA_X1                   rr   1484.3     47.8     47.8      0.0     13.6      0.4      3.1      1    39,   40  /PD_TOP        (1.10)
i_0_0/i_31/CI->CO        FA_X1                   rr   1532.1     47.8     47.8      0.0     13.6      0.4      3.1      1    39,   40  /PD_TOP        (1.10)
i_0_0/i_32/CI->CO        FA_X1                   rr   1579.9     47.8     47.8      0.0     13.6      0.4      3.1      1    39,   40  /PD_TOP        (1.10)
i_0_0/i_33/CI->CO        FA_X1                   rr   1627.7     47.8     47.8      0.0     13.6      0.4      3.1      1    39,   40  /PD_TOP        (1.10)
i_0_0/i_34/CI->CO        FA_X1                   rr   1675.5     47.8     47.8      0.0     13.6      0.4      3.1      1    39,   40  /PD_TOP        (1.10)
i_0_0/i_35/CI->CO        FA_X1                   rr   1723.3     47.8     47.8      0.0     13.6      0.4      3.1      1    39,   40  /PD_TOP        (1.10)
i_0_0/i_36/CI->CO        FA_X1                   rr   1771.1     47.8     47.8      0.0     13.6      0.4      3.1      1    39,   40  /PD_TOP        (1.10)
i_0_0/i_37/CI->CO        FA_X1                   rr   1818.9     47.8     47.8      0.0     13.6      0.4      3.1      1    39,   40  /PD_TOP        (1.10)
i_0_0/i_38/CI->CO        FA_X1                   rr   1866.7     47.8     47.8      0.0     13.6      0.4      3.1      1    39,   40  /PD_TOP        (1.10)
i_0_0/i_39/CI->CO        FA_X1                   rr   1914.5     47.8     47.8      0.0     13.6      0.4      3.1      1    39,   40  /PD_TOP        (1.10)
i_0_0/i_40/CI->CO        FA_X1                   rr   1962.3     47.8     47.8      0.0     13.6      0.4      3.1      1    39,   40  /PD_TOP        (1.10)
i_0_0/i_41/CI->CO        FA_X1                   rr   2010.1     47.8     47.8      0.0     13.6      0.4      3.1      1    39,   40  /PD_TOP        (1.10)
i_0_0/i_42/CI->CO        FA_X1                   rr   2057.9     47.8     47.8      0.0     13.6      0.4      3.1      1    39,   40  /PD_TOP        (1.10)
i_0_0/i_43/CI->CO        FA_X1                   rr   2105.7     47.8     47.8      0.0     13.6      0.4      3.1      1    39,   40  /PD_TOP        (1.10)
i_0_0/i_44/CI->CO        FA_X1                   rr   2153.5     47.8     47.8      0.0     13.6      0.4      3.1      1    39,   40  /PD_TOP        (1.10)
i_0_0/i_45/CI->CO        FA_X1                   rr   2201.3     47.8     47.8      0.0     13.6      0.4      3.1      1    39,   40  /PD_TOP        (1.10)
i_0_0/i_46/CI->CO        FA_X1                   rr   2249.1     47.8     47.8      0.0     13.6      0.4      3.1      1    39,   40  /PD_TOP        (1.10)
i_0_0/i_47/CI->CO        FA_X1                   rr   2296.9     47.8     47.8      0.0     13.6      0.4      3.1      1    39,   40  /PD_TOP        (1.10)
i_0_0/i_48/CI->CO        FA_X1                   rr   2344.7     47.8     47.8      0.0     13.6      0.4      3.1      1    39,   40  /PD_TOP        (1.10)
i_0_0/i_49/CI->CO        FA_X1                   rr   2392.5     47.8     47.8      0.0     13.6      0.4      3.1      1    39,   40  /PD_TOP        (1.10)
i_0_0/i_50/CI->CO        FA_X1                   rr   2440.3     47.8     47.8      0.0     13.6      0.4      3.1      1    39,   40  /PD_TOP        (1.10)
i_0_0/i_51/CI->CO        FA_X1                   rr   2488.1     47.8     47.8      0.0     13.6      0.4      3.1      1    39,   40  /PD_TOP        (1.10)
i_0_0/i_52/CI->CO        FA_X1                   rr   2535.9     47.8     47.8      0.0     13.6      0.4      3.1      1    39,   40  /PD_TOP        (1.10)
i_0_0/i_53/CI->CO        FA_X1                   rr   2583.7     47.8     47.8      0.0     13.6      0.4      3.1      1    39,   40  /PD_TOP        (1.10)
i_0_0/i_54/CI->CO        FA_X1                   rr   2631.5     47.8     47.8      0.0     13.6      0.4      3.1      1    39,   40  /PD_TOP        (1.10)
i_0_0/i_55/CI->CO        FA_X1                   rr   2679.3     47.8     47.8      0.0     13.6      0.4      3.1      1    39,   40  /PD_TOP        (1.10)
i_0_0/i_56/CI->CO        FA_X1                   rr   2727.1     47.8     47.8      0.0     13.6      0.4      3.1      1    39,   40  /PD_TOP        (1.10)
i_0_0/i_57/CI->CO        FA_X1                   rr   2774.9     47.8     47.8      0.0     13.6      0.4      3.1      1    39,   40  /PD_TOP        (1.10)
i_0_0/i_58/CI->CO        FA_X1                   rr   2822.7     47.8     47.8      0.0     13.6      0.4      3.1      1    39,   40  /PD_TOP        (1.10)
i_0_0/i_59/CI->CO        FA_X1                   rr   2870.5     47.8     47.8      0.0     13.6      0.4      3.1      1    39,   40  /PD_TOP        (1.10)
i_0_0/i_60/CI->CO        FA_X1                   rr   2918.3     47.8     47.8      0.0     13.6      0.4      3.1      1    39,   40  /PD_TOP        (1.10)
i_0_0/i_61/CI->CO        FA_X1                   rr   2966.1     47.8     47.8      0.0     13.6      0.4      3.1      1    39,   40  /PD_TOP        (1.10)
i_0_0/i_62/CI->CO        FA_X1                   rr   3013.9     47.8     47.8      0.0     13.6      0.4      3.1      1    39,   40  /PD_TOP        (1.10)
i_0_0/i_63/CI->S         FA_X1                   rf   3112.7     98.8     98.8      0.0     13.6      2.6      5.6      1    39,   40  /PD_TOP        (1.10)
Sum[63]                                           f   3113.0      0.3               0.3     19.2                             46,    0                       
------------------------------------------------------------------------------------------------------------------------------------------------------------
Report for group R2O
