Report Instance Areas: 
-----+------------------+-------------------------------+-----+---------
     |Instance          |Module                         |Cells|Cell Area
-----+------------------+-------------------------------+-----+---------
1    |top               |                               |  200|      245
2    |  rca             |ripple_carry_adder_4_bit       |   17|       20
3    |    genblk1_0_fa  |fa__0_16                       |    2|        3
4    |    genblk1_1_fa  |fa__0_19                       |    5|        6
5    |    genblk1_2_fa  |fa__0_22                       |    5|        6
6    |    genblk1_3_fa  |fa                             |    5|        6
7    |  genblk1_1_cia   |cia_block__0_62                |   26|       32
8    |    rca           |ripple_carry_adder_4_bit__0_61 |   17|       20
9    |      genblk1_0_fa|fa__0_60                       |    2|        3
10   |      genblk1_1_fa|fa__0_57                       |    5|        6
11   |      genblk1_2_fa|fa__0_54                       |    5|        6
12   |      genblk1_3_fa|fa__0_51                       |    5|        6
13   |    h0            |ha__0_48                       |    2|        3
14   |    genblk1_1_h   |ha__0_45                       |    2|        3
15   |    genblk1_2_h   |ha__0_42                       |    2|        3
16   |    genblk1_3_h   |ha__0_39                       |    2|        3
17   |  genblk1_2_cia   |cia_block__0_89                |   26|       32
18   |    rca           |ripple_carry_adder_4_bit__0_88 |   17|       20
19   |      genblk1_0_fa|fa__0_87                       |    2|        3
20   |      genblk1_1_fa|fa__0_84                       |    5|        6
21   |      genblk1_2_fa|fa__0_81                       |    5|        6
22   |      genblk1_3_fa|fa__0_78                       |    5|        6
23   |    h0            |ha__0_75                       |    2|        3
24   |    genblk1_1_h   |ha__0_72                       |    2|        3
25   |    genblk1_2_h   |ha__0_69                       |    2|        3
26   |    genblk1_3_h   |ha__0_66                       |    2|        3
27   |  genblk1_3_cia   |cia_block__0_116               |   26|       32
28   |    rca           |ripple_carry_adder_4_bit__0_115|   17|       20
29   |      genblk1_0_fa|fa__0_114                      |    2|        3
30   |      genblk1_1_fa|fa__0_111                      |    5|        6
31   |      genblk1_2_fa|fa__0_108                      |    5|        6
32   |      genblk1_3_fa|fa__0_105                      |    5|        6
33   |    h0            |ha__0_102                      |    2|        3
34   |    genblk1_1_h   |ha__0_99                       |    2|        3
35   |    genblk1_2_h   |ha__0_96                       |    2|        3
36   |    genblk1_3_h   |ha__0_93                       |    2|        3
37   |  genblk1_4_cia   |cia_block__0_143               |   26|       32
38   |    rca           |ripple_carry_adder_4_bit__0_142|   17|       20
39   |      genblk1_0_fa|fa__0_141                      |    2|        3
40   |      genblk1_1_fa|fa__0_138                      |    5|        6
41   |      genblk1_2_fa|fa__0_135                      |    5|        6
42   |      genblk1_3_fa|fa__0_132                      |    5|        6
43   |    h0            |ha__0_129                      |    2|        3
44   |    genblk1_1_h   |ha__0_126                      |    2|        3
45   |    genblk1_2_h   |ha__0_123                      |    2|        3
46   |    genblk1_3_h   |ha__0_120                      |    2|        3
47   |  genblk1_5_cia   |cia_block__0_170               |   26|       32
48   |    rca           |ripple_carry_adder_4_bit__0_169|   17|       20
49   |      genblk1_0_fa|fa__0_168                      |    2|        3
50   |      genblk1_1_fa|fa__0_165                      |    5|        6
51   |      genblk1_2_fa|fa__0_162                      |    5|        6
52   |      genblk1_3_fa|fa__0_159                      |    5|        6
53   |    h0            |ha__0_156                      |    2|        3
54   |    genblk1_1_h   |ha__0_153                      |    2|        3
55   |    genblk1_2_h   |ha__0_150                      |    2|        3
56   |    genblk1_3_h   |ha__0_147                      |    2|        3
57   |  genblk1_6_cia   |cia_block__0_197               |   26|       32
58   |    rca           |ripple_carry_adder_4_bit__0_196|   17|       20
59   |      genblk1_0_fa|fa__0_195                      |    2|        3
60   |      genblk1_1_fa|fa__0_192                      |    5|        6
61   |      genblk1_2_fa|fa__0_189                      |    5|        6
62   |      genblk1_3_fa|fa__0_186                      |    5|        6
63   |    h0            |ha__0_183                      |    2|        3
64   |    genblk1_1_h   |ha__0_180                      |    2|        3
65   |    genblk1_2_h   |ha__0_177                      |    2|        3
66   |    genblk1_3_h   |ha__0_174                      |    2|        3
67   |  genblk1_7_cia   |cia_block                      |   26|       32
68   |    rca           |ripple_carry_adder_4_bit__0_35 |   17|       20
69   |      genblk1_0_fa|fa__0_34                       |    2|        3
70   |      genblk1_1_fa|fa__0_31                       |    5|        6
71   |      genblk1_2_fa|fa__0_28                       |    5|        6
72   |      genblk1_3_fa|fa__0_25                       |    5|        6
73   |    h0            |ha__0_7                        |    2|        3
74   |    genblk1_1_h   |ha__0_10                       |    2|        3
75   |    genblk1_2_h   |ha__0_13                       |    2|        3
76   |    genblk1_3_h   |ha                             |    2|        3
-----+------------------+-------------------------------+-----+---------
