Report Instance Areas: 
-----+------------------+-------------------------------+-----+---------
     |Instance          |Module                         |Cells|Cell Area
-----+------------------+-------------------------------+-----+---------
1    |top               |                               |  203|      247
2    |  rca             |ripple_carry_adder_4_bit       |   17|       20
3    |    genblk1_0_fa  |fa__0_17                       |    2|        3
4    |    genblk1_1_fa  |fa__0_20                       |    5|        6
5    |    genblk1_2_fa  |fa__0_23                       |    5|        6
6    |    genblk1_3_fa  |fa                             |    5|        6
7    |  genblk1_1_cia   |cia_block__0_63                |   26|       32
8    |    rca           |ripple_carry_adder_4_bit__0_62 |   17|       20
9    |      genblk1_0_fa|fa__0_61                       |    2|        3
10   |      genblk1_1_fa|fa__0_58                       |    5|        6
11   |      genblk1_2_fa|fa__0_55                       |    5|        6
12   |      genblk1_3_fa|fa__0_52                       |    5|        6
13   |    h0            |ha__0_49                       |    2|        3
14   |    genblk1_1_h   |ha__0_46                       |    2|        3
15   |    genblk1_2_h   |ha__0_43                       |    2|        3
16   |    genblk1_3_h   |ha__0_40                       |    2|        3
17   |  genblk1_2_cia   |cia_block__0_90                |   26|       32
18   |    rca           |ripple_carry_adder_4_bit__0_89 |   17|       20
19   |      genblk1_0_fa|fa__0_88                       |    2|        3
20   |      genblk1_1_fa|fa__0_85                       |    5|        6
21   |      genblk1_2_fa|fa__0_82                       |    5|        6
22   |      genblk1_3_fa|fa__0_79                       |    5|        6
23   |    h0            |ha__0_76                       |    2|        3
24   |    genblk1_1_h   |ha__0_73                       |    2|        3
25   |    genblk1_2_h   |ha__0_70                       |    2|        3
26   |    genblk1_3_h   |ha__0_67                       |    2|        3
27   |  genblk1_3_cia   |cia_block__0_117               |   26|       32
28   |    rca           |ripple_carry_adder_4_bit__0_116|   17|       20
29   |      genblk1_0_fa|fa__0_115                      |    2|        3
30   |      genblk1_1_fa|fa__0_112                      |    5|        6
31   |      genblk1_2_fa|fa__0_109                      |    5|        6
32   |      genblk1_3_fa|fa__0_106                      |    5|        6
33   |    h0            |ha__0_103                      |    2|        3
34   |    genblk1_1_h   |ha__0_100                      |    2|        3
35   |    genblk1_2_h   |ha__0_97                       |    2|        3
36   |    genblk1_3_h   |ha__0_94                       |    2|        3
37   |  genblk1_4_cia   |cia_block__0_144               |   26|       32
38   |    rca           |ripple_carry_adder_4_bit__0_143|   17|       20
39   |      genblk1_0_fa|fa__0_142                      |    2|        3
40   |      genblk1_1_fa|fa__0_139                      |    5|        6
41   |      genblk1_2_fa|fa__0_136                      |    5|        6
42   |      genblk1_3_fa|fa__0_133                      |    5|        6
43   |    h0            |ha__0_130                      |    2|        3
44   |    genblk1_1_h   |ha__0_127                      |    2|        3
45   |    genblk1_2_h   |ha__0_124                      |    2|        3
46   |    genblk1_3_h   |ha__0_121                      |    2|        3
47   |  genblk1_5_cia   |cia_block__0_171               |   26|       32
48   |    rca           |ripple_carry_adder_4_bit__0_170|   17|       20
49   |      genblk1_0_fa|fa__0_169                      |    2|        3
50   |      genblk1_1_fa|fa__0_166                      |    5|        6
51   |      genblk1_2_fa|fa__0_163                      |    5|        6
52   |      genblk1_3_fa|fa__0_160                      |    5|        6
53   |    h0            |ha__0_157                      |    2|        3
54   |    genblk1_1_h   |ha__0_154                      |    2|        3
55   |    genblk1_2_h   |ha__0_151                      |    2|        3
56   |    genblk1_3_h   |ha__0_148                      |    2|        3
57   |  genblk1_6_cia   |cia_block__0_198               |   26|       32
58   |    rca           |ripple_carry_adder_4_bit__0_197|   17|       20
59   |      genblk1_0_fa|fa__0_196                      |    2|        3
60   |      genblk1_1_fa|fa__0_193                      |    5|        6
61   |      genblk1_2_fa|fa__0_190                      |    5|        6
62   |      genblk1_3_fa|fa__0_187                      |    5|        6
63   |    h0            |ha__0_184                      |    2|        3
64   |    genblk1_1_h   |ha__0_181                      |    2|        3
65   |    genblk1_2_h   |ha__0_178                      |    2|        3
66   |    genblk1_3_h   |ha__0_175                      |    2|        3
67   |  genblk1_7_cia   |cia_block                      |   26|       32
68   |    rca           |ripple_carry_adder_4_bit__0_36 |   17|       20
69   |      genblk1_0_fa|fa__0_35                       |    2|        3
70   |      genblk1_1_fa|fa__0_32                       |    5|        6
71   |      genblk1_2_fa|fa__0_29                       |    5|        6
72   |      genblk1_3_fa|fa__0_26                       |    5|        6
73   |    h0            |ha__0_8                        |    2|        3
74   |    genblk1_1_h   |ha__0_11                       |    2|        3
75   |    genblk1_2_h   |ha__0_14                       |    2|        3
76   |    genblk1_3_h   |ha                             |    2|        3
-----+------------------+-------------------------------+-----+---------
