Report End Points: 
-----+-------+------+-------+-----+-----+-----+-----+-----------+---------
     |Group  |Launch|Capture|Shift|Delay|Depth|Slack|Begin Point|End Point
-----+-------+------+-------+-----+-----+-----+-----+-----------+---------
1    |default|      |       |     |     |     |     |           |         
-----+-------+------+-------+-----+-----+-----+-----+-----------+---------
Report End Points: 
-----+-----+------+-------+-----+-----+-----+-----+-----------+---------
     |Group|Launch|Capture|Shift|Delay|Depth|Slack|Begin Point|End Point
-----+-----+------+-------+-----+-----+-----+-----+-----------+---------
1    |I2R  |      |       |     |     |     |     |           |         
-----+-----+------+-------+-----+-----+-----+-----+-----------+---------
Report End Points: 
-----+-----+-------+-------+-------+------+-----+-------+-----------+---------
     |Group|Launch |Capture|Shift  |Delay |Depth|Slack  |Begin Point|End Point
-----+-----+-------+-------+-------+------+-----+-------+-----------+---------
1    |I2O  |vsysclk|vsysclk|20000.0|1338.4|   42|17161.6|in1[0]     |of       
2    |I2O  |vsysclk|vsysclk|20000.0|1268.6|   42|17231.4|in1[0]     |cout     
3    |I2O  |vsysclk|vsysclk|20000.0|1259.2|   41|17240.8|in1[0]     |sum[31]  
4    |I2O  |vsysclk|vsysclk|20000.0|1228.2|   40|17271.8|in1[0]     |sum[30]  
5    |I2O  |vsysclk|vsysclk|20000.0|1200.0|   39|17300.0|in1[0]     |sum[29]  
6    |I2O  |vsysclk|vsysclk|20000.0|1171.5|   38|17328.5|in1[0]     |sum[28]  
7    |I2O  |vsysclk|vsysclk|20000.0|1099.5|   36|17400.5|in1[0]     |sum[27]  
8    |I2O  |vsysclk|vsysclk|20000.0|1071.3|   35|17428.7|in1[0]     |sum[26]  
9    |I2O  |vsysclk|vsysclk|20000.0|1043.1|   34|17456.9|in1[0]     |sum[25]  
10   |I2O  |vsysclk|vsysclk|20000.0|1014.6|   33|17485.4|in1[0]     |sum[24]  
11   |I2O  |vsysclk|vsysclk|20000.0| 942.6|   31|17557.4|in1[0]     |sum[23]  
12   |I2O  |vsysclk|vsysclk|20000.0| 914.4|   30|17585.6|in1[0]     |sum[22]  
13   |I2O  |vsysclk|vsysclk|20000.0| 886.2|   29|17613.8|in1[0]     |sum[21]  
14   |I2O  |vsysclk|vsysclk|20000.0| 857.7|   28|17642.3|in1[0]     |sum[20]  
15   |I2O  |vsysclk|vsysclk|20000.0| 785.7|   26|17714.3|in1[0]     |sum[19]  
16   |I2O  |vsysclk|vsysclk|20000.0| 757.5|   25|17742.5|in1[0]     |sum[18]  
17   |I2O  |vsysclk|vsysclk|20000.0| 729.3|   24|17770.7|in1[0]     |sum[17]  
18   |I2O  |vsysclk|vsysclk|20000.0| 700.8|   23|17799.2|in1[0]     |sum[16]  
19   |I2O  |vsysclk|vsysclk|20000.0| 628.8|   21|17871.2|in1[0]     |sum[15]  
20   |I2O  |vsysclk|vsysclk|20000.0| 600.6|   20|17899.4|in1[0]     |sum[14]  
21   |I2O  |vsysclk|vsysclk|20000.0| 572.4|   19|17927.6|in1[0]     |sum[13]  
22   |I2O  |vsysclk|vsysclk|20000.0| 543.9|   18|17956.1|in1[0]     |sum[12]  
23   |I2O  |vsysclk|vsysclk|20000.0| 471.9|   16|18028.1|in1[0]     |sum[11]  
24   |I2O  |vsysclk|vsysclk|20000.0| 443.7|   15|18056.3|in1[0]     |sum[10]  
25   |I2O  |vsysclk|vsysclk|20000.0| 415.5|   14|18084.5|in1[0]     |sum[9]   
26   |I2O  |vsysclk|vsysclk|20000.0| 387.0|   13|18113.0|in1[0]     |sum[8]   
27   |I2O  |vsysclk|vsysclk|20000.0| 315.0|   11|18185.0|in1[0]     |sum[7]   
28   |I2O  |vsysclk|vsysclk|20000.0| 286.8|   10|18213.2|in1[0]     |sum[6]   
29   |I2O  |vsysclk|vsysclk|20000.0| 258.6|    9|18241.4|in1[0]     |sum[5]   
30   |I2O  |vsysclk|vsysclk|20000.0| 230.2|    8|18269.8|in1[0]     |sum[4]   
31   |I2O  |vsysclk|vsysclk|20000.0| 218.5|    7|18281.5|in1[0]     |sum[3]   
32   |I2O  |vsysclk|vsysclk|20000.0| 171.3|    5|18328.7|in1[0]     |sum[2]   
33   |I2O  |vsysclk|vsysclk|20000.0| 123.8|    3|18376.2|in1[0]     |sum[1]   
34   |I2O  |vsysclk|vsysclk|20000.0|  69.0|    1|18431.0|in1[0]     |sum[0]   
-----+-----+-------+-------+-------+------+-----+-------+-----------+---------
Report End Points: 
-----+-----+------+-------+-----+-----+-----+-----+-----------+---------
     |Group|Launch|Capture|Shift|Delay|Depth|Slack|Begin Point|End Point
-----+-----+------+-------+-----+-----+-----+-----+-----------+---------
1    |R2O  |      |       |     |     |     |     |           |         
-----+-----+------+-------+-----+-----+-----+-----+-----------+---------
