warning: No library characterized for (process = 1.00 voltage = 0.85 temperature = 25.00) can be found in the database for power domain '/PD_TOP'  [NL-174]
Report Power (instances with prefix '*' are included in total) : 
-----+--------------+--------------------+---------------------+-------------------+-----------------
     | Instance     | Internal Power(uw) | Switching Power(uw) | Leakage Power(uw) | Total Power(uw) 
-----+--------------+--------------------+---------------------+-------------------+-----------------
1    |*rca          |            0.860987|             1.788417|           0.452094|         3.101498
2    |*genblk1_1_cia|            1.377902|             2.323246|           0.719708|         4.420857
3    |*genblk1_2_cia|            1.379042|             2.326838|           0.719708|         4.425588
4    |*genblk1_3_cia|            1.379075|             2.327533|           0.719708|         4.426317
5    |*genblk1_4_cia|            1.379076|             2.327896|           0.719708|         4.426681
6    |*genblk1_5_cia|            1.379079|             2.328496|           0.719708|         4.427283
7    |*genblk1_6_cia|            1.379079|             2.328856|           0.719708|         4.427644
8    |*genblk1_7_cia|            1.381104|             2.840904|           0.719708|         4.941716
9    |*i_0_0_0      |            0.055484|             0.134605|           0.048314|         0.238402
10   |*i_0_0_1      |            0.024272|             0.028798|           0.014353|         0.067424
11   |*i_0_0_2      |            0.023877|             0.029381|           0.014353|         0.067612
12   |*i_0_0_3      |            0.024295|             0.030408|           0.014353|         0.069056
13   |              |                    |                     |                   |                 
14   |*TOTAL        |           10.643272|            18.815378|           5.581425|        35.040077
-----+--------------+--------------------+---------------------+-------------------+-----------------
