warning: No library characterized for (process = 1.00 voltage = 0.85 temperature = 25.00) can be found in the database for power domain '/PD_TOP'  [NL-174]
Report Power (instances with prefix '*' are included in total) : 
-----+----------------------+--------------------+---------------------+-------------------+-----------------
     | Instance             | Internal Power(uw) | Switching Power(uw) | Leakage Power(uw) | Total Power(uw) 
-----+----------------------+--------------------+---------------------+-------------------+-----------------
1    |*clk_gate_c_reg       |            0.024994|             0.102294|           0.059138|         0.186427
2    |*c_reg[63]            |            2.379246|             4.037502|           0.086213|         6.502962
3    |*c_reg[62]            |            2.386633|             3.999114|           0.086213|         6.471960
4    |*c_reg[61]            |            2.389774|             4.154127|           0.086213|         6.630114
5    |*c_reg[60]            |            2.389362|             4.035533|           0.086213|         6.511108
6    |*c_reg[59]            |            2.389778|             4.155327|           0.086213|         6.631318
7    |*c_reg[58]            |            2.389616|             4.108712|           0.086213|         6.584541
8    |*c_reg[57]            |            2.389602|             4.104683|           0.086213|         6.580498
9    |*c_reg[56]            |            2.389335|             4.027905|           0.086213|         6.503454
10   |*c_reg[55]            |            2.389352|             4.032704|           0.086213|         6.508269
11   |*c_reg[54]            |            2.389252|             4.003912|           0.086213|         6.479377
12   |*c_reg[53]            |            2.389757|             4.149329|           0.086213|         6.625299
13   |*c_reg[52]            |            2.389345|             4.030735|           0.086213|         6.506293
14   |*c_reg[51]            |            2.389761|             4.150529|           0.086213|         6.626503
15   |*c_reg[50]            |            2.389600|             4.103913|           0.086213|         6.579726
16   |*c_reg[49]            |            2.389585|             4.099885|           0.086213|         6.575683
17   |*c_reg[48]            |            2.389352|             4.032704|           0.086213|         6.508269
18   |*c_reg[47]            |            2.389335|             4.027906|           0.086213|         6.503454
19   |*c_reg[46]            |            2.389269|             4.008711|           0.086213|         6.484192
20   |*c_reg[45]            |            2.389740|             4.144530|           0.086213|         6.620483
21   |*c_reg[44]            |            2.389328|             4.025937|           0.086213|         6.501478
22   |*c_reg[43]            |            2.389745|             4.145730|           0.086213|         6.621687
23   |*c_reg[42]            |            2.389582|             4.099115|           0.086213|         6.574911
24   |*c_reg[41]            |            2.389569|             4.095086|           0.086213|         6.570867
25   |*c_reg[40]            |            2.389369|             4.037502|           0.086213|         6.513084
26   |*c_reg[39]            |            2.389318|             4.023107|           0.086213|         6.498639
27   |*c_reg[38]            |            2.389285|             4.013509|           0.086213|         6.489007
28   |*c_reg[37]            |            2.389724|             4.139731|           0.086213|         6.615668
29   |*c_reg[36]            |            2.389311|             4.021138|           0.086213|         6.496662
30   |*c_reg[35]            |            2.389727|             4.140931|           0.086213|         6.616871
31   |*c_reg[34]            |            2.389564|             4.094316|           0.086213|         6.570093
32   |*c_reg[33]            |            2.389547|             4.090287|           0.086213|         6.566047
33   |*c_reg[32]            |            2.389376|             4.042301|           0.086213|         6.517890
34   |*c_reg[31]            |            2.389282|             4.018309|           0.086213|         6.493804
35   |*c_reg[30]            |            2.389669|             4.134933|           0.086213|         6.610815
36   |*c_reg[29]            |            2.389257|             4.016339|           0.086213|         6.491809
37   |*c_reg[28]            |            2.389673|             4.136133|           0.086213|         6.612019
38   |*c_reg[27]            |            2.389511|             4.089518|           0.086213|         6.565242
39   |*c_reg[26]            |            2.389497|             4.085489|           0.086213|         6.561199
40   |*c_reg[25]            |            2.389364|             4.047099|           0.086213|         6.522676
41   |*c_reg[24]            |            2.389652|             4.130134|           0.086213|         6.605999
42   |*c_reg[23]            |            2.389241|             4.011540|           0.086213|         6.486994
43   |*c_reg[22]            |            2.389656|             4.131334|           0.086213|         6.607203
44   |*c_reg[21]            |            2.389494|             4.084719|           0.086213|         6.560426
45   |*c_reg[20]            |            2.389481|             4.080690|           0.086213|         6.556384
46   |*c_reg[19]            |            2.389380|             4.051898|           0.086213|         6.527492
47   |*c_reg[18]            |            2.389636|             4.125336|           0.086213|         6.601184
48   |*c_reg[17]            |            2.389224|             4.006742|           0.086213|         6.482179
49   |*c_reg[16]            |            2.389640|             4.126535|           0.086213|         6.602388
50   |*c_reg[15]            |            2.389478|             4.079920|           0.086213|         6.555611
51   |*c_reg[14]            |            2.389464|             4.075891|           0.086213|         6.551568
52   |*c_reg[13]            |            2.389397|             4.056697|           0.086213|         6.532307
53   |*c_reg[12]            |            2.389619|             4.120537|           0.086213|         6.596369
54   |*c_reg[11]            |            2.389207|             4.001944|           0.086213|         6.477364
55   |*c_reg[10]            |            2.389623|             4.121737|           0.086213|         6.597572
56   |*c_reg[9]             |            2.389461|             4.075122|           0.086213|         6.550796
57   |*c_reg[8]             |            2.389447|             4.071093|           0.086213|         6.546752
58   |*c_reg[7]             |            2.389414|             4.061495|           0.086213|         6.537122
59   |*c_reg[6]             |            2.389602|             4.115738|           0.086213|         6.591554
60   |*c_reg[5]             |            2.389190|             3.997144|           0.086213|         6.472548
61   |*c_reg[4]             |            2.389606|             4.116938|           0.086213|         6.592757
62   |*c_reg[3]             |            2.389444|             4.070323|           0.086213|         6.545980
63   |*c_reg[2]             |            2.389434|             4.066294|           0.086213|         6.541941
64   |*c_reg[1]             |            2.389587|             4.110940|           0.086213|         6.586740
65   |*c_reg[0]             |            2.389173|             3.992346|           0.086213|         6.467732
66   |*i_0_2                |           18.115147|            18.582247|           1.822795|        38.520187
67   |*i_0_4                |           18.115147|            18.582247|           1.822795|        38.520187
68   |*i_0_8                |           34.617435|            65.968109|           2.370261|       102.955811
69   |*i_0_9                |           20.976942|            17.014755|           3.782933|        41.774628
70   |*counter_reg[6]       |            0.899962|             2.007535|           0.086213|         2.993710
71   |*counter_reg[5]       |            0.899964|             2.009719|           0.086213|         2.995896
72   |*counter_reg[4]       |            0.900107|             2.162402|           0.086213|         3.148722
73   |*counter_reg[3]       |            0.900063|             2.115746|           0.086213|         3.102022
74   |*counter_reg[2]       |            0.900114|             2.457095|           0.086213|         3.443421
75   |*counter_reg[1]       |            0.900199|             2.332300|           0.086213|         3.318712
76   |*counter_reg[0]       |            0.898901|             4.243181|           0.086213|         5.228295
77   |*A_r_reg[31]          |            0.521258|             0.108904|           0.079112|         0.709275
78   |*A_r_reg[30]          |            0.521258|             0.108904|           0.079112|         0.709275
79   |*A_r_reg[29]          |            0.521258|             0.108904|           0.079112|         0.709275
80   |*A_r_reg[28]          |            0.521258|             0.108904|           0.079112|         0.709275
81   |*A_r_reg[27]          |            0.521258|             0.108904|           0.079112|         0.709275
82   |*A_r_reg[26]          |            0.521258|             0.108904|           0.079112|         0.709275
83   |*A_r_reg[25]          |            0.521258|             0.108904|           0.079112|         0.709275
84   |*A_r_reg[24]          |            0.521258|             0.108904|           0.079112|         0.709275
85   |*A_r_reg[23]          |            0.521258|             0.108904|           0.079112|         0.709275
86   |*A_r_reg[22]          |            0.521258|             0.108904|           0.079112|         0.709275
87   |*A_r_reg[21]          |            0.521258|             0.108904|           0.079112|         0.709275
88   |*A_r_reg[20]          |            0.521258|             0.108904|           0.079112|         0.709275
89   |*A_r_reg[19]          |            0.521258|             0.108904|           0.079112|         0.709275
90   |*A_r_reg[18]          |            0.521258|             0.108904|           0.079112|         0.709275
91   |*A_r_reg[17]          |            0.521258|             0.108904|           0.079112|         0.709275
92   |*A_r_reg[16]          |            0.521258|             0.108904|           0.079112|         0.709275
93   |*A_r_reg[15]          |            0.521258|             0.108904|           0.079112|         0.709275
94   |*A_r_reg[14]          |            0.521258|             0.108904|           0.079112|         0.709275
95   |*A_r_reg[13]          |            0.521258|             0.108904|           0.079112|         0.709275
96   |*A_r_reg[12]          |            0.521258|             0.108904|           0.079112|         0.709275
97   |*A_r_reg[11]          |            0.521258|             0.108904|           0.079112|         0.709275
98   |*A_r_reg[10]          |            0.521258|             0.108904|           0.079112|         0.709275
99   |*A_r_reg[9]           |            0.521258|             0.108904|           0.079112|         0.709275
100  |*A_r_reg[8]           |            0.521258|             0.108904|           0.079112|         0.709275
101  |*A_r_reg[7]           |            0.521258|             0.108904|           0.079112|         0.709275
102  |*A_r_reg[6]           |            0.521258|             0.108904|           0.079112|         0.709275
103  |*A_r_reg[5]           |            0.521258|             0.108904|           0.079112|         0.709275
104  |*A_r_reg[4]           |            0.521258|             0.108904|           0.079112|         0.709275
105  |*A_r_reg[3]           |            0.521258|             0.108904|           0.079112|         0.709275
106  |*A_r_reg[2]           |            0.521258|             0.108904|           0.079112|         0.709275
107  |*A_r_reg[1]           |            0.521258|             0.108904|           0.079112|         0.709275
108  |*A_r_reg[0]           |            0.521258|             0.108904|           0.079112|         0.709275
109  |*B_r_reg[31]          |            0.521258|             0.108904|           0.079112|         0.709275
110  |*B_r_reg[30]          |            0.521258|             0.108904|           0.079112|         0.709275
111  |*B_r_reg[29]          |            0.521258|             0.108904|           0.079112|         0.709275
112  |*B_r_reg[28]          |            0.521258|             0.108904|           0.079112|         0.709275
113  |*B_r_reg[27]          |            0.521258|             0.108904|           0.079112|         0.709275
114  |*B_r_reg[26]          |            0.521258|             0.108904|           0.079112|         0.709275
115  |*B_r_reg[25]          |            0.521258|             0.108904|           0.079112|         0.709275
116  |*B_r_reg[24]          |            0.521258|             0.108904|           0.079112|         0.709275
117  |*B_r_reg[23]          |            0.521258|             0.108904|           0.079112|         0.709275
118  |*B_r_reg[22]          |            0.521258|             0.108904|           0.079112|         0.709275
119  |*B_r_reg[21]          |            0.521258|             0.108904|           0.079112|         0.709275
120  |*B_r_reg[20]          |            0.521258|             0.108904|           0.079112|         0.709275
121  |*B_r_reg[19]          |            0.521258|             0.108904|           0.079112|         0.709275
122  |*B_r_reg[18]          |            0.521258|             0.108904|           0.079112|         0.709275
123  |*B_r_reg[17]          |            0.521258|             0.108904|           0.079112|         0.709275
124  |*B_r_reg[16]          |            0.521258|             0.108904|           0.079112|         0.709275
125  |*B_r_reg[15]          |            0.521258|             0.108904|           0.079112|         0.709275
126  |*B_r_reg[14]          |            0.521258|             0.108904|           0.079112|         0.709275
127  |*B_r_reg[13]          |            0.521258|             0.108904|           0.079112|         0.709275
128  |*B_r_reg[12]          |            0.521258|             0.108904|           0.079112|         0.709275
129  |*B_r_reg[11]          |            0.521258|             0.108904|           0.079112|         0.709275
130  |*B_r_reg[10]          |            0.521258|             0.108904|           0.079112|         0.709275
131  |*B_r_reg[9]           |            0.521258|             0.108904|           0.079112|         0.709275
132  |*B_r_reg[8]           |            0.521258|             0.108904|           0.079112|         0.709275
133  |*B_r_reg[7]           |            0.521258|             0.108904|           0.079112|         0.709275
134  |*B_r_reg[6]           |            0.521258|             0.108904|           0.079112|         0.709275
135  |*B_r_reg[5]           |            0.521258|             0.108904|           0.079112|         0.709275
136  |*B_r_reg[4]           |            0.521258|             0.108904|           0.079112|         0.709275
137  |*B_r_reg[3]           |            0.521258|             0.108904|           0.079112|         0.709275
138  |*B_r_reg[2]           |            0.521258|             0.108904|           0.079112|         0.709275
139  |*B_r_reg[1]           |            0.521258|             0.108904|           0.079112|         0.709275
140  |*B_r_reg[0]           |            0.521258|             0.108904|           0.079112|         0.709275
141  |*Accumulator_reg[30]  |            0.885474|             0.195034|           0.086213|         1.166721
142  |*Accumulator_reg[29]  |            0.885768|             0.195034|           0.086213|         1.167015
143  |*Accumulator_reg[28]  |            0.885768|             0.195034|           0.086213|         1.167015
144  |*Accumulator_reg[27]  |            0.885768|             0.195034|           0.086213|         1.167015
145  |*Accumulator_reg[26]  |            0.885768|             0.195034|           0.086213|         1.167015
146  |*Accumulator_reg[25]  |            0.885768|             0.195034|           0.086213|         1.167015
147  |*Accumulator_reg[24]  |            0.885768|             0.195034|           0.086213|         1.167015
148  |*Accumulator_reg[23]  |            0.885768|             0.195034|           0.086213|         1.167015
149  |*Accumulator_reg[22]  |            0.885768|             0.195034|           0.086213|         1.167015
150  |*Accumulator_reg[21]  |            0.885768|             0.195034|           0.086213|         1.167015
151  |*Accumulator_reg[20]  |            0.885768|             0.195034|           0.086213|         1.167015
152  |*Accumulator_reg[19]  |            0.885768|             0.195034|           0.086213|         1.167015
153  |*Accumulator_reg[18]  |            0.885768|             0.195034|           0.086213|         1.167015
154  |*Accumulator_reg[17]  |            0.885768|             0.195034|           0.086213|         1.167015
155  |*Accumulator_reg[16]  |            0.885768|             0.195034|           0.086213|         1.167015
156  |*Accumulator_reg[15]  |            0.885768|             0.195034|           0.086213|         1.167015
157  |*Accumulator_reg[14]  |            0.885768|             0.195034|           0.086213|         1.167015
158  |*Accumulator_reg[13]  |            0.885768|             0.195034|           0.086213|         1.167015
159  |*Accumulator_reg[12]  |            0.885768|             0.195034|           0.086213|         1.167015
160  |*Accumulator_reg[11]  |            0.885768|             0.195034|           0.086213|         1.167015
161  |*Accumulator_reg[10]  |            0.885768|             0.195034|           0.086213|         1.167015
162  |*Accumulator_reg[9]   |            0.885768|             0.195034|           0.086213|         1.167015
163  |*Accumulator_reg[8]   |            0.885768|             0.195034|           0.086213|         1.167015
164  |*Accumulator_reg[7]   |            0.885768|             0.195034|           0.086213|         1.167015
165  |*Accumulator_reg[6]   |            0.885768|             0.195034|           0.086213|         1.167015
166  |*Accumulator_reg[5]   |            0.885768|             0.195034|           0.086213|         1.167015
167  |*Accumulator_reg[4]   |            0.885768|             0.195034|           0.086213|         1.167015
168  |*Accumulator_reg[3]   |            0.885768|             0.195034|           0.086213|         1.167015
169  |*Accumulator_reg[2]   |            0.885768|             0.195034|           0.086213|         1.167015
170  |*Accumulator_reg[1]   |            0.885768|             0.195034|           0.086213|         1.167014
171  |*Accumulator_reg[0]   |            0.885767|             0.195034|           0.086213|         1.167014
172  |*negative_reg         |            0.526432|             0.233673|           0.079112|         0.839217
173  |*i_0_0_0              |            0.089377|            33.421402|           0.014353|        33.525131
174  |*clk_gate_negative_reg|            1.010366|             6.284473|           0.059138|         7.353977
175  |*i_0_1_0              |            0.814075|             0.531798|           0.061230|         1.407102
176  |*i_0_1_1              |            0.822320|             0.466369|           0.061230|         1.349919
177  |*i_0_1_2              |            0.752971|             0.379579|           0.061230|         1.193780
178  |*i_0_1_3              |            0.681538|             0.309140|           0.061230|         1.051908
179  |*i_0_1_4              |            0.647977|             0.263662|           0.061230|         0.972870
180  |*i_0_1_5              |            0.254304|             2.118101|           0.036441|         2.408846
181  |*i_0_1_6              |            0.230803|             0.206753|           0.014353|         0.451909
182  |*i_0_1_7              |            0.121783|             0.141611|           0.018127|         0.281520
183  |*i_0_1_8              |            0.023440|             0.007030|           0.032601|         0.063071
184  |*i_0_1_9              |            0.243886|             0.371375|           0.014353|         0.629614
185  |*i_0_1_10             |            0.122201|             0.063141|           0.026733|         0.212075
186  |*i_0_1_11             |            0.018929|             0.016726|           0.026733|         0.062389
187  |*i_0_1_12             |            0.004654|             0.178826|           0.021200|         0.204680
188  |*i_0_1_13             |            0.006126|             0.257246|           0.021200|         0.284571
189  |*i_0_1_14             |            0.011085|             0.410304|           0.021200|         0.442588
190  |*i_0_1_15             |            0.472098|             2.240603|           0.047399|         2.760100
191  |*i_0_1_16             |            0.137766|             6.469151|           0.014353|         6.621270
192  |*i_0_1_17             |            0.471891|             2.240603|           0.047399|         2.759893
193  |*i_0_1_18             |            0.137481|             1.170948|           0.014353|         1.322782
194  |*i_0_1_19             |            0.472259|             2.241088|           0.047399|         2.760746
195  |*i_0_1_20             |            0.137519|             1.160996|           0.014353|         1.312868
196  |*i_0_1_21             |            0.471891|             2.240603|           0.047399|         2.759893
197  |*i_0_1_22             |            0.137754|             0.846173|           0.014353|         0.998279
198  |*i_0_1_23             |            0.471891|             2.240603|           0.047399|         2.759893
199  |*i_0_1_24             |            0.137805|             0.784446|           0.014353|         0.936605
200  |*i_0_1_25             |            0.471891|             2.240603|           0.047399|         2.759893
201  |*i_0_1_26             |            0.137805|             0.784446|           0.014353|         0.936605
202  |*i_0_1_27             |            0.472066|             2.240644|           0.047399|         2.760108
203  |*i_0_1_28             |            0.137490|             1.163317|           0.014353|         1.315160
204  |*i_0_1_29             |            0.471891|             2.240603|           0.047399|         2.759893
205  |*i_0_1_30             |            0.137754|             0.845400|           0.014353|         0.997508
206  |*i_0_1_31             |            0.471891|             2.240603|           0.047399|         2.759893
207  |*i_0_1_32             |            0.137805|             0.784446|           0.014353|         0.936605
208  |*i_0_1_33             |            0.472049|             2.240608|           0.047399|         2.760056
209  |*i_0_1_34             |            0.137488|             1.163299|           0.014353|         1.315140
210  |*i_0_1_35             |            0.471891|             2.240603|           0.047399|         2.759893
211  |*i_0_1_36             |            0.137754|             0.845400|           0.014353|         0.997508
212  |*i_0_1_37             |            0.471896|             2.240603|           0.047399|         2.759898
213  |*i_0_1_38             |            0.137662|             0.955575|           0.014353|         1.107590
214  |*i_0_1_39             |            0.471891|             2.240603|           0.047399|         2.759893
215  |*i_0_1_40             |            0.136201|             2.789551|           0.014353|         2.940105
216  |*i_0_1_41             |            0.471896|             2.240603|           0.047399|         2.759898
217  |*i_0_1_42             |            0.137662|             0.955575|           0.014353|         1.107590
218  |*i_0_1_43             |            0.471896|             2.240603|           0.047399|         2.759898
219  |*i_0_1_44             |            0.136201|             2.789551|           0.014353|         2.940105
220  |*i_0_1_45             |            0.471891|             2.240603|           0.047399|         2.759893
221  |*i_0_1_46             |            0.137488|             1.163296|           0.014353|         1.315137
222  |*i_0_1_47             |            0.472046|             2.240603|           0.047399|         2.760048
223  |*i_0_1_48             |            0.137754|             0.845400|           0.014353|         0.997508
224  |*i_0_1_49             |            0.471891|             2.240603|           0.047399|         2.759893
225  |*i_0_1_50             |            0.137805|             0.784446|           0.014353|         0.936605
226  |*i_0_1_51             |            0.471891|             2.240603|           0.047399|         2.759893
227  |*i_0_1_52             |            0.137805|             0.784446|           0.014353|         0.936605
228  |*i_0_1_53             |            0.471896|             2.240603|           0.047399|         2.759898
229  |*i_0_1_54             |            0.137004|             1.697821|           0.014353|         1.849178
230  |*i_0_1_55             |            0.471896|             2.240603|           0.047399|         2.759898
231  |*i_0_1_56             |            0.137384|             1.286194|           0.014353|         1.437932
232  |*i_0_1_57             |            0.471896|             2.240603|           0.047399|         2.759898
233  |*i_0_1_58             |            0.137692|             0.919115|           0.014353|         1.071160
234  |*i_0_1_59             |            0.471891|             2.240603|           0.047399|         2.759893
235  |*i_0_1_60             |            0.136201|             2.789551|           0.014353|         2.940105
236  |*i_0_1_61             |            0.471891|             2.240603|           0.047399|         2.759893
237  |*i_0_1_62             |            0.137805|             0.784446|           0.014353|         0.936605
238  |*i_0_1_63             |            0.471896|             2.240603|           0.047399|         2.759898
239  |*i_0_1_64             |            0.137004|             1.697821|           0.014353|         1.849178
240  |*i_0_1_65             |            0.471896|             2.240603|           0.047399|         2.759898
241  |*i_0_1_66             |            0.137384|             1.286194|           0.014353|         1.437932
242  |*i_0_1_67             |            0.471891|             2.240603|           0.047399|         2.759893
243  |*i_0_1_68             |            0.137692|             0.919115|           0.014353|         1.071160
244  |*i_0_1_69             |            0.472047|             2.240603|           0.047399|         2.760048
245  |*i_0_1_70             |            0.136201|             2.789551|           0.014353|         2.940105
246  |*i_0_1_71             |            0.471891|             2.240603|           0.047399|         2.759893
247  |*i_0_1_72             |            0.137805|             0.784446|           0.014353|         0.936605
248  |*i_0_1_73             |            0.471896|             2.240603|           0.047399|         2.759898
249  |*i_0_1_74             |            0.137004|             1.697821|           0.014353|         1.849178
250  |*i_0_1_75             |            0.471896|             2.240603|           0.047399|         2.759898
251  |*i_0_1_76             |            0.137384|             1.286194|           0.014353|         1.437932
252  |*i_0_1_77             |            0.471896|             2.240603|           0.047399|         2.759898
253  |*i_0_1_78             |            0.137692|             0.919115|           0.014353|         1.071160
254  |*i_0_1_79             |            0.243886|             0.371375|           0.014353|         0.629614
255  |*i_0_1_80             |            0.122201|             0.063141|           0.026733|         0.212075
256  |*i_0_1_81             |            0.018929|             0.016726|           0.026733|         0.062389
257  |*i_0_1_82             |            0.004654|             0.178826|           0.021200|         0.204680
258  |*i_0_1_83             |            0.006126|             0.257246|           0.021200|         0.284571
259  |*i_0_1_84             |            0.011085|             0.410304|           0.021200|         0.442588
260  |*i_0_1_85             |            0.472098|             2.240603|           0.047399|         2.760100
261  |*i_0_1_86             |            0.137667|             0.326479|           0.014353|         0.478499
262  |*i_0_1_87             |            0.471891|             2.240603|           0.047399|         2.759893
263  |*i_0_1_88             |            0.137645|             0.343758|           0.014353|         0.495756
264  |*i_0_1_89             |            0.472259|             2.241088|           0.047399|         2.760746
265  |*i_0_1_90             |            0.137675|             0.343832|           0.014353|         0.495860
266  |*i_0_1_91             |            0.471891|             2.240603|           0.047399|         2.759893
267  |*i_0_1_92             |            0.137645|             0.343758|           0.014353|         0.495756
268  |*i_0_1_93             |            0.471891|             2.240603|           0.047399|         2.759893
269  |*i_0_1_94             |            0.137645|             0.343758|           0.014353|         0.495756
270  |*i_0_1_95             |            0.471891|             2.240603|           0.047399|         2.759893
271  |*i_0_1_96             |            0.137645|             0.343758|           0.014353|         0.495756
272  |*i_0_1_97             |            0.472066|             2.240644|           0.047399|         2.760108
273  |*i_0_1_98             |            0.137647|             0.343764|           0.014353|         0.495765
274  |*i_0_1_99             |            0.471891|             2.240603|           0.047399|         2.759893
275  |*i_0_1_100            |            0.137645|             0.343758|           0.014353|         0.495756
276  |*i_0_1_101            |            0.471891|             2.240603|           0.047399|         2.759893
277  |*i_0_1_102            |            0.137645|             0.343758|           0.014353|         0.495756
278  |*i_0_1_103            |            0.472049|             2.240608|           0.047399|         2.760056
279  |*i_0_1_104            |            0.137645|             0.343759|           0.014353|         0.495757
280  |*i_0_1_105            |            0.471891|             2.240603|           0.047399|         2.759893
281  |*i_0_1_106            |            0.137645|             0.343758|           0.014353|         0.495756
282  |*i_0_1_107            |            0.471896|             2.240603|           0.047399|         2.759898
283  |*i_0_1_108            |            0.137645|             0.343758|           0.014353|         0.495756
284  |*i_0_1_109            |            0.471891|             2.240603|           0.047399|         2.759893
285  |*i_0_1_110            |            0.137645|             0.343758|           0.014353|         0.495756
286  |*i_0_1_111            |            0.471896|             2.240603|           0.047399|         2.759898
287  |*i_0_1_112            |            0.137645|             0.343758|           0.014353|         0.495756
288  |*i_0_1_113            |            0.471896|             2.240603|           0.047399|         2.759898
289  |*i_0_1_114            |            0.137645|             0.343758|           0.014353|         0.495756
290  |*i_0_1_115            |            0.471891|             2.240603|           0.047399|         2.759893
291  |*i_0_1_116            |            0.137645|             0.343758|           0.014353|         0.495756
292  |*i_0_1_117            |            0.472046|             2.240603|           0.047399|         2.760048
293  |*i_0_1_118            |            0.137645|             0.343758|           0.014353|         0.495756
294  |*i_0_1_119            |            0.471891|             2.240603|           0.047399|         2.759893
295  |*i_0_1_120            |            0.137645|             0.343758|           0.014353|         0.495756
296  |*i_0_1_121            |            0.471891|             2.240603|           0.047399|         2.759893
297  |*i_0_1_122            |            0.137645|             0.343758|           0.014353|         0.495756
298  |*i_0_1_123            |            0.471896|             2.240603|           0.047399|         2.759898
299  |*i_0_1_124            |            0.137645|             0.343758|           0.014353|         0.495756
300  |*i_0_1_125            |            0.471896|             2.240603|           0.047399|         2.759898
301  |*i_0_1_126            |            0.137645|             0.343758|           0.014353|         0.495756
302  |*i_0_1_127            |            0.471896|             2.240603|           0.047399|         2.759898
303  |*i_0_1_128            |            0.137645|             0.343758|           0.014353|         0.495756
304  |*i_0_1_129            |            0.471891|             2.240603|           0.047399|         2.759893
305  |*i_0_1_130            |            0.137645|             0.343758|           0.014353|         0.495756
306  |*i_0_1_131            |            0.471891|             2.240603|           0.047399|         2.759893
307  |*i_0_1_132            |            0.137645|             0.343758|           0.014353|         0.495756
308  |*i_0_1_133            |            0.471896|             2.240603|           0.047399|         2.759898
309  |*i_0_1_134            |            0.137645|             0.343758|           0.014353|         0.495756
310  |*i_0_1_135            |            0.471896|             2.240603|           0.047399|         2.759898
311  |*i_0_1_136            |            0.137645|             0.343758|           0.014353|         0.495756
312  |*i_0_1_137            |            0.471891|             2.240603|           0.047399|         2.759893
313  |*i_0_1_138            |            0.137645|             0.343758|           0.014353|         0.495756
314  |*i_0_1_139            |            0.472047|             2.240603|           0.047399|         2.760048
315  |*i_0_1_140            |            0.137645|             0.343758|           0.014353|         0.495756
316  |*i_0_1_141            |            0.471891|             2.240603|           0.047399|         2.759893
317  |*i_0_1_142            |            0.137645|             0.343758|           0.014353|         0.495756
318  |*i_0_1_143            |            0.471896|             2.240603|           0.047399|         2.759898
319  |*i_0_1_144            |            0.137645|             0.343758|           0.014353|         0.495756
320  |*i_0_1_145            |            0.471896|             2.240603|           0.047399|         2.759898
321  |*i_0_1_146            |            0.137645|             0.343758|           0.014353|         0.495756
322  |*i_0_1_147            |            0.471896|             2.240603|           0.047399|         2.759898
323  |*i_0_1_148            |            0.137645|             0.343758|           0.014353|         0.495756
324  |*i_0_1_149            |            0.315009|             0.257051|           0.025066|         0.597126
325  |*i_0_1_150            |            0.318467|             0.300601|           0.025066|         0.644134
326  |*i_0_1_151            |            0.318532|             0.300660|           0.025066|         0.644258
327  |*i_0_1_152            |            0.318467|             0.300601|           0.025066|         0.644134
328  |*i_0_1_153            |            0.318467|             0.300601|           0.025066|         0.644134
329  |*i_0_1_154            |            0.318467|             0.300601|           0.025066|         0.644134
330  |*i_0_1_155            |            0.318473|             0.300606|           0.025066|         0.644144
331  |*i_0_1_156            |            0.318467|             0.300601|           0.025066|         0.644134
332  |*i_0_1_157            |            0.318467|             0.300601|           0.025066|         0.644134
333  |*i_0_1_158            |            0.318468|             0.300601|           0.025066|         0.644135
334  |*i_0_1_159            |            0.318467|             0.300601|           0.025066|         0.644134
335  |*i_0_1_160            |            0.318467|             0.300601|           0.025066|         0.644134
336  |*i_0_1_161            |            0.318467|             0.300601|           0.025066|         0.644134
337  |*i_0_1_162            |            0.318467|             0.300601|           0.025066|         0.644134
338  |*i_0_1_163            |            0.318467|             0.300601|           0.025066|         0.644134
339  |*i_0_1_164            |            0.318467|             0.300601|           0.025066|         0.644134
340  |*i_0_1_165            |            0.318467|             0.300601|           0.025066|         0.644134
341  |*i_0_1_166            |            0.318467|             0.300601|           0.025066|         0.644134
342  |*i_0_1_167            |            0.318467|             0.300601|           0.025066|         0.644134
343  |*i_0_1_168            |            0.318467|             0.300601|           0.025066|         0.644134
344  |*i_0_1_169            |            0.318467|             0.300601|           0.025066|         0.644134
345  |*i_0_1_170            |            0.318467|             0.300601|           0.025066|         0.644134
346  |*i_0_1_171            |            0.318467|             0.300601|           0.025066|         0.644134
347  |*i_0_1_172            |            0.318467|             0.300601|           0.025066|         0.644134
348  |*i_0_1_173            |            0.318467|             0.300601|           0.025066|         0.644134
349  |*i_0_1_174            |            0.318467|             0.300601|           0.025066|         0.644134
350  |*i_0_1_175            |            0.318467|             0.300601|           0.025066|         0.644134
351  |*i_0_1_176            |            0.318467|             0.300601|           0.025066|         0.644134
352  |*i_0_1_177            |            0.318467|             0.300601|           0.025066|         0.644134
353  |*i_0_1_178            |            0.318467|             0.300601|           0.025066|         0.644134
354  |*i_0_1_179            |            0.318467|             0.300601|           0.025066|         0.644134
355  |*i_0_1_180            |            0.315664|             0.262000|           0.025066|         0.602730
356  |*i_0_1_181            |            0.143945|             0.211050|           0.026832|         0.381826
357  |*i_0_1_182            |            0.014076|             0.412966|           0.017393|         0.444436
358  |*i_0_1_183            |            0.341106|             0.289964|           0.025066|         0.656136
359  |*i_0_1_184            |            0.341510|             0.294111|           0.025066|         0.660687
360  |*i_0_1_185            |            0.341510|             0.294111|           0.025066|         0.660687
361  |*i_0_1_186            |            0.341510|             0.294111|           0.025066|         0.660687
362  |*i_0_1_187            |            0.341510|             0.294111|           0.025066|         0.660687
363  |*i_0_1_188            |            0.341510|             0.294111|           0.025066|         0.660687
364  |*i_0_1_189            |            0.341510|             0.294111|           0.025066|         0.660687
365  |*i_0_1_190            |            0.341510|             0.294111|           0.025066|         0.660687
366  |*i_0_1_191            |            0.341510|             0.294111|           0.025066|         0.660687
367  |*i_0_1_192            |            0.341510|             0.294111|           0.025066|         0.660687
368  |*i_0_1_193            |            0.341510|             0.294111|           0.025066|         0.660687
369  |*i_0_1_194            |            0.341510|             0.294111|           0.025066|         0.660687
370  |*i_0_1_195            |            0.341510|             0.294111|           0.025066|         0.660687
371  |*i_0_1_196            |            0.341510|             0.294111|           0.025066|         0.660687
372  |*i_0_1_197            |            0.341510|             0.294111|           0.025066|         0.660687
373  |*i_0_1_198            |            0.341510|             0.294111|           0.025066|         0.660687
374  |*i_0_1_199            |            0.341510|             0.294111|           0.025066|         0.660687
375  |*i_0_1_200            |            0.341510|             0.294111|           0.025066|         0.660687
376  |*i_0_1_201            |            0.341510|             0.294111|           0.025066|         0.660687
377  |*i_0_1_202            |            0.341510|             0.294111|           0.025066|         0.660687
378  |*i_0_1_203            |            0.341510|             0.294111|           0.025066|         0.660687
379  |*i_0_1_204            |            0.341510|             0.294111|           0.025066|         0.660687
380  |*i_0_1_205            |            0.341510|             0.294111|           0.025066|         0.660687
381  |*i_0_1_206            |            0.341510|             0.294111|           0.025066|         0.660687
382  |*i_0_1_207            |            0.341510|             0.294111|           0.025066|         0.660687
383  |*i_0_1_208            |            0.341510|             0.294111|           0.025066|         0.660687
384  |*i_0_1_209            |            0.341510|             0.294111|           0.025066|         0.660687
385  |*i_0_1_210            |            0.341510|             0.294111|           0.025066|         0.660687
386  |*i_0_1_211            |            0.341510|             0.294111|           0.025066|         0.660687
387  |*i_0_1_212            |            0.341510|             0.294111|           0.025066|         0.660687
388  |*i_0_1_213            |            0.341510|             0.294111|           0.025066|         0.660687
389  |*i_0_1_214            |            0.127372|             0.192120|           0.018105|         0.337597
390  |*i_0_1_215            |            0.149214|             0.213879|           0.018105|         0.381197
391  |*i_0_1_216            |            0.012510|             0.486707|           0.032601|         0.531818
392  |*i_0_1_217            |            0.422106|             0.128721|           0.035928|         0.586755
393  |*i_0_1_218            |            0.422176|             0.128690|           0.035928|         0.586794
394  |*i_0_1_219            |            0.422230|             0.128689|           0.035928|         0.586848
395  |*i_0_1_220            |            0.422204|             0.128681|           0.035928|         0.586814
396  |*i_0_1_221            |            0.421964|             0.128677|           0.035928|         0.586569
397  |*i_0_1_222            |            0.422133|             0.128670|           0.035928|         0.586731
398  |*i_0_1_223            |            0.422166|             0.128669|           0.035928|         0.586763
399  |*i_0_1_224            |            0.421934|             0.128668|           0.035928|         0.586530
400  |*i_0_1_225            |            0.422124|             0.128666|           0.035928|         0.586719
401  |*i_0_1_226            |            0.422055|             0.128666|           0.035928|         0.586649
402  |*i_0_1_227            |            0.420969|             0.128666|           0.035928|         0.585563
403  |*i_0_1_228            |            0.422054|             0.128666|           0.035928|         0.586648
404  |*i_0_1_229            |            0.420968|             0.128666|           0.035928|         0.585563
405  |*i_0_1_230            |            0.421929|             0.128666|           0.035928|         0.586523
406  |*i_0_1_231            |            0.422123|             0.128666|           0.035928|         0.586717
407  |*i_0_1_232            |            0.422158|             0.128666|           0.035928|         0.586752
408  |*i_0_1_233            |            0.422158|             0.128666|           0.035928|         0.586752
409  |*i_0_1_234            |            0.421616|             0.128666|           0.035928|         0.586210
410  |*i_0_1_235            |            0.421865|             0.128666|           0.035928|         0.586459
411  |*i_0_1_236            |            0.422073|             0.128666|           0.035928|         0.586667
412  |*i_0_1_237            |            0.420968|             0.128666|           0.035928|         0.585563
413  |*i_0_1_238            |            0.422158|             0.128666|           0.035928|         0.586752
414  |*i_0_1_239            |            0.421616|             0.128666|           0.035928|         0.586210
415  |*i_0_1_240            |            0.421865|             0.128666|           0.035928|         0.586459
416  |*i_0_1_241            |            0.422073|             0.128666|           0.035928|         0.586667
417  |*i_0_1_242            |            0.420968|             0.128666|           0.035928|         0.585563
418  |*i_0_1_243            |            0.422158|             0.128666|           0.035928|         0.586752
419  |*i_0_1_244            |            0.421616|             0.128666|           0.035928|         0.586210
420  |*i_0_1_245            |            0.421865|             0.128666|           0.035928|         0.586459
421  |*i_0_1_246            |            0.422073|             0.128666|           0.035928|         0.586667
422  |*i_0_1_247            |            0.321571|             0.098368|           0.035928|         0.455868
423  |*i_0_1_248            |            0.423461|             0.129250|           0.035928|         0.588639
424  |*i_0_1_249            |            0.483970|             0.144985|           0.035928|         0.664883
425  |*i_0_1_250            |            0.501783|             0.152457|           0.035928|         0.690168
426  |*i_0_1_251            |            0.511378|             0.155938|           0.035928|         0.703245
427  |*i_0_1_252            |            0.514517|             0.157565|           0.035928|         0.708011
428  |*i_0_1_253            |            0.518536|             0.158333|           0.035928|         0.712797
429  |*i_0_1_254            |            0.522483|             0.158700|           0.035928|         0.717112
430  |*i_0_1_255            |            0.520999|             0.158877|           0.035928|         0.715805
431  |*i_0_1_256            |            0.519076|             0.158963|           0.035928|         0.713967
432  |*i_0_1_257            |            0.521610|             0.159006|           0.035928|         0.716544
433  |*i_0_1_258            |            0.519281|             0.159027|           0.035928|         0.714236
434  |*i_0_1_259            |            0.522775|             0.159037|           0.035928|         0.717740
435  |*i_0_1_260            |            0.521173|             0.159042|           0.035928|         0.716143
436  |*i_0_1_261            |            0.520860|             0.159044|           0.035928|         0.715833
437  |*i_0_1_262            |            0.520864|             0.159046|           0.035928|         0.715838
438  |*i_0_1_263            |            0.520867|             0.159046|           0.035928|         0.715841
439  |*i_0_1_264            |            0.530826|             0.159047|           0.035928|         0.725801
440  |*i_0_1_265            |            0.523432|             0.159047|           0.035928|         0.718407
441  |*i_0_1_266            |            0.521555|             0.159047|           0.035928|         0.716530
442  |*i_0_1_267            |            0.519348|             0.159047|           0.035928|         0.714323
443  |*i_0_1_268            |            0.530827|             0.159047|           0.035928|         0.725802
444  |*i_0_1_269            |            0.523432|             0.159047|           0.035928|         0.718408
445  |*i_0_1_270            |            0.521555|             0.159047|           0.035928|         0.716530
446  |*i_0_1_271            |            0.519348|             0.159047|           0.035928|         0.714323
447  |*i_0_1_272            |            0.522809|             0.159047|           0.035928|         0.717784
448  |*i_0_1_273            |            0.521190|             0.159047|           0.035928|         0.716165
449  |*i_0_1_274            |            0.523622|             0.159047|           0.035928|         0.718597
450  |*i_0_1_275            |            0.521555|             0.159047|           0.035928|         0.716530
451  |*i_0_1_276            |            0.519348|             0.159047|           0.035928|         0.714323
452  |*i_0_1_277            |            0.521745|             0.159047|           0.035928|         0.716720
453  |*i_0_1_278            |            0.514085|             0.157441|           0.035928|         0.707454
454  |*i_0_1_279            |            0.005797|             0.002168|           0.025066|         0.033030
455  |*i_0_1_280            |            0.758437|             0.246637|           0.036164|         1.041237
456  |*i_0_1_281            |            0.162390|             0.141521|           0.026733|         0.330644
457  |*i_0_1_282            |            0.022252|             0.015024|           0.032601|         0.069878
458  |*i_0_1_283            |            0.100994|             0.030064|           0.035928|         0.166987
459  |*i_0_1_284            |            0.121769|             0.140435|           0.018127|         0.280331
460  |*i_0_1_285            |            0.035073|             0.042429|           0.026832|         0.104333
461  |*i_0_1_286            |            0.014433|             0.079904|           0.017393|         0.111731
462  |*i_0_1_287            |            0.442611|             0.153223|           0.025066|         0.620900
463  |*i_0_1_288            |            0.464717|             0.160845|           0.025066|         0.650628
464  |*i_0_1_289            |            0.437545|             0.151476|           0.025066|         0.614088
465  |*i_0_1_290            |            0.401710|             0.139120|           0.025066|         0.565896
466  |*i_0_1_291            |            0.372677|             0.129109|           0.025066|         0.526852
467  |*i_0_1_292            |            0.349153|             0.122308|           0.025066|         0.496527
468  |*i_0_1_293            |            0.169996|             0.884113|           0.026733|         1.080843
469  |*i_0_1_294            |            0.048897|             0.126120|           0.014353|         0.189371
470  |*i_0_1_295            |            0.032234|             0.199765|           0.026733|         0.258732
471  |*i_0_1_296            |            0.009023|             0.050793|           0.014353|         0.074169
472  |*i_0_1_297            |            0.118490|             0.427846|           0.014353|         0.560689
473  |                      |                    |                     |                   |                 
474  |*TOTAL                |          411.938538|           690.903564|          32.875526|      1135.717651
-----+----------------------+--------------------+---------------------+-------------------+-----------------
